[3.179s] Invoking command in '/home/drone/drone_ws/src/visual': PYTHONPATH=/home/drone/drone_ws/build/visual/prefix_override:/usr/lib/python3/dist-packages/colcon_core/task/python/colcon_distutils_commands:/home/drone/drone_ws/install/visual/lib/python3.10/site-packages:${PYTHONPATH} /usr/bin/python3 -W ignore:setup.py install is deprecated -W ignore:easy_install command is deprecated setup.py egg_info --egg-base ../../build/visual build --build-base /home/drone/drone_ws/build/visual/build install --record /home/drone/drone_ws/build/visual/install.log --single-version-externally-managed install_data
[4.365s] running egg_info
[4.367s] writing ../../build/visual/visual.egg-info/PKG-INFO
[4.369s] writing dependency_links to ../../build/visual/visual.egg-info/dependency_links.txt
[4.369s] writing entry points to ../../build/visual/visual.egg-info/entry_points.txt
[4.370s] writing requirements to ../../build/visual/visual.egg-info/requires.txt
[4.371s] writing top-level names to ../../build/visual/visual.egg-info/top_level.txt
[4.379s] reading manifest file '../../build/visual/visual.egg-info/SOURCES.txt'
[4.387s] writing manifest file '../../build/visual/visual.egg-info/SOURCES.txt'
[4.387s] running build
[4.388s] running build_py
[4.388s] copying visual/visual_node.py -> /home/drone/drone_ws/build/visual/build/lib/visual
[4.390s] running install
[4.391s] running install_lib
[4.395s] copying /home/drone/drone_ws/build/visual/build/lib/visual/visual_node.py -> /home/drone/drone_ws/install/visual/lib/python3.10/site-packages/visual
[4.398s] byte-compiling /home/drone/drone_ws/install/visual/lib/python3.10/site-packages/visual/visual_node.py to visual_node.cpython-310.pyc
[4.406s] running install_data
[4.406s] copying package.xml -> /home/drone/drone_ws/install/visual/share/visual
[4.407s] running install_egg_info
[4.414s] removing '/home/drone/drone_ws/install/visual/lib/python3.10/site-packages/visual-0.0.0-py3.10.egg-info' (and everything under it)
[4.416s] Copying ../../build/visual/visual.egg-info to /home/drone/drone_ws/install/visual/lib/python3.10/site-packages/visual-0.0.0-py3.10.egg-info
[4.422s] running install_scripts
[4.500s] Installing visual_node script to /home/drone/drone_ws/install/visual/lib/visual
[4.502s] writing list of installed files to '/home/drone/drone_ws/build/visual/install.log'
[4.624s] Invoked command in '/home/drone/drone_ws/src/visual' returned '0': PYTHONPATH=/home/drone/drone_ws/build/visual/prefix_override:/usr/lib/python3/dist-packages/colcon_core/task/python/colcon_distutils_commands:/home/drone/drone_ws/install/visual/lib/python3.10/site-packages:${PYTHONPATH} /usr/bin/python3 -W ignore:setup.py install is deprecated -W ignore:easy_install command is deprecated setup.py egg_info --egg-base ../../build/visual build --build-base /home/drone/drone_ws/build/visual/build install --record /home/drone/drone_ws/build/visual/install.log --single-version-externally-managed install_data
