[8.125s] Invoking command in '/home/drone/drone_ws/src/aruco_detector': PYTHONPATH=/home/drone/drone_ws/build/aruco_detector_node/prefix_override:/usr/lib/python3/dist-packages/colcon_core/task/python/colcon_distutils_commands:/home/drone/drone_ws/install/aruco_detector_node/lib/python3.10/site-packages:${PYTHONPATH} /usr/bin/python3 -W ignore:setup.py install is deprecated -W ignore:easy_install command is deprecated setup.py egg_info --egg-base ../../build/aruco_detector_node build --build-base /home/drone/drone_ws/build/aruco_detector_node/build install --record /home/drone/drone_ws/build/aruco_detector_node/install.log --single-version-externally-managed install_data
[9.897s] running egg_info
[9.900s] writing ../../build/aruco_detector_node/aruco_detector.egg-info/PKG-INFO
[9.902s] writing dependency_links to ../../build/aruco_detector_node/aruco_detector.egg-info/dependency_links.txt
[9.903s] writing entry points to ../../build/aruco_detector_node/aruco_detector.egg-info/entry_points.txt
[9.907s] writing requirements to ../../build/aruco_detector_node/aruco_detector.egg-info/requires.txt
[9.908s] writing top-level names to ../../build/aruco_detector_node/aruco_detector.egg-info/top_level.txt
[9.916s] reading manifest file '../../build/aruco_detector_node/aruco_detector.egg-info/SOURCES.txt'
[9.934s] writing manifest file '../../build/aruco_detector_node/aruco_detector.egg-info/SOURCES.txt'
[9.937s] running build
[9.938s] running build_py
[9.941s] copying aruco_detector/aruco_detector_node.py -> /home/drone/drone_ws/build/aruco_detector_node/build/lib/aruco_detector
[9.945s] running install
[9.948s] running install_lib
[9.956s] copying /home/drone/drone_ws/build/aruco_detector_node/build/lib/aruco_detector/aruco_detector_node.py -> /home/drone/drone_ws/install/aruco_detector_node/lib/python3.10/site-packages/aruco_detector
[9.965s] byte-compiling /home/drone/drone_ws/install/aruco_detector_node/lib/python3.10/site-packages/aruco_detector/aruco_detector_node.py to aruco_detector_node.cpython-310.pyc
[9.976s] running install_data
[9.980s] running install_egg_info
[9.992s] removing '/home/drone/drone_ws/install/aruco_detector_node/lib/python3.10/site-packages/aruco_detector-0.0.0-py3.10.egg-info' (and everything under it)
[10.005s] Copying ../../build/aruco_detector_node/aruco_detector.egg-info to /home/drone/drone_ws/install/aruco_detector_node/lib/python3.10/site-packages/aruco_detector-0.0.0-py3.10.egg-info
[10.033s] running install_scripts
[10.241s] Installing aruco_detector script to /home/drone/drone_ws/install/aruco_detector_node/lib/aruco_detector
[10.247s] writing list of installed files to '/home/drone/drone_ws/build/aruco_detector_node/install.log'
[10.498s] Invoked command in '/home/drone/drone_ws/src/aruco_detector' returned '0': PYTHONPATH=/home/drone/drone_ws/build/aruco_detector_node/prefix_override:/usr/lib/python3/dist-packages/colcon_core/task/python/colcon_distutils_commands:/home/drone/drone_ws/install/aruco_detector_node/lib/python3.10/site-packages:${PYTHONPATH} /usr/bin/python3 -W ignore:setup.py install is deprecated -W ignore:easy_install command is deprecated setup.py egg_info --egg-base ../../build/aruco_detector_node build --build-base /home/drone/drone_ws/build/aruco_detector_node/build install --record /home/drone/drone_ws/build/aruco_detector_node/install.log --single-version-externally-managed install_data
