[4.958s] Invoking command in '/home/drone/drone_ws/src/position_fusion': CMAKE_PREFIX_PATH=/home/drone/drone_ws/install/drone_msgs:/home/drone/drone_ws/install/uav_camera PYTHONPATH=/home/drone/drone_ws/build/position_fusion_node/prefix_override:/usr/lib/python3/dist-packages/colcon_core/task/python/colcon_distutils_commands:/home/drone/drone_ws/install/position_fusion_node/lib/python3.10/site-packages:${PYTHONPATH} /usr/bin/python3 -W ignore:setup.py install is deprecated -W ignore:easy_install command is deprecated setup.py egg_info --egg-base ../../build/position_fusion_node build --build-base /home/drone/drone_ws/build/position_fusion_node/build install --record /home/drone/drone_ws/build/position_fusion_node/install.log --single-version-externally-managed install_data
[6.419s] running egg_info
[6.422s] writing ../../build/position_fusion_node/position_fusion.egg-info/PKG-INFO
[6.423s] writing dependency_links to ../../build/position_fusion_node/position_fusion.egg-info/dependency_links.txt
[6.424s] writing entry points to ../../build/position_fusion_node/position_fusion.egg-info/entry_points.txt
[6.425s] writing requirements to ../../build/position_fusion_node/position_fusion.egg-info/requires.txt
[6.426s] writing top-level names to ../../build/position_fusion_node/position_fusion.egg-info/top_level.txt
[6.436s] reading manifest file '../../build/position_fusion_node/position_fusion.egg-info/SOURCES.txt'
[6.446s] writing manifest file '../../build/position_fusion_node/position_fusion.egg-info/SOURCES.txt'
[6.446s] running build
[6.447s] running build_py
[6.448s] running install
[6.450s] running install_lib
[6.457s] running install_data
[6.458s] running install_egg_info
[6.467s] removing '/home/drone/drone_ws/install/position_fusion_node/lib/python3.10/site-packages/position_fusion-0.0.0-py3.10.egg-info' (and everything under it)
[6.470s] Copying ../../build/position_fusion_node/position_fusion.egg-info to /home/drone/drone_ws/install/position_fusion_node/lib/python3.10/site-packages/position_fusion-0.0.0-py3.10.egg-info
[6.479s] running install_scripts
[6.574s] Installing position_fusion script to /home/drone/drone_ws/install/position_fusion_node/lib/position_fusion
[6.576s] writing list of installed files to '/home/drone/drone_ws/build/position_fusion_node/install.log'
[6.756s] Invoked command in '/home/drone/drone_ws/src/position_fusion' returned '0': CMAKE_PREFIX_PATH=/home/drone/drone_ws/install/drone_msgs:/home/drone/drone_ws/install/uav_camera PYTHONPATH=/home/drone/drone_ws/build/position_fusion_node/prefix_override:/usr/lib/python3/dist-packages/colcon_core/task/python/colcon_distutils_commands:/home/drone/drone_ws/install/position_fusion_node/lib/python3.10/site-packages:${PYTHONPATH} /usr/bin/python3 -W ignore:setup.py install is deprecated -W ignore:easy_install command is deprecated setup.py egg_info --egg-base ../../build/position_fusion_node build --build-base /home/drone/drone_ws/build/position_fusion_node/build install --record /home/drone/drone_ws/build/position_fusion_node/install.log --single-version-externally-managed install_data
