[0.121s] Invoking command in '/home/drone/drone_ws/build/uav_camera': CMAKE_PREFIX_PATH=${CMAKE_PREFIX_PATH}:/home/drone/drone_ws/install/px4:/home/drone/drone_ws/install/project_start:/home/drone/drone_ws/install/global_position_node:/home/drone/drone_ws/install/aruco_detector_node:/opt/ros/humble /usr/bin/cmake --build /home/drone/drone_ws/build/uav_camera -- -j4 -l4
[0.468s] [100%] Built target camera_publisher
[1.728s] Invoked command in '/home/drone/drone_ws/build/uav_camera' returned '0': CMAKE_PREFIX_PATH=${CMAKE_PREFIX_PATH}:/home/drone/drone_ws/install/px4:/home/drone/drone_ws/install/project_start:/home/drone/drone_ws/install/global_position_node:/home/drone/drone_ws/install/aruco_detector_node:/opt/ros/humble /usr/bin/cmake --build /home/drone/drone_ws/build/uav_camera -- -j4 -l4
[1.771s] Invoking command in '/home/drone/drone_ws/build/uav_camera': CMAKE_PREFIX_PATH=${CMAKE_PREFIX_PATH}:/home/drone/drone_ws/install/px4:/home/drone/drone_ws/install/project_start:/home/drone/drone_ws/install/global_position_node:/home/drone/drone_ws/install/aruco_detector_node:/opt/ros/humble /usr/bin/cmake --install /home/drone/drone_ws/build/uav_camera
[1.798s] -- Install configuration: ""
[1.800s] -- Up-to-date: /home/drone/drone_ws/install/uav_camera/lib/uav_camera/camera_publisher
[1.802s] -- Up-to-date: /home/drone/drone_ws/install/uav_camera/share/uav_camera/launch
[1.803s] -- Up-to-date: /home/drone/drone_ws/install/uav_camera/share/uav_camera/launch/camera_launch.py
[1.810s] -- Up-to-date: /home/drone/drone_ws/install/uav_camera/share/ament_index/resource_index/package_run_dependencies/uav_camera
[1.811s] -- Up-to-date: /home/drone/drone_ws/install/uav_camera/share/ament_index/resource_index/parent_prefix_path/uav_camera
[1.811s] -- Up-to-date: /home/drone/drone_ws/install/uav_camera/share/uav_camera/environment/ament_prefix_path.sh
[1.812s] -- Up-to-date: /home/drone/drone_ws/install/uav_camera/share/uav_camera/environment/ament_prefix_path.dsv
[1.812s] -- Up-to-date: /home/drone/drone_ws/install/uav_camera/share/uav_camera/environment/path.sh
[1.817s] -- Up-to-date: /home/drone/drone_ws/install/uav_camera/share/uav_camera/environment/path.dsv
[1.821s] -- Up-to-date: /home/drone/drone_ws/install/uav_camera/share/uav_camera/local_setup.bash
[1.822s] -- Up-to-date: /home/drone/drone_ws/install/uav_camera/share/uav_camera/local_setup.sh
[1.822s] -- Up-to-date: /home/drone/drone_ws/install/uav_camera/share/uav_camera/local_setup.zsh
[1.823s] -- Up-to-date: /home/drone/drone_ws/install/uav_camera/share/uav_camera/local_setup.dsv
[1.824s] -- Installing: /home/drone/drone_ws/install/uav_camera/share/uav_camera/package.dsv
[1.824s] -- Up-to-date: /home/drone/drone_ws/install/uav_camera/share/ament_index/resource_index/packages/uav_camera
[1.825s] -- Up-to-date: /home/drone/drone_ws/install/uav_camera/share/uav_camera/cmake/uav_cameraConfig.cmake
[1.826s] -- Up-to-date: /home/drone/drone_ws/install/uav_camera/share/uav_camera/cmake/uav_cameraConfig-version.cmake
[1.826s] -- Up-to-date: /home/drone/drone_ws/install/uav_camera/share/uav_camera/package.xml
[1.827s] Invoked command in '/home/drone/drone_ws/build/uav_camera' returned '0': CMAKE_PREFIX_PATH=${CMAKE_PREFIX_PATH}:/home/drone/drone_ws/install/px4:/home/drone/drone_ws/install/project_start:/home/drone/drone_ws/install/global_position_node:/home/drone/drone_ws/install/aruco_detector_node:/opt/ros/humble /usr/bin/cmake --install /home/drone/drone_ws/build/uav_camera
