[8.318s] Invoking command in '/home/drone/drone_ws/src/altitude': PYTHONPATH=/home/drone/drone_ws/build/altitude/prefix_override:/usr/lib/python3/dist-packages/colcon_core/task/python/colcon_distutils_commands:/home/drone/drone_ws/install/altitude/lib/python3.10/site-packages:${PYTHONPATH} /usr/bin/python3 -W ignore:setup.py install is deprecated -W ignore:easy_install command is deprecated setup.py egg_info --egg-base ../../build/altitude build --build-base /home/drone/drone_ws/build/altitude/build install --record /home/drone/drone_ws/build/altitude/install.log --single-version-externally-managed install_data
[10.117s] running egg_info
[10.120s] writing ../../build/altitude/altitude.egg-info/PKG-INFO
[10.122s] writing dependency_links to ../../build/altitude/altitude.egg-info/dependency_links.txt
[10.123s] writing entry points to ../../build/altitude/altitude.egg-info/entry_points.txt
[10.124s] writing requirements to ../../build/altitude/altitude.egg-info/requires.txt
[10.125s] writing top-level names to ../../build/altitude/altitude.egg-info/top_level.txt
[10.136s] reading manifest file '../../build/altitude/altitude.egg-info/SOURCES.txt'
[10.147s] writing manifest file '../../build/altitude/altitude.egg-info/SOURCES.txt'
[10.148s] running build
[10.148s] running build_py
[10.149s] running install
[10.151s] running install_lib
[10.159s] running install_data
[10.159s] running install_egg_info
[10.191s] removing '/home/drone/drone_ws/install/altitude/lib/python3.10/site-packages/altitude-0.0.0-py3.10.egg-info' (and everything under it)
[10.191s] Copying ../../build/altitude/altitude.egg-info to /home/drone/drone_ws/install/altitude/lib/python3.10/site-packages/altitude-0.0.0-py3.10.egg-info
[10.192s] running install_scripts
[10.289s] Installing altitude script to /home/drone/drone_ws/install/altitude/lib/altitude
[10.291s] writing list of installed files to '/home/drone/drone_ws/build/altitude/install.log'
[10.575s] Invoked command in '/home/drone/drone_ws/src/altitude' returned '0': PYTHONPATH=/home/drone/drone_ws/build/altitude/prefix_override:/usr/lib/python3/dist-packages/colcon_core/task/python/colcon_distutils_commands:/home/drone/drone_ws/install/altitude/lib/python3.10/site-packages:${PYTHONPATH} /usr/bin/python3 -W ignore:setup.py install is deprecated -W ignore:easy_install command is deprecated setup.py egg_info --egg-base ../../build/altitude build --build-base /home/drone/drone_ws/build/altitude/build install --record /home/drone/drone_ws/build/altitude/install.log --single-version-externally-managed install_data
