[3.393s] Invoking command in '/home/drone/drone_ws/src/camera_calibration': PYTHONPATH=/home/drone/drone_ws/build/camera_calibration/prefix_override:/usr/lib/python3/dist-packages/colcon_core/task/python/colcon_distutils_commands:/home/drone/drone_ws/install/camera_calibration/lib/python3.10/site-packages:${PYTHONPATH} /usr/bin/python3 -W ignore:setup.py install is deprecated -W ignore:easy_install command is deprecated setup.py egg_info --egg-base ../../build/camera_calibration build --build-base /home/drone/drone_ws/build/camera_calibration/build install --record /home/drone/drone_ws/build/camera_calibration/install.log --single-version-externally-managed install_data
[4.695s] running egg_info
[4.698s] writing ../../build/camera_calibration/camera_calibration.egg-info/PKG-INFO
[4.699s] writing dependency_links to ../../build/camera_calibration/camera_calibration.egg-info/dependency_links.txt
[4.700s] writing entry points to ../../build/camera_calibration/camera_calibration.egg-info/entry_points.txt
[4.700s] writing requirements to ../../build/camera_calibration/camera_calibration.egg-info/requires.txt
[4.701s] writing top-level names to ../../build/camera_calibration/camera_calibration.egg-info/top_level.txt
[4.710s] reading manifest file '../../build/camera_calibration/camera_calibration.egg-info/SOURCES.txt'
[4.718s] writing manifest file '../../build/camera_calibration/camera_calibration.egg-info/SOURCES.txt'
[4.719s] running build
[4.719s] running build_py
[4.720s] copying camera_calibration/camera_calibration_node.py -> /home/drone/drone_ws/build/camera_calibration/build/lib/camera_calibration
[4.721s] running install
[4.723s] running install_lib
[4.726s] copying /home/drone/drone_ws/build/camera_calibration/build/lib/camera_calibration/camera_calibration_node.py -> /home/drone/drone_ws/install/camera_calibration/lib/python3.10/site-packages/camera_calibration
[4.730s] byte-compiling /home/drone/drone_ws/install/camera_calibration/lib/python3.10/site-packages/camera_calibration/camera_calibration_node.py to camera_calibration_node.cpython-310.pyc
[4.744s] running install_data
[4.744s] running install_egg_info
[4.752s] removing '/home/drone/drone_ws/install/camera_calibration/lib/python3.10/site-packages/camera_calibration-0.0.0-py3.10.egg-info' (and everything under it)
[4.755s] Copying ../../build/camera_calibration/camera_calibration.egg-info to /home/drone/drone_ws/install/camera_calibration/lib/python3.10/site-packages/camera_calibration-0.0.0-py3.10.egg-info
[4.762s] running install_scripts
[4.847s] Installing camera_calibration script to /home/drone/drone_ws/install/camera_calibration/lib/camera_calibration
[4.848s] writing list of installed files to '/home/drone/drone_ws/build/camera_calibration/install.log'
[4.974s] Invoked command in '/home/drone/drone_ws/src/camera_calibration' returned '0': PYTHONPATH=/home/drone/drone_ws/build/camera_calibration/prefix_override:/usr/lib/python3/dist-packages/colcon_core/task/python/colcon_distutils_commands:/home/drone/drone_ws/install/camera_calibration/lib/python3.10/site-packages:${PYTHONPATH} /usr/bin/python3 -W ignore:setup.py install is deprecated -W ignore:easy_install command is deprecated setup.py egg_info --egg-base ../../build/camera_calibration build --build-base /home/drone/drone_ws/build/camera_calibration/build install --record /home/drone/drone_ws/build/camera_calibration/install.log --single-version-externally-managed install_data
