running develop
Removing /home/drone/drone_ws/install/visual/lib/python3.10/site-packages/visual.egg-link (link to .)
running egg_info
writing ../../build/visual/visual.egg-info/PKG-INFO
writing dependency_links to ../../build/visual/visual.egg-info/dependency_links.txt
writing entry points to ../../build/visual/visual.egg-info/entry_points.txt
writing requirements to ../../build/visual/visual.egg-info/requires.txt
writing top-level names to ../../build/visual/visual.egg-info/top_level.txt
reading manifest file '../../build/visual/visual.egg-info/SOURCES.txt'
writing manifest file '../../build/visual/visual.egg-info/SOURCES.txt'
running build
running build_py
copying visual/__init__.py -> /home/drone/drone_ws/build/visual/build/lib/visual
running install
running install_lib
creating /home/drone/drone_ws/install/visual/lib/python3.10/site-packages/visual
copying /home/drone/drone_ws/build/visual/build/lib/visual/visual_node.py -> /home/drone/drone_ws/install/visual/lib/python3.10/site-packages/visual
copying /home/drone/drone_ws/build/visual/build/lib/visual/__init__.py -> /home/drone/drone_ws/install/visual/lib/python3.10/site-packages/visual
byte-compiling /home/drone/drone_ws/install/visual/lib/python3.10/site-packages/visual/visual_node.py to visual_node.cpython-310.pyc
byte-compiling /home/drone/drone_ws/install/visual/lib/python3.10/site-packages/visual/__init__.py to __init__.cpython-310.pyc
running install_data
copying resource/visual -> /home/drone/drone_ws/install/visual/share/ament_index/resource_index/packages
copying package.xml -> /home/drone/drone_ws/install/visual/share/visual
running install_egg_info
Copying ../../build/visual/visual.egg-info to /home/drone/drone_ws/install/visual/lib/python3.10/site-packages/visual-0.0.0-py3.10.egg-info
running install_scripts
Installing visual_node script to /home/drone/drone_ws/install/visual/lib/visual
writing list of installed files to '/home/drone/drone_ws/build/visual/install.log'
