[3.060s] Invoking command in '/home/drone/drone_ws/build/visual': PYTHONPATH=/home/drone/drone_ws/build/visual/prefix_override:/usr/lib/python3/dist-packages/colcon_core/task/python/colcon_distutils_commands:/home/drone/drone_ws/install/visual/lib/python3.10/site-packages:${PYTHONPATH} /usr/bin/python3 -W ignore:setup.py install is deprecated -W ignore:easy_install command is deprecated setup.py develop --uninstall --editable --build-directory /home/drone/drone_ws/build/visual/build
[4.248s] running develop
[5.099s] Removing /home/drone/drone_ws/install/visual/lib/python3.10/site-packages/visual.egg-link (link to .)
[5.233s] Invoked command in '/home/drone/drone_ws/build/visual' returned '0': PYTHONPATH=/home/drone/drone_ws/build/visual/prefix_override:/usr/lib/python3/dist-packages/colcon_core/task/python/colcon_distutils_commands:/home/drone/drone_ws/install/visual/lib/python3.10/site-packages:${PYTHONPATH} /usr/bin/python3 -W ignore:setup.py install is deprecated -W ignore:easy_install command is deprecated setup.py develop --uninstall --editable --build-directory /home/drone/drone_ws/build/visual/build
[5.242s] Invoking command in '/home/drone/drone_ws/src/visual': PYTHONPATH=/home/drone/drone_ws/build/visual/prefix_override:/usr/lib/python3/dist-packages/colcon_core/task/python/colcon_distutils_commands:/home/drone/drone_ws/install/visual/lib/python3.10/site-packages:${PYTHONPATH} /usr/bin/python3 -W ignore:setup.py install is deprecated -W ignore:easy_install command is deprecated setup.py egg_info --egg-base ../../build/visual build --build-base /home/drone/drone_ws/build/visual/build install --record /home/drone/drone_ws/build/visual/install.log --single-version-externally-managed install_data --force
[6.374s] running egg_info
[6.377s] writing ../../build/visual/visual.egg-info/PKG-INFO
[6.378s] writing dependency_links to ../../build/visual/visual.egg-info/dependency_links.txt
[6.379s] writing entry points to ../../build/visual/visual.egg-info/entry_points.txt
[6.380s] writing requirements to ../../build/visual/visual.egg-info/requires.txt
[6.381s] writing top-level names to ../../build/visual/visual.egg-info/top_level.txt
[6.389s] reading manifest file '../../build/visual/visual.egg-info/SOURCES.txt'
[6.393s] writing manifest file '../../build/visual/visual.egg-info/SOURCES.txt'
[6.394s] running build
[6.394s] running build_py
[6.395s] copying visual/__init__.py -> /home/drone/drone_ws/build/visual/build/lib/visual
[6.396s] running install
[6.397s] running install_lib
[6.404s] creating /home/drone/drone_ws/install/visual/lib/python3.10/site-packages/visual
[6.405s] copying /home/drone/drone_ws/build/visual/build/lib/visual/visual_node.py -> /home/drone/drone_ws/install/visual/lib/python3.10/site-packages/visual
[6.406s] copying /home/drone/drone_ws/build/visual/build/lib/visual/__init__.py -> /home/drone/drone_ws/install/visual/lib/python3.10/site-packages/visual
[6.408s] byte-compiling /home/drone/drone_ws/install/visual/lib/python3.10/site-packages/visual/visual_node.py to visual_node.cpython-310.pyc
[6.416s] byte-compiling /home/drone/drone_ws/install/visual/lib/python3.10/site-packages/visual/__init__.py to __init__.cpython-310.pyc
[6.417s] running install_data
[6.417s] copying resource/visual -> /home/drone/drone_ws/install/visual/share/ament_index/resource_index/packages
[6.419s] copying package.xml -> /home/drone/drone_ws/install/visual/share/visual
[6.419s] running install_egg_info
[6.426s] Copying ../../build/visual/visual.egg-info to /home/drone/drone_ws/install/visual/lib/python3.10/site-packages/visual-0.0.0-py3.10.egg-info
[6.431s] running install_scripts
[6.506s] Installing visual_node script to /home/drone/drone_ws/install/visual/lib/visual
[6.508s] writing list of installed files to '/home/drone/drone_ws/build/visual/install.log'
[6.628s] Invoked command in '/home/drone/drone_ws/src/visual' returned '0': PYTHONPATH=/home/drone/drone_ws/build/visual/prefix_override:/usr/lib/python3/dist-packages/colcon_core/task/python/colcon_distutils_commands:/home/drone/drone_ws/install/visual/lib/python3.10/site-packages:${PYTHONPATH} /usr/bin/python3 -W ignore:setup.py install is deprecated -W ignore:easy_install command is deprecated setup.py egg_info --egg-base ../../build/visual build --build-base /home/drone/drone_ws/build/visual/build install --record /home/drone/drone_ws/build/visual/install.log --single-version-externally-managed install_data --force
