[8.648s] Invoking command in '/home/drone/drone_ws/src/global_position_node': PYTHONPATH=/home/drone/drone_ws/build/global_position_node/prefix_override:/usr/lib/python3/dist-packages/colcon_core/task/python/colcon_distutils_commands:/home/drone/drone_ws/install/global_position_node/lib/python3.10/site-packages:${PYTHONPATH} /usr/bin/python3 -W ignore:setup.py install is deprecated -W ignore:easy_install command is deprecated setup.py egg_info --egg-base ../../build/global_position_node build --build-base /home/drone/drone_ws/build/global_position_node/build install --record /home/drone/drone_ws/build/global_position_node/install.log --single-version-externally-managed install_data
[10.287s] running egg_info
[10.297s] writing ../../build/global_position_node/global_position_node.egg-info/PKG-INFO
[10.299s] writing dependency_links to ../../build/global_position_node/global_position_node.egg-info/dependency_links.txt
[10.306s] writing entry points to ../../build/global_position_node/global_position_node.egg-info/entry_points.txt
[10.311s] writing requirements to ../../build/global_position_node/global_position_node.egg-info/requires.txt
[10.314s] writing top-level names to ../../build/global_position_node/global_position_node.egg-info/top_level.txt
[10.324s] reading manifest file '../../build/global_position_node/global_position_node.egg-info/SOURCES.txt'
[10.334s] writing manifest file '../../build/global_position_node/global_position_node.egg-info/SOURCES.txt'
[10.368s] running build
[10.372s] running build_py
[10.384s] running install
[10.384s] running install_lib
[10.410s] running install_data
[10.422s] running install_egg_info
[10.444s] removing '/home/drone/drone_ws/install/global_position_node/lib/python3.10/site-packages/global_position_node-0.0.0-py3.10.egg-info' (and everything under it)
[10.447s] Copying ../../build/global_position_node/global_position_node.egg-info to /home/drone/drone_ws/install/global_position_node/lib/python3.10/site-packages/global_position_node-0.0.0-py3.10.egg-info
[10.450s] running install_scripts
[10.596s] Installing global_position script to /home/drone/drone_ws/install/global_position_node/lib/global_position_node
[10.617s] writing list of installed files to '/home/drone/drone_ws/build/global_position_node/install.log'
[10.909s] Invoked command in '/home/drone/drone_ws/src/global_position_node' returned '0': PYTHONPATH=/home/drone/drone_ws/build/global_position_node/prefix_override:/usr/lib/python3/dist-packages/colcon_core/task/python/colcon_distutils_commands:/home/drone/drone_ws/install/global_position_node/lib/python3.10/site-packages:${PYTHONPATH} /usr/bin/python3 -W ignore:setup.py install is deprecated -W ignore:easy_install command is deprecated setup.py egg_info --egg-base ../../build/global_position_node build --build-base /home/drone/drone_ws/build/global_position_node/build install --record /home/drone/drone_ws/build/global_position_node/install.log --single-version-externally-managed install_data
