[7.725s] Invoking command in '/home/drone/drone_ws/src/altitude': PYTHONPATH=/home/drone/drone_ws/build/altitude/prefix_override:/usr/lib/python3/dist-packages/colcon_core/task/python/colcon_distutils_commands:/home/drone/drone_ws/install/altitude/lib/python3.10/site-packages:${PYTHONPATH} /usr/bin/python3 -W ignore:setup.py install is deprecated -W ignore:easy_install command is deprecated setup.py egg_info --egg-base ../../build/altitude build --build-base /home/drone/drone_ws/build/altitude/build install --record /home/drone/drone_ws/build/altitude/install.log --single-version-externally-managed install_data
[9.505s] running egg_info
[9.508s] writing ../../build/altitude/altitude.egg-info/PKG-INFO
[9.510s] writing dependency_links to ../../build/altitude/altitude.egg-info/dependency_links.txt
[9.512s] writing entry points to ../../build/altitude/altitude.egg-info/entry_points.txt
[9.513s] writing requirements to ../../build/altitude/altitude.egg-info/requires.txt
[9.514s] writing top-level names to ../../build/altitude/altitude.egg-info/top_level.txt
[9.528s] reading manifest file '../../build/altitude/altitude.egg-info/SOURCES.txt'
[9.542s] writing manifest file '../../build/altitude/altitude.egg-info/SOURCES.txt'
[9.542s] running build
[9.544s] running build_py
[9.545s] running install
[9.546s] running install_lib
[9.552s] running install_data
[9.553s] running install_egg_info
[9.563s] removing '/home/drone/drone_ws/install/altitude/lib/python3.10/site-packages/altitude-0.0.0-py3.10.egg-info' (and everything under it)
[9.566s] Copying ../../build/altitude/altitude.egg-info to /home/drone/drone_ws/install/altitude/lib/python3.10/site-packages/altitude-0.0.0-py3.10.egg-info
[9.577s] running install_scripts
[9.687s] Installing altitude script to /home/drone/drone_ws/install/altitude/lib/altitude
[9.689s] writing list of installed files to '/home/drone/drone_ws/build/altitude/install.log'
[9.918s] Invoked command in '/home/drone/drone_ws/src/altitude' returned '0': PYTHONPATH=/home/drone/drone_ws/build/altitude/prefix_override:/usr/lib/python3/dist-packages/colcon_core/task/python/colcon_distutils_commands:/home/drone/drone_ws/install/altitude/lib/python3.10/site-packages:${PYTHONPATH} /usr/bin/python3 -W ignore:setup.py install is deprecated -W ignore:easy_install command is deprecated setup.py egg_info --egg-base ../../build/altitude build --build-base /home/drone/drone_ws/build/altitude/build install --record /home/drone/drone_ws/build/altitude/install.log --single-version-externally-managed install_data
