[7.794s] Invoking command in '/home/drone/drone_ws/src/camera_calibration': PYTHONPATH=/home/drone/drone_ws/build/camera_calibration/prefix_override:/usr/lib/python3/dist-packages/colcon_core/task/python/colcon_distutils_commands:/home/drone/drone_ws/install/camera_calibration/lib/python3.10/site-packages:${PYTHONPATH} /usr/bin/python3 -W ignore:setup.py install is deprecated -W ignore:easy_install command is deprecated setup.py egg_info --egg-base ../../build/camera_calibration build --build-base /home/drone/drone_ws/build/camera_calibration/build install --record /home/drone/drone_ws/build/camera_calibration/install.log --single-version-externally-managed install_data
[9.396s] running egg_info
[9.399s] writing ../../build/camera_calibration/camera_calibration.egg-info/PKG-INFO
[9.400s] writing dependency_links to ../../build/camera_calibration/camera_calibration.egg-info/dependency_links.txt
[9.404s] writing entry points to ../../build/camera_calibration/camera_calibration.egg-info/entry_points.txt
[9.406s] writing requirements to ../../build/camera_calibration/camera_calibration.egg-info/requires.txt
[9.408s] writing top-level names to ../../build/camera_calibration/camera_calibration.egg-info/top_level.txt
[9.414s] reading manifest file '../../build/camera_calibration/camera_calibration.egg-info/SOURCES.txt'
[9.425s] writing manifest file '../../build/camera_calibration/camera_calibration.egg-info/SOURCES.txt'
[9.428s] running build
[9.430s] running build_py
[9.435s] running install
[9.438s] running install_lib
[9.441s] running install_data
[9.446s] running install_egg_info
[9.466s] removing '/home/drone/drone_ws/install/camera_calibration/lib/python3.10/site-packages/camera_calibration-0.0.0-py3.10.egg-info' (and everything under it)
[9.467s] Copying ../../build/camera_calibration/camera_calibration.egg-info to /home/drone/drone_ws/install/camera_calibration/lib/python3.10/site-packages/camera_calibration-0.0.0-py3.10.egg-info
[9.473s] running install_scripts
[9.607s] Installing camera_calibration script to /home/drone/drone_ws/install/camera_calibration/lib/camera_calibration
[9.611s] writing list of installed files to '/home/drone/drone_ws/build/camera_calibration/install.log'
[9.776s] Invoked command in '/home/drone/drone_ws/src/camera_calibration' returned '0': PYTHONPATH=/home/drone/drone_ws/build/camera_calibration/prefix_override:/usr/lib/python3/dist-packages/colcon_core/task/python/colcon_distutils_commands:/home/drone/drone_ws/install/camera_calibration/lib/python3.10/site-packages:${PYTHONPATH} /usr/bin/python3 -W ignore:setup.py install is deprecated -W ignore:easy_install command is deprecated setup.py egg_info --egg-base ../../build/camera_calibration build --build-base /home/drone/drone_ws/build/camera_calibration/build install --record /home/drone/drone_ws/build/camera_calibration/install.log --single-version-externally-managed install_data
