[3.877s] Invoking command in '/home/drone/drone_ws/src/global_position_node': PYTHONPATH=/home/drone/drone_ws/build/global_position_node/prefix_override:/usr/lib/python3/dist-packages/colcon_core/task/python/colcon_distutils_commands:/home/drone/drone_ws/install/global_position_node/lib/python3.10/site-packages:${PYTHONPATH} /usr/bin/python3 -W ignore:setup.py install is deprecated -W ignore:easy_install command is deprecated setup.py egg_info --egg-base ../../build/global_position_node build --build-base /home/drone/drone_ws/build/global_position_node/build install --record /home/drone/drone_ws/build/global_position_node/install.log --single-version-externally-managed install_data
[5.478s] running egg_info
[5.482s] writing ../../build/global_position_node/global_position_node.egg-info/PKG-INFO
[5.483s] writing dependency_links to ../../build/global_position_node/global_position_node.egg-info/dependency_links.txt
[5.484s] writing entry points to ../../build/global_position_node/global_position_node.egg-info/entry_points.txt
[5.485s] writing requirements to ../../build/global_position_node/global_position_node.egg-info/requires.txt
[5.489s] writing top-level names to ../../build/global_position_node/global_position_node.egg-info/top_level.txt
[5.497s] reading manifest file '../../build/global_position_node/global_position_node.egg-info/SOURCES.txt'
[5.501s] writing manifest file '../../build/global_position_node/global_position_node.egg-info/SOURCES.txt'
[5.502s] running build
[5.503s] running build_py
[5.504s] copying global_position_node/global_position.py -> /home/drone/drone_ws/build/global_position_node/build/lib/global_position_node
[5.506s] running install
[5.507s] running install_lib
[5.512s] copying /home/drone/drone_ws/build/global_position_node/build/lib/global_position_node/global_position.py -> /home/drone/drone_ws/install/global_position_node/lib/python3.10/site-packages/global_position_node
[5.515s] byte-compiling /home/drone/drone_ws/install/global_position_node/lib/python3.10/site-packages/global_position_node/global_position.py to global_position.cpython-310.pyc
[5.531s] running install_data
[5.531s] running install_egg_info
[5.540s] removing '/home/drone/drone_ws/install/global_position_node/lib/python3.10/site-packages/global_position_node-0.0.0-py3.10.egg-info' (and everything under it)
[5.542s] Copying ../../build/global_position_node/global_position_node.egg-info to /home/drone/drone_ws/install/global_position_node/lib/python3.10/site-packages/global_position_node-0.0.0-py3.10.egg-info
[5.552s] running install_scripts
[5.648s] Installing global_position script to /home/drone/drone_ws/install/global_position_node/lib/global_position_node
[5.650s] writing list of installed files to '/home/drone/drone_ws/build/global_position_node/install.log'
[5.789s] Invoked command in '/home/drone/drone_ws/src/global_position_node' returned '0': PYTHONPATH=/home/drone/drone_ws/build/global_position_node/prefix_override:/usr/lib/python3/dist-packages/colcon_core/task/python/colcon_distutils_commands:/home/drone/drone_ws/install/global_position_node/lib/python3.10/site-packages:${PYTHONPATH} /usr/bin/python3 -W ignore:setup.py install is deprecated -W ignore:easy_install command is deprecated setup.py egg_info --egg-base ../../build/global_position_node build --build-base /home/drone/drone_ws/build/global_position_node/build install --record /home/drone/drone_ws/build/global_position_node/install.log --single-version-externally-managed install_data
