[5.132s] Invoking command in '/home/drone/drone_ws/src/px4': PYTHONPATH=/home/drone/drone_ws/build/px4/prefix_override:/usr/lib/python3/dist-packages/colcon_core/task/python/colcon_distutils_commands:/home/drone/drone_ws/install/px4/lib/python3.10/site-packages:${PYTHONPATH} /usr/bin/python3 -W ignore:setup.py install is deprecated -W ignore:easy_install command is deprecated setup.py egg_info --egg-base ../../build/px4 build --build-base /home/drone/drone_ws/build/px4/build install --record /home/drone/drone_ws/build/px4/install.log --single-version-externally-managed install_data
[6.447s] running egg_info
[6.450s] writing ../../build/px4/px4.egg-info/PKG-INFO
[6.452s] writing dependency_links to ../../build/px4/px4.egg-info/dependency_links.txt
[6.457s] writing entry points to ../../build/px4/px4.egg-info/entry_points.txt
[6.458s] writing requirements to ../../build/px4/px4.egg-info/requires.txt
[6.459s] writing top-level names to ../../build/px4/px4.egg-info/top_level.txt
[6.465s] reading manifest file '../../build/px4/px4.egg-info/SOURCES.txt'
[6.476s] writing manifest file '../../build/px4/px4.egg-info/SOURCES.txt'
[6.477s] running build
[6.478s] running build_py
[6.479s] running install
[6.480s] running install_lib
[6.486s] running install_data
[6.489s] running install_egg_info
[6.495s] removing '/home/drone/drone_ws/install/px4/lib/python3.10/site-packages/px4-0.0.0-py3.10.egg-info' (and everything under it)
[6.497s] Copying ../../build/px4/px4.egg-info to /home/drone/drone_ws/install/px4/lib/python3.10/site-packages/px4-0.0.0-py3.10.egg-info
[6.509s] running install_scripts
[6.615s] Installing px4 script to /home/drone/drone_ws/install/px4/lib/px4
[6.618s] writing list of installed files to '/home/drone/drone_ws/build/px4/install.log'
[6.793s] Invoked command in '/home/drone/drone_ws/src/px4' returned '0': PYTHONPATH=/home/drone/drone_ws/build/px4/prefix_override:/usr/lib/python3/dist-packages/colcon_core/task/python/colcon_distutils_commands:/home/drone/drone_ws/install/px4/lib/python3.10/site-packages:${PYTHONPATH} /usr/bin/python3 -W ignore:setup.py install is deprecated -W ignore:easy_install command is deprecated setup.py egg_info --egg-base ../../build/px4 build --build-base /home/drone/drone_ws/build/px4/build install --record /home/drone/drone_ws/build/px4/install.log --single-version-externally-managed install_data
