running egg_info
creating ../../build/project_start/project_start.egg-info
writing ../../build/project_start/project_start.egg-info/PKG-INFO
writing dependency_links to ../../build/project_start/project_start.egg-info/dependency_links.txt
writing entry points to ../../build/project_start/project_start.egg-info/entry_points.txt
writing requirements to ../../build/project_start/project_start.egg-info/requires.txt
writing top-level names to ../../build/project_start/project_start.egg-info/top_level.txt
writing manifest file '../../build/project_start/project_start.egg-info/SOURCES.txt'
reading manifest file '../../build/project_start/project_start.egg-info/SOURCES.txt'
writing manifest file '../../build/project_start/project_start.egg-info/SOURCES.txt'
running build
running build_py
creating /home/drone/drone_ws/build/project_start/build
creating /home/drone/drone_ws/build/project_start/build/lib
creating /home/drone/drone_ws/build/project_start/build/lib/project_start
copying project_start/__init__.py -> /home/drone/drone_ws/build/project_start/build/lib/project_start
running install
running install_lib
creating /home/drone/drone_ws/install/project_start/lib/python3.10/site-packages/project_start
copying /home/drone/drone_ws/build/project_start/build/lib/project_start/__init__.py -> /home/drone/drone_ws/install/project_start/lib/python3.10/site-packages/project_start
byte-compiling /home/drone/drone_ws/install/project_start/lib/python3.10/site-packages/project_start/__init__.py to __init__.cpython-310.pyc
running install_data
creating /home/drone/drone_ws/install/project_start/share/ament_index
creating /home/drone/drone_ws/install/project_start/share/ament_index/resource_index
creating /home/drone/drone_ws/install/project_start/share/ament_index/resource_index/packages
copying resource/project_start -> /home/drone/drone_ws/install/project_start/share/ament_index/resource_index/packages
copying package.xml -> /home/drone/drone_ws/install/project_start/share/project_start
running install_egg_info
Copying ../../build/project_start/project_start.egg-info to /home/drone/drone_ws/install/project_start/lib/python3.10/site-packages/project_start-0.0.0-py3.10.egg-info
running install_scripts
writing list of installed files to '/home/drone/drone_ws/build/project_start/install.log'
