[7.770s] Invoking command in '/home/drone/drone_ws/src/global_position_node': PYTHONPATH=/home/drone/drone_ws/build/global_position_node/prefix_override:/usr/lib/python3/dist-packages/colcon_core/task/python/colcon_distutils_commands:/home/drone/drone_ws/install/global_position_node/lib/python3.10/site-packages:${PYTHONPATH} /usr/bin/python3 -W ignore:setup.py install is deprecated -W ignore:easy_install command is deprecated setup.py egg_info --egg-base ../../build/global_position_node build --build-base /home/drone/drone_ws/build/global_position_node/build install --record /home/drone/drone_ws/build/global_position_node/install.log --single-version-externally-managed install_data
[9.713s] running egg_info
[9.718s] writing ../../build/global_position_node/global_position_node.egg-info/PKG-INFO
[9.720s] writing dependency_links to ../../build/global_position_node/global_position_node.egg-info/dependency_links.txt
[9.721s] writing entry points to ../../build/global_position_node/global_position_node.egg-info/entry_points.txt
[9.723s] writing requirements to ../../build/global_position_node/global_position_node.egg-info/requires.txt
[9.726s] writing top-level names to ../../build/global_position_node/global_position_node.egg-info/top_level.txt
[9.735s] reading manifest file '../../build/global_position_node/global_position_node.egg-info/SOURCES.txt'
[9.740s] writing manifest file '../../build/global_position_node/global_position_node.egg-info/SOURCES.txt'
[9.742s] running build
[9.742s] running build_py
[9.744s] running install
[9.746s] running install_lib
[9.754s] running install_data
[9.755s] running install_egg_info
[9.774s] removing '/home/drone/drone_ws/install/global_position_node/lib/python3.10/site-packages/global_position_node-0.0.0-py3.10.egg-info' (and everything under it)
[9.775s] Copying ../../build/global_position_node/global_position_node.egg-info to /home/drone/drone_ws/install/global_position_node/lib/python3.10/site-packages/global_position_node-0.0.0-py3.10.egg-info
[9.787s] running install_scripts
[9.934s] Installing global_position script to /home/drone/drone_ws/install/global_position_node/lib/global_position_node
[9.940s] writing list of installed files to '/home/drone/drone_ws/build/global_position_node/install.log'
[10.269s] Invoked command in '/home/drone/drone_ws/src/global_position_node' returned '0': PYTHONPATH=/home/drone/drone_ws/build/global_position_node/prefix_override:/usr/lib/python3/dist-packages/colcon_core/task/python/colcon_distutils_commands:/home/drone/drone_ws/install/global_position_node/lib/python3.10/site-packages:${PYTHONPATH} /usr/bin/python3 -W ignore:setup.py install is deprecated -W ignore:easy_install command is deprecated setup.py egg_info --egg-base ../../build/global_position_node build --build-base /home/drone/drone_ws/build/global_position_node/build install --record /home/drone/drone_ws/build/global_position_node/install.log --single-version-externally-managed install_data
