[0.055s] Invoking command in '/home/drone/drone_ws/build/uav_camera': CMAKE_PREFIX_PATH=/opt/ros/humble /usr/bin/cmake --build /home/drone/drone_ws/build/uav_camera -- -j4 -l4
[0.574s] [100%] Built target camera_publisher
[0.639s] Invoked command in '/home/drone/drone_ws/build/uav_camera' returned '0': CMAKE_PREFIX_PATH=/opt/ros/humble /usr/bin/cmake --build /home/drone/drone_ws/build/uav_camera -- -j4 -l4
[0.650s] Invoking command in '/home/drone/drone_ws/build/uav_camera': CMAKE_PREFIX_PATH=/opt/ros/humble /usr/bin/cmake --install /home/drone/drone_ws/build/uav_camera
[0.694s] -- Install configuration: ""
[0.696s] -- Up-to-date: /home/drone/drone_ws/install/uav_camera/lib/uav_camera/camera_publisher
[0.699s] -- Up-to-date: /home/drone/drone_ws/install/uav_camera/share/uav_camera/launch
[0.701s] -- Up-to-date: /home/drone/drone_ws/install/uav_camera/share/uav_camera/launch/camera_launch.py
[0.702s] -- Up-to-date: /home/drone/drone_ws/install/uav_camera/share/ament_index/resource_index/package_run_dependencies/uav_camera
[0.704s] -- Up-to-date: /home/drone/drone_ws/install/uav_camera/share/ament_index/resource_index/parent_prefix_path/uav_camera
[0.706s] -- Up-to-date: /home/drone/drone_ws/install/uav_camera/share/uav_camera/environment/ament_prefix_path.sh
[0.707s] -- Up-to-date: /home/drone/drone_ws/install/uav_camera/share/uav_camera/environment/ament_prefix_path.dsv
[0.709s] -- Up-to-date: /home/drone/drone_ws/install/uav_camera/share/uav_camera/environment/path.sh
[0.710s] -- Up-to-date: /home/drone/drone_ws/install/uav_camera/share/uav_camera/environment/path.dsv
[0.712s] -- Up-to-date: /home/drone/drone_ws/install/uav_camera/share/uav_camera/local_setup.bash
[0.714s] -- Up-to-date: /home/drone/drone_ws/install/uav_camera/share/uav_camera/local_setup.sh
[0.715s] -- Up-to-date: /home/drone/drone_ws/install/uav_camera/share/uav_camera/local_setup.zsh
[0.717s] -- Up-to-date: /home/drone/drone_ws/install/uav_camera/share/uav_camera/local_setup.dsv
[0.719s] -- Installing: /home/drone/drone_ws/install/uav_camera/share/uav_camera/package.dsv
[0.726s] -- Up-to-date: /home/drone/drone_ws/install/uav_camera/share/ament_index/resource_index/packages/uav_camera
[0.728s] -- Up-to-date: /home/drone/drone_ws/install/uav_camera/share/uav_camera/cmake/uav_cameraConfig.cmake
[0.729s] -- Up-to-date: /home/drone/drone_ws/install/uav_camera/share/uav_camera/cmake/uav_cameraConfig-version.cmake
[0.730s] -- Up-to-date: /home/drone/drone_ws/install/uav_camera/share/uav_camera/package.xml
[0.747s] Invoked command in '/home/drone/drone_ws/build/uav_camera' returned '0': CMAKE_PREFIX_PATH=/opt/ros/humble /usr/bin/cmake --install /home/drone/drone_ws/build/uav_camera
