[9.127s] Invoking command in '/home/drone/drone_ws/src/px4': PYTHONPATH=/home/drone/drone_ws/build/px4/prefix_override:/usr/lib/python3/dist-packages/colcon_core/task/python/colcon_distutils_commands:/home/drone/drone_ws/install/px4/lib/python3.10/site-packages:${PYTHONPATH} /usr/bin/python3 -W ignore:setup.py install is deprecated -W ignore:easy_install command is deprecated setup.py egg_info --egg-base ../../build/px4 build --build-base /home/drone/drone_ws/build/px4/build install --record /home/drone/drone_ws/build/px4/install.log --single-version-externally-managed install_data
[11.079s] running egg_info
[11.083s] writing ../../build/px4/px4.egg-info/PKG-INFO
[11.089s] writing dependency_links to ../../build/px4/px4.egg-info/dependency_links.txt
[11.090s] writing entry points to ../../build/px4/px4.egg-info/entry_points.txt
[11.091s] writing requirements to ../../build/px4/px4.egg-info/requires.txt
[11.091s] writing top-level names to ../../build/px4/px4.egg-info/top_level.txt
[11.105s] reading manifest file '../../build/px4/px4.egg-info/SOURCES.txt'
[11.120s] writing manifest file '../../build/px4/px4.egg-info/SOURCES.txt'
[11.121s] running build
[11.122s] running build_py
[11.127s] copying px4/px4.py -> /home/drone/drone_ws/build/px4/build/lib/px4
[11.129s] running install
[11.130s] running install_lib
[11.139s] copying /home/drone/drone_ws/build/px4/build/lib/px4/px4.py -> /home/drone/drone_ws/install/px4/lib/python3.10/site-packages/px4
[11.143s] byte-compiling /home/drone/drone_ws/install/px4/lib/python3.10/site-packages/px4/px4.py to px4.cpython-310.pyc
[11.148s] running install_data
[11.151s] running install_egg_info
[11.163s] removing '/home/drone/drone_ws/install/px4/lib/python3.10/site-packages/px4-0.0.0-py3.10.egg-info' (and everything under it)
[11.168s] Copying ../../build/px4/px4.egg-info to /home/drone/drone_ws/install/px4/lib/python3.10/site-packages/px4-0.0.0-py3.10.egg-info
[11.184s] running install_scripts
[11.337s] writing list of installed files to '/home/drone/drone_ws/build/px4/install.log'
[11.572s] Invoked command in '/home/drone/drone_ws/src/px4' returned '0': PYTHONPATH=/home/drone/drone_ws/build/px4/prefix_override:/usr/lib/python3/dist-packages/colcon_core/task/python/colcon_distutils_commands:/home/drone/drone_ws/install/px4/lib/python3.10/site-packages:${PYTHONPATH} /usr/bin/python3 -W ignore:setup.py install is deprecated -W ignore:easy_install command is deprecated setup.py egg_info --egg-base ../../build/px4 build --build-base /home/drone/drone_ws/build/px4/build install --record /home/drone/drone_ws/build/px4/install.log --single-version-externally-managed install_data
