[9.290s] Invoking command in '/home/drone/drone_ws/src/global_position_node': PYTHONPATH=/home/drone/drone_ws/build/global_position_node/prefix_override:/usr/lib/python3/dist-packages/colcon_core/task/python/colcon_distutils_commands:/home/drone/drone_ws/install/global_position_node/lib/python3.10/site-packages:${PYTHONPATH} /usr/bin/python3 -W ignore:setup.py install is deprecated -W ignore:easy_install command is deprecated setup.py egg_info --egg-base ../../build/global_position_node build --build-base /home/drone/drone_ws/build/global_position_node/build install --record /home/drone/drone_ws/build/global_position_node/install.log --single-version-externally-managed install_data
[11.441s] running egg_info
[11.447s] writing ../../build/global_position_node/global_position_node.egg-info/PKG-INFO
[11.451s] writing dependency_links to ../../build/global_position_node/global_position_node.egg-info/dependency_links.txt
[11.452s] writing entry points to ../../build/global_position_node/global_position_node.egg-info/entry_points.txt
[11.453s] writing requirements to ../../build/global_position_node/global_position_node.egg-info/requires.txt
[11.455s] writing top-level names to ../../build/global_position_node/global_position_node.egg-info/top_level.txt
[11.468s] reading manifest file '../../build/global_position_node/global_position_node.egg-info/SOURCES.txt'
[11.474s] writing manifest file '../../build/global_position_node/global_position_node.egg-info/SOURCES.txt'
[11.482s] running build
[11.483s] running build_py
[11.485s] running install
[11.486s] running install_lib
[11.498s] running install_data
[11.500s] running install_egg_info
[11.521s] removing '/home/drone/drone_ws/install/global_position_node/lib/python3.10/site-packages/global_position_node-0.0.0-py3.10.egg-info' (and everything under it)
[11.524s] Copying ../../build/global_position_node/global_position_node.egg-info to /home/drone/drone_ws/install/global_position_node/lib/python3.10/site-packages/global_position_node-0.0.0-py3.10.egg-info
[11.540s] running install_scripts
[11.727s] Installing global_position script to /home/drone/drone_ws/install/global_position_node/lib/global_position_node
[11.731s] writing list of installed files to '/home/drone/drone_ws/build/global_position_node/install.log'
[12.067s] Invoked command in '/home/drone/drone_ws/src/global_position_node' returned '0': PYTHONPATH=/home/drone/drone_ws/build/global_position_node/prefix_override:/usr/lib/python3/dist-packages/colcon_core/task/python/colcon_distutils_commands:/home/drone/drone_ws/install/global_position_node/lib/python3.10/site-packages:${PYTHONPATH} /usr/bin/python3 -W ignore:setup.py install is deprecated -W ignore:easy_install command is deprecated setup.py egg_info --egg-base ../../build/global_position_node build --build-base /home/drone/drone_ws/build/global_position_node/build install --record /home/drone/drone_ws/build/global_position_node/install.log --single-version-externally-managed install_data
