running egg_info
writing ../../build/position_fusion_node/position_fusion.egg-info/PKG-INFO
writing dependency_links to ../../build/position_fusion_node/position_fusion.egg-info/dependency_links.txt
writing entry points to ../../build/position_fusion_node/position_fusion.egg-info/entry_points.txt
writing requirements to ../../build/position_fusion_node/position_fusion.egg-info/requires.txt
writing top-level names to ../../build/position_fusion_node/position_fusion.egg-info/top_level.txt
reading manifest file '../../build/position_fusion_node/position_fusion.egg-info/SOURCES.txt'
writing manifest file '../../build/position_fusion_node/position_fusion.egg-info/SOURCES.txt'
running build
running build_py
copying position_fusion/position_fusion_node.py -> /home/drone/drone_ws/build/position_fusion_node/build/lib/position_fusion
running install
running install_lib
copying /home/drone/drone_ws/build/position_fusion_node/build/lib/position_fusion/position_fusion_node.py -> /home/drone/drone_ws/install/position_fusion_node/lib/python3.10/site-packages/position_fusion
byte-compiling /home/drone/drone_ws/install/position_fusion_node/lib/python3.10/site-packages/position_fusion/position_fusion_node.py to position_fusion_node.cpython-310.pyc
Sorry: IndentationError: expected an indented block after function definition on line 219 (position_fusion_node.py, line 220)
running install_data
running install_egg_info
removing '/home/drone/drone_ws/install/position_fusion_node/lib/python3.10/site-packages/position_fusion-0.0.0-py3.10.egg-info' (and everything under it)
Copying ../../build/position_fusion_node/position_fusion.egg-info to /home/drone/drone_ws/install/position_fusion_node/lib/python3.10/site-packages/position_fusion-0.0.0-py3.10.egg-info
running install_scripts
Installing position_fusion script to /home/drone/drone_ws/install/position_fusion_node/lib/position_fusion
writing list of installed files to '/home/drone/drone_ws/build/position_fusion_node/install.log'
