[4.306s] Invoking command in '/home/drone/drone_ws/src/global_position_node': PYTHONPATH=/home/drone/drone_ws/build/global_position_node/prefix_override:/usr/lib/python3/dist-packages/colcon_core/task/python/colcon_distutils_commands:/home/drone/drone_ws/install/global_position_node/lib/python3.10/site-packages:${PYTHONPATH} /usr/bin/python3 -W ignore:setup.py install is deprecated -W ignore:easy_install command is deprecated setup.py egg_info --egg-base ../../build/global_position_node build --build-base /home/drone/drone_ws/build/global_position_node/build install --record /home/drone/drone_ws/build/global_position_node/install.log --single-version-externally-managed install_data
[5.548s] running egg_info
[5.549s] writing ../../build/global_position_node/global_position_node.egg-info/PKG-INFO
[5.551s] writing dependency_links to ../../build/global_position_node/global_position_node.egg-info/dependency_links.txt
[5.553s] writing entry points to ../../build/global_position_node/global_position_node.egg-info/entry_points.txt
[5.553s] writing requirements to ../../build/global_position_node/global_position_node.egg-info/requires.txt
[5.556s] writing top-level names to ../../build/global_position_node/global_position_node.egg-info/top_level.txt
[5.564s] reading manifest file '../../build/global_position_node/global_position_node.egg-info/SOURCES.txt'
[5.568s] writing manifest file '../../build/global_position_node/global_position_node.egg-info/SOURCES.txt'
[5.569s] running build
[5.570s] running build_py
[5.571s] running install
[5.573s] running install_lib
[5.580s] running install_data
[5.582s] running install_egg_info
[5.589s] removing '/home/drone/drone_ws/install/global_position_node/lib/python3.10/site-packages/global_position_node-0.0.0-py3.10.egg-info' (and everything under it)
[5.592s] Copying ../../build/global_position_node/global_position_node.egg-info to /home/drone/drone_ws/install/global_position_node/lib/python3.10/site-packages/global_position_node-0.0.0-py3.10.egg-info
[5.600s] running install_scripts
[5.706s] Installing global_position script to /home/drone/drone_ws/install/global_position_node/lib/global_position_node
[5.711s] writing list of installed files to '/home/drone/drone_ws/build/global_position_node/install.log'
[5.895s] Invoked command in '/home/drone/drone_ws/src/global_position_node' returned '0': PYTHONPATH=/home/drone/drone_ws/build/global_position_node/prefix_override:/usr/lib/python3/dist-packages/colcon_core/task/python/colcon_distutils_commands:/home/drone/drone_ws/install/global_position_node/lib/python3.10/site-packages:${PYTHONPATH} /usr/bin/python3 -W ignore:setup.py install is deprecated -W ignore:easy_install command is deprecated setup.py egg_info --egg-base ../../build/global_position_node build --build-base /home/drone/drone_ws/build/global_position_node/build install --record /home/drone/drone_ws/build/global_position_node/install.log --single-version-externally-managed install_data
