running egg_info
creating ../../build/camera_calibration/camera_calibration.egg-info
writing ../../build/camera_calibration/camera_calibration.egg-info/PKG-INFO
writing dependency_links to ../../build/camera_calibration/camera_calibration.egg-info/dependency_links.txt
writing entry points to ../../build/camera_calibration/camera_calibration.egg-info/entry_points.txt
writing requirements to ../../build/camera_calibration/camera_calibration.egg-info/requires.txt
writing top-level names to ../../build/camera_calibration/camera_calibration.egg-info/top_level.txt
writing manifest file '../../build/camera_calibration/camera_calibration.egg-info/SOURCES.txt'
reading manifest file '../../build/camera_calibration/camera_calibration.egg-info/SOURCES.txt'
writing manifest file '../../build/camera_calibration/camera_calibration.egg-info/SOURCES.txt'
running build
running build_py
creating /home/drone/drone_ws/build/camera_calibration/build
creating /home/drone/drone_ws/build/camera_calibration/build/lib
creating /home/drone/drone_ws/build/camera_calibration/build/lib/camera_calibration
copying camera_calibration/__init__.py -> /home/drone/drone_ws/build/camera_calibration/build/lib/camera_calibration
copying camera_calibration/camera_calibration_node.py -> /home/drone/drone_ws/build/camera_calibration/build/lib/camera_calibration
running install
running install_lib
creating /home/drone/drone_ws/install/camera_calibration/lib/python3.10/site-packages/camera_calibration
copying /home/drone/drone_ws/build/camera_calibration/build/lib/camera_calibration/__init__.py -> /home/drone/drone_ws/install/camera_calibration/lib/python3.10/site-packages/camera_calibration
copying /home/drone/drone_ws/build/camera_calibration/build/lib/camera_calibration/camera_calibration_node.py -> /home/drone/drone_ws/install/camera_calibration/lib/python3.10/site-packages/camera_calibration
byte-compiling /home/drone/drone_ws/install/camera_calibration/lib/python3.10/site-packages/camera_calibration/__init__.py to __init__.cpython-310.pyc
byte-compiling /home/drone/drone_ws/install/camera_calibration/lib/python3.10/site-packages/camera_calibration/camera_calibration_node.py to camera_calibration_node.cpython-310.pyc
running install_data
creating /home/drone/drone_ws/install/camera_calibration/share/ament_index
creating /home/drone/drone_ws/install/camera_calibration/share/ament_index/resource_index
creating /home/drone/drone_ws/install/camera_calibration/share/ament_index/resource_index/packages
copying resource/camera_calibration -> /home/drone/drone_ws/install/camera_calibration/share/ament_index/resource_index/packages
copying package.xml -> /home/drone/drone_ws/install/camera_calibration/share/camera_calibration
running install_egg_info
Copying ../../build/camera_calibration/camera_calibration.egg-info to /home/drone/drone_ws/install/camera_calibration/lib/python3.10/site-packages/camera_calibration-0.0.0-py3.10.egg-info
running install_scripts
Installing camera_calibration script to /home/drone/drone_ws/install/camera_calibration/lib/camera_calibration
writing list of installed files to '/home/drone/drone_ws/build/camera_calibration/install.log'
