[4.778s] Invoking command in '/home/drone/drone_ws/src/camera_calibration': PYTHONPATH=/home/drone/drone_ws/build/camera_calibration/prefix_override:/usr/lib/python3/dist-packages/colcon_core/task/python/colcon_distutils_commands:/home/drone/drone_ws/install/camera_calibration/lib/python3.10/site-packages:${PYTHONPATH} /usr/bin/python3 -W ignore:setup.py install is deprecated -W ignore:easy_install command is deprecated setup.py egg_info --egg-base ../../build/camera_calibration build --build-base /home/drone/drone_ws/build/camera_calibration/build install --record /home/drone/drone_ws/build/camera_calibration/install.log --single-version-externally-managed install_data
[6.282s] running egg_info
[6.284s] creating ../../build/camera_calibration/camera_calibration.egg-info
[6.285s] writing ../../build/camera_calibration/camera_calibration.egg-info/PKG-INFO
[6.287s] writing dependency_links to ../../build/camera_calibration/camera_calibration.egg-info/dependency_links.txt
[6.288s] writing entry points to ../../build/camera_calibration/camera_calibration.egg-info/entry_points.txt
[6.289s] writing requirements to ../../build/camera_calibration/camera_calibration.egg-info/requires.txt
[6.290s] writing top-level names to ../../build/camera_calibration/camera_calibration.egg-info/top_level.txt
[6.291s] writing manifest file '../../build/camera_calibration/camera_calibration.egg-info/SOURCES.txt'
[6.299s] reading manifest file '../../build/camera_calibration/camera_calibration.egg-info/SOURCES.txt'
[6.309s] writing manifest file '../../build/camera_calibration/camera_calibration.egg-info/SOURCES.txt'
[6.310s] running build
[6.310s] running build_py
[6.312s] creating /home/drone/drone_ws/build/camera_calibration/build
[6.312s] creating /home/drone/drone_ws/build/camera_calibration/build/lib
[6.313s] creating /home/drone/drone_ws/build/camera_calibration/build/lib/camera_calibration
[6.313s] copying camera_calibration/__init__.py -> /home/drone/drone_ws/build/camera_calibration/build/lib/camera_calibration
[6.314s] copying camera_calibration/camera_calibration_node.py -> /home/drone/drone_ws/build/camera_calibration/build/lib/camera_calibration
[6.315s] running install
[6.316s] running install_lib
[6.320s] creating /home/drone/drone_ws/install/camera_calibration/lib/python3.10/site-packages/camera_calibration
[6.321s] copying /home/drone/drone_ws/build/camera_calibration/build/lib/camera_calibration/__init__.py -> /home/drone/drone_ws/install/camera_calibration/lib/python3.10/site-packages/camera_calibration
[6.322s] copying /home/drone/drone_ws/build/camera_calibration/build/lib/camera_calibration/camera_calibration_node.py -> /home/drone/drone_ws/install/camera_calibration/lib/python3.10/site-packages/camera_calibration
[6.324s] byte-compiling /home/drone/drone_ws/install/camera_calibration/lib/python3.10/site-packages/camera_calibration/__init__.py to __init__.cpython-310.pyc
[6.326s] byte-compiling /home/drone/drone_ws/install/camera_calibration/lib/python3.10/site-packages/camera_calibration/camera_calibration_node.py to camera_calibration_node.cpython-310.pyc
[6.341s] running install_data
[6.343s] creating /home/drone/drone_ws/install/camera_calibration/share/ament_index
[6.344s] creating /home/drone/drone_ws/install/camera_calibration/share/ament_index/resource_index
[6.344s] creating /home/drone/drone_ws/install/camera_calibration/share/ament_index/resource_index/packages
[6.345s] copying resource/camera_calibration -> /home/drone/drone_ws/install/camera_calibration/share/ament_index/resource_index/packages
[6.346s] copying package.xml -> /home/drone/drone_ws/install/camera_calibration/share/camera_calibration
[6.347s] running install_egg_info
[6.352s] Copying ../../build/camera_calibration/camera_calibration.egg-info to /home/drone/drone_ws/install/camera_calibration/lib/python3.10/site-packages/camera_calibration-0.0.0-py3.10.egg-info
[6.358s] running install_scripts
[6.442s] Installing camera_calibration script to /home/drone/drone_ws/install/camera_calibration/lib/camera_calibration
[6.444s] writing list of installed files to '/home/drone/drone_ws/build/camera_calibration/install.log'
[7.928s] Invoked command in '/home/drone/drone_ws/src/camera_calibration' returned '0': PYTHONPATH=/home/drone/drone_ws/build/camera_calibration/prefix_override:/usr/lib/python3/dist-packages/colcon_core/task/python/colcon_distutils_commands:/home/drone/drone_ws/install/camera_calibration/lib/python3.10/site-packages:${PYTHONPATH} /usr/bin/python3 -W ignore:setup.py install is deprecated -W ignore:easy_install command is deprecated setup.py egg_info --egg-base ../../build/camera_calibration build --build-base /home/drone/drone_ws/build/camera_calibration/build install --record /home/drone/drone_ws/build/camera_calibration/install.log --single-version-externally-managed install_data
