[3.149s] Invoking command in '/home/drone/drone_ws/src/visual': PYTHONPATH=/home/drone/drone_ws/build/visual/prefix_override:/usr/lib/python3/dist-packages/colcon_core/task/python/colcon_distutils_commands:/home/drone/drone_ws/install/visual/lib/python3.10/site-packages:${PYTHONPATH} /usr/bin/python3 -W ignore:setup.py install is deprecated -W ignore:easy_install command is deprecated setup.py egg_info --egg-base ../../build/visual build --build-base /home/drone/drone_ws/build/visual/build install --record /home/drone/drone_ws/build/visual/install.log --single-version-externally-managed install_data
[4.311s] running egg_info
[4.314s] writing ../../build/visual/visual.egg-info/PKG-INFO
[4.315s] writing dependency_links to ../../build/visual/visual.egg-info/dependency_links.txt
[4.316s] writing entry points to ../../build/visual/visual.egg-info/entry_points.txt
[4.316s] writing requirements to ../../build/visual/visual.egg-info/requires.txt
[4.317s] writing top-level names to ../../build/visual/visual.egg-info/top_level.txt
[4.325s] reading manifest file '../../build/visual/visual.egg-info/SOURCES.txt'
[4.334s] writing manifest file '../../build/visual/visual.egg-info/SOURCES.txt'
[4.334s] running build
[4.335s] running build_py
[4.336s] running install
[4.337s] running install_lib
[4.342s] running install_data
[4.343s] running install_egg_info
[4.351s] removing '/home/drone/drone_ws/install/visual/lib/python3.10/site-packages/visual-0.0.0-py3.10.egg-info' (and everything under it)
[4.353s] Copying ../../build/visual/visual.egg-info to /home/drone/drone_ws/install/visual/lib/python3.10/site-packages/visual-0.0.0-py3.10.egg-info
[4.359s] running install_scripts
[4.437s] Installing visual script to /home/drone/drone_ws/install/visual/lib/visual
[4.439s] writing list of installed files to '/home/drone/drone_ws/build/visual/install.log'
[4.560s] Invoked command in '/home/drone/drone_ws/src/visual' returned '0': PYTHONPATH=/home/drone/drone_ws/build/visual/prefix_override:/usr/lib/python3/dist-packages/colcon_core/task/python/colcon_distutils_commands:/home/drone/drone_ws/install/visual/lib/python3.10/site-packages:${PYTHONPATH} /usr/bin/python3 -W ignore:setup.py install is deprecated -W ignore:easy_install command is deprecated setup.py egg_info --egg-base ../../build/visual build --build-base /home/drone/drone_ws/build/visual/build install --record /home/drone/drone_ws/build/visual/install.log --single-version-externally-managed install_data
