[6.066s] Invoking command in '/home/drone/drone_ws/src/project_start': PYTHONPATH=/home/drone/drone_ws/build/project_start/prefix_override:/usr/lib/python3/dist-packages/colcon_core/task/python/colcon_distutils_commands:/home/drone/drone_ws/install/project_start/lib/python3.10/site-packages:${PYTHONPATH} /usr/bin/python3 -W ignore:setup.py install is deprecated -W ignore:easy_install command is deprecated setup.py egg_info --egg-base ../../build/project_start build --build-base /home/drone/drone_ws/build/project_start/build install --record /home/drone/drone_ws/build/project_start/install.log --single-version-externally-managed install_data
[8.061s] running egg_info
[8.063s] writing ../../build/project_start/project_start.egg-info/PKG-INFO
[8.066s] writing dependency_links to ../../build/project_start/project_start.egg-info/dependency_links.txt
[8.068s] writing entry points to ../../build/project_start/project_start.egg-info/entry_points.txt
[8.070s] writing requirements to ../../build/project_start/project_start.egg-info/requires.txt
[8.072s] writing top-level names to ../../build/project_start/project_start.egg-info/top_level.txt
[8.083s] reading manifest file '../../build/project_start/project_start.egg-info/SOURCES.txt'
[8.093s] writing manifest file '../../build/project_start/project_start.egg-info/SOURCES.txt'
[8.095s] running build
[8.096s] running build_py
[8.100s] running install
[8.103s] running install_lib
[8.114s] running install_data
[8.117s] running install_egg_info
[8.141s] removing '/home/drone/drone_ws/install/project_start/lib/python3.10/site-packages/project_start-0.0.0-py3.10.egg-info' (and everything under it)
[8.154s] Copying ../../build/project_start/project_start.egg-info to /home/drone/drone_ws/install/project_start/lib/python3.10/site-packages/project_start-0.0.0-py3.10.egg-info
[8.163s] running install_scripts
[8.337s] writing list of installed files to '/home/drone/drone_ws/build/project_start/install.log'
[9.684s] Invoked command in '/home/drone/drone_ws/src/project_start' returned '0': PYTHONPATH=/home/drone/drone_ws/build/project_start/prefix_override:/usr/lib/python3/dist-packages/colcon_core/task/python/colcon_distutils_commands:/home/drone/drone_ws/install/project_start/lib/python3.10/site-packages:${PYTHONPATH} /usr/bin/python3 -W ignore:setup.py install is deprecated -W ignore:easy_install command is deprecated setup.py egg_info --egg-base ../../build/project_start build --build-base /home/drone/drone_ws/build/project_start/build install --record /home/drone/drone_ws/build/project_start/install.log --single-version-externally-managed install_data
