running egg_info
writing ../../build/altitude/altitude.egg-info/PKG-INFO
writing dependency_links to ../../build/altitude/altitude.egg-info/dependency_links.txt
writing entry points to ../../build/altitude/altitude.egg-info/entry_points.txt
writing requirements to ../../build/altitude/altitude.egg-info/requires.txt
writing top-level names to ../../build/altitude/altitude.egg-info/top_level.txt
reading manifest file '../../build/altitude/altitude.egg-info/SOURCES.txt'
writing manifest file '../../build/altitude/altitude.egg-info/SOURCES.txt'
running build
running build_py
copying altitude/altitude_node.py -> /home/drone/drone_ws/build/altitude/build/lib/altitude
running install
running install_lib
copying /home/drone/drone_ws/build/altitude/build/lib/altitude/altitude_node.py -> /home/drone/drone_ws/install/altitude/lib/python3.10/site-packages/altitude
byte-compiling /home/drone/drone_ws/install/altitude/lib/python3.10/site-packages/altitude/altitude_node.py to altitude_node.cpython-310.pyc
running install_data
copying package.xml -> /home/drone/drone_ws/install/altitude/share/altitude
running install_egg_info
removing '/home/drone/drone_ws/install/altitude/lib/python3.10/site-packages/altitude-0.0.0-py3.10.egg-info' (and everything under it)
Copying ../../build/altitude/altitude.egg-info to /home/drone/drone_ws/install/altitude/lib/python3.10/site-packages/altitude-0.0.0-py3.10.egg-info
running install_scripts
Installing altitude script to /home/drone/drone_ws/install/altitude/lib/altitude
writing list of installed files to '/home/drone/drone_ws/build/altitude/install.log'
