[7.998s] Invoking command in '/home/drone/drone_ws/src/altitude': PYTHONPATH=/home/drone/drone_ws/build/altitude/prefix_override:/usr/lib/python3/dist-packages/colcon_core/task/python/colcon_distutils_commands:/home/drone/drone_ws/install/altitude/lib/python3.10/site-packages:${PYTHONPATH} /usr/bin/python3 -W ignore:setup.py install is deprecated -W ignore:easy_install command is deprecated setup.py egg_info --egg-base ../../build/altitude build --build-base /home/drone/drone_ws/build/altitude/build install --record /home/drone/drone_ws/build/altitude/install.log --single-version-externally-managed install_data
[9.960s] running egg_info
[9.961s] writing ../../build/altitude/altitude.egg-info/PKG-INFO
[9.965s] writing dependency_links to ../../build/altitude/altitude.egg-info/dependency_links.txt
[9.967s] writing entry points to ../../build/altitude/altitude.egg-info/entry_points.txt
[9.968s] writing requirements to ../../build/altitude/altitude.egg-info/requires.txt
[9.968s] writing top-level names to ../../build/altitude/altitude.egg-info/top_level.txt
[9.981s] reading manifest file '../../build/altitude/altitude.egg-info/SOURCES.txt'
[9.989s] writing manifest file '../../build/altitude/altitude.egg-info/SOURCES.txt'
[9.991s] running build
[9.992s] running build_py
[9.993s] copying altitude/altitude_node.py -> /home/drone/drone_ws/build/altitude/build/lib/altitude
[9.995s] running install
[9.996s] running install_lib
[10.002s] copying /home/drone/drone_ws/build/altitude/build/lib/altitude/altitude_node.py -> /home/drone/drone_ws/install/altitude/lib/python3.10/site-packages/altitude
[10.006s] byte-compiling /home/drone/drone_ws/install/altitude/lib/python3.10/site-packages/altitude/altitude_node.py to altitude_node.cpython-310.pyc
[10.013s] running install_data
[10.015s] copying package.xml -> /home/drone/drone_ws/install/altitude/share/altitude
[10.015s] running install_egg_info
[10.025s] removing '/home/drone/drone_ws/install/altitude/lib/python3.10/site-packages/altitude-0.0.0-py3.10.egg-info' (and everything under it)
[10.028s] Copying ../../build/altitude/altitude.egg-info to /home/drone/drone_ws/install/altitude/lib/python3.10/site-packages/altitude-0.0.0-py3.10.egg-info
[10.043s] running install_scripts
[10.223s] Installing altitude script to /home/drone/drone_ws/install/altitude/lib/altitude
[10.244s] writing list of installed files to '/home/drone/drone_ws/build/altitude/install.log'
[10.589s] Invoked command in '/home/drone/drone_ws/src/altitude' returned '0': PYTHONPATH=/home/drone/drone_ws/build/altitude/prefix_override:/usr/lib/python3/dist-packages/colcon_core/task/python/colcon_distutils_commands:/home/drone/drone_ws/install/altitude/lib/python3.10/site-packages:${PYTHONPATH} /usr/bin/python3 -W ignore:setup.py install is deprecated -W ignore:easy_install command is deprecated setup.py egg_info --egg-base ../../build/altitude build --build-base /home/drone/drone_ws/build/altitude/build install --record /home/drone/drone_ws/build/altitude/install.log --single-version-externally-managed install_data
