[7.842s] Invoking command in '/home/drone/drone_ws/src/global_position_node': PYTHONPATH=/home/drone/drone_ws/build/global_position_node/prefix_override:/usr/lib/python3/dist-packages/colcon_core/task/python/colcon_distutils_commands:/home/drone/drone_ws/install/global_position_node/lib/python3.10/site-packages:${PYTHONPATH} /usr/bin/python3 -W ignore:setup.py install is deprecated -W ignore:easy_install command is deprecated setup.py egg_info --egg-base ../../build/global_position_node build --build-base /home/drone/drone_ws/build/global_position_node/build install --record /home/drone/drone_ws/build/global_position_node/install.log --single-version-externally-managed install_data
[9.659s] running egg_info
[9.666s] writing ../../build/global_position_node/global_position_node.egg-info/PKG-INFO
[9.670s] writing dependency_links to ../../build/global_position_node/global_position_node.egg-info/dependency_links.txt
[9.673s] writing entry points to ../../build/global_position_node/global_position_node.egg-info/entry_points.txt
[9.676s] writing requirements to ../../build/global_position_node/global_position_node.egg-info/requires.txt
[9.679s] writing top-level names to ../../build/global_position_node/global_position_node.egg-info/top_level.txt
[9.684s] reading manifest file '../../build/global_position_node/global_position_node.egg-info/SOURCES.txt'
[9.688s] writing manifest file '../../build/global_position_node/global_position_node.egg-info/SOURCES.txt'
[9.696s] running build
[9.699s] running build_py
[9.707s] copying global_position_node/global_position.py -> /home/drone/drone_ws/build/global_position_node/build/lib/global_position_node
[9.715s] running install
[9.716s] running install_lib
[9.717s] copying /home/drone/drone_ws/build/global_position_node/build/lib/global_position_node/global_position.py -> /home/drone/drone_ws/install/global_position_node/lib/python3.10/site-packages/global_position_node
[9.718s] byte-compiling /home/drone/drone_ws/install/global_position_node/lib/python3.10/site-packages/global_position_node/global_position.py to global_position.cpython-310.pyc
[9.718s] running install_data
[9.719s] running install_egg_info
[9.727s] removing '/home/drone/drone_ws/install/global_position_node/lib/python3.10/site-packages/global_position_node-0.0.0-py3.10.egg-info' (and everything under it)
[9.728s] Copying ../../build/global_position_node/global_position_node.egg-info to /home/drone/drone_ws/install/global_position_node/lib/python3.10/site-packages/global_position_node-0.0.0-py3.10.egg-info
[9.732s] running install_scripts
[9.834s] Installing global_position script to /home/drone/drone_ws/install/global_position_node/lib/global_position_node
[9.842s] writing list of installed files to '/home/drone/drone_ws/build/global_position_node/install.log'
[10.023s] Invoked command in '/home/drone/drone_ws/src/global_position_node' returned '0': PYTHONPATH=/home/drone/drone_ws/build/global_position_node/prefix_override:/usr/lib/python3/dist-packages/colcon_core/task/python/colcon_distutils_commands:/home/drone/drone_ws/install/global_position_node/lib/python3.10/site-packages:${PYTHONPATH} /usr/bin/python3 -W ignore:setup.py install is deprecated -W ignore:easy_install command is deprecated setup.py egg_info --egg-base ../../build/global_position_node build --build-base /home/drone/drone_ws/build/global_position_node/build install --record /home/drone/drone_ws/build/global_position_node/install.log --single-version-externally-managed install_data
