[4.274s] Invoking command in '/home/drone/drone_ws/src/global_position_node': PYTHONPATH=/home/drone/drone_ws/build/global_position_node/prefix_override:/usr/lib/python3/dist-packages/colcon_core/task/python/colcon_distutils_commands:/home/drone/drone_ws/install/global_position_node/lib/python3.10/site-packages:${PYTHONPATH} /usr/bin/python3 -W ignore:setup.py install is deprecated -W ignore:easy_install command is deprecated setup.py egg_info --egg-base ../../build/global_position_node build --build-base /home/drone/drone_ws/build/global_position_node/build install --record /home/drone/drone_ws/build/global_position_node/install.log --single-version-externally-managed install_data
[5.501s] running egg_info
[5.509s] writing ../../build/global_position_node/global_position_node.egg-info/PKG-INFO
[5.510s] writing dependency_links to ../../build/global_position_node/global_position_node.egg-info/dependency_links.txt
[5.511s] writing entry points to ../../build/global_position_node/global_position_node.egg-info/entry_points.txt
[5.511s] writing requirements to ../../build/global_position_node/global_position_node.egg-info/requires.txt
[5.512s] writing top-level names to ../../build/global_position_node/global_position_node.egg-info/top_level.txt
[5.519s] reading manifest file '../../build/global_position_node/global_position_node.egg-info/SOURCES.txt'
[5.523s] writing manifest file '../../build/global_position_node/global_position_node.egg-info/SOURCES.txt'
[5.528s] running build
[5.528s] running build_py
[5.529s] running install
[5.529s] running install_lib
[5.534s] running install_data
[5.536s] running install_egg_info
[5.543s] removing '/home/drone/drone_ws/install/global_position_node/lib/python3.10/site-packages/global_position_node-0.0.0-py3.10.egg-info' (and everything under it)
[5.548s] Copying ../../build/global_position_node/global_position_node.egg-info to /home/drone/drone_ws/install/global_position_node/lib/python3.10/site-packages/global_position_node-0.0.0-py3.10.egg-info
[5.556s] running install_scripts
[5.645s] Installing global_position script to /home/drone/drone_ws/install/global_position_node/lib/global_position_node
[5.650s] writing list of installed files to '/home/drone/drone_ws/build/global_position_node/install.log'
[5.858s] Invoked command in '/home/drone/drone_ws/src/global_position_node' returned '0': PYTHONPATH=/home/drone/drone_ws/build/global_position_node/prefix_override:/usr/lib/python3/dist-packages/colcon_core/task/python/colcon_distutils_commands:/home/drone/drone_ws/install/global_position_node/lib/python3.10/site-packages:${PYTHONPATH} /usr/bin/python3 -W ignore:setup.py install is deprecated -W ignore:easy_install command is deprecated setup.py egg_info --egg-base ../../build/global_position_node build --build-base /home/drone/drone_ws/build/global_position_node/build install --record /home/drone/drone_ws/build/global_position_node/install.log --single-version-externally-managed install_data
