[3.143s] Invoking command in '/home/drone/drone_ws/src/global_position_node': PYTHONPATH=/home/drone/drone_ws/build/global_position_node/prefix_override:/usr/lib/python3/dist-packages/colcon_core/task/python/colcon_distutils_commands:/home/drone/drone_ws/install/global_position_node/lib/python3.10/site-packages:${PYTHONPATH} /usr/bin/python3 -W ignore:setup.py install is deprecated -W ignore:easy_install command is deprecated setup.py egg_info --egg-base ../../build/global_position_node build --build-base /home/drone/drone_ws/build/global_position_node/build install --record /home/drone/drone_ws/build/global_position_node/install.log --single-version-externally-managed install_data
[4.362s] running egg_info
[4.366s] writing ../../build/global_position_node/global_position_node.egg-info/PKG-INFO
[4.367s] writing dependency_links to ../../build/global_position_node/global_position_node.egg-info/dependency_links.txt
[4.368s] writing entry points to ../../build/global_position_node/global_position_node.egg-info/entry_points.txt
[4.369s] writing requirements to ../../build/global_position_node/global_position_node.egg-info/requires.txt
[4.369s] writing top-level names to ../../build/global_position_node/global_position_node.egg-info/top_level.txt
[4.378s] reading manifest file '../../build/global_position_node/global_position_node.egg-info/SOURCES.txt'
[4.381s] writing manifest file '../../build/global_position_node/global_position_node.egg-info/SOURCES.txt'
[4.382s] running build
[4.383s] running build_py
[4.383s] copying global_position_node/global_position.py -> /home/drone/drone_ws/build/global_position_node/build/lib/global_position_node
[4.385s] running install
[4.386s] running install_lib
[4.390s] copying /home/drone/drone_ws/build/global_position_node/build/lib/global_position_node/global_position.py -> /home/drone/drone_ws/install/global_position_node/lib/python3.10/site-packages/global_position_node
[4.393s] byte-compiling /home/drone/drone_ws/install/global_position_node/lib/python3.10/site-packages/global_position_node/global_position.py to global_position.cpython-310.pyc
[4.407s] running install_data
[4.408s] running install_egg_info
[4.415s] removing '/home/drone/drone_ws/install/global_position_node/lib/python3.10/site-packages/global_position_node-0.0.0-py3.10.egg-info' (and everything under it)
[4.417s] Copying ../../build/global_position_node/global_position_node.egg-info to /home/drone/drone_ws/install/global_position_node/lib/python3.10/site-packages/global_position_node-0.0.0-py3.10.egg-info
[4.424s] running install_scripts
[4.504s] Installing global_position script to /home/drone/drone_ws/install/global_position_node/lib/global_position_node
[4.506s] writing list of installed files to '/home/drone/drone_ws/build/global_position_node/install.log'
[4.632s] Invoked command in '/home/drone/drone_ws/src/global_position_node' returned '0': PYTHONPATH=/home/drone/drone_ws/build/global_position_node/prefix_override:/usr/lib/python3/dist-packages/colcon_core/task/python/colcon_distutils_commands:/home/drone/drone_ws/install/global_position_node/lib/python3.10/site-packages:${PYTHONPATH} /usr/bin/python3 -W ignore:setup.py install is deprecated -W ignore:easy_install command is deprecated setup.py egg_info --egg-base ../../build/global_position_node build --build-base /home/drone/drone_ws/build/global_position_node/build install --record /home/drone/drone_ws/build/global_position_node/install.log --single-version-externally-managed install_data
