[7.912s] Invoking command in '/home/drone/drone_ws/src/global_position_node': PYTHONPATH=/home/drone/drone_ws/build/global_position_node/prefix_override:/usr/lib/python3/dist-packages/colcon_core/task/python/colcon_distutils_commands:/home/drone/drone_ws/install/global_position_node/lib/python3.10/site-packages:${PYTHONPATH} /usr/bin/python3 -W ignore:setup.py install is deprecated -W ignore:easy_install command is deprecated setup.py egg_info --egg-base ../../build/global_position_node build --build-base /home/drone/drone_ws/build/global_position_node/build install --record /home/drone/drone_ws/build/global_position_node/install.log --single-version-externally-managed install_data
[9.740s] running egg_info
[9.746s] writing ../../build/global_position_node/global_position_node.egg-info/PKG-INFO
[9.747s] writing dependency_links to ../../build/global_position_node/global_position_node.egg-info/dependency_links.txt
[9.749s] writing entry points to ../../build/global_position_node/global_position_node.egg-info/entry_points.txt
[9.751s] writing requirements to ../../build/global_position_node/global_position_node.egg-info/requires.txt
[9.752s] writing top-level names to ../../build/global_position_node/global_position_node.egg-info/top_level.txt
[9.766s] reading manifest file '../../build/global_position_node/global_position_node.egg-info/SOURCES.txt'
[9.775s] writing manifest file '../../build/global_position_node/global_position_node.egg-info/SOURCES.txt'
[9.776s] running build
[9.779s] running build_py
[9.781s] running install
[9.782s] running install_lib
[9.794s] running install_data
[9.795s] running install_egg_info
[9.817s] removing '/home/drone/drone_ws/install/global_position_node/lib/python3.10/site-packages/global_position_node-0.0.0-py3.10.egg-info' (and everything under it)
[9.826s] Copying ../../build/global_position_node/global_position_node.egg-info to /home/drone/drone_ws/install/global_position_node/lib/python3.10/site-packages/global_position_node-0.0.0-py3.10.egg-info
[9.830s] running install_scripts
[9.973s] Installing global_position script to /home/drone/drone_ws/install/global_position_node/lib/global_position_node
[9.978s] writing list of installed files to '/home/drone/drone_ws/build/global_position_node/install.log'
[10.172s] Invoked command in '/home/drone/drone_ws/src/global_position_node' returned '0': PYTHONPATH=/home/drone/drone_ws/build/global_position_node/prefix_override:/usr/lib/python3/dist-packages/colcon_core/task/python/colcon_distutils_commands:/home/drone/drone_ws/install/global_position_node/lib/python3.10/site-packages:${PYTHONPATH} /usr/bin/python3 -W ignore:setup.py install is deprecated -W ignore:easy_install command is deprecated setup.py egg_info --egg-base ../../build/global_position_node build --build-base /home/drone/drone_ws/build/global_position_node/build install --record /home/drone/drone_ws/build/global_position_node/install.log --single-version-externally-managed install_data
