[3.339s] Invoking command in '/home/drone/drone_ws/src/marker_pose_estimator': CMAKE_PREFIX_PATH=/home/drone/drone_ws/install/drone_msgs:/home/drone/drone_ws/install/uav_camera PYTHONPATH=/home/drone/drone_ws/build/marker_pose_estimator_node/prefix_override:/usr/lib/python3/dist-packages/colcon_core/task/python/colcon_distutils_commands:/home/drone/drone_ws/install/marker_pose_estimator_node/lib/python3.10/site-packages:${PYTHONPATH} /usr/bin/python3 -W ignore:setup.py install is deprecated -W ignore:easy_install command is deprecated setup.py egg_info --egg-base ../../build/marker_pose_estimator_node build --build-base /home/drone/drone_ws/build/marker_pose_estimator_node/build install --record /home/drone/drone_ws/build/marker_pose_estimator_node/install.log --single-version-externally-managed install_data
[4.655s] running egg_info
[4.658s] writing ../../build/marker_pose_estimator_node/marker_pose_estimator.egg-info/PKG-INFO
[4.659s] writing dependency_links to ../../build/marker_pose_estimator_node/marker_pose_estimator.egg-info/dependency_links.txt
[4.660s] writing entry points to ../../build/marker_pose_estimator_node/marker_pose_estimator.egg-info/entry_points.txt
[4.661s] writing requirements to ../../build/marker_pose_estimator_node/marker_pose_estimator.egg-info/requires.txt
[4.661s] writing top-level names to ../../build/marker_pose_estimator_node/marker_pose_estimator.egg-info/top_level.txt
[4.671s] reading manifest file '../../build/marker_pose_estimator_node/marker_pose_estimator.egg-info/SOURCES.txt'
[4.679s] writing manifest file '../../build/marker_pose_estimator_node/marker_pose_estimator.egg-info/SOURCES.txt'
[4.680s] running build
[4.680s] running build_py
[4.681s] copying marker_pose_estimator/marker_pose_estimator_node.py -> /home/drone/drone_ws/build/marker_pose_estimator_node/build/lib/marker_pose_estimator
[4.682s] running install
[4.684s] running install_lib
[4.687s] copying /home/drone/drone_ws/build/marker_pose_estimator_node/build/lib/marker_pose_estimator/marker_pose_estimator_node.py -> /home/drone/drone_ws/install/marker_pose_estimator_node/lib/python3.10/site-packages/marker_pose_estimator
[4.691s] byte-compiling /home/drone/drone_ws/install/marker_pose_estimator_node/lib/python3.10/site-packages/marker_pose_estimator/marker_pose_estimator_node.py to marker_pose_estimator_node.cpython-310.pyc
[4.702s] running install_data
[4.702s] running install_egg_info
[4.711s] removing '/home/drone/drone_ws/install/marker_pose_estimator_node/lib/python3.10/site-packages/marker_pose_estimator-0.0.0-py3.10.egg-info' (and everything under it)
[4.713s] Copying ../../build/marker_pose_estimator_node/marker_pose_estimator.egg-info to /home/drone/drone_ws/install/marker_pose_estimator_node/lib/python3.10/site-packages/marker_pose_estimator-0.0.0-py3.10.egg-info
[4.720s] running install_scripts
[4.804s] Installing marker_pose_estimator script to /home/drone/drone_ws/install/marker_pose_estimator_node/lib/marker_pose_estimator
[4.806s] writing list of installed files to '/home/drone/drone_ws/build/marker_pose_estimator_node/install.log'
[4.931s] Invoked command in '/home/drone/drone_ws/src/marker_pose_estimator' returned '0': CMAKE_PREFIX_PATH=/home/drone/drone_ws/install/drone_msgs:/home/drone/drone_ws/install/uav_camera PYTHONPATH=/home/drone/drone_ws/build/marker_pose_estimator_node/prefix_override:/usr/lib/python3/dist-packages/colcon_core/task/python/colcon_distutils_commands:/home/drone/drone_ws/install/marker_pose_estimator_node/lib/python3.10/site-packages:${PYTHONPATH} /usr/bin/python3 -W ignore:setup.py install is deprecated -W ignore:easy_install command is deprecated setup.py egg_info --egg-base ../../build/marker_pose_estimator_node build --build-base /home/drone/drone_ws/build/marker_pose_estimator_node/build install --record /home/drone/drone_ws/build/marker_pose_estimator_node/install.log --single-version-externally-managed install_data
