[3.625s] Invoking command in '/home/drone/drone_ws/src/camera_calibration': PYTHONPATH=/home/drone/drone_ws/build/camera_calibration/prefix_override:/usr/lib/python3/dist-packages/colcon_core/task/python/colcon_distutils_commands:/home/drone/drone_ws/install/camera_calibration/lib/python3.10/site-packages:${PYTHONPATH} /usr/bin/python3 -W ignore:setup.py install is deprecated -W ignore:easy_install command is deprecated setup.py egg_info --egg-base ../../build/camera_calibration build --build-base /home/drone/drone_ws/build/camera_calibration/build install --record /home/drone/drone_ws/build/camera_calibration/install.log --single-version-externally-managed install_data
[4.919s] running egg_info
[4.923s] writing ../../build/camera_calibration/camera_calibration.egg-info/PKG-INFO
[4.924s] writing dependency_links to ../../build/camera_calibration/camera_calibration.egg-info/dependency_links.txt
[4.925s] writing entry points to ../../build/camera_calibration/camera_calibration.egg-info/entry_points.txt
[4.926s] writing requirements to ../../build/camera_calibration/camera_calibration.egg-info/requires.txt
[4.926s] writing top-level names to ../../build/camera_calibration/camera_calibration.egg-info/top_level.txt
[4.935s] reading manifest file '../../build/camera_calibration/camera_calibration.egg-info/SOURCES.txt'
[4.943s] writing manifest file '../../build/camera_calibration/camera_calibration.egg-info/SOURCES.txt'
[4.944s] running build
[4.945s] running build_py
[4.945s] copying camera_calibration/camera_calibration_node.py -> /home/drone/drone_ws/build/camera_calibration/build/lib/camera_calibration
[4.947s] running install
[4.948s] running install_lib
[4.952s] copying /home/drone/drone_ws/build/camera_calibration/build/lib/camera_calibration/camera_calibration_node.py -> /home/drone/drone_ws/install/camera_calibration/lib/python3.10/site-packages/camera_calibration
[4.956s] byte-compiling /home/drone/drone_ws/install/camera_calibration/lib/python3.10/site-packages/camera_calibration/camera_calibration_node.py to camera_calibration_node.cpython-310.pyc
[4.969s] running install_data
[4.970s] running install_egg_info
[4.978s] removing '/home/drone/drone_ws/install/camera_calibration/lib/python3.10/site-packages/camera_calibration-0.0.0-py3.10.egg-info' (and everything under it)
[4.980s] Copying ../../build/camera_calibration/camera_calibration.egg-info to /home/drone/drone_ws/install/camera_calibration/lib/python3.10/site-packages/camera_calibration-0.0.0-py3.10.egg-info
[4.987s] running install_scripts
[5.072s] Installing camera_calibration script to /home/drone/drone_ws/install/camera_calibration/lib/camera_calibration
[5.073s] writing list of installed files to '/home/drone/drone_ws/build/camera_calibration/install.log'
[5.194s] Invoked command in '/home/drone/drone_ws/src/camera_calibration' returned '0': PYTHONPATH=/home/drone/drone_ws/build/camera_calibration/prefix_override:/usr/lib/python3/dist-packages/colcon_core/task/python/colcon_distutils_commands:/home/drone/drone_ws/install/camera_calibration/lib/python3.10/site-packages:${PYTHONPATH} /usr/bin/python3 -W ignore:setup.py install is deprecated -W ignore:easy_install command is deprecated setup.py egg_info --egg-base ../../build/camera_calibration build --build-base /home/drone/drone_ws/build/camera_calibration/build install --record /home/drone/drone_ws/build/camera_calibration/install.log --single-version-externally-managed install_data
