[7.989s] Invoking command in '/home/drone/drone_ws/src/project_start': PYTHONPATH=/home/drone/drone_ws/build/project_start/prefix_override:/usr/lib/python3/dist-packages/colcon_core/task/python/colcon_distutils_commands:/home/drone/drone_ws/install/project_start/lib/python3.10/site-packages:${PYTHONPATH} /usr/bin/python3 -W ignore:setup.py install is deprecated -W ignore:easy_install command is deprecated setup.py egg_info --egg-base ../../build/project_start build --build-base /home/drone/drone_ws/build/project_start/build install --record /home/drone/drone_ws/build/project_start/install.log --single-version-externally-managed install_data
[10.030s] running egg_info
[10.036s] writing ../../build/project_start/project_start.egg-info/PKG-INFO
[10.036s] writing dependency_links to ../../build/project_start/project_start.egg-info/dependency_links.txt
[10.037s] writing entry points to ../../build/project_start/project_start.egg-info/entry_points.txt
[10.038s] writing requirements to ../../build/project_start/project_start.egg-info/requires.txt
[10.038s] writing top-level names to ../../build/project_start/project_start.egg-info/top_level.txt
[10.049s] reading manifest file '../../build/project_start/project_start.egg-info/SOURCES.txt'
[10.061s] writing manifest file '../../build/project_start/project_start.egg-info/SOURCES.txt'
[10.062s] running build
[10.062s] running build_py
[10.066s] running install
[10.067s] running install_lib
[10.075s] running install_data
[10.076s] running install_egg_info
[10.122s] removing '/home/drone/drone_ws/install/project_start/lib/python3.10/site-packages/project_start-0.0.0-py3.10.egg-info' (and everything under it)
[10.132s] Copying ../../build/project_start/project_start.egg-info to /home/drone/drone_ws/install/project_start/lib/python3.10/site-packages/project_start-0.0.0-py3.10.egg-info
[10.133s] running install_scripts
[10.310s] writing list of installed files to '/home/drone/drone_ws/build/project_start/install.log'
[10.519s] Invoked command in '/home/drone/drone_ws/src/project_start' returned '0': PYTHONPATH=/home/drone/drone_ws/build/project_start/prefix_override:/usr/lib/python3/dist-packages/colcon_core/task/python/colcon_distutils_commands:/home/drone/drone_ws/install/project_start/lib/python3.10/site-packages:${PYTHONPATH} /usr/bin/python3 -W ignore:setup.py install is deprecated -W ignore:easy_install command is deprecated setup.py egg_info --egg-base ../../build/project_start build --build-base /home/drone/drone_ws/build/project_start/build install --record /home/drone/drone_ws/build/project_start/install.log --single-version-externally-managed install_data
