[9.421s] Invoking command in '/home/drone/drone_ws/src/drone_untils': PYTHONPATH=/home/drone/drone_ws/build/drone_untils/prefix_override:/usr/lib/python3/dist-packages/colcon_core/task/python/colcon_distutils_commands:/home/drone/drone_ws/install/drone_untils/lib/python3.10/site-packages:${PYTHONPATH} /usr/bin/python3 -W ignore:setup.py install is deprecated -W ignore:easy_install command is deprecated setup.py egg_info --egg-base ../../build/drone_untils build --build-base /home/drone/drone_ws/build/drone_untils/build install --record /home/drone/drone_ws/build/drone_untils/install.log --single-version-externally-managed install_data
[11.323s] running egg_info
[11.326s] creating ../../build/drone_untils/drone_untils.egg-info
[11.328s] writing ../../build/drone_untils/drone_untils.egg-info/PKG-INFO
[11.330s] writing dependency_links to ../../build/drone_untils/drone_untils.egg-info/dependency_links.txt
[11.330s] writing entry points to ../../build/drone_untils/drone_untils.egg-info/entry_points.txt
[11.332s] writing requirements to ../../build/drone_untils/drone_untils.egg-info/requires.txt
[11.332s] writing top-level names to ../../build/drone_untils/drone_untils.egg-info/top_level.txt
[11.334s] writing manifest file '../../build/drone_untils/drone_untils.egg-info/SOURCES.txt'
[11.348s] reading manifest file '../../build/drone_untils/drone_untils.egg-info/SOURCES.txt'
[11.359s] writing manifest file '../../build/drone_untils/drone_untils.egg-info/SOURCES.txt'
[11.360s] running build
[11.360s] running build_py
[11.361s] creating /home/drone/drone_ws/build/drone_untils/build
[11.361s] creating /home/drone/drone_ws/build/drone_untils/build/lib
[11.362s] creating /home/drone/drone_ws/build/drone_untils/build/lib/drone_untils
[11.363s] copying drone_untils/kalman_filter.py -> /home/drone/drone_ws/build/drone_untils/build/lib/drone_untils
[11.364s] copying drone_untils/__init__.py -> /home/drone/drone_ws/build/drone_untils/build/lib/drone_untils
[11.364s] copying drone_untils/aperiodic_filter.py -> /home/drone/drone_ws/build/drone_untils/build/lib/drone_untils
[11.366s] running install
[11.367s] running install_lib
[11.372s] creating /home/drone/drone_ws/install/drone_untils/lib/python3.10/site-packages/drone_untils
[11.373s] copying /home/drone/drone_ws/build/drone_untils/build/lib/drone_untils/kalman_filter.py -> /home/drone/drone_ws/install/drone_untils/lib/python3.10/site-packages/drone_untils
[11.374s] copying /home/drone/drone_ws/build/drone_untils/build/lib/drone_untils/__init__.py -> /home/drone/drone_ws/install/drone_untils/lib/python3.10/site-packages/drone_untils
[11.375s] copying /home/drone/drone_ws/build/drone_untils/build/lib/drone_untils/aperiodic_filter.py -> /home/drone/drone_ws/install/drone_untils/lib/python3.10/site-packages/drone_untils
[11.380s] byte-compiling /home/drone/drone_ws/install/drone_untils/lib/python3.10/site-packages/drone_untils/kalman_filter.py to kalman_filter.cpython-310.pyc
[11.383s] byte-compiling /home/drone/drone_ws/install/drone_untils/lib/python3.10/site-packages/drone_untils/__init__.py to __init__.cpython-310.pyc
[11.385s] byte-compiling /home/drone/drone_ws/install/drone_untils/lib/python3.10/site-packages/drone_untils/aperiodic_filter.py to aperiodic_filter.cpython-310.pyc
[11.390s] running install_data
[11.391s] creating /home/drone/drone_ws/install/drone_untils/share/ament_index
[11.391s] creating /home/drone/drone_ws/install/drone_untils/share/ament_index/resource_index
[11.392s] creating /home/drone/drone_ws/install/drone_untils/share/ament_index/resource_index/packages
[11.393s] copying resource/drone_untils -> /home/drone/drone_ws/install/drone_untils/share/ament_index/resource_index/packages
[11.393s] copying package.xml -> /home/drone/drone_ws/install/drone_untils/share/drone_untils
[11.395s] running install_egg_info
[11.408s] Copying ../../build/drone_untils/drone_untils.egg-info to /home/drone/drone_ws/install/drone_untils/lib/python3.10/site-packages/drone_untils-0.0.0-py3.10.egg-info
[11.416s] running install_scripts
[11.576s] writing list of installed files to '/home/drone/drone_ws/build/drone_untils/install.log'
[11.849s] Invoked command in '/home/drone/drone_ws/src/drone_untils' returned '0': PYTHONPATH=/home/drone/drone_ws/build/drone_untils/prefix_override:/usr/lib/python3/dist-packages/colcon_core/task/python/colcon_distutils_commands:/home/drone/drone_ws/install/drone_untils/lib/python3.10/site-packages:${PYTHONPATH} /usr/bin/python3 -W ignore:setup.py install is deprecated -W ignore:easy_install command is deprecated setup.py egg_info --egg-base ../../build/drone_untils build --build-base /home/drone/drone_ws/build/drone_untils/build install --record /home/drone/drone_ws/build/drone_untils/install.log --single-version-externally-managed install_data
