[0.497s] DEBUG:colcon:Command line arguments: ['/usr/bin/colcon', 'build', '--packages-select', 'marker_pose_estimator_node']
[0.497s] DEBUG:colcon:Parsed command line arguments: Namespace(log_base=None, log_level=None, verb_name='build', build_base='build', install_base='install', merge_install=False, symlink_install=False, test_result_base=None, continue_on_error=False, executor='parallel', parallel_workers=4, event_handlers=None, ignore_user_meta=False, metas=['./colcon.meta'], base_paths=['.'], packages_ignore=None, packages_ignore_regex=None, paths=None, packages_up_to=None, packages_up_to_regex=None, packages_above=None, packages_above_and_dependencies=None, packages_above_depth=None, packages_select_by_dep=None, packages_skip_by_dep=None, packages_skip_up_to=None, packages_select_build_failed=False, packages_skip_build_finished=False, packages_select_test_failures=False, packages_skip_test_passed=False, packages_select=['marker_pose_estimator_node'], packages_skip=None, packages_select_regex=None, packages_skip_regex=None, packages_start=None, packages_end=None, allow_overriding=[], cmake_args=None, cmake_target=None, cmake_target_skip_unavailable=False, cmake_clean_cache=False, cmake_clean_first=False, cmake_force_configure=False, ament_cmake_args=None, catkin_cmake_args=None, catkin_skip_building_tests=False, verb_parser=<colcon_defaults.argument_parser.defaults.DefaultArgumentsDecorator object at 0xffff873e6d40>, verb_extension=<colcon_core.verb.build.BuildVerb object at 0xffff875bcc10>, main=<bound method BuildVerb.main of <colcon_core.verb.build.BuildVerb object at 0xffff875bcc10>>)
[1.430s] Level 1:colcon.colcon_core.package_discovery:discover_packages(colcon_meta) check parameters
[1.431s] Level 1:colcon.colcon_core.package_discovery:discover_packages(recursive) check parameters
[1.431s] Level 1:colcon.colcon_core.package_discovery:discover_packages(ignore) check parameters
[1.431s] Level 1:colcon.colcon_core.package_discovery:discover_packages(path) check parameters
[1.431s] Level 1:colcon.colcon_core.package_discovery:discover_packages(colcon_meta) discover
[1.431s] Level 1:colcon.colcon_core.package_discovery:discover_packages(recursive) discover
[1.432s] INFO:colcon.colcon_core.package_discovery:Crawling recursively for packages in '/home/drone/drone_ws'
[1.432s] Level 1:colcon.colcon_core.package_identification:_identify(.) by extensions ['ignore', 'ignore_ament_install']
[1.432s] Level 1:colcon.colcon_core.package_identification:_identify(.) by extension 'ignore'
[1.433s] Level 1:colcon.colcon_core.package_identification:_identify(.) by extension 'ignore_ament_install'
[1.433s] Level 1:colcon.colcon_core.package_identification:_identify(.) by extensions ['colcon_pkg']
[1.433s] Level 1:colcon.colcon_core.package_identification:_identify(.) by extension 'colcon_pkg'
[1.433s] Level 1:colcon.colcon_core.package_identification:_identify(.) by extensions ['colcon_meta']
[1.433s] Level 1:colcon.colcon_core.package_identification:_identify(.) by extension 'colcon_meta'
[1.434s] Level 1:colcon.colcon_core.package_identification:_identify(.) by extensions ['ros']
[1.434s] Level 1:colcon.colcon_core.package_identification:_identify(.) by extension 'ros'
[1.478s] Level 1:colcon.colcon_core.package_identification:_identify(.) by extensions ['cmake', 'python']
[1.479s] Level 1:colcon.colcon_core.package_identification:_identify(.) by extension 'cmake'
[1.479s] Level 1:colcon.colcon_core.package_identification:_identify(.) by extension 'python'
[1.479s] Level 1:colcon.colcon_core.package_identification:_identify(.) by extensions ['python_setup_py']
[1.479s] Level 1:colcon.colcon_core.package_identification:_identify(.) by extension 'python_setup_py'
[1.480s] Level 1:colcon.colcon_core.package_identification:_identify(build) by extensions ['ignore', 'ignore_ament_install']
[1.480s] Level 1:colcon.colcon_core.package_identification:_identify(build) by extension 'ignore'
[1.480s] Level 1:colcon.colcon_core.package_identification:_identify(build) ignored
[1.481s] Level 1:colcon.colcon_core.package_identification:_identify(install) by extensions ['ignore', 'ignore_ament_install']
[1.482s] Level 1:colcon.colcon_core.package_identification:_identify(install) by extension 'ignore'
[1.482s] Level 1:colcon.colcon_core.package_identification:_identify(install) ignored
[1.483s] Level 1:colcon.colcon_core.package_identification:_identify(log) by extensions ['ignore', 'ignore_ament_install']
[1.483s] Level 1:colcon.colcon_core.package_identification:_identify(log) by extension 'ignore'
[1.483s] Level 1:colcon.colcon_core.package_identification:_identify(log) ignored
[1.484s] Level 1:colcon.colcon_core.package_identification:_identify(src) by extensions ['ignore', 'ignore_ament_install']
[1.484s] Level 1:colcon.colcon_core.package_identification:_identify(src) by extension 'ignore'
[1.484s] Level 1:colcon.colcon_core.package_identification:_identify(src) by extension 'ignore_ament_install'
[1.484s] Level 1:colcon.colcon_core.package_identification:_identify(src) by extensions ['colcon_pkg']
[1.485s] Level 1:colcon.colcon_core.package_identification:_identify(src) by extension 'colcon_pkg'
[1.485s] Level 1:colcon.colcon_core.package_identification:_identify(src) by extensions ['colcon_meta']
[1.485s] Level 1:colcon.colcon_core.package_identification:_identify(src) by extension 'colcon_meta'
[1.485s] Level 1:colcon.colcon_core.package_identification:_identify(src) by extensions ['ros']
[1.485s] Level 1:colcon.colcon_core.package_identification:_identify(src) by extension 'ros'
[1.486s] Level 1:colcon.colcon_core.package_identification:_identify(src) by extensions ['cmake', 'python']
[1.486s] Level 1:colcon.colcon_core.package_identification:_identify(src) by extension 'cmake'
[1.486s] Level 1:colcon.colcon_core.package_identification:_identify(src) by extension 'python'
[1.486s] Level 1:colcon.colcon_core.package_identification:_identify(src) by extensions ['python_setup_py']
[1.486s] Level 1:colcon.colcon_core.package_identification:_identify(src) by extension 'python_setup_py'
[1.487s] Level 1:colcon.colcon_core.package_identification:_identify(src/altitude) by extensions ['ignore', 'ignore_ament_install']
[1.487s] Level 1:colcon.colcon_core.package_identification:_identify(src/altitude) by extension 'ignore'
[1.487s] Level 1:colcon.colcon_core.package_identification:_identify(src/altitude) by extension 'ignore_ament_install'
[1.488s] Level 1:colcon.colcon_core.package_identification:_identify(src/altitude) by extensions ['colcon_pkg']
[1.488s] Level 1:colcon.colcon_core.package_identification:_identify(src/altitude) by extension 'colcon_pkg'
[1.488s] Level 1:colcon.colcon_core.package_identification:_identify(src/altitude) by extensions ['colcon_meta']
[1.488s] Level 1:colcon.colcon_core.package_identification:_identify(src/altitude) by extension 'colcon_meta'
[1.488s] Level 1:colcon.colcon_core.package_identification:_identify(src/altitude) by extensions ['ros']
[1.488s] Level 1:colcon.colcon_core.package_identification:_identify(src/altitude) by extension 'ros'
[1.497s] DEBUG:colcon.colcon_core.package_identification:Package 'src/altitude' with type 'ros.ament_python' and name 'altitude'
[1.497s] Level 1:colcon.colcon_core.package_identification:_identify(src/aruco_detector) by extensions ['ignore', 'ignore_ament_install']
[1.498s] Level 1:colcon.colcon_core.package_identification:_identify(src/aruco_detector) by extension 'ignore'
[1.498s] Level 1:colcon.colcon_core.package_identification:_identify(src/aruco_detector) by extension 'ignore_ament_install'
[1.498s] Level 1:colcon.colcon_core.package_identification:_identify(src/aruco_detector) by extensions ['colcon_pkg']
[1.498s] Level 1:colcon.colcon_core.package_identification:_identify(src/aruco_detector) by extension 'colcon_pkg'
[1.499s] Level 1:colcon.colcon_core.package_identification:_identify(src/aruco_detector) by extensions ['colcon_meta']
[1.499s] Level 1:colcon.colcon_core.package_identification:_identify(src/aruco_detector) by extension 'colcon_meta'
[1.499s] Level 1:colcon.colcon_core.package_identification:_identify(src/aruco_detector) by extensions ['ros']
[1.499s] Level 1:colcon.colcon_core.package_identification:_identify(src/aruco_detector) by extension 'ros'
[1.501s] DEBUG:colcon.colcon_core.package_identification:Package 'src/aruco_detector' with type 'ros.ament_python' and name 'aruco_detector_node'
[1.502s] Level 1:colcon.colcon_core.package_identification:_identify(src/config) by extensions ['ignore', 'ignore_ament_install']
[1.502s] Level 1:colcon.colcon_core.package_identification:_identify(src/config) by extension 'ignore'
[1.503s] Level 1:colcon.colcon_core.package_identification:_identify(src/config) by extension 'ignore_ament_install'
[1.503s] Level 1:colcon.colcon_core.package_identification:_identify(src/config) by extensions ['colcon_pkg']
[1.503s] Level 1:colcon.colcon_core.package_identification:_identify(src/config) by extension 'colcon_pkg'
[1.503s] Level 1:colcon.colcon_core.package_identification:_identify(src/config) by extensions ['colcon_meta']
[1.503s] Level 1:colcon.colcon_core.package_identification:_identify(src/config) by extension 'colcon_meta'
[1.504s] Level 1:colcon.colcon_core.package_identification:_identify(src/config) by extensions ['ros']
[1.504s] Level 1:colcon.colcon_core.package_identification:_identify(src/config) by extension 'ros'
[1.504s] Level 1:colcon.colcon_core.package_identification:_identify(src/config) by extensions ['cmake', 'python']
[1.504s] Level 1:colcon.colcon_core.package_identification:_identify(src/config) by extension 'cmake'
[1.504s] Level 1:colcon.colcon_core.package_identification:_identify(src/config) by extension 'python'
[1.505s] Level 1:colcon.colcon_core.package_identification:_identify(src/config) by extensions ['python_setup_py']
[1.505s] Level 1:colcon.colcon_core.package_identification:_identify(src/config) by extension 'python_setup_py'
[1.505s] Level 1:colcon.colcon_core.package_identification:_identify(src/drone_msgs) by extensions ['ignore', 'ignore_ament_install']
[1.506s] Level 1:colcon.colcon_core.package_identification:_identify(src/drone_msgs) by extension 'ignore'
[1.506s] Level 1:colcon.colcon_core.package_identification:_identify(src/drone_msgs) by extension 'ignore_ament_install'
[1.506s] Level 1:colcon.colcon_core.package_identification:_identify(src/drone_msgs) by extensions ['colcon_pkg']
[1.506s] Level 1:colcon.colcon_core.package_identification:_identify(src/drone_msgs) by extension 'colcon_pkg'
[1.506s] Level 1:colcon.colcon_core.package_identification:_identify(src/drone_msgs) by extensions ['colcon_meta']
[1.507s] Level 1:colcon.colcon_core.package_identification:_identify(src/drone_msgs) by extension 'colcon_meta'
[1.507s] Level 1:colcon.colcon_core.package_identification:_identify(src/drone_msgs) by extensions ['ros']
[1.507s] Level 1:colcon.colcon_core.package_identification:_identify(src/drone_msgs) by extension 'ros'
[1.510s] DEBUG:colcon.colcon_core.package_identification:Package 'src/drone_msgs' with type 'ros.ament_cmake' and name 'drone_msgs'
[1.511s] Level 1:colcon.colcon_core.package_identification:_identify(src/drone_utils) by extensions ['ignore', 'ignore_ament_install']
[1.511s] Level 1:colcon.colcon_core.package_identification:_identify(src/drone_utils) by extension 'ignore'
[1.511s] Level 1:colcon.colcon_core.package_identification:_identify(src/drone_utils) by extension 'ignore_ament_install'
[1.512s] Level 1:colcon.colcon_core.package_identification:_identify(src/drone_utils) by extensions ['colcon_pkg']
[1.512s] Level 1:colcon.colcon_core.package_identification:_identify(src/drone_utils) by extension 'colcon_pkg'
[1.512s] Level 1:colcon.colcon_core.package_identification:_identify(src/drone_utils) by extensions ['colcon_meta']
[1.512s] Level 1:colcon.colcon_core.package_identification:_identify(src/drone_utils) by extension 'colcon_meta'
[1.512s] Level 1:colcon.colcon_core.package_identification:_identify(src/drone_utils) by extensions ['ros']
[1.513s] Level 1:colcon.colcon_core.package_identification:_identify(src/drone_utils) by extension 'ros'
[1.515s] DEBUG:colcon.colcon_core.package_identification:Package 'src/drone_utils' with type 'ros.ament_python' and name 'drone_utils'
[1.515s] Level 1:colcon.colcon_core.package_identification:_identify(src/global_position) by extensions ['ignore', 'ignore_ament_install']
[1.516s] Level 1:colcon.colcon_core.package_identification:_identify(src/global_position) by extension 'ignore'
[1.516s] Level 1:colcon.colcon_core.package_identification:_identify(src/global_position) by extension 'ignore_ament_install'
[1.516s] Level 1:colcon.colcon_core.package_identification:_identify(src/global_position) by extensions ['colcon_pkg']
[1.516s] Level 1:colcon.colcon_core.package_identification:_identify(src/global_position) by extension 'colcon_pkg'
[1.516s] Level 1:colcon.colcon_core.package_identification:_identify(src/global_position) by extensions ['colcon_meta']
[1.517s] Level 1:colcon.colcon_core.package_identification:_identify(src/global_position) by extension 'colcon_meta'
[1.517s] Level 1:colcon.colcon_core.package_identification:_identify(src/global_position) by extensions ['ros']
[1.517s] Level 1:colcon.colcon_core.package_identification:_identify(src/global_position) by extension 'ros'
[1.519s] DEBUG:colcon.colcon_core.package_identification:Package 'src/global_position' with type 'ros.ament_python' and name 'global_position_node'
[1.520s] Level 1:colcon.colcon_core.package_identification:_identify(src/image_preprocessor) by extensions ['ignore', 'ignore_ament_install']
[1.520s] Level 1:colcon.colcon_core.package_identification:_identify(src/image_preprocessor) by extension 'ignore'
[1.521s] Level 1:colcon.colcon_core.package_identification:_identify(src/image_preprocessor) by extension 'ignore_ament_install'
[1.521s] Level 1:colcon.colcon_core.package_identification:_identify(src/image_preprocessor) by extensions ['colcon_pkg']
[1.521s] Level 1:colcon.colcon_core.package_identification:_identify(src/image_preprocessor) by extension 'colcon_pkg'
[1.521s] Level 1:colcon.colcon_core.package_identification:_identify(src/image_preprocessor) by extensions ['colcon_meta']
[1.521s] Level 1:colcon.colcon_core.package_identification:_identify(src/image_preprocessor) by extension 'colcon_meta'
[1.521s] Level 1:colcon.colcon_core.package_identification:_identify(src/image_preprocessor) by extensions ['ros']
[1.522s] Level 1:colcon.colcon_core.package_identification:_identify(src/image_preprocessor) by extension 'ros'
[1.524s] DEBUG:colcon.colcon_core.package_identification:Package 'src/image_preprocessor' with type 'ros.ament_python' and name 'image_preprocessor_node'
[1.524s] Level 1:colcon.colcon_core.package_identification:_identify(src/marker_pose_estimator) by extensions ['ignore', 'ignore_ament_install']
[1.525s] Level 1:colcon.colcon_core.package_identification:_identify(src/marker_pose_estimator) by extension 'ignore'
[1.525s] Level 1:colcon.colcon_core.package_identification:_identify(src/marker_pose_estimator) by extension 'ignore_ament_install'
[1.525s] Level 1:colcon.colcon_core.package_identification:_identify(src/marker_pose_estimator) by extensions ['colcon_pkg']
[1.525s] Level 1:colcon.colcon_core.package_identification:_identify(src/marker_pose_estimator) by extension 'colcon_pkg'
[1.526s] Level 1:colcon.colcon_core.package_identification:_identify(src/marker_pose_estimator) by extensions ['colcon_meta']
[1.526s] Level 1:colcon.colcon_core.package_identification:_identify(src/marker_pose_estimator) by extension 'colcon_meta'
[1.526s] Level 1:colcon.colcon_core.package_identification:_identify(src/marker_pose_estimator) by extensions ['ros']
[1.526s] Level 1:colcon.colcon_core.package_identification:_identify(src/marker_pose_estimator) by extension 'ros'
[1.528s] DEBUG:colcon.colcon_core.package_identification:Package 'src/marker_pose_estimator' with type 'ros.ament_python' and name 'marker_pose_estimator_node'
[1.529s] Level 1:colcon.colcon_core.package_identification:_identify(src/position_fusion) by extensions ['ignore', 'ignore_ament_install']
[1.529s] Level 1:colcon.colcon_core.package_identification:_identify(src/position_fusion) by extension 'ignore'
[1.530s] Level 1:colcon.colcon_core.package_identification:_identify(src/position_fusion) by extension 'ignore_ament_install'
[1.530s] Level 1:colcon.colcon_core.package_identification:_identify(src/position_fusion) by extensions ['colcon_pkg']
[1.530s] Level 1:colcon.colcon_core.package_identification:_identify(src/position_fusion) by extension 'colcon_pkg'
[1.531s] Level 1:colcon.colcon_core.package_identification:_identify(src/position_fusion) by extensions ['colcon_meta']
[1.531s] Level 1:colcon.colcon_core.package_identification:_identify(src/position_fusion) by extension 'colcon_meta'
[1.531s] Level 1:colcon.colcon_core.package_identification:_identify(src/position_fusion) by extensions ['ros']
[1.531s] Level 1:colcon.colcon_core.package_identification:_identify(src/position_fusion) by extension 'ros'
[1.533s] DEBUG:colcon.colcon_core.package_identification:Package 'src/position_fusion' with type 'ros.ament_python' and name 'position_fusion_node'
[1.534s] Level 1:colcon.colcon_core.package_identification:_identify(src/project_start) by extensions ['ignore', 'ignore_ament_install']
[1.534s] Level 1:colcon.colcon_core.package_identification:_identify(src/project_start) by extension 'ignore'
[1.534s] Level 1:colcon.colcon_core.package_identification:_identify(src/project_start) by extension 'ignore_ament_install'
[1.535s] Level 1:colcon.colcon_core.package_identification:_identify(src/project_start) by extensions ['colcon_pkg']
[1.535s] Level 1:colcon.colcon_core.package_identification:_identify(src/project_start) by extension 'colcon_pkg'
[1.535s] Level 1:colcon.colcon_core.package_identification:_identify(src/project_start) by extensions ['colcon_meta']
[1.535s] Level 1:colcon.colcon_core.package_identification:_identify(src/project_start) by extension 'colcon_meta'
[1.535s] Level 1:colcon.colcon_core.package_identification:_identify(src/project_start) by extensions ['ros']
[1.536s] Level 1:colcon.colcon_core.package_identification:_identify(src/project_start) by extension 'ros'
[1.538s] DEBUG:colcon.colcon_core.package_identification:Package 'src/project_start' with type 'ros.ament_python' and name 'project_start'
[1.539s] Level 1:colcon.colcon_core.package_identification:_identify(src/px4) by extensions ['ignore', 'ignore_ament_install']
[1.539s] Level 1:colcon.colcon_core.package_identification:_identify(src/px4) by extension 'ignore'
[1.539s] Level 1:colcon.colcon_core.package_identification:_identify(src/px4) by extension 'ignore_ament_install'
[1.539s] Level 1:colcon.colcon_core.package_identification:_identify(src/px4) by extensions ['colcon_pkg']
[1.540s] Level 1:colcon.colcon_core.package_identification:_identify(src/px4) by extension 'colcon_pkg'
[1.540s] Level 1:colcon.colcon_core.package_identification:_identify(src/px4) by extensions ['colcon_meta']
[1.540s] Level 1:colcon.colcon_core.package_identification:_identify(src/px4) by extension 'colcon_meta'
[1.540s] Level 1:colcon.colcon_core.package_identification:_identify(src/px4) by extensions ['ros']
[1.540s] Level 1:colcon.colcon_core.package_identification:_identify(src/px4) by extension 'ros'
[1.542s] DEBUG:colcon.colcon_core.package_identification:Package 'src/px4' with type 'ros.ament_python' and name 'px4'
[1.543s] Level 1:colcon.colcon_core.package_identification:_identify(src/rangefinder) by extensions ['ignore', 'ignore_ament_install']
[1.543s] Level 1:colcon.colcon_core.package_identification:_identify(src/rangefinder) by extension 'ignore'
[1.544s] Level 1:colcon.colcon_core.package_identification:_identify(src/rangefinder) by extension 'ignore_ament_install'
[1.544s] Level 1:colcon.colcon_core.package_identification:_identify(src/rangefinder) by extensions ['colcon_pkg']
[1.544s] Level 1:colcon.colcon_core.package_identification:_identify(src/rangefinder) by extension 'colcon_pkg'
[1.544s] Level 1:colcon.colcon_core.package_identification:_identify(src/rangefinder) by extensions ['colcon_meta']
[1.544s] Level 1:colcon.colcon_core.package_identification:_identify(src/rangefinder) by extension 'colcon_meta'
[1.545s] Level 1:colcon.colcon_core.package_identification:_identify(src/rangefinder) by extensions ['ros']
[1.545s] Level 1:colcon.colcon_core.package_identification:_identify(src/rangefinder) by extension 'ros'
[1.547s] DEBUG:colcon.colcon_core.package_identification:Package 'src/rangefinder' with type 'ros.ament_python' and name 'rangefinder'
[1.548s] Level 1:colcon.colcon_core.package_identification:_identify(src/uav_camera) by extensions ['ignore', 'ignore_ament_install']
[1.548s] Level 1:colcon.colcon_core.package_identification:_identify(src/uav_camera) by extension 'ignore'
[1.548s] Level 1:colcon.colcon_core.package_identification:_identify(src/uav_camera) by extension 'ignore_ament_install'
[1.549s] Level 1:colcon.colcon_core.package_identification:_identify(src/uav_camera) by extensions ['colcon_pkg']
[1.549s] Level 1:colcon.colcon_core.package_identification:_identify(src/uav_camera) by extension 'colcon_pkg'
[1.549s] Level 1:colcon.colcon_core.package_identification:_identify(src/uav_camera) by extensions ['colcon_meta']
[1.549s] Level 1:colcon.colcon_core.package_identification:_identify(src/uav_camera) by extension 'colcon_meta'
[1.549s] Level 1:colcon.colcon_core.package_identification:_identify(src/uav_camera) by extensions ['ros']
[1.549s] Level 1:colcon.colcon_core.package_identification:_identify(src/uav_camera) by extension 'ros'
[1.552s] DEBUG:colcon.colcon_core.package_identification:Package 'src/uav_camera' with type 'ros.ament_cmake' and name 'uav_camera'
[1.553s] Level 1:colcon.colcon_core.package_discovery:discover_packages(recursive) using defaults
[1.553s] Level 1:colcon.colcon_core.package_discovery:discover_packages(ignore) discover
[1.553s] Level 1:colcon.colcon_core.package_discovery:discover_packages(ignore) using defaults
[1.553s] Level 1:colcon.colcon_core.package_discovery:discover_packages(path) discover
[1.553s] Level 1:colcon.colcon_core.package_discovery:discover_packages(path) using defaults
[1.698s] INFO:colcon.colcon_core.package_selection:Skipping not selected package 'altitude' in 'src/altitude'
[1.698s] INFO:colcon.colcon_core.package_selection:Skipping not selected package 'aruco_detector_node' in 'src/aruco_detector'
[1.698s] INFO:colcon.colcon_core.package_selection:Skipping not selected package 'drone_msgs' in 'src/drone_msgs'
[1.698s] INFO:colcon.colcon_core.package_selection:Skipping not selected package 'drone_utils' in 'src/drone_utils'
[1.698s] INFO:colcon.colcon_core.package_selection:Skipping not selected package 'image_preprocessor_node' in 'src/image_preprocessor'
[1.698s] INFO:colcon.colcon_core.package_selection:Skipping not selected package 'project_start' in 'src/project_start'
[1.699s] INFO:colcon.colcon_core.package_selection:Skipping not selected package 'px4' in 'src/px4'
[1.699s] INFO:colcon.colcon_core.package_selection:Skipping not selected package 'rangefinder' in 'src/rangefinder'
[1.699s] INFO:colcon.colcon_core.package_selection:Skipping not selected package 'uav_camera' in 'src/uav_camera'
[1.699s] INFO:colcon.colcon_core.package_selection:Skipping not selected package 'global_position_node' in 'src/global_position'
[1.699s] INFO:colcon.colcon_core.package_selection:Skipping not selected package 'position_fusion_node' in 'src/position_fusion'
[1.701s] Level 1:colcon.colcon_core.package_discovery:discover_packages(prefix_path) check parameters
[1.701s] Level 1:colcon.colcon_core.package_discovery:discover_packages(prefix_path) discover
[1.719s] DEBUG:colcon.colcon_installed_package_information.package_discovery:Found 14 installed packages in /home/drone/drone_ws/install
[1.729s] DEBUG:colcon.colcon_installed_package_information.package_discovery:Found 276 installed packages in /opt/ros/humble
[1.736s] Level 1:colcon.colcon_core.package_discovery:discover_packages(prefix_path) using defaults
[1.951s] Level 5:colcon.colcon_core.verb:set package 'marker_pose_estimator_node' build argument 'cmake_args' from command line to 'None'
[1.951s] Level 5:colcon.colcon_core.verb:set package 'marker_pose_estimator_node' build argument 'cmake_target' from command line to 'None'
[1.952s] Level 5:colcon.colcon_core.verb:set package 'marker_pose_estimator_node' build argument 'cmake_target_skip_unavailable' from command line to 'False'
[1.952s] Level 5:colcon.colcon_core.verb:set package 'marker_pose_estimator_node' build argument 'cmake_clean_cache' from command line to 'False'
[1.953s] Level 5:colcon.colcon_core.verb:set package 'marker_pose_estimator_node' build argument 'cmake_clean_first' from command line to 'False'
[1.953s] Level 5:colcon.colcon_core.verb:set package 'marker_pose_estimator_node' build argument 'cmake_force_configure' from command line to 'False'
[1.953s] Level 5:colcon.colcon_core.verb:set package 'marker_pose_estimator_node' build argument 'ament_cmake_args' from command line to 'None'
[1.953s] Level 5:colcon.colcon_core.verb:set package 'marker_pose_estimator_node' build argument 'catkin_cmake_args' from command line to 'None'
[1.953s] Level 5:colcon.colcon_core.verb:set package 'marker_pose_estimator_node' build argument 'catkin_skip_building_tests' from command line to 'False'
[1.954s] DEBUG:colcon.colcon_core.verb:Building package 'marker_pose_estimator_node' with the following arguments: {'ament_cmake_args': None, 'build_base': '/home/drone/drone_ws/build/marker_pose_estimator_node', 'catkin_cmake_args': None, 'catkin_skip_building_tests': False, 'cmake_args': None, 'cmake_clean_cache': False, 'cmake_clean_first': False, 'cmake_force_configure': False, 'cmake_target': None, 'cmake_target_skip_unavailable': False, 'install_base': '/home/drone/drone_ws/install/marker_pose_estimator_node', 'merge_install': False, 'path': '/home/drone/drone_ws/src/marker_pose_estimator', 'symlink_install': False, 'test_result_base': None}
[1.955s] INFO:colcon.colcon_core.executor:Executing jobs using 'parallel' executor
[1.959s] DEBUG:colcon.colcon_parallel_executor.executor.parallel:run_until_complete
[1.960s] INFO:colcon.colcon_ros.task.ament_python.build:Building ROS package in '/home/drone/drone_ws/src/marker_pose_estimator' with build type 'ament_python'
[1.961s] Level 1:colcon.colcon_core.shell:create_environment_hook('marker_pose_estimator_node', 'ament_prefix_path')
[1.978s] INFO:colcon.colcon_core.plugin_system:Skipping extension 'colcon_core.shell.bat': Not used on non-Windows systems
[1.979s] INFO:colcon.colcon_core.shell:Creating environment hook '/home/drone/drone_ws/install/marker_pose_estimator_node/share/marker_pose_estimator_node/hook/ament_prefix_path.ps1'
[1.982s] INFO:colcon.colcon_core.shell:Creating environment descriptor '/home/drone/drone_ws/install/marker_pose_estimator_node/share/marker_pose_estimator_node/hook/ament_prefix_path.dsv'
[1.984s] INFO:colcon.colcon_core.shell:Creating environment hook '/home/drone/drone_ws/install/marker_pose_estimator_node/share/marker_pose_estimator_node/hook/ament_prefix_path.sh'
[1.987s] INFO:colcon.colcon_core.shell:Skip shell extension 'powershell' for command environment: Not usable outside of PowerShell
[1.988s] DEBUG:colcon.colcon_core.shell:Skip shell extension 'dsv' for command environment
[3.692s] WARNING:colcon.colcon_ros.task.ament_python.build:Package 'marker_pose_estimator_node' doesn't explicitly install a marker in the package index (colcon-ros currently does it implicitly but that fallback will be removed in the future)
[3.693s] WARNING:colcon.colcon_ros.task.ament_python.build:Package 'marker_pose_estimator_node' doesn't explicitly install the 'package.xml' file (colcon-ros currently does it implicitly but that fallback will be removed in the future)
[3.694s] INFO:colcon.colcon_core.task.python.build:Building Python package in '/home/drone/drone_ws/src/marker_pose_estimator'
[3.695s] INFO:colcon.colcon_core.shell:Skip shell extension 'powershell' for command environment: Not usable outside of PowerShell
[3.695s] DEBUG:colcon.colcon_core.shell:Skip shell extension 'dsv' for command environment
[5.586s] DEBUG:colcon.colcon_core.event_handler.log_command:Invoking command in '/home/drone/drone_ws/src/marker_pose_estimator': CMAKE_PREFIX_PATH=/home/drone/drone_ws/install/drone_msgs:/home/drone/drone_ws/install/uav_camera PYTHONPATH=/home/drone/drone_ws/build/marker_pose_estimator_node/prefix_override:/usr/lib/python3/dist-packages/colcon_core/task/python/colcon_distutils_commands:/home/drone/drone_ws/install/marker_pose_estimator_node/lib/python3.10/site-packages:${PYTHONPATH} /usr/bin/python3 -W ignore:setup.py install is deprecated -W ignore:easy_install command is deprecated setup.py egg_info --egg-base ../../build/marker_pose_estimator_node build --build-base /home/drone/drone_ws/build/marker_pose_estimator_node/build install --record /home/drone/drone_ws/build/marker_pose_estimator_node/install.log --single-version-externally-managed install_data
[7.175s] DEBUG:colcon.colcon_core.event_handler.log_command:Invoked command in '/home/drone/drone_ws/src/marker_pose_estimator' returned '0': CMAKE_PREFIX_PATH=/home/drone/drone_ws/install/drone_msgs:/home/drone/drone_ws/install/uav_camera PYTHONPATH=/home/drone/drone_ws/build/marker_pose_estimator_node/prefix_override:/usr/lib/python3/dist-packages/colcon_core/task/python/colcon_distutils_commands:/home/drone/drone_ws/install/marker_pose_estimator_node/lib/python3.10/site-packages:${PYTHONPATH} /usr/bin/python3 -W ignore:setup.py install is deprecated -W ignore:easy_install command is deprecated setup.py egg_info --egg-base ../../build/marker_pose_estimator_node build --build-base /home/drone/drone_ws/build/marker_pose_estimator_node/build install --record /home/drone/drone_ws/build/marker_pose_estimator_node/install.log --single-version-externally-managed install_data
[7.187s] Level 1:colcon.colcon_core.environment:checking '/home/drone/drone_ws/install/marker_pose_estimator_node' for CMake module files
[7.190s] Level 1:colcon.colcon_core.environment:checking '/home/drone/drone_ws/install/marker_pose_estimator_node' for CMake config files
[7.195s] Level 1:colcon.colcon_core.environment:checking '/home/drone/drone_ws/install/marker_pose_estimator_node/lib'
[7.196s] Level 1:colcon.colcon_core.environment:checking '/home/drone/drone_ws/install/marker_pose_estimator_node/bin'
[7.196s] Level 1:colcon.colcon_core.environment:checking '/home/drone/drone_ws/install/marker_pose_estimator_node/lib/pkgconfig/marker_pose_estimator_node.pc'
[7.197s] Level 1:colcon.colcon_core.environment:checking '/home/drone/drone_ws/install/marker_pose_estimator_node/lib/python3.10/site-packages'
[7.198s] Level 1:colcon.colcon_core.shell:create_environment_hook('marker_pose_estimator_node', 'pythonpath')
[7.199s] INFO:colcon.colcon_core.shell:Creating environment hook '/home/drone/drone_ws/install/marker_pose_estimator_node/share/marker_pose_estimator_node/hook/pythonpath.ps1'
[7.202s] INFO:colcon.colcon_core.shell:Creating environment descriptor '/home/drone/drone_ws/install/marker_pose_estimator_node/share/marker_pose_estimator_node/hook/pythonpath.dsv'
[7.204s] INFO:colcon.colcon_core.shell:Creating environment hook '/home/drone/drone_ws/install/marker_pose_estimator_node/share/marker_pose_estimator_node/hook/pythonpath.sh'
[7.209s] Level 1:colcon.colcon_core.environment:checking '/home/drone/drone_ws/install/marker_pose_estimator_node/bin'
[7.209s] Level 1:colcon.colcon_core.environment:create_environment_scripts_only(marker_pose_estimator_node)
[7.211s] INFO:colcon.colcon_core.shell:Creating package script '/home/drone/drone_ws/install/marker_pose_estimator_node/share/marker_pose_estimator_node/package.ps1'
[7.216s] INFO:colcon.colcon_core.shell:Creating package descriptor '/home/drone/drone_ws/install/marker_pose_estimator_node/share/marker_pose_estimator_node/package.dsv'
[7.220s] INFO:colcon.colcon_core.shell:Creating package script '/home/drone/drone_ws/install/marker_pose_estimator_node/share/marker_pose_estimator_node/package.sh'
[7.224s] INFO:colcon.colcon_core.shell:Creating package script '/home/drone/drone_ws/install/marker_pose_estimator_node/share/marker_pose_estimator_node/package.bash'
[7.228s] INFO:colcon.colcon_core.shell:Creating package script '/home/drone/drone_ws/install/marker_pose_estimator_node/share/marker_pose_estimator_node/package.zsh'
[7.233s] Level 1:colcon.colcon_core.environment:create_file_with_runtime_dependencies(/home/drone/drone_ws/install/marker_pose_estimator_node/share/colcon-core/packages/marker_pose_estimator_node)
[7.235s] DEBUG:colcon.colcon_parallel_executor.executor.parallel:closing loop
[7.236s] DEBUG:colcon.colcon_parallel_executor.executor.parallel:loop closed
[7.236s] DEBUG:colcon.colcon_parallel_executor.executor.parallel:run_until_complete finished with '0'
[7.238s] DEBUG:colcon.colcon_core.event_reactor:joining thread
[7.260s] INFO:colcon.colcon_core.plugin_system:Skipping extension 'colcon_notification.desktop_notification.terminal_notifier': Not used on non-Darwin systems
[7.260s] INFO:colcon.colcon_core.plugin_system:Skipping extension 'colcon_notification.desktop_notification.win32': Not used on non-Windows systems
[7.271s] INFO:colcon.colcon_notification.desktop_notification:Sending desktop notification using 'notify2'
[7.319s] DEBUG:colcon.colcon_core.event_reactor:joined thread
[7.321s] INFO:colcon.colcon_core.shell:Creating prefix script '/home/drone/drone_ws/install/local_setup.ps1'
[7.324s] INFO:colcon.colcon_core.shell:Creating prefix util module '/home/drone/drone_ws/install/_local_setup_util_ps1.py'
[7.332s] INFO:colcon.colcon_core.shell:Creating prefix chain script '/home/drone/drone_ws/install/setup.ps1'
[7.341s] INFO:colcon.colcon_core.shell:Creating prefix script '/home/drone/drone_ws/install/local_setup.sh'
[7.343s] INFO:colcon.colcon_core.shell:Creating prefix util module '/home/drone/drone_ws/install/_local_setup_util_sh.py'
[7.346s] INFO:colcon.colcon_core.shell:Creating prefix chain script '/home/drone/drone_ws/install/setup.sh'
[7.354s] INFO:colcon.colcon_core.shell:Creating prefix script '/home/drone/drone_ws/install/local_setup.bash'
[7.356s] INFO:colcon.colcon_core.shell:Creating prefix chain script '/home/drone/drone_ws/install/setup.bash'
[7.364s] INFO:colcon.colcon_core.shell:Creating prefix script '/home/drone/drone_ws/install/local_setup.zsh'
[7.366s] INFO:colcon.colcon_core.shell:Creating prefix chain script '/home/drone/drone_ws/install/setup.zsh'
