[3.068s] Invoking command in '/home/drone/drone_ws/src/project_start': PYTHONPATH=/home/drone/drone_ws/build/project_start/prefix_override:/usr/lib/python3/dist-packages/colcon_core/task/python/colcon_distutils_commands:/home/drone/drone_ws/install/project_start/lib/python3.10/site-packages:${PYTHONPATH} /usr/bin/python3 -W ignore:setup.py install is deprecated -W ignore:easy_install command is deprecated setup.py egg_info --egg-base ../../build/project_start build --build-base /home/drone/drone_ws/build/project_start/build install --record /home/drone/drone_ws/build/project_start/install.log --single-version-externally-managed install_data
[4.247s] running egg_info
[4.250s] writing ../../build/project_start/project_start.egg-info/PKG-INFO
[4.251s] writing dependency_links to ../../build/project_start/project_start.egg-info/dependency_links.txt
[4.252s] writing entry points to ../../build/project_start/project_start.egg-info/entry_points.txt
[4.253s] writing requirements to ../../build/project_start/project_start.egg-info/requires.txt
[4.253s] writing top-level names to ../../build/project_start/project_start.egg-info/top_level.txt
[4.262s] reading manifest file '../../build/project_start/project_start.egg-info/SOURCES.txt'
[4.270s] writing manifest file '../../build/project_start/project_start.egg-info/SOURCES.txt'
[4.271s] running build
[4.271s] running build_py
[4.272s] running install
[4.273s] running install_lib
[4.279s] running install_data
[4.279s] copying launch/start.launch.py -> /home/drone/drone_ws/install/project_start/share/project_start/launch
[4.280s] running install_egg_info
[4.288s] removing '/home/drone/drone_ws/install/project_start/lib/python3.10/site-packages/project_start-0.0.0-py3.10.egg-info' (and everything under it)
[4.290s] Copying ../../build/project_start/project_start.egg-info to /home/drone/drone_ws/install/project_start/lib/python3.10/site-packages/project_start-0.0.0-py3.10.egg-info
[4.297s] running install_scripts
[4.376s] writing list of installed files to '/home/drone/drone_ws/build/project_start/install.log'
[4.493s] Invoked command in '/home/drone/drone_ws/src/project_start' returned '0': PYTHONPATH=/home/drone/drone_ws/build/project_start/prefix_override:/usr/lib/python3/dist-packages/colcon_core/task/python/colcon_distutils_commands:/home/drone/drone_ws/install/project_start/lib/python3.10/site-packages:${PYTHONPATH} /usr/bin/python3 -W ignore:setup.py install is deprecated -W ignore:easy_install command is deprecated setup.py egg_info --egg-base ../../build/project_start build --build-base /home/drone/drone_ws/build/project_start/build install --record /home/drone/drone_ws/build/project_start/install.log --single-version-externally-managed install_data
