[7.357s] Invoking command in '/home/drone/drone_ws/src/image_preprocessor': PYTHONPATH=/home/drone/drone_ws/build/image_preprocessor_node/prefix_override:/usr/lib/python3/dist-packages/colcon_core/task/python/colcon_distutils_commands:/home/drone/drone_ws/install/image_preprocessor_node/lib/python3.10/site-packages:${PYTHONPATH} /usr/bin/python3 -W ignore:setup.py install is deprecated -W ignore:easy_install command is deprecated setup.py egg_info --egg-base ../../build/image_preprocessor_node build --build-base /home/drone/drone_ws/build/image_preprocessor_node/build install --record /home/drone/drone_ws/build/image_preprocessor_node/install.log --single-version-externally-managed install_data
[8.797s] running egg_info
[8.798s] writing ../../build/image_preprocessor_node/image_preprocessor.egg-info/PKG-INFO
[8.801s] writing dependency_links to ../../build/image_preprocessor_node/image_preprocessor.egg-info/dependency_links.txt
[8.806s] writing entry points to ../../build/image_preprocessor_node/image_preprocessor.egg-info/entry_points.txt
[8.809s] writing requirements to ../../build/image_preprocessor_node/image_preprocessor.egg-info/requires.txt
[8.813s] writing top-level names to ../../build/image_preprocessor_node/image_preprocessor.egg-info/top_level.txt
[8.815s] reading manifest file '../../build/image_preprocessor_node/image_preprocessor.egg-info/SOURCES.txt'
[8.815s] writing manifest file '../../build/image_preprocessor_node/image_preprocessor.egg-info/SOURCES.txt'
[8.817s] running build
[8.820s] running build_py
[8.820s] running install
[8.821s] running install_lib
[8.821s] running install_data
[8.822s] running install_egg_info
[8.831s] removing '/home/drone/drone_ws/install/image_preprocessor_node/lib/python3.10/site-packages/image_preprocessor-0.0.0-py3.10.egg-info' (and everything under it)
[8.831s] Copying ../../build/image_preprocessor_node/image_preprocessor.egg-info to /home/drone/drone_ws/install/image_preprocessor_node/lib/python3.10/site-packages/image_preprocessor-0.0.0-py3.10.egg-info
[8.832s] running install_scripts
[8.853s] Installing image_preprocessor script to /home/drone/drone_ws/install/image_preprocessor_node/lib/image_preprocessor
[8.858s] writing list of installed files to '/home/drone/drone_ws/build/image_preprocessor_node/install.log'
[9.048s] Invoked command in '/home/drone/drone_ws/src/image_preprocessor' returned '0': PYTHONPATH=/home/drone/drone_ws/build/image_preprocessor_node/prefix_override:/usr/lib/python3/dist-packages/colcon_core/task/python/colcon_distutils_commands:/home/drone/drone_ws/install/image_preprocessor_node/lib/python3.10/site-packages:${PYTHONPATH} /usr/bin/python3 -W ignore:setup.py install is deprecated -W ignore:easy_install command is deprecated setup.py egg_info --egg-base ../../build/image_preprocessor_node build --build-base /home/drone/drone_ws/build/image_preprocessor_node/build install --record /home/drone/drone_ws/build/image_preprocessor_node/install.log --single-version-externally-managed install_data
