[3.361s] Invoking command in '/home/drone/drone_ws/src/project_start': PYTHONPATH=/home/drone/drone_ws/build/project_start/prefix_override:/usr/lib/python3/dist-packages/colcon_core/task/python/colcon_distutils_commands:/home/drone/drone_ws/install/project_start/lib/python3.10/site-packages:${PYTHONPATH} /usr/bin/python3 -W ignore:setup.py install is deprecated -W ignore:easy_install command is deprecated setup.py egg_info --egg-base ../../build/project_start build --build-base /home/drone/drone_ws/build/project_start/build install --record /home/drone/drone_ws/build/project_start/install.log --single-version-externally-managed install_data
[4.643s] running egg_info
[4.646s] writing ../../build/project_start/project_start.egg-info/PKG-INFO
[4.647s] writing dependency_links to ../../build/project_start/project_start.egg-info/dependency_links.txt
[4.648s] writing entry points to ../../build/project_start/project_start.egg-info/entry_points.txt
[4.649s] writing requirements to ../../build/project_start/project_start.egg-info/requires.txt
[4.650s] writing top-level names to ../../build/project_start/project_start.egg-info/top_level.txt
[4.659s] reading manifest file '../../build/project_start/project_start.egg-info/SOURCES.txt'
[4.667s] writing manifest file '../../build/project_start/project_start.egg-info/SOURCES.txt'
[4.668s] running build
[4.668s] running build_py
[4.669s] running install
[4.671s] running install_lib
[4.676s] running install_data
[4.677s] copying launch/start.launch.py -> /home/drone/drone_ws/install/project_start/share/project_start/launch
[4.678s] running install_egg_info
[4.686s] removing '/home/drone/drone_ws/install/project_start/lib/python3.10/site-packages/project_start-0.0.0-py3.10.egg-info' (and everything under it)
[4.688s] Copying ../../build/project_start/project_start.egg-info to /home/drone/drone_ws/install/project_start/lib/python3.10/site-packages/project_start-0.0.0-py3.10.egg-info
[4.695s] running install_scripts
[4.782s] writing list of installed files to '/home/drone/drone_ws/build/project_start/install.log'
[4.906s] Invoked command in '/home/drone/drone_ws/src/project_start' returned '0': PYTHONPATH=/home/drone/drone_ws/build/project_start/prefix_override:/usr/lib/python3/dist-packages/colcon_core/task/python/colcon_distutils_commands:/home/drone/drone_ws/install/project_start/lib/python3.10/site-packages:${PYTHONPATH} /usr/bin/python3 -W ignore:setup.py install is deprecated -W ignore:easy_install command is deprecated setup.py egg_info --egg-base ../../build/project_start build --build-base /home/drone/drone_ws/build/project_start/build install --record /home/drone/drone_ws/build/project_start/install.log --single-version-externally-managed install_data
