[5.034s] Invoking command in '/home/drone/drone_ws/src/global_position': CMAKE_PREFIX_PATH=/home/drone/drone_ws/install/drone_msgs:/home/drone/drone_ws/install/uav_camera PYTHONPATH=/home/drone/drone_ws/build/global_position_node/prefix_override:/usr/lib/python3/dist-packages/colcon_core/task/python/colcon_distutils_commands:/home/drone/drone_ws/install/global_position_node/lib/python3.10/site-packages:${PYTHONPATH} /usr/bin/python3 -W ignore:setup.py install is deprecated -W ignore:easy_install command is deprecated setup.py egg_info --egg-base ../../build/global_position_node build --build-base /home/drone/drone_ws/build/global_position_node/build install --record /home/drone/drone_ws/build/global_position_node/install.log --single-version-externally-managed install_data
[6.493s] running egg_info
[6.497s] writing ../../build/global_position_node/global_position.egg-info/PKG-INFO
[6.498s] writing dependency_links to ../../build/global_position_node/global_position.egg-info/dependency_links.txt
[6.499s] writing entry points to ../../build/global_position_node/global_position.egg-info/entry_points.txt
[6.500s] writing requirements to ../../build/global_position_node/global_position.egg-info/requires.txt
[6.502s] writing top-level names to ../../build/global_position_node/global_position.egg-info/top_level.txt
[6.511s] reading manifest file '../../build/global_position_node/global_position.egg-info/SOURCES.txt'
[6.521s] writing manifest file '../../build/global_position_node/global_position.egg-info/SOURCES.txt'
[6.522s] running build
[6.522s] running build_py
[6.524s] running install
[6.525s] running install_lib
[6.534s] running install_data
[6.535s] running install_egg_info
[6.545s] removing '/home/drone/drone_ws/install/global_position_node/lib/python3.10/site-packages/global_position-0.0.0-py3.10.egg-info' (and everything under it)
[6.551s] Copying ../../build/global_position_node/global_position.egg-info to /home/drone/drone_ws/install/global_position_node/lib/python3.10/site-packages/global_position-0.0.0-py3.10.egg-info
[6.555s] running install_scripts
[6.670s] Installing global_position script to /home/drone/drone_ws/install/global_position_node/lib/global_position
[6.673s] writing list of installed files to '/home/drone/drone_ws/build/global_position_node/install.log'
[6.875s] Invoked command in '/home/drone/drone_ws/src/global_position' returned '0': CMAKE_PREFIX_PATH=/home/drone/drone_ws/install/drone_msgs:/home/drone/drone_ws/install/uav_camera PYTHONPATH=/home/drone/drone_ws/build/global_position_node/prefix_override:/usr/lib/python3/dist-packages/colcon_core/task/python/colcon_distutils_commands:/home/drone/drone_ws/install/global_position_node/lib/python3.10/site-packages:${PYTHONPATH} /usr/bin/python3 -W ignore:setup.py install is deprecated -W ignore:easy_install command is deprecated setup.py egg_info --egg-base ../../build/global_position_node build --build-base /home/drone/drone_ws/build/global_position_node/build install --record /home/drone/drone_ws/build/global_position_node/install.log --single-version-externally-managed install_data
