running egg_info
writing ../../build/rangefinder/rangefinder.egg-info/PKG-INFO
writing dependency_links to ../../build/rangefinder/rangefinder.egg-info/dependency_links.txt
writing entry points to ../../build/rangefinder/rangefinder.egg-info/entry_points.txt
writing requirements to ../../build/rangefinder/rangefinder.egg-info/requires.txt
writing top-level names to ../../build/rangefinder/rangefinder.egg-info/top_level.txt
reading manifest file '../../build/rangefinder/rangefinder.egg-info/SOURCES.txt'
writing manifest file '../../build/rangefinder/rangefinder.egg-info/SOURCES.txt'
running build
running build_py
copying rangefinder/rangefinder_node.py -> /home/drone/drone_ws/build/rangefinder/build/lib/rangefinder
running install
running install_lib
copying /home/drone/drone_ws/build/rangefinder/build/lib/rangefinder/rangefinder_node.py -> /home/drone/drone_ws/install/rangefinder/lib/python3.10/site-packages/rangefinder
byte-compiling /home/drone/drone_ws/install/rangefinder/lib/python3.10/site-packages/rangefinder/rangefinder_node.py to rangefinder_node.cpython-310.pyc
running install_data
running install_egg_info
removing '/home/drone/drone_ws/install/rangefinder/lib/python3.10/site-packages/rangefinder-0.0.0-py3.10.egg-info' (and everything under it)
Copying ../../build/rangefinder/rangefinder.egg-info to /home/drone/drone_ws/install/rangefinder/lib/python3.10/site-packages/rangefinder-0.0.0-py3.10.egg-info
running install_scripts
Installing rangefinder script to /home/drone/drone_ws/install/rangefinder/lib/rangefinder
writing list of installed files to '/home/drone/drone_ws/build/rangefinder/install.log'
