[3.847s] Invoking command in '/home/drone/drone_ws/src/rangefinder': PYTHONPATH=/home/drone/drone_ws/build/rangefinder/prefix_override:/usr/lib/python3/dist-packages/colcon_core/task/python/colcon_distutils_commands:/home/drone/drone_ws/install/rangefinder/lib/python3.10/site-packages:${PYTHONPATH} /usr/bin/python3 -W ignore:setup.py install is deprecated -W ignore:easy_install command is deprecated setup.py egg_info --egg-base ../../build/rangefinder build --build-base /home/drone/drone_ws/build/rangefinder/build install --record /home/drone/drone_ws/build/rangefinder/install.log --single-version-externally-managed install_data
[5.134s] running egg_info
[5.137s] writing ../../build/rangefinder/rangefinder.egg-info/PKG-INFO
[5.138s] writing dependency_links to ../../build/rangefinder/rangefinder.egg-info/dependency_links.txt
[5.139s] writing entry points to ../../build/rangefinder/rangefinder.egg-info/entry_points.txt
[5.142s] writing requirements to ../../build/rangefinder/rangefinder.egg-info/requires.txt
[5.142s] writing top-level names to ../../build/rangefinder/rangefinder.egg-info/top_level.txt
[5.152s] reading manifest file '../../build/rangefinder/rangefinder.egg-info/SOURCES.txt'
[5.161s] writing manifest file '../../build/rangefinder/rangefinder.egg-info/SOURCES.txt'
[5.162s] running build
[5.162s] running build_py
[5.164s] copying rangefinder/rangefinder_node.py -> /home/drone/drone_ws/build/rangefinder/build/lib/rangefinder
[5.165s] running install
[5.166s] running install_lib
[5.170s] copying /home/drone/drone_ws/build/rangefinder/build/lib/rangefinder/rangefinder_node.py -> /home/drone/drone_ws/install/rangefinder/lib/python3.10/site-packages/rangefinder
[5.173s] byte-compiling /home/drone/drone_ws/install/rangefinder/lib/python3.10/site-packages/rangefinder/rangefinder_node.py to rangefinder_node.cpython-310.pyc
[5.178s] running install_data
[5.179s] running install_egg_info
[5.188s] removing '/home/drone/drone_ws/install/rangefinder/lib/python3.10/site-packages/rangefinder-0.0.0-py3.10.egg-info' (and everything under it)
[5.189s] Copying ../../build/rangefinder/rangefinder.egg-info to /home/drone/drone_ws/install/rangefinder/lib/python3.10/site-packages/rangefinder-0.0.0-py3.10.egg-info
[5.197s] running install_scripts
[5.283s] Installing rangefinder script to /home/drone/drone_ws/install/rangefinder/lib/rangefinder
[5.285s] writing list of installed files to '/home/drone/drone_ws/build/rangefinder/install.log'
[5.405s] Invoked command in '/home/drone/drone_ws/src/rangefinder' returned '0': PYTHONPATH=/home/drone/drone_ws/build/rangefinder/prefix_override:/usr/lib/python3/dist-packages/colcon_core/task/python/colcon_distutils_commands:/home/drone/drone_ws/install/rangefinder/lib/python3.10/site-packages:${PYTHONPATH} /usr/bin/python3 -W ignore:setup.py install is deprecated -W ignore:easy_install command is deprecated setup.py egg_info --egg-base ../../build/rangefinder build --build-base /home/drone/drone_ws/build/rangefinder/build install --record /home/drone/drone_ws/build/rangefinder/install.log --single-version-externally-managed install_data
