[0.103s] Invoking command in '/home/drone/drone_ws/build/uav_camera': CMAKE_PREFIX_PATH=${CMAKE_PREFIX_PATH}:/home/drone/drone_ws/install/rangefinder:/home/drone/drone_ws/install/px4:/home/drone/drone_ws/install/project_start:/home/drone/drone_ws/install/position_fusion_node:/home/drone/drone_ws/install/marker_pose_estimator_node:/home/drone/drone_ws/install/image_preprocessor_node:/home/drone/drone_ws/install/global_position_node:/home/drone/drone_ws/install/drone_utils:/home/drone/drone_ws/install/drone_untils:/home/drone/drone_ws/install/camera_info_checker:/home/drone/drone_ws/install/camera_calibration:/home/drone/drone_ws/install/aruco_detector_node:/home/drone/drone_ws/install/altitude:/opt/ros/humble /usr/bin/cmake --build /home/drone/drone_ws/build/uav_camera -- -j4 -l4
[0.426s] [100%] Built target camera_publisher
[2.015s] Invoked command in '/home/drone/drone_ws/build/uav_camera' returned '0': CMAKE_PREFIX_PATH=${CMAKE_PREFIX_PATH}:/home/drone/drone_ws/install/rangefinder:/home/drone/drone_ws/install/px4:/home/drone/drone_ws/install/project_start:/home/drone/drone_ws/install/position_fusion_node:/home/drone/drone_ws/install/marker_pose_estimator_node:/home/drone/drone_ws/install/image_preprocessor_node:/home/drone/drone_ws/install/global_position_node:/home/drone/drone_ws/install/drone_utils:/home/drone/drone_ws/install/drone_untils:/home/drone/drone_ws/install/camera_info_checker:/home/drone/drone_ws/install/camera_calibration:/home/drone/drone_ws/install/aruco_detector_node:/home/drone/drone_ws/install/altitude:/opt/ros/humble /usr/bin/cmake --build /home/drone/drone_ws/build/uav_camera -- -j4 -l4
[2.023s] Invoking command in '/home/drone/drone_ws/build/uav_camera': CMAKE_PREFIX_PATH=${CMAKE_PREFIX_PATH}:/home/drone/drone_ws/install/rangefinder:/home/drone/drone_ws/install/px4:/home/drone/drone_ws/install/project_start:/home/drone/drone_ws/install/position_fusion_node:/home/drone/drone_ws/install/marker_pose_estimator_node:/home/drone/drone_ws/install/image_preprocessor_node:/home/drone/drone_ws/install/global_position_node:/home/drone/drone_ws/install/drone_utils:/home/drone/drone_ws/install/drone_untils:/home/drone/drone_ws/install/camera_info_checker:/home/drone/drone_ws/install/camera_calibration:/home/drone/drone_ws/install/aruco_detector_node:/home/drone/drone_ws/install/altitude:/opt/ros/humble /usr/bin/cmake --install /home/drone/drone_ws/build/uav_camera
[2.081s] -- Install configuration: ""
[2.084s] -- Up-to-date: /home/drone/drone_ws/install/uav_camera/lib/uav_camera/camera_publisher
[2.088s] -- Up-to-date: /home/drone/drone_ws/install/uav_camera/share/uav_camera/launch
[2.089s] -- Up-to-date: /home/drone/drone_ws/install/uav_camera/share/uav_camera/launch/camera_launch.py
[2.090s] -- Up-to-date: /home/drone/drone_ws/install/uav_camera/share/ament_index/resource_index/package_run_dependencies/uav_camera
[2.092s] -- Up-to-date: /home/drone/drone_ws/install/uav_camera/share/ament_index/resource_index/parent_prefix_path/uav_camera
[2.093s] -- Up-to-date: /home/drone/drone_ws/install/uav_camera/share/uav_camera/environment/ament_prefix_path.sh
[2.103s] -- Up-to-date: /home/drone/drone_ws/install/uav_camera/share/uav_camera/environment/ament_prefix_path.dsv
[2.108s] -- Up-to-date: /home/drone/drone_ws/install/uav_camera/share/uav_camera/environment/path.sh
[2.109s] -- Up-to-date: /home/drone/drone_ws/install/uav_camera/share/uav_camera/environment/path.dsv
[2.111s] -- Up-to-date: /home/drone/drone_ws/install/uav_camera/share/uav_camera/local_setup.bash
[2.119s] -- Up-to-date: /home/drone/drone_ws/install/uav_camera/share/uav_camera/local_setup.sh
[2.121s] -- Up-to-date: /home/drone/drone_ws/install/uav_camera/share/uav_camera/local_setup.zsh
[2.121s] -- Up-to-date: /home/drone/drone_ws/install/uav_camera/share/uav_camera/local_setup.dsv
[2.125s] -- Installing: /home/drone/drone_ws/install/uav_camera/share/uav_camera/package.dsv
[2.126s] -- Up-to-date: /home/drone/drone_ws/install/uav_camera/share/ament_index/resource_index/packages/uav_camera
[2.127s] -- Up-to-date: /home/drone/drone_ws/install/uav_camera/share/uav_camera/cmake/uav_cameraConfig.cmake
[2.128s] -- Up-to-date: /home/drone/drone_ws/install/uav_camera/share/uav_camera/cmake/uav_cameraConfig-version.cmake
[2.129s] -- Up-to-date: /home/drone/drone_ws/install/uav_camera/share/uav_camera/package.xml
[2.169s] Invoked command in '/home/drone/drone_ws/build/uav_camera' returned '0': CMAKE_PREFIX_PATH=${CMAKE_PREFIX_PATH}:/home/drone/drone_ws/install/rangefinder:/home/drone/drone_ws/install/px4:/home/drone/drone_ws/install/project_start:/home/drone/drone_ws/install/position_fusion_node:/home/drone/drone_ws/install/marker_pose_estimator_node:/home/drone/drone_ws/install/image_preprocessor_node:/home/drone/drone_ws/install/global_position_node:/home/drone/drone_ws/install/drone_utils:/home/drone/drone_ws/install/drone_untils:/home/drone/drone_ws/install/camera_info_checker:/home/drone/drone_ws/install/camera_calibration:/home/drone/drone_ws/install/aruco_detector_node:/home/drone/drone_ws/install/altitude:/opt/ros/humble /usr/bin/cmake --install /home/drone/drone_ws/build/uav_camera
