[5.983s] Invoking command in '/home/drone/drone_ws/src/global_position': AMENT_PREFIX_PATH=/home/drone/drone_ws/install/drone_utils:/home/drone/drone_ws/install/drone_msgs:${AMENT_PREFIX_PATH} CMAKE_PREFIX_PATH=/home/drone/drone_ws/install/drone_msgs LD_LIBRARY_PATH=/home/drone/drone_ws/install/drone_msgs/lib:${LD_LIBRARY_PATH} PYTHONPATH=/home/drone/drone_ws/build/global_position_node/prefix_override:/usr/lib/python3/dist-packages/colcon_core/task/python/colcon_distutils_commands:/home/drone/drone_ws/install/global_position_node/lib/python3.10/site-packages:/home/drone/drone_ws/install/drone_utils/lib/python3.10/site-packages:/home/drone/drone_ws/install/drone_msgs/local/lib/python3.10/dist-packages:${PYTHONPATH} /usr/bin/python3 -W ignore:setup.py install is deprecated -W ignore:easy_install command is deprecated setup.py egg_info --egg-base ../../build/global_position_node build --build-base /home/drone/drone_ws/build/global_position_node/build install --record /home/drone/drone_ws/build/global_position_node/install.log --single-version-externally-managed install_data
[7.891s] running egg_info
[7.895s] writing ../../build/global_position_node/global_position.egg-info/PKG-INFO
[7.896s] writing dependency_links to ../../build/global_position_node/global_position.egg-info/dependency_links.txt
[7.898s] writing entry points to ../../build/global_position_node/global_position.egg-info/entry_points.txt
[7.899s] writing requirements to ../../build/global_position_node/global_position.egg-info/requires.txt
[7.900s] writing top-level names to ../../build/global_position_node/global_position.egg-info/top_level.txt
[7.910s] reading manifest file '../../build/global_position_node/global_position.egg-info/SOURCES.txt'
[7.924s] writing manifest file '../../build/global_position_node/global_position.egg-info/SOURCES.txt'
[7.926s] running build
[7.926s] running build_py
[7.929s] running install
[7.931s] running install_lib
[7.940s] running install_data
[7.942s] running install_egg_info
[7.955s] removing '/home/drone/drone_ws/install/global_position_node/lib/python3.10/site-packages/global_position-0.0.0-py3.10.egg-info' (and everything under it)
[7.957s] Copying ../../build/global_position_node/global_position.egg-info to /home/drone/drone_ws/install/global_position_node/lib/python3.10/site-packages/global_position-0.0.0-py3.10.egg-info
[7.970s] running install_scripts
[8.070s] Installing global_position script to /home/drone/drone_ws/install/global_position_node/lib/global_position
[8.072s] writing list of installed files to '/home/drone/drone_ws/build/global_position_node/install.log'
[8.248s] Invoked command in '/home/drone/drone_ws/src/global_position' returned '0': AMENT_PREFIX_PATH=/home/drone/drone_ws/install/drone_utils:/home/drone/drone_ws/install/drone_msgs:${AMENT_PREFIX_PATH} CMAKE_PREFIX_PATH=/home/drone/drone_ws/install/drone_msgs LD_LIBRARY_PATH=/home/drone/drone_ws/install/drone_msgs/lib:${LD_LIBRARY_PATH} PYTHONPATH=/home/drone/drone_ws/build/global_position_node/prefix_override:/usr/lib/python3/dist-packages/colcon_core/task/python/colcon_distutils_commands:/home/drone/drone_ws/install/global_position_node/lib/python3.10/site-packages:/home/drone/drone_ws/install/drone_utils/lib/python3.10/site-packages:/home/drone/drone_ws/install/drone_msgs/local/lib/python3.10/dist-packages:${PYTHONPATH} /usr/bin/python3 -W ignore:setup.py install is deprecated -W ignore:easy_install command is deprecated setup.py egg_info --egg-base ../../build/global_position_node build --build-base /home/drone/drone_ws/build/global_position_node/build install --record /home/drone/drone_ws/build/global_position_node/install.log --single-version-externally-managed install_data
