[0.100s] Invoking command in '/home/drone/drone_ws/build/uav_camera': CMAKE_PREFIX_PATH=${CMAKE_PREFIX_PATH}:/home/drone/drone_ws/install/rangefinder:/home/drone/drone_ws/install/px4:/home/drone/drone_ws/install/project_start:/home/drone/drone_ws/install/position_fusion_node:/home/drone/drone_ws/install/marker_pose_estimator_node:/home/drone/drone_ws/install/image_preprocessor_node:/home/drone/drone_ws/install/global_position_node:/home/drone/drone_ws/install/drone_utils:/home/drone/drone_ws/install/drone_untils:/home/drone/drone_ws/install/camera_info_checker:/home/drone/drone_ws/install/camera_calibration:/home/drone/drone_ws/install/aruco_detector_node:/home/drone/drone_ws/install/altitude:/opt/ros/humble /usr/bin/cmake --build /home/drone/drone_ws/build/uav_camera -- -j4 -l4
[0.418s] [100%] Built target camera_publisher
[2.097s] Invoked command in '/home/drone/drone_ws/build/uav_camera' returned '0': CMAKE_PREFIX_PATH=${CMAKE_PREFIX_PATH}:/home/drone/drone_ws/install/rangefinder:/home/drone/drone_ws/install/px4:/home/drone/drone_ws/install/project_start:/home/drone/drone_ws/install/position_fusion_node:/home/drone/drone_ws/install/marker_pose_estimator_node:/home/drone/drone_ws/install/image_preprocessor_node:/home/drone/drone_ws/install/global_position_node:/home/drone/drone_ws/install/drone_utils:/home/drone/drone_ws/install/drone_untils:/home/drone/drone_ws/install/camera_info_checker:/home/drone/drone_ws/install/camera_calibration:/home/drone/drone_ws/install/aruco_detector_node:/home/drone/drone_ws/install/altitude:/opt/ros/humble /usr/bin/cmake --build /home/drone/drone_ws/build/uav_camera -- -j4 -l4
[2.106s] Invoking command in '/home/drone/drone_ws/build/uav_camera': CMAKE_PREFIX_PATH=${CMAKE_PREFIX_PATH}:/home/drone/drone_ws/install/rangefinder:/home/drone/drone_ws/install/px4:/home/drone/drone_ws/install/project_start:/home/drone/drone_ws/install/position_fusion_node:/home/drone/drone_ws/install/marker_pose_estimator_node:/home/drone/drone_ws/install/image_preprocessor_node:/home/drone/drone_ws/install/global_position_node:/home/drone/drone_ws/install/drone_utils:/home/drone/drone_ws/install/drone_untils:/home/drone/drone_ws/install/camera_info_checker:/home/drone/drone_ws/install/camera_calibration:/home/drone/drone_ws/install/aruco_detector_node:/home/drone/drone_ws/install/altitude:/opt/ros/humble /usr/bin/cmake --install /home/drone/drone_ws/build/uav_camera
[2.167s] -- Install configuration: ""
[2.167s] -- Up-to-date: /home/drone/drone_ws/install/uav_camera/lib/uav_camera/camera_publisher
[2.168s] -- Up-to-date: /home/drone/drone_ws/install/uav_camera/share/uav_camera/launch
[2.171s] -- Up-to-date: /home/drone/drone_ws/install/uav_camera/share/uav_camera/launch/camera_launch.py
[2.172s] -- Up-to-date: /home/drone/drone_ws/install/uav_camera/share/ament_index/resource_index/package_run_dependencies/uav_camera
[2.173s] -- Up-to-date: /home/drone/drone_ws/install/uav_camera/share/ament_index/resource_index/parent_prefix_path/uav_camera
[2.174s] -- Up-to-date: /home/drone/drone_ws/install/uav_camera/share/uav_camera/environment/ament_prefix_path.sh
[2.174s] -- Up-to-date: /home/drone/drone_ws/install/uav_camera/share/uav_camera/environment/ament_prefix_path.dsv
[2.175s] -- Up-to-date: /home/drone/drone_ws/install/uav_camera/share/uav_camera/environment/path.sh
[2.176s] -- Up-to-date: /home/drone/drone_ws/install/uav_camera/share/uav_camera/environment/path.dsv
[2.176s] -- Up-to-date: /home/drone/drone_ws/install/uav_camera/share/uav_camera/local_setup.bash
[2.177s] -- Up-to-date: /home/drone/drone_ws/install/uav_camera/share/uav_camera/local_setup.sh
[2.178s] -- Up-to-date: /home/drone/drone_ws/install/uav_camera/share/uav_camera/local_setup.zsh
[2.180s] -- Up-to-date: /home/drone/drone_ws/install/uav_camera/share/uav_camera/local_setup.dsv
[2.181s] -- Installing: /home/drone/drone_ws/install/uav_camera/share/uav_camera/package.dsv
[2.182s] -- Up-to-date: /home/drone/drone_ws/install/uav_camera/share/ament_index/resource_index/packages/uav_camera
[2.182s] -- Up-to-date: /home/drone/drone_ws/install/uav_camera/share/uav_camera/cmake/uav_cameraConfig.cmake
[2.183s] -- Up-to-date: /home/drone/drone_ws/install/uav_camera/share/uav_camera/cmake/uav_cameraConfig-version.cmake
[2.184s] -- Up-to-date: /home/drone/drone_ws/install/uav_camera/share/uav_camera/package.xml
[2.225s] Invoked command in '/home/drone/drone_ws/build/uav_camera' returned '0': CMAKE_PREFIX_PATH=${CMAKE_PREFIX_PATH}:/home/drone/drone_ws/install/rangefinder:/home/drone/drone_ws/install/px4:/home/drone/drone_ws/install/project_start:/home/drone/drone_ws/install/position_fusion_node:/home/drone/drone_ws/install/marker_pose_estimator_node:/home/drone/drone_ws/install/image_preprocessor_node:/home/drone/drone_ws/install/global_position_node:/home/drone/drone_ws/install/drone_utils:/home/drone/drone_ws/install/drone_untils:/home/drone/drone_ws/install/camera_info_checker:/home/drone/drone_ws/install/camera_calibration:/home/drone/drone_ws/install/aruco_detector_node:/home/drone/drone_ws/install/altitude:/opt/ros/humble /usr/bin/cmake --install /home/drone/drone_ws/build/uav_camera
