running egg_info
creating ../../build/px4/px4.egg-info
writing ../../build/px4/px4.egg-info/PKG-INFO
writing dependency_links to ../../build/px4/px4.egg-info/dependency_links.txt
writing entry points to ../../build/px4/px4.egg-info/entry_points.txt
writing requirements to ../../build/px4/px4.egg-info/requires.txt
writing top-level names to ../../build/px4/px4.egg-info/top_level.txt
writing manifest file '../../build/px4/px4.egg-info/SOURCES.txt'
reading manifest file '../../build/px4/px4.egg-info/SOURCES.txt'
writing manifest file '../../build/px4/px4.egg-info/SOURCES.txt'
running build
running build_py
creating /home/drone/drone_ws/build/px4/build
creating /home/drone/drone_ws/build/px4/build/lib
creating /home/drone/drone_ws/build/px4/build/lib/px4
copying px4/__init__.py -> /home/drone/drone_ws/build/px4/build/lib/px4
copying px4/px4.py -> /home/drone/drone_ws/build/px4/build/lib/px4
running install
running install_lib
creating /home/drone/drone_ws/install/px4/lib/python3.10/site-packages/px4
copying /home/drone/drone_ws/build/px4/build/lib/px4/__init__.py -> /home/drone/drone_ws/install/px4/lib/python3.10/site-packages/px4
copying /home/drone/drone_ws/build/px4/build/lib/px4/px4.py -> /home/drone/drone_ws/install/px4/lib/python3.10/site-packages/px4
byte-compiling /home/drone/drone_ws/install/px4/lib/python3.10/site-packages/px4/__init__.py to __init__.cpython-310.pyc
byte-compiling /home/drone/drone_ws/install/px4/lib/python3.10/site-packages/px4/px4.py to px4.cpython-310.pyc
running install_data
creating /home/drone/drone_ws/install/px4/share/ament_index
creating /home/drone/drone_ws/install/px4/share/ament_index/resource_index
creating /home/drone/drone_ws/install/px4/share/ament_index/resource_index/packages
copying resource/px4 -> /home/drone/drone_ws/install/px4/share/ament_index/resource_index/packages
copying package.xml -> /home/drone/drone_ws/install/px4/share/px4
running install_egg_info
Copying ../../build/px4/px4.egg-info to /home/drone/drone_ws/install/px4/lib/python3.10/site-packages/px4-0.0.0-py3.10.egg-info
running install_scripts
writing list of installed files to '/home/drone/drone_ws/build/px4/install.log'
