[8.148s] Invoking command in '/home/drone/drone_ws/src/px4': PYTHONPATH=/home/drone/drone_ws/build/px4/prefix_override:/usr/lib/python3/dist-packages/colcon_core/task/python/colcon_distutils_commands:/home/drone/drone_ws/install/px4/lib/python3.10/site-packages:${PYTHONPATH} /usr/bin/python3 -W ignore:setup.py install is deprecated -W ignore:easy_install command is deprecated setup.py egg_info --egg-base ../../build/px4 build --build-base /home/drone/drone_ws/build/px4/build install --record /home/drone/drone_ws/build/px4/install.log --single-version-externally-managed install_data
[10.209s] running egg_info
[10.228s] writing ../../build/px4/px4.egg-info/PKG-INFO
[10.252s] writing dependency_links to ../../build/px4/px4.egg-info/dependency_links.txt
[10.254s] writing entry points to ../../build/px4/px4.egg-info/entry_points.txt
[10.264s] writing requirements to ../../build/px4/px4.egg-info/requires.txt
[10.266s] writing top-level names to ../../build/px4/px4.egg-info/top_level.txt
[10.282s] reading manifest file '../../build/px4/px4.egg-info/SOURCES.txt'
[10.318s] writing manifest file '../../build/px4/px4.egg-info/SOURCES.txt'
[10.325s] running build
[10.332s] running build_py
[10.359s] running install
[10.361s] running install_lib
[10.362s] running install_data
[10.363s] running install_egg_info
[10.395s] removing '/home/drone/drone_ws/install/px4/lib/python3.10/site-packages/px4-0.0.0-py3.10.egg-info' (and everything under it)
[10.399s] Copying ../../build/px4/px4.egg-info to /home/drone/drone_ws/install/px4/lib/python3.10/site-packages/px4-0.0.0-py3.10.egg-info
[10.402s] running install_scripts
[10.527s] Installing px4 script to /home/drone/drone_ws/install/px4/lib/px4
[10.534s] writing list of installed files to '/home/drone/drone_ws/build/px4/install.log'
[10.669s] Invoked command in '/home/drone/drone_ws/src/px4' returned '0': PYTHONPATH=/home/drone/drone_ws/build/px4/prefix_override:/usr/lib/python3/dist-packages/colcon_core/task/python/colcon_distutils_commands:/home/drone/drone_ws/install/px4/lib/python3.10/site-packages:${PYTHONPATH} /usr/bin/python3 -W ignore:setup.py install is deprecated -W ignore:easy_install command is deprecated setup.py egg_info --egg-base ../../build/px4 build --build-base /home/drone/drone_ws/build/px4/build install --record /home/drone/drone_ws/build/px4/install.log --single-version-externally-managed install_data
