[3.582s] Invoking command in '/home/drone/drone_ws/src/drone_utils': PYTHONPATH=/home/drone/drone_ws/build/drone_utils/prefix_override:/usr/lib/python3/dist-packages/colcon_core/task/python/colcon_distutils_commands:/home/drone/drone_ws/install/drone_utils/lib/python3.10/site-packages:${PYTHONPATH} /usr/bin/python3 -W ignore:setup.py install is deprecated -W ignore:easy_install command is deprecated setup.py egg_info --egg-base ../../build/drone_utils build --build-base /home/drone/drone_ws/build/drone_utils/build install --record /home/drone/drone_ws/build/drone_utils/install.log --single-version-externally-managed install_data
[4.870s] running egg_info
[4.874s] writing ../../build/drone_utils/drone_utils.egg-info/PKG-INFO
[4.875s] writing dependency_links to ../../build/drone_utils/drone_utils.egg-info/dependency_links.txt
[4.875s] writing entry points to ../../build/drone_utils/drone_utils.egg-info/entry_points.txt
[4.876s] writing requirements to ../../build/drone_utils/drone_utils.egg-info/requires.txt
[4.877s] writing top-level names to ../../build/drone_utils/drone_utils.egg-info/top_level.txt
[4.885s] reading manifest file '../../build/drone_utils/drone_utils.egg-info/SOURCES.txt'
[4.893s] writing manifest file '../../build/drone_utils/drone_utils.egg-info/SOURCES.txt'
[4.894s] running build
[4.894s] running build_py
[4.896s] running install
[4.897s] running install_lib
[4.904s] running install_data
[4.904s] copying resource/drone_utils -> /home/drone/drone_ws/install/drone_utils/share/ament_index/resource_index/packages
[4.905s] copying package.xml -> /home/drone/drone_ws/install/drone_utils/share/drone_utils
[4.905s] running install_egg_info
[4.913s] Copying ../../build/drone_utils/drone_utils.egg-info to /home/drone/drone_ws/install/drone_utils/lib/python3.10/site-packages/drone_utils-0.0.0-py3.10.egg-info
[4.919s] running install_scripts
[5.008s] writing list of installed files to '/home/drone/drone_ws/build/drone_utils/install.log'
[5.137s] Invoked command in '/home/drone/drone_ws/src/drone_utils' returned '0': PYTHONPATH=/home/drone/drone_ws/build/drone_utils/prefix_override:/usr/lib/python3/dist-packages/colcon_core/task/python/colcon_distutils_commands:/home/drone/drone_ws/install/drone_utils/lib/python3.10/site-packages:${PYTHONPATH} /usr/bin/python3 -W ignore:setup.py install is deprecated -W ignore:easy_install command is deprecated setup.py egg_info --egg-base ../../build/drone_utils build --build-base /home/drone/drone_ws/build/drone_utils/build install --record /home/drone/drone_ws/build/drone_utils/install.log --single-version-externally-managed install_data
