[9.397s] Invoking command in '/home/drone/drone_ws/src/project_start': PYTHONPATH=/home/drone/drone_ws/build/project_start/prefix_override:/usr/lib/python3/dist-packages/colcon_core/task/python/colcon_distutils_commands:/home/drone/drone_ws/install/project_start/lib/python3.10/site-packages:${PYTHONPATH} /usr/bin/python3 -W ignore:setup.py install is deprecated -W ignore:easy_install command is deprecated setup.py egg_info --egg-base ../../build/project_start build --build-base /home/drone/drone_ws/build/project_start/build install --record /home/drone/drone_ws/build/project_start/install.log --single-version-externally-managed install_data
[12.135s] running egg_info
[12.141s] writing ../../build/project_start/project_start.egg-info/PKG-INFO
[12.142s] writing dependency_links to ../../build/project_start/project_start.egg-info/dependency_links.txt
[12.143s] writing entry points to ../../build/project_start/project_start.egg-info/entry_points.txt
[12.145s] writing requirements to ../../build/project_start/project_start.egg-info/requires.txt
[12.146s] writing top-level names to ../../build/project_start/project_start.egg-info/top_level.txt
[12.159s] reading manifest file '../../build/project_start/project_start.egg-info/SOURCES.txt'
[12.179s] writing manifest file '../../build/project_start/project_start.egg-info/SOURCES.txt'
[12.181s] running build
[12.182s] running build_py
[12.185s] running install
[12.192s] running install_lib
[12.201s] running install_data
[12.205s] running install_egg_info
[12.219s] removing '/home/drone/drone_ws/install/project_start/lib/python3.10/site-packages/project_start-0.0.0-py3.10.egg-info' (and everything under it)
[12.223s] Copying ../../build/project_start/project_start.egg-info to /home/drone/drone_ws/install/project_start/lib/python3.10/site-packages/project_start-0.0.0-py3.10.egg-info
[12.234s] running install_scripts
[12.446s] writing list of installed files to '/home/drone/drone_ws/build/project_start/install.log'
[12.703s] Invoked command in '/home/drone/drone_ws/src/project_start' returned '0': PYTHONPATH=/home/drone/drone_ws/build/project_start/prefix_override:/usr/lib/python3/dist-packages/colcon_core/task/python/colcon_distutils_commands:/home/drone/drone_ws/install/project_start/lib/python3.10/site-packages:${PYTHONPATH} /usr/bin/python3 -W ignore:setup.py install is deprecated -W ignore:easy_install command is deprecated setup.py egg_info --egg-base ../../build/project_start build --build-base /home/drone/drone_ws/build/project_start/build install --record /home/drone/drone_ws/build/project_start/install.log --single-version-externally-managed install_data
