[9.999s] Invoking command in '/home/drone/drone_ws/src/project_start': PYTHONPATH=/home/drone/drone_ws/build/project_start/prefix_override:/usr/lib/python3/dist-packages/colcon_core/task/python/colcon_distutils_commands:/home/drone/drone_ws/install/project_start/lib/python3.10/site-packages:${PYTHONPATH} /usr/bin/python3 -W ignore:setup.py install is deprecated -W ignore:easy_install command is deprecated setup.py egg_info --egg-base ../../build/project_start build --build-base /home/drone/drone_ws/build/project_start/build install --record /home/drone/drone_ws/build/project_start/install.log --single-version-externally-managed install_data
[12.617s] running egg_info
[12.621s] writing ../../build/project_start/project_start.egg-info/PKG-INFO
[12.622s] writing dependency_links to ../../build/project_start/project_start.egg-info/dependency_links.txt
[12.624s] writing entry points to ../../build/project_start/project_start.egg-info/entry_points.txt
[12.625s] writing requirements to ../../build/project_start/project_start.egg-info/requires.txt
[12.626s] writing top-level names to ../../build/project_start/project_start.egg-info/top_level.txt
[12.638s] reading manifest file '../../build/project_start/project_start.egg-info/SOURCES.txt'
[12.654s] writing manifest file '../../build/project_start/project_start.egg-info/SOURCES.txt'
[12.656s] running build
[12.658s] running build_py
[12.659s] running install
[12.659s] running install_lib
[12.667s] running install_data
[12.668s] running install_egg_info
[12.679s] removing '/home/drone/drone_ws/install/project_start/lib/python3.10/site-packages/project_start-0.0.0-py3.10.egg-info' (and everything under it)
[12.682s] Copying ../../build/project_start/project_start.egg-info to /home/drone/drone_ws/install/project_start/lib/python3.10/site-packages/project_start-0.0.0-py3.10.egg-info
[12.702s] running install_scripts
[12.858s] writing list of installed files to '/home/drone/drone_ws/build/project_start/install.log'
[13.121s] Invoked command in '/home/drone/drone_ws/src/project_start' returned '0': PYTHONPATH=/home/drone/drone_ws/build/project_start/prefix_override:/usr/lib/python3/dist-packages/colcon_core/task/python/colcon_distutils_commands:/home/drone/drone_ws/install/project_start/lib/python3.10/site-packages:${PYTHONPATH} /usr/bin/python3 -W ignore:setup.py install is deprecated -W ignore:easy_install command is deprecated setup.py egg_info --egg-base ../../build/project_start build --build-base /home/drone/drone_ws/build/project_start/build install --record /home/drone/drone_ws/build/project_start/install.log --single-version-externally-managed install_data
