[5.921s] Invoking command in '/home/drone/drone_ws/src/rangefinder': PYTHONPATH=/home/drone/drone_ws/build/rangefinder/prefix_override:/usr/lib/python3/dist-packages/colcon_core/task/python/colcon_distutils_commands:/home/drone/drone_ws/install/rangefinder/lib/python3.10/site-packages:${PYTHONPATH} /usr/bin/python3 -W ignore:setup.py install is deprecated -W ignore:easy_install command is deprecated setup.py egg_info --egg-base ../../build/rangefinder build --build-base /home/drone/drone_ws/build/rangefinder/build install --record /home/drone/drone_ws/build/rangefinder/install.log --single-version-externally-managed install_data
[7.597s] running egg_info
[7.602s] writing ../../build/rangefinder/rangefinder.egg-info/PKG-INFO
[7.603s] writing dependency_links to ../../build/rangefinder/rangefinder.egg-info/dependency_links.txt
[7.603s] writing entry points to ../../build/rangefinder/rangefinder.egg-info/entry_points.txt
[7.603s] writing requirements to ../../build/rangefinder/rangefinder.egg-info/requires.txt
[7.604s] writing top-level names to ../../build/rangefinder/rangefinder.egg-info/top_level.txt
[7.604s] reading manifest file '../../build/rangefinder/rangefinder.egg-info/SOURCES.txt'
[7.605s] writing manifest file '../../build/rangefinder/rangefinder.egg-info/SOURCES.txt'
[7.606s] running build
[7.606s] running build_py
[7.607s] running install
[7.607s] running install_lib
[7.608s] running install_data
[7.608s] running install_egg_info
[7.609s] removing '/home/drone/drone_ws/install/rangefinder/lib/python3.10/site-packages/rangefinder-0.0.0-py3.10.egg-info' (and everything under it)
[7.609s] Copying ../../build/rangefinder/rangefinder.egg-info to /home/drone/drone_ws/install/rangefinder/lib/python3.10/site-packages/rangefinder-0.0.0-py3.10.egg-info
[7.610s] running install_scripts
[7.653s] Installing rangefinder script to /home/drone/drone_ws/install/rangefinder/lib/rangefinder
[7.661s] writing list of installed files to '/home/drone/drone_ws/build/rangefinder/install.log'
[7.827s] Invoked command in '/home/drone/drone_ws/src/rangefinder' returned '0': PYTHONPATH=/home/drone/drone_ws/build/rangefinder/prefix_override:/usr/lib/python3/dist-packages/colcon_core/task/python/colcon_distutils_commands:/home/drone/drone_ws/install/rangefinder/lib/python3.10/site-packages:${PYTHONPATH} /usr/bin/python3 -W ignore:setup.py install is deprecated -W ignore:easy_install command is deprecated setup.py egg_info --egg-base ../../build/rangefinder build --build-base /home/drone/drone_ws/build/rangefinder/build install --record /home/drone/drone_ws/build/rangefinder/install.log --single-version-externally-managed install_data
