[6.455s] Invoking command in '/home/drone/drone_ws/src/global_position': AMENT_PREFIX_PATH=/home/drone/drone_ws/install/drone_utils:/home/drone/drone_ws/install/drone_msgs:${AMENT_PREFIX_PATH} CMAKE_PREFIX_PATH=/home/drone/drone_ws/install/drone_msgs LD_LIBRARY_PATH=/home/drone/drone_ws/install/drone_msgs/lib:${LD_LIBRARY_PATH} PYTHONPATH=/home/drone/drone_ws/build/global_position_node/prefix_override:/usr/lib/python3/dist-packages/colcon_core/task/python/colcon_distutils_commands:/home/drone/drone_ws/install/global_position_node/lib/python3.10/site-packages:/home/drone/drone_ws/install/drone_utils/lib/python3.10/site-packages:/home/drone/drone_ws/install/drone_msgs/local/lib/python3.10/dist-packages:${PYTHONPATH} /usr/bin/python3 -W ignore:setup.py install is deprecated -W ignore:easy_install command is deprecated setup.py egg_info --egg-base ../../build/global_position_node build --build-base /home/drone/drone_ws/build/global_position_node/build install --record /home/drone/drone_ws/build/global_position_node/install.log --single-version-externally-managed install_data
[8.181s] running egg_info
[8.185s] writing ../../build/global_position_node/global_position.egg-info/PKG-INFO
[8.191s] writing dependency_links to ../../build/global_position_node/global_position.egg-info/dependency_links.txt
[8.194s] writing entry points to ../../build/global_position_node/global_position.egg-info/entry_points.txt
[8.197s] writing requirements to ../../build/global_position_node/global_position.egg-info/requires.txt
[8.200s] writing top-level names to ../../build/global_position_node/global_position.egg-info/top_level.txt
[8.204s] reading manifest file '../../build/global_position_node/global_position.egg-info/SOURCES.txt'
[8.219s] writing manifest file '../../build/global_position_node/global_position.egg-info/SOURCES.txt'
[8.223s] running build
[8.226s] running build_py
[8.231s] running install
[8.235s] running install_lib
[8.237s] running install_data
[8.243s] running install_egg_info
[8.249s] removing '/home/drone/drone_ws/install/global_position_node/lib/python3.10/site-packages/global_position-0.0.0-py3.10.egg-info' (and everything under it)
[8.256s] Copying ../../build/global_position_node/global_position.egg-info to /home/drone/drone_ws/install/global_position_node/lib/python3.10/site-packages/global_position-0.0.0-py3.10.egg-info
[8.262s] running install_scripts
[8.366s] Installing global_position script to /home/drone/drone_ws/install/global_position_node/lib/global_position
[8.370s] writing list of installed files to '/home/drone/drone_ws/build/global_position_node/install.log'
[8.541s] Invoked command in '/home/drone/drone_ws/src/global_position' returned '0': AMENT_PREFIX_PATH=/home/drone/drone_ws/install/drone_utils:/home/drone/drone_ws/install/drone_msgs:${AMENT_PREFIX_PATH} CMAKE_PREFIX_PATH=/home/drone/drone_ws/install/drone_msgs LD_LIBRARY_PATH=/home/drone/drone_ws/install/drone_msgs/lib:${LD_LIBRARY_PATH} PYTHONPATH=/home/drone/drone_ws/build/global_position_node/prefix_override:/usr/lib/python3/dist-packages/colcon_core/task/python/colcon_distutils_commands:/home/drone/drone_ws/install/global_position_node/lib/python3.10/site-packages:/home/drone/drone_ws/install/drone_utils/lib/python3.10/site-packages:/home/drone/drone_ws/install/drone_msgs/local/lib/python3.10/dist-packages:${PYTHONPATH} /usr/bin/python3 -W ignore:setup.py install is deprecated -W ignore:easy_install command is deprecated setup.py egg_info --egg-base ../../build/global_position_node build --build-base /home/drone/drone_ws/build/global_position_node/build install --record /home/drone/drone_ws/build/global_position_node/install.log --single-version-externally-managed install_data
