[9.655s] Invoking command in '/home/drone/drone_ws/src/px4': PYTHONPATH=/home/drone/drone_ws/build/px4/prefix_override:/usr/lib/python3/dist-packages/colcon_core/task/python/colcon_distutils_commands:/home/drone/drone_ws/install/px4/lib/python3.10/site-packages:${PYTHONPATH} /usr/bin/python3 -W ignore:setup.py install is deprecated -W ignore:easy_install command is deprecated setup.py egg_info --egg-base ../../build/px4 build --build-base /home/drone/drone_ws/build/px4/build install --record /home/drone/drone_ws/build/px4/install.log --single-version-externally-managed install_data
[11.653s] running egg_info
[11.657s] writing ../../build/px4/px4.egg-info/PKG-INFO
[11.658s] writing dependency_links to ../../build/px4/px4.egg-info/dependency_links.txt
[11.659s] writing entry points to ../../build/px4/px4.egg-info/entry_points.txt
[11.666s] writing requirements to ../../build/px4/px4.egg-info/requires.txt
[11.666s] writing top-level names to ../../build/px4/px4.egg-info/top_level.txt
[11.675s] reading manifest file '../../build/px4/px4.egg-info/SOURCES.txt'
[11.691s] writing manifest file '../../build/px4/px4.egg-info/SOURCES.txt'
[11.691s] running build
[11.692s] running build_py
[11.693s] running install
[11.695s] running install_lib
[11.705s] running install_data
[11.706s] running install_egg_info
[11.718s] removing '/home/drone/drone_ws/install/px4/lib/python3.10/site-packages/px4-0.0.0-py3.10.egg-info' (and everything under it)
[11.720s] Copying ../../build/px4/px4.egg-info to /home/drone/drone_ws/install/px4/lib/python3.10/site-packages/px4-0.0.0-py3.10.egg-info
[11.730s] running install_scripts
[11.896s] Installing px4 script to /home/drone/drone_ws/install/px4/lib/px4
[11.898s] writing list of installed files to '/home/drone/drone_ws/build/px4/install.log'
[12.136s] Invoked command in '/home/drone/drone_ws/src/px4' returned '0': PYTHONPATH=/home/drone/drone_ws/build/px4/prefix_override:/usr/lib/python3/dist-packages/colcon_core/task/python/colcon_distutils_commands:/home/drone/drone_ws/install/px4/lib/python3.10/site-packages:${PYTHONPATH} /usr/bin/python3 -W ignore:setup.py install is deprecated -W ignore:easy_install command is deprecated setup.py egg_info --egg-base ../../build/px4 build --build-base /home/drone/drone_ws/build/px4/build install --record /home/drone/drone_ws/build/px4/install.log --single-version-externally-managed install_data
