[3.919s] Invoking command in '/home/drone/drone_ws/src/px4': PYTHONPATH=/home/drone/drone_ws/build/px4/prefix_override:/usr/lib/python3/dist-packages/colcon_core/task/python/colcon_distutils_commands:/home/drone/drone_ws/install/px4/lib/python3.10/site-packages:${PYTHONPATH} /usr/bin/python3 -W ignore:setup.py install is deprecated -W ignore:easy_install command is deprecated setup.py egg_info --egg-base ../../build/px4 build --build-base /home/drone/drone_ws/build/px4/build install --record /home/drone/drone_ws/build/px4/install.log --single-version-externally-managed install_data
[5.299s] running egg_info
[5.304s] writing ../../build/px4/px4.egg-info/PKG-INFO
[5.306s] writing dependency_links to ../../build/px4/px4.egg-info/dependency_links.txt
[5.308s] writing entry points to ../../build/px4/px4.egg-info/entry_points.txt
[5.313s] writing requirements to ../../build/px4/px4.egg-info/requires.txt
[5.316s] writing top-level names to ../../build/px4/px4.egg-info/top_level.txt
[5.329s] reading manifest file '../../build/px4/px4.egg-info/SOURCES.txt'
[5.343s] writing manifest file '../../build/px4/px4.egg-info/SOURCES.txt'
[5.347s] running build
[5.352s] running build_py
[5.357s] running install
[5.361s] running install_lib
[5.365s] running install_data
[5.369s] running install_egg_info
[5.381s] removing '/home/drone/drone_ws/install/px4/lib/python3.10/site-packages/px4-0.0.0-py3.10.egg-info' (and everything under it)
[5.381s] Copying ../../build/px4/px4.egg-info to /home/drone/drone_ws/install/px4/lib/python3.10/site-packages/px4-0.0.0-py3.10.egg-info
[5.387s] running install_scripts
[5.495s] Installing px4 script to /home/drone/drone_ws/install/px4/lib/px4
[5.497s] writing list of installed files to '/home/drone/drone_ws/build/px4/install.log'
[5.636s] Invoked command in '/home/drone/drone_ws/src/px4' returned '0': PYTHONPATH=/home/drone/drone_ws/build/px4/prefix_override:/usr/lib/python3/dist-packages/colcon_core/task/python/colcon_distutils_commands:/home/drone/drone_ws/install/px4/lib/python3.10/site-packages:${PYTHONPATH} /usr/bin/python3 -W ignore:setup.py install is deprecated -W ignore:easy_install command is deprecated setup.py egg_info --egg-base ../../build/px4 build --build-base /home/drone/drone_ws/build/px4/build install --record /home/drone/drone_ws/build/px4/install.log --single-version-externally-managed install_data
