[3.619s] Invoking command in '/home/drone/drone_ws/src/marker_pose_estimator': CMAKE_PREFIX_PATH=/home/drone/drone_ws/install/drone_msgs:/home/drone/drone_ws/install/uav_camera PYTHONPATH=/home/drone/drone_ws/build/marker_pose_estimator_node/prefix_override:/usr/lib/python3/dist-packages/colcon_core/task/python/colcon_distutils_commands:/home/drone/drone_ws/install/marker_pose_estimator_node/lib/python3.10/site-packages:${PYTHONPATH} /usr/bin/python3 -W ignore:setup.py install is deprecated -W ignore:easy_install command is deprecated setup.py egg_info --egg-base ../../build/marker_pose_estimator_node build --build-base /home/drone/drone_ws/build/marker_pose_estimator_node/build install --record /home/drone/drone_ws/build/marker_pose_estimator_node/install.log --single-version-externally-managed install_data
[4.934s] running egg_info
[4.937s] writing ../../build/marker_pose_estimator_node/marker_pose_estimator.egg-info/PKG-INFO
[4.939s] writing dependency_links to ../../build/marker_pose_estimator_node/marker_pose_estimator.egg-info/dependency_links.txt
[4.940s] writing entry points to ../../build/marker_pose_estimator_node/marker_pose_estimator.egg-info/entry_points.txt
[4.940s] writing requirements to ../../build/marker_pose_estimator_node/marker_pose_estimator.egg-info/requires.txt
[4.941s] writing top-level names to ../../build/marker_pose_estimator_node/marker_pose_estimator.egg-info/top_level.txt
[4.950s] reading manifest file '../../build/marker_pose_estimator_node/marker_pose_estimator.egg-info/SOURCES.txt'
[4.958s] writing manifest file '../../build/marker_pose_estimator_node/marker_pose_estimator.egg-info/SOURCES.txt'
[4.959s] running build
[4.959s] running build_py
[4.960s] copying marker_pose_estimator/marker_pose_estimator_node.py -> /home/drone/drone_ws/build/marker_pose_estimator_node/build/lib/marker_pose_estimator
[4.962s] running install
[4.963s] running install_lib
[4.967s] copying /home/drone/drone_ws/build/marker_pose_estimator_node/build/lib/marker_pose_estimator/marker_pose_estimator_node.py -> /home/drone/drone_ws/install/marker_pose_estimator_node/lib/python3.10/site-packages/marker_pose_estimator
[4.971s] byte-compiling /home/drone/drone_ws/install/marker_pose_estimator_node/lib/python3.10/site-packages/marker_pose_estimator/marker_pose_estimator_node.py to marker_pose_estimator_node.cpython-310.pyc
[4.981s] running install_data
[4.981s] running install_egg_info
[4.989s] removing '/home/drone/drone_ws/install/marker_pose_estimator_node/lib/python3.10/site-packages/marker_pose_estimator-0.0.0-py3.10.egg-info' (and everything under it)
[4.992s] Copying ../../build/marker_pose_estimator_node/marker_pose_estimator.egg-info to /home/drone/drone_ws/install/marker_pose_estimator_node/lib/python3.10/site-packages/marker_pose_estimator-0.0.0-py3.10.egg-info
[4.999s] running install_scripts
[5.083s] Installing marker_pose_estimator script to /home/drone/drone_ws/install/marker_pose_estimator_node/lib/marker_pose_estimator
[5.085s] writing list of installed files to '/home/drone/drone_ws/build/marker_pose_estimator_node/install.log'
[5.209s] Invoked command in '/home/drone/drone_ws/src/marker_pose_estimator' returned '0': CMAKE_PREFIX_PATH=/home/drone/drone_ws/install/drone_msgs:/home/drone/drone_ws/install/uav_camera PYTHONPATH=/home/drone/drone_ws/build/marker_pose_estimator_node/prefix_override:/usr/lib/python3/dist-packages/colcon_core/task/python/colcon_distutils_commands:/home/drone/drone_ws/install/marker_pose_estimator_node/lib/python3.10/site-packages:${PYTHONPATH} /usr/bin/python3 -W ignore:setup.py install is deprecated -W ignore:easy_install command is deprecated setup.py egg_info --egg-base ../../build/marker_pose_estimator_node build --build-base /home/drone/drone_ws/build/marker_pose_estimator_node/build install --record /home/drone/drone_ws/build/marker_pose_estimator_node/install.log --single-version-externally-managed install_data
