[8.003s] Invoking command in '/home/drone/drone_ws/src/px4': PYTHONPATH=/home/drone/drone_ws/build/px4/prefix_override:/usr/lib/python3/dist-packages/colcon_core/task/python/colcon_distutils_commands:/home/drone/drone_ws/install/px4/lib/python3.10/site-packages:${PYTHONPATH} /usr/bin/python3 -W ignore:setup.py install is deprecated -W ignore:easy_install command is deprecated setup.py egg_info --egg-base ../../build/px4 build --build-base /home/drone/drone_ws/build/px4/build install --record /home/drone/drone_ws/build/px4/install.log --single-version-externally-managed install_data
[9.872s] running egg_info
[9.877s] writing ../../build/px4/px4.egg-info/PKG-INFO
[9.878s] writing dependency_links to ../../build/px4/px4.egg-info/dependency_links.txt
[9.878s] writing entry points to ../../build/px4/px4.egg-info/entry_points.txt
[9.879s] writing requirements to ../../build/px4/px4.egg-info/requires.txt
[9.879s] writing top-level names to ../../build/px4/px4.egg-info/top_level.txt
[9.880s] reading manifest file '../../build/px4/px4.egg-info/SOURCES.txt'
[9.896s] writing manifest file '../../build/px4/px4.egg-info/SOURCES.txt'
[9.896s] running build
[9.897s] running build_py
[9.899s] running install
[9.900s] running install_lib
[9.901s] running install_data
[9.902s] running install_egg_info
[9.904s] removing '/home/drone/drone_ws/install/px4/lib/python3.10/site-packages/px4-0.0.0-py3.10.egg-info' (and everything under it)
[9.905s] Copying ../../build/px4/px4.egg-info to /home/drone/drone_ws/install/px4/lib/python3.10/site-packages/px4-0.0.0-py3.10.egg-info
[9.909s] running install_scripts
[10.064s] Installing px4 script to /home/drone/drone_ws/install/px4/lib/px4
[10.069s] writing list of installed files to '/home/drone/drone_ws/build/px4/install.log'
[10.442s] Invoked command in '/home/drone/drone_ws/src/px4' returned '0': PYTHONPATH=/home/drone/drone_ws/build/px4/prefix_override:/usr/lib/python3/dist-packages/colcon_core/task/python/colcon_distutils_commands:/home/drone/drone_ws/install/px4/lib/python3.10/site-packages:${PYTHONPATH} /usr/bin/python3 -W ignore:setup.py install is deprecated -W ignore:easy_install command is deprecated setup.py egg_info --egg-base ../../build/px4 build --build-base /home/drone/drone_ws/build/px4/build install --record /home/drone/drone_ws/build/px4/install.log --single-version-externally-managed install_data
