[10.457s] Invoking command in '/home/drone/drone_ws/src/px4': PYTHONPATH=/home/drone/drone_ws/build/px4/prefix_override:/usr/lib/python3/dist-packages/colcon_core/task/python/colcon_distutils_commands:/home/drone/drone_ws/install/px4/lib/python3.10/site-packages:${PYTHONPATH} /usr/bin/python3 -W ignore:setup.py install is deprecated -W ignore:easy_install command is deprecated setup.py egg_info --egg-base ../../build/px4 build --build-base /home/drone/drone_ws/build/px4/build install --record /home/drone/drone_ws/build/px4/install.log --single-version-externally-managed install_data
[13.099s] running egg_info
[13.101s] writing ../../build/px4/px4.egg-info/PKG-INFO
[13.110s] writing dependency_links to ../../build/px4/px4.egg-info/dependency_links.txt
[13.113s] writing entry points to ../../build/px4/px4.egg-info/entry_points.txt
[13.115s] writing requirements to ../../build/px4/px4.egg-info/requires.txt
[13.117s] writing top-level names to ../../build/px4/px4.egg-info/top_level.txt
[13.139s] reading manifest file '../../build/px4/px4.egg-info/SOURCES.txt'
[13.149s] writing manifest file '../../build/px4/px4.egg-info/SOURCES.txt'
[13.158s] running build
[13.159s] running build_py
[13.165s] running install
[13.166s] running install_lib
[13.191s] running install_data
[13.191s] running install_egg_info
[13.221s] removing '/home/drone/drone_ws/install/px4/lib/python3.10/site-packages/px4-0.0.0-py3.10.egg-info' (and everything under it)
[13.222s] Copying ../../build/px4/px4.egg-info to /home/drone/drone_ws/install/px4/lib/python3.10/site-packages/px4-0.0.0-py3.10.egg-info
[13.224s] running install_scripts
[13.378s] Installing px4 script to /home/drone/drone_ws/install/px4/lib/px4
[13.380s] writing list of installed files to '/home/drone/drone_ws/build/px4/install.log'
[13.666s] Invoked command in '/home/drone/drone_ws/src/px4' returned '0': PYTHONPATH=/home/drone/drone_ws/build/px4/prefix_override:/usr/lib/python3/dist-packages/colcon_core/task/python/colcon_distutils_commands:/home/drone/drone_ws/install/px4/lib/python3.10/site-packages:${PYTHONPATH} /usr/bin/python3 -W ignore:setup.py install is deprecated -W ignore:easy_install command is deprecated setup.py egg_info --egg-base ../../build/px4 build --build-base /home/drone/drone_ws/build/px4/build install --record /home/drone/drone_ws/build/px4/install.log --single-version-externally-managed install_data
