[3.819s] Invoking command in '/home/drone/drone_ws/build/visual': PYTHONPATH=/home/drone/drone_ws/build/visual/prefix_override:/usr/lib/python3/dist-packages/colcon_core/task/python/colcon_distutils_commands:/home/drone/drone_ws/install/visual/lib/python3.10/site-packages:${PYTHONPATH} /usr/bin/python3 -W ignore:setup.py install is deprecated -W ignore:easy_install command is deprecated setup.py develop --editable --build-directory /home/drone/drone_ws/build/visual/build --no-deps symlink_data
[5.412s] running develop
[6.604s] running egg_info
[6.604s] creating visual.egg-info
[6.605s] writing visual.egg-info/PKG-INFO
[6.607s] writing dependency_links to visual.egg-info/dependency_links.txt
[6.608s] writing entry points to visual.egg-info/entry_points.txt
[6.608s] writing requirements to visual.egg-info/requires.txt
[6.609s] writing top-level names to visual.egg-info/top_level.txt
[6.611s] writing manifest file 'visual.egg-info/SOURCES.txt'
[6.619s] reading manifest file 'visual.egg-info/SOURCES.txt'
[6.621s] writing manifest file 'visual.egg-info/SOURCES.txt'
[6.629s] running build_ext
[6.630s] Creating /home/drone/drone_ws/install/visual/lib/python3.10/site-packages/visual.egg-link (link to .)
[6.634s] Installing visual_node script to /home/drone/drone_ws/install/visual/lib/visual
[6.636s] 
[6.636s] Installed /home/drone/drone_ws/build/visual
[6.637s] running symlink_data
[6.638s] creating /home/drone/drone_ws/install/visual/share
[6.639s] creating /home/drone/drone_ws/install/visual/share/ament_index
[6.641s] creating /home/drone/drone_ws/install/visual/share/ament_index/resource_index
[6.642s] creating /home/drone/drone_ws/install/visual/share/ament_index/resource_index/packages
[6.643s] symbolically linking /home/drone/drone_ws/build/visual/resource/visual -> /home/drone/drone_ws/install/visual/share/ament_index/resource_index/packages
[6.644s] creating /home/drone/drone_ws/install/visual/share/visual
[6.645s] symbolically linking /home/drone/drone_ws/build/visual/package.xml -> /home/drone/drone_ws/install/visual/share/visual
[6.800s] Invoked command in '/home/drone/drone_ws/build/visual' returned '0': PYTHONPATH=/home/drone/drone_ws/build/visual/prefix_override:/usr/lib/python3/dist-packages/colcon_core/task/python/colcon_distutils_commands:/home/drone/drone_ws/install/visual/lib/python3.10/site-packages:${PYTHONPATH} /usr/bin/python3 -W ignore:setup.py install is deprecated -W ignore:easy_install command is deprecated setup.py develop --editable --build-directory /home/drone/drone_ws/build/visual/build --no-deps symlink_data
