-- The C compiler identification is GNU 11.4.0
-- The CXX compiler identification is GNU 11.4.0
-- Detecting C compiler ABI info
-- Detecting C compiler ABI info - done
-- Check for working C compiler: /usr/bin/cc - skipped
-- Detecting C compile features
-- Detecting C compile features - done
-- Detecting CXX compiler ABI info
-- Detecting CXX compiler ABI info - done
-- Check for working CXX compiler: /usr/bin/c++ - skipped
-- Detecting CXX compile features
-- Detecting CXX compile features - done
-- Found ament_cmake: 1.3.14 (/opt/ros/humble/share/ament_cmake/cmake)
-- Found Python3: /usr/bin/python3 (found version "3.10.12") found components: Interpreter 
-- Found rosidl_default_generators: 1.2.1 (/opt/ros/humble/share/rosidl_default_generators/cmake)
-- Using all available rosidl_typesupport_c: rosidl_typesupport_fastrtps_c;rosidl_typesupport_introspection_c
-- Found rosidl_adapter: 3.1.8 (/opt/ros/humble/share/rosidl_adapter/cmake)
-- Using all available rosidl_typesupport_cpp: rosidl_typesupport_fastrtps_cpp;rosidl_typesupport_introspection_cpp
-- Found std_msgs: 4.9.1 (/opt/ros/humble/share/std_msgs/cmake)
-- Found geometry_msgs: 4.9.1 (/opt/ros/humble/share/geometry_msgs/cmake)
-- Found ament_cmake_ros: 0.10.0 (/opt/ros/humble/share/ament_cmake_ros/cmake)
-- Using all available rosidl_typesupport_c: rosidl_typesupport_fastrtps_c;rosidl_typesupport_introspection_c
-- Using all available rosidl_typesupport_cpp: rosidl_typesupport_fastrtps_cpp;rosidl_typesupport_introspection_cpp
-- Found PythonInterp: /usr/bin/python3 (found suitable version "3.10.12", minimum required is "3.6") 
-- Found python_cmake_module: 0.10.0 (/opt/ros/humble/share/python_cmake_module/cmake)
-- Found PythonLibs: /usr/lib/aarch64-linux-gnu/libpython3.10.so (found suitable version "3.10.12", minimum required is "3.5") 
-- Using PYTHON_EXECUTABLE: /usr/bin/python3
-- Using PYTHON_INCLUDE_DIRS: /usr/include/python3.10
-- Using PYTHON_LIBRARIES: /usr/lib/aarch64-linux-gnu/libpython3.10.so
-- Found PythonExtra: .so  
-- Configuring done
-- Generating done
-- Build files have been written to: /home/drone/drone_ws/build/drone_msgs
[  1%] [34m[1mGenerating C code for ROS interfaces[0m
[  3%] [34m[1mGenerating Rust code for ROS interfaces[0m
[  5%] [34m[1mGenerating C++ code for ROS interfaces[0m
[  5%] Built target ament_cmake_python_copy_drone_msgs
[  5%] Built target drone_msgs__rs
running egg_info
creating drone_msgs.egg-info
writing drone_msgs.egg-info/PKG-INFO
writing dependency_links to drone_msgs.egg-info/dependency_links.txt
writing top-level names to drone_msgs.egg-info/top_level.txt
writing manifest file 'drone_msgs.egg-info/SOURCES.txt'
reading manifest file 'drone_msgs.egg-info/SOURCES.txt'
writing manifest file 'drone_msgs.egg-info/SOURCES.txt'
[  5%] Built target ament_cmake_python_build_drone_msgs_egg
[  7%] [32mBuilding C object CMakeFiles/drone_msgs__rosidl_generator_c.dir/rosidl_generator_c/drone_msgs/msg/detail/aruco_detection_array__functions.c.o[0m
[  8%] [32mBuilding C object CMakeFiles/drone_msgs__rosidl_generator_c.dir/rosidl_generator_c/drone_msgs/msg/detail/aruco_detection__functions.c.o[0m
[ 10%] [32mBuilding C object CMakeFiles/drone_msgs__rosidl_generator_c.dir/rosidl_generator_c/drone_msgs/msg/detail/marker_pose__functions.c.o[0m
[ 12%] [32mBuilding C object CMakeFiles/drone_msgs__rosidl_generator_c.dir/rosidl_generator_c/drone_msgs/msg/detail/marker_pose_array__functions.c.o[0m
[ 12%] Built target drone_msgs__cpp
[ 14%] [32m[1mLinking C shared library libdrone_msgs__rosidl_generator_c.so[0m
[ 16%] [34m[1mGenerating C++ type support for eProsima Fast-RTPS[0m
[ 17%] [34m[1mGenerating C++ type support dispatch for ROS interfaces[0m
[ 19%] [34m[1mGenerating C++ introspection for ROS interfaces[0m
[ 19%] Built target drone_msgs__rosidl_generator_c
[ 21%] [34m[1mGenerating C type support for eProsima Fast-RTPS[0m
[ 23%] [32mBuilding CXX object CMakeFiles/drone_msgs__rosidl_typesupport_cpp.dir/rosidl_typesupport_cpp/drone_msgs/msg/aruco_detection__type_support.cpp.o[0m
[ 25%] [32mBuilding CXX object CMakeFiles/drone_msgs__rosidl_typesupport_introspection_cpp.dir/rosidl_typesupport_introspection_cpp/drone_msgs/msg/detail/aruco_detection__type_support.cpp.o[0m
[ 26%] [32mBuilding CXX object CMakeFiles/drone_msgs__rosidl_typesupport_fastrtps_cpp.dir/rosidl_typesupport_fastrtps_cpp/drone_msgs/msg/detail/dds_fastrtps/aruco_detection__type_support.cpp.o[0m
[ 28%] [32mBuilding CXX object CMakeFiles/drone_msgs__rosidl_typesupport_fastrtps_c.dir/rosidl_typesupport_fastrtps_c/drone_msgs/msg/detail/aruco_detection__type_support_c.cpp.o[0m
[ 30%] [32mBuilding CXX object CMakeFiles/drone_msgs__rosidl_typesupport_cpp.dir/rosidl_typesupport_cpp/drone_msgs/msg/aruco_detection_array__type_support.cpp.o[0m
[ 32%] [32mBuilding CXX object CMakeFiles/drone_msgs__rosidl_typesupport_fastrtps_c.dir/rosidl_typesupport_fastrtps_c/drone_msgs/msg/detail/aruco_detection_array__type_support_c.cpp.o[0m
[ 33%] [32mBuilding CXX object CMakeFiles/drone_msgs__rosidl_typesupport_fastrtps_cpp.dir/rosidl_typesupport_fastrtps_cpp/drone_msgs/msg/detail/dds_fastrtps/aruco_detection_array__type_support.cpp.o[0m
[ 35%] [32mBuilding CXX object CMakeFiles/drone_msgs__rosidl_typesupport_introspection_cpp.dir/rosidl_typesupport_introspection_cpp/drone_msgs/msg/detail/aruco_detection_array__type_support.cpp.o[0m
[ 37%] [32mBuilding CXX object CMakeFiles/drone_msgs__rosidl_typesupport_cpp.dir/rosidl_typesupport_cpp/drone_msgs/msg/marker_pose__type_support.cpp.o[0m
[ 39%] [32mBuilding CXX object CMakeFiles/drone_msgs__rosidl_typesupport_fastrtps_c.dir/rosidl_typesupport_fastrtps_c/drone_msgs/msg/detail/marker_pose__type_support_c.cpp.o[0m
[ 41%] [32mBuilding CXX object CMakeFiles/drone_msgs__rosidl_typesupport_introspection_cpp.dir/rosidl_typesupport_introspection_cpp/drone_msgs/msg/detail/marker_pose__type_support.cpp.o[0m
[ 42%] [32mBuilding CXX object CMakeFiles/drone_msgs__rosidl_typesupport_cpp.dir/rosidl_typesupport_cpp/drone_msgs/msg/marker_pose_array__type_support.cpp.o[0m
[ 44%] [32mBuilding CXX object CMakeFiles/drone_msgs__rosidl_typesupport_fastrtps_cpp.dir/rosidl_typesupport_fastrtps_cpp/drone_msgs/msg/detail/dds_fastrtps/marker_pose__type_support.cpp.o[0m
[ 46%] [32m[1mLinking CXX shared library libdrone_msgs__rosidl_typesupport_cpp.so[0m
[ 46%] Built target drone_msgs__rosidl_typesupport_cpp
[ 48%] [32mBuilding CXX object CMakeFiles/drone_msgs__rosidl_typesupport_fastrtps_c.dir/rosidl_typesupport_fastrtps_c/drone_msgs/msg/detail/marker_pose_array__type_support_c.cpp.o[0m
[ 50%] [34m[1mGenerating C introspection for ROS interfaces[0m
[ 51%] [32mBuilding CXX object CMakeFiles/drone_msgs__rosidl_typesupport_introspection_cpp.dir/rosidl_typesupport_introspection_cpp/drone_msgs/msg/detail/marker_pose_array__type_support.cpp.o[0m
[ 53%] [32mBuilding CXX object CMakeFiles/drone_msgs__rosidl_typesupport_fastrtps_cpp.dir/rosidl_typesupport_fastrtps_cpp/drone_msgs/msg/detail/dds_fastrtps/marker_pose_array__type_support.cpp.o[0m
[ 55%] [32m[1mLinking CXX shared library libdrone_msgs__rosidl_typesupport_fastrtps_c.so[0m
[ 55%] Built target drone_msgs__rosidl_typesupport_fastrtps_c
[ 57%] [32mBuilding C object CMakeFiles/drone_msgs__rosidl_typesupport_introspection_c.dir/rosidl_typesupport_introspection_c/drone_msgs/msg/detail/aruco_detection__type_support.c.o[0m
[ 58%] [34m[1mGenerating C type support dispatch for ROS interfaces[0m
[ 60%] [32mBuilding C object CMakeFiles/drone_msgs__rosidl_typesupport_introspection_c.dir/rosidl_typesupport_introspection_c/drone_msgs/msg/detail/aruco_detection_array__type_support.c.o[0m
[ 62%] [32mBuilding C object CMakeFiles/drone_msgs__rosidl_typesupport_introspection_c.dir/rosidl_typesupport_introspection_c/drone_msgs/msg/detail/marker_pose__type_support.c.o[0m
[ 64%] [32mBuilding C object CMakeFiles/drone_msgs__rosidl_typesupport_introspection_c.dir/rosidl_typesupport_introspection_c/drone_msgs/msg/detail/marker_pose_array__type_support.c.o[0m
[ 66%] [32m[1mLinking CXX shared library libdrone_msgs__rosidl_typesupport_introspection_cpp.so[0m
[ 67%] [32m[1mLinking C shared library libdrone_msgs__rosidl_typesupport_introspection_c.so[0m
[ 67%] Built target drone_msgs__rosidl_typesupport_introspection_cpp
[ 69%] [32m[1mLinking CXX shared library libdrone_msgs__rosidl_typesupport_fastrtps_cpp.so[0m
[ 69%] Built target drone_msgs__rosidl_typesupport_introspection_c
[ 69%] Built target drone_msgs__rosidl_typesupport_fastrtps_cpp
[ 71%] [32mBuilding CXX object CMakeFiles/drone_msgs__rosidl_typesupport_c.dir/rosidl_typesupport_c/drone_msgs/msg/aruco_detection_array__type_support.cpp.o[0m
[ 73%] [32mBuilding CXX object CMakeFiles/drone_msgs__rosidl_typesupport_c.dir/rosidl_typesupport_c/drone_msgs/msg/aruco_detection__type_support.cpp.o[0m
[ 75%] [32mBuilding CXX object CMakeFiles/drone_msgs__rosidl_typesupport_c.dir/rosidl_typesupport_c/drone_msgs/msg/marker_pose__type_support.cpp.o[0m
[ 76%] [32mBuilding CXX object CMakeFiles/drone_msgs__rosidl_typesupport_c.dir/rosidl_typesupport_c/drone_msgs/msg/marker_pose_array__type_support.cpp.o[0m
[ 78%] [32m[1mLinking CXX shared library libdrone_msgs__rosidl_typesupport_c.so[0m
[ 78%] Built target drone_msgs__rosidl_typesupport_c
[ 78%] Built target drone_msgs
[ 80%] [34m[1mGenerating Python code for ROS interfaces[0m
[ 80%] Built target drone_msgs__py
[ 85%] [32mBuilding C object CMakeFiles/drone_msgs__rosidl_generator_py.dir/rosidl_generator_py/drone_msgs/msg/_marker_pose_s.c.o[0m
[ 85%] [32mBuilding C object CMakeFiles/drone_msgs__rosidl_generator_py.dir/rosidl_generator_py/drone_msgs/msg/_aruco_detection_s.c.o[0m
[ 85%] [32mBuilding C object CMakeFiles/drone_msgs__rosidl_generator_py.dir/rosidl_generator_py/drone_msgs/msg/_aruco_detection_array_s.c.o[0m
[ 87%] [32mBuilding C object CMakeFiles/drone_msgs__rosidl_generator_py.dir/rosidl_generator_py/drone_msgs/msg/_marker_pose_array_s.c.o[0m
[ 89%] [32m[1mLinking C shared library rosidl_generator_py/drone_msgs/libdrone_msgs__rosidl_generator_py.so[0m
[ 89%] Built target drone_msgs__rosidl_generator_py
[ 91%] [32mBuilding C object CMakeFiles/drone_msgs__rosidl_typesupport_fastrtps_c__pyext.dir/rosidl_generator_py/drone_msgs/_drone_msgs_s.ep.rosidl_typesupport_fastrtps_c.c.o[0m
[ 92%] [32mBuilding C object CMakeFiles/drone_msgs__rosidl_typesupport_introspection_c__pyext.dir/rosidl_generator_py/drone_msgs/_drone_msgs_s.ep.rosidl_typesupport_introspection_c.c.o[0m
[ 94%] [32mBuilding C object CMakeFiles/drone_msgs__rosidl_typesupport_c__pyext.dir/rosidl_generator_py/drone_msgs/_drone_msgs_s.ep.rosidl_typesupport_c.c.o[0m
[ 96%] [32m[1mLinking C shared library rosidl_generator_py/drone_msgs/drone_msgs_s__rosidl_typesupport_introspection_c.cpython-310-aarch64-linux-gnu.so[0m
[ 98%] [32m[1mLinking C shared library rosidl_generator_py/drone_msgs/drone_msgs_s__rosidl_typesupport_c.cpython-310-aarch64-linux-gnu.so[0m
[100%] [32m[1mLinking C shared library rosidl_generator_py/drone_msgs/drone_msgs_s__rosidl_typesupport_fastrtps_c.cpython-310-aarch64-linux-gnu.so[0m
[100%] Built target drone_msgs__rosidl_typesupport_c__pyext
[100%] Built target drone_msgs__rosidl_typesupport_fastrtps_c__pyext
[100%] Built target drone_msgs__rosidl_typesupport_introspection_c__pyext
-- Install configuration: ""
-- Installing: /home/drone/drone_ws/install/drone_msgs/share/ament_index/resource_index/rosidl_interfaces/drone_msgs
-- Installing: /home/drone/drone_ws/install/drone_msgs/include/drone_msgs/drone_msgs
-- Installing: /home/drone/drone_ws/install/drone_msgs/include/drone_msgs/drone_msgs/msg
-- Installing: /home/drone/drone_ws/install/drone_msgs/include/drone_msgs/drone_msgs/msg/aruco_detection_array.h
-- Installing: /home/drone/drone_ws/install/drone_msgs/include/drone_msgs/drone_msgs/msg/aruco_detection.h
-- Installing: /home/drone/drone_ws/install/drone_msgs/include/drone_msgs/drone_msgs/msg/rosidl_generator_c__visibility_control.h
-- Installing: /home/drone/drone_ws/install/drone_msgs/include/drone_msgs/drone_msgs/msg/marker_pose.h
-- Installing: /home/drone/drone_ws/install/drone_msgs/include/drone_msgs/drone_msgs/msg/detail
-- Installing: /home/drone/drone_ws/install/drone_msgs/include/drone_msgs/drone_msgs/msg/detail/aruco_detection__functions.h
-- Installing: /home/drone/drone_ws/install/drone_msgs/include/drone_msgs/drone_msgs/msg/detail/aruco_detection__struct.h
-- Installing: /home/drone/drone_ws/install/drone_msgs/include/drone_msgs/drone_msgs/msg/detail/marker_pose_array__functions.h
-- Installing: /home/drone/drone_ws/install/drone_msgs/include/drone_msgs/drone_msgs/msg/detail/aruco_detection_array__type_support.h
-- Installing: /home/drone/drone_ws/install/drone_msgs/include/drone_msgs/drone_msgs/msg/detail/aruco_detection_array__struct.h
-- Installing: /home/drone/drone_ws/install/drone_msgs/include/drone_msgs/drone_msgs/msg/detail/aruco_detection__functions.c
-- Installing: /home/drone/drone_ws/install/drone_msgs/include/drone_msgs/drone_msgs/msg/detail/marker_pose_array__functions.c
-- Installing: /home/drone/drone_ws/install/drone_msgs/include/drone_msgs/drone_msgs/msg/detail/marker_pose__functions.h
-- Installing: /home/drone/drone_ws/install/drone_msgs/include/drone_msgs/drone_msgs/msg/detail/aruco_detection__type_support.h
-- Installing: /home/drone/drone_ws/install/drone_msgs/include/drone_msgs/drone_msgs/msg/detail/aruco_detection_array__functions.c
-- Installing: /home/drone/drone_ws/install/drone_msgs/include/drone_msgs/drone_msgs/msg/detail/marker_pose__struct.h
-- Installing: /home/drone/drone_ws/install/drone_msgs/include/drone_msgs/drone_msgs/msg/detail/aruco_detection_array__functions.h
-- Installing: /home/drone/drone_ws/install/drone_msgs/include/drone_msgs/drone_msgs/msg/detail/marker_pose__type_support.h
-- Installing: /home/drone/drone_ws/install/drone_msgs/include/drone_msgs/drone_msgs/msg/detail/marker_pose__functions.c
-- Installing: /home/drone/drone_ws/install/drone_msgs/include/drone_msgs/drone_msgs/msg/detail/marker_pose_array__struct.h
-- Installing: /home/drone/drone_ws/install/drone_msgs/include/drone_msgs/drone_msgs/msg/detail/marker_pose_array__type_support.h
-- Installing: /home/drone/drone_ws/install/drone_msgs/include/drone_msgs/drone_msgs/msg/marker_pose_array.h
-- Installing: /home/drone/drone_ws/install/drone_msgs/share/drone_msgs/environment/library_path.sh
-- Installing: /home/drone/drone_ws/install/drone_msgs/share/drone_msgs/environment/library_path.dsv
-- Installing: /home/drone/drone_ws/install/drone_msgs/lib/libdrone_msgs__rosidl_generator_c.so
-- Set runtime path of "/home/drone/drone_ws/install/drone_msgs/lib/libdrone_msgs__rosidl_generator_c.so" to ""
-- Up-to-date: /home/drone/drone_ws/install/drone_msgs/include/drone_msgs/drone_msgs
-- Up-to-date: /home/drone/drone_ws/install/drone_msgs/include/drone_msgs/drone_msgs/msg
-- Up-to-date: /home/drone/drone_ws/install/drone_msgs/include/drone_msgs/drone_msgs/msg/detail
-- Installing: /home/drone/drone_ws/install/drone_msgs/include/drone_msgs/drone_msgs/msg/detail/aruco_detection_array__rosidl_typesupport_fastrtps_c.h
-- Installing: /home/drone/drone_ws/install/drone_msgs/include/drone_msgs/drone_msgs/msg/detail/marker_pose_array__rosidl_typesupport_fastrtps_c.h
-- Installing: /home/drone/drone_ws/install/drone_msgs/include/drone_msgs/drone_msgs/msg/detail/marker_pose__rosidl_typesupport_fastrtps_c.h
-- Installing: /home/drone/drone_ws/install/drone_msgs/include/drone_msgs/drone_msgs/msg/detail/aruco_detection__rosidl_typesupport_fastrtps_c.h
-- Installing: /home/drone/drone_ws/install/drone_msgs/include/drone_msgs/drone_msgs/msg/rosidl_typesupport_fastrtps_c__visibility_control.h
-- Installing: /home/drone/drone_ws/install/drone_msgs/lib/libdrone_msgs__rosidl_typesupport_fastrtps_c.so
-- Set runtime path of "/home/drone/drone_ws/install/drone_msgs/lib/libdrone_msgs__rosidl_typesupport_fastrtps_c.so" to ""
-- Up-to-date: /home/drone/drone_ws/install/drone_msgs/include/drone_msgs/drone_msgs
-- Up-to-date: /home/drone/drone_ws/install/drone_msgs/include/drone_msgs/drone_msgs/msg
-- Up-to-date: /home/drone/drone_ws/install/drone_msgs/include/drone_msgs/drone_msgs/msg/detail
-- Installing: /home/drone/drone_ws/install/drone_msgs/include/drone_msgs/drone_msgs/msg/detail/aruco_detection_array__type_support.c
-- Installing: /home/drone/drone_ws/install/drone_msgs/include/drone_msgs/drone_msgs/msg/detail/marker_pose__rosidl_typesupport_introspection_c.h
-- Installing: /home/drone/drone_ws/install/drone_msgs/include/drone_msgs/drone_msgs/msg/detail/aruco_detection__rosidl_typesupport_introspection_c.h
-- Installing: /home/drone/drone_ws/install/drone_msgs/include/drone_msgs/drone_msgs/msg/detail/marker_pose__type_support.c
-- Installing: /home/drone/drone_ws/install/drone_msgs/include/drone_msgs/drone_msgs/msg/detail/aruco_detection__type_support.c
-- Installing: /home/drone/drone_ws/install/drone_msgs/include/drone_msgs/drone_msgs/msg/detail/aruco_detection_array__rosidl_typesupport_introspection_c.h
-- Installing: /home/drone/drone_ws/install/drone_msgs/include/drone_msgs/drone_msgs/msg/detail/marker_pose_array__type_support.c
-- Installing: /home/drone/drone_ws/install/drone_msgs/include/drone_msgs/drone_msgs/msg/detail/marker_pose_array__rosidl_typesupport_introspection_c.h
-- Installing: /home/drone/drone_ws/install/drone_msgs/include/drone_msgs/drone_msgs/msg/rosidl_typesupport_introspection_c__visibility_control.h
-- Installing: /home/drone/drone_ws/install/drone_msgs/lib/libdrone_msgs__rosidl_typesupport_introspection_c.so
-- Set runtime path of "/home/drone/drone_ws/install/drone_msgs/lib/libdrone_msgs__rosidl_typesupport_introspection_c.so" to ""
-- Installing: /home/drone/drone_ws/install/drone_msgs/lib/libdrone_msgs__rosidl_typesupport_c.so
-- Set runtime path of "/home/drone/drone_ws/install/drone_msgs/lib/libdrone_msgs__rosidl_typesupport_c.so" to ""
-- Up-to-date: /home/drone/drone_ws/install/drone_msgs/include/drone_msgs/drone_msgs
-- Up-to-date: /home/drone/drone_ws/install/drone_msgs/include/drone_msgs/drone_msgs/msg
-- Installing: /home/drone/drone_ws/install/drone_msgs/include/drone_msgs/drone_msgs/msg/rosidl_generator_cpp__visibility_control.hpp
-- Installing: /home/drone/drone_ws/install/drone_msgs/include/drone_msgs/drone_msgs/msg/marker_pose.hpp
-- Up-to-date: /home/drone/drone_ws/install/drone_msgs/include/drone_msgs/drone_msgs/msg/detail
-- Installing: /home/drone/drone_ws/install/drone_msgs/include/drone_msgs/drone_msgs/msg/detail/marker_pose__builder.hpp
-- Installing: /home/drone/drone_ws/install/drone_msgs/include/drone_msgs/drone_msgs/msg/detail/marker_pose_array__builder.hpp
-- Installing: /home/drone/drone_ws/install/drone_msgs/include/drone_msgs/drone_msgs/msg/detail/aruco_detection_array__traits.hpp
-- Installing: /home/drone/drone_ws/install/drone_msgs/include/drone_msgs/drone_msgs/msg/detail/marker_pose__traits.hpp
-- Installing: /home/drone/drone_ws/install/drone_msgs/include/drone_msgs/drone_msgs/msg/detail/marker_pose__type_support.hpp
-- Installing: /home/drone/drone_ws/install/drone_msgs/include/drone_msgs/drone_msgs/msg/detail/aruco_detection_array__struct.hpp
-- Installing: /home/drone/drone_ws/install/drone_msgs/include/drone_msgs/drone_msgs/msg/detail/marker_pose_array__type_support.hpp
-- Installing: /home/drone/drone_ws/install/drone_msgs/include/drone_msgs/drone_msgs/msg/detail/marker_pose_array__struct.hpp
-- Installing: /home/drone/drone_ws/install/drone_msgs/include/drone_msgs/drone_msgs/msg/detail/aruco_detection_array__type_support.hpp
-- Installing: /home/drone/drone_ws/install/drone_msgs/include/drone_msgs/drone_msgs/msg/detail/aruco_detection__struct.hpp
-- Installing: /home/drone/drone_ws/install/drone_msgs/include/drone_msgs/drone_msgs/msg/detail/aruco_detection_array__builder.hpp
-- Installing: /home/drone/drone_ws/install/drone_msgs/include/drone_msgs/drone_msgs/msg/detail/marker_pose_array__traits.hpp
-- Installing: /home/drone/drone_ws/install/drone_msgs/include/drone_msgs/drone_msgs/msg/detail/aruco_detection__traits.hpp
-- Installing: /home/drone/drone_ws/install/drone_msgs/include/drone_msgs/drone_msgs/msg/detail/aruco_detection__builder.hpp
-- Installing: /home/drone/drone_ws/install/drone_msgs/include/drone_msgs/drone_msgs/msg/detail/marker_pose__struct.hpp
-- Installing: /home/drone/drone_ws/install/drone_msgs/include/drone_msgs/drone_msgs/msg/detail/aruco_detection__type_support.hpp
-- Installing: /home/drone/drone_ws/install/drone_msgs/include/drone_msgs/drone_msgs/msg/aruco_detection.hpp
-- Installing: /home/drone/drone_ws/install/drone_msgs/include/drone_msgs/drone_msgs/msg/marker_pose_array.hpp
-- Installing: /home/drone/drone_ws/install/drone_msgs/include/drone_msgs/drone_msgs/msg/aruco_detection_array.hpp
-- Up-to-date: /home/drone/drone_ws/install/drone_msgs/include/drone_msgs/drone_msgs
-- Up-to-date: /home/drone/drone_ws/install/drone_msgs/include/drone_msgs/drone_msgs/msg
-- Installing: /home/drone/drone_ws/install/drone_msgs/include/drone_msgs/drone_msgs/msg/rosidl_typesupport_fastrtps_cpp__visibility_control.h
-- Up-to-date: /home/drone/drone_ws/install/drone_msgs/include/drone_msgs/drone_msgs/msg/detail
-- Installing: /home/drone/drone_ws/install/drone_msgs/include/drone_msgs/drone_msgs/msg/detail/aruco_detection__rosidl_typesupport_fastrtps_cpp.hpp
-- Installing: /home/drone/drone_ws/install/drone_msgs/include/drone_msgs/drone_msgs/msg/detail/dds_fastrtps
-- Installing: /home/drone/drone_ws/install/drone_msgs/include/drone_msgs/drone_msgs/msg/detail/marker_pose__rosidl_typesupport_fastrtps_cpp.hpp
-- Installing: /home/drone/drone_ws/install/drone_msgs/include/drone_msgs/drone_msgs/msg/detail/marker_pose_array__rosidl_typesupport_fastrtps_cpp.hpp
-- Installing: /home/drone/drone_ws/install/drone_msgs/include/drone_msgs/drone_msgs/msg/detail/aruco_detection_array__rosidl_typesupport_fastrtps_cpp.hpp
-- Installing: /home/drone/drone_ws/install/drone_msgs/lib/libdrone_msgs__rosidl_typesupport_fastrtps_cpp.so
-- Set runtime path of "/home/drone/drone_ws/install/drone_msgs/lib/libdrone_msgs__rosidl_typesupport_fastrtps_cpp.so" to ""
-- Up-to-date: /home/drone/drone_ws/install/drone_msgs/include/drone_msgs/drone_msgs
-- Up-to-date: /home/drone/drone_ws/install/drone_msgs/include/drone_msgs/drone_msgs/msg
-- Up-to-date: /home/drone/drone_ws/install/drone_msgs/include/drone_msgs/drone_msgs/msg/detail
-- Installing: /home/drone/drone_ws/install/drone_msgs/include/drone_msgs/drone_msgs/msg/detail/aruco_detection__rosidl_typesupport_introspection_cpp.hpp
-- Installing: /home/drone/drone_ws/install/drone_msgs/include/drone_msgs/drone_msgs/msg/detail/marker_pose__rosidl_typesupport_introspection_cpp.hpp
-- Installing: /home/drone/drone_ws/install/drone_msgs/include/drone_msgs/drone_msgs/msg/detail/aruco_detection_array__type_support.cpp
-- Installing: /home/drone/drone_ws/install/drone_msgs/include/drone_msgs/drone_msgs/msg/detail/marker_pose_array__rosidl_typesupport_introspection_cpp.hpp
-- Installing: /home/drone/drone_ws/install/drone_msgs/include/drone_msgs/drone_msgs/msg/detail/aruco_detection__type_support.cpp
-- Installing: /home/drone/drone_ws/install/drone_msgs/include/drone_msgs/drone_msgs/msg/detail/aruco_detection_array__rosidl_typesupport_introspection_cpp.hpp
-- Installing: /home/drone/drone_ws/install/drone_msgs/include/drone_msgs/drone_msgs/msg/detail/marker_pose__type_support.cpp
-- Installing: /home/drone/drone_ws/install/drone_msgs/include/drone_msgs/drone_msgs/msg/detail/marker_pose_array__type_support.cpp
-- Installing: /home/drone/drone_ws/install/drone_msgs/lib/libdrone_msgs__rosidl_typesupport_introspection_cpp.so
-- Set runtime path of "/home/drone/drone_ws/install/drone_msgs/lib/libdrone_msgs__rosidl_typesupport_introspection_cpp.so" to ""
-- Installing: /home/drone/drone_ws/install/drone_msgs/lib/libdrone_msgs__rosidl_typesupport_cpp.so
-- Set runtime path of "/home/drone/drone_ws/install/drone_msgs/lib/libdrone_msgs__rosidl_typesupport_cpp.so" to ""
-- Installing: /home/drone/drone_ws/install/drone_msgs/share/drone_msgs/environment/pythonpath.sh
-- Installing: /home/drone/drone_ws/install/drone_msgs/share/drone_msgs/environment/pythonpath.dsv
-- Installing: /home/drone/drone_ws/install/drone_msgs/local/lib/python3.10/dist-packages/drone_msgs-0.0.0-py3.10.egg-info
-- Installing: /home/drone/drone_ws/install/drone_msgs/local/lib/python3.10/dist-packages/drone_msgs-0.0.0-py3.10.egg-info/PKG-INFO
-- Installing: /home/drone/drone_ws/install/drone_msgs/local/lib/python3.10/dist-packages/drone_msgs-0.0.0-py3.10.egg-info/top_level.txt
-- Installing: /home/drone/drone_ws/install/drone_msgs/local/lib/python3.10/dist-packages/drone_msgs-0.0.0-py3.10.egg-info/dependency_links.txt
-- Installing: /home/drone/drone_ws/install/drone_msgs/local/lib/python3.10/dist-packages/drone_msgs-0.0.0-py3.10.egg-info/SOURCES.txt
-- Installing: /home/drone/drone_ws/install/drone_msgs/local/lib/python3.10/dist-packages/drone_msgs
-- Installing: /home/drone/drone_ws/install/drone_msgs/local/lib/python3.10/dist-packages/drone_msgs/drone_msgs_s__rosidl_typesupport_c.cpython-310-aarch64-linux-gnu.so
-- Installing: /home/drone/drone_ws/install/drone_msgs/local/lib/python3.10/dist-packages/drone_msgs/msg
-- Installing: /home/drone/drone_ws/install/drone_msgs/local/lib/python3.10/dist-packages/drone_msgs/msg/_aruco_detection.py
-- Installing: /home/drone/drone_ws/install/drone_msgs/local/lib/python3.10/dist-packages/drone_msgs/msg/_marker_pose.py
-- Installing: /home/drone/drone_ws/install/drone_msgs/local/lib/python3.10/dist-packages/drone_msgs/msg/_aruco_detection_s.c
-- Installing: /home/drone/drone_ws/install/drone_msgs/local/lib/python3.10/dist-packages/drone_msgs/msg/_aruco_detection_array_s.c
-- Installing: /home/drone/drone_ws/install/drone_msgs/local/lib/python3.10/dist-packages/drone_msgs/msg/__init__.py
-- Installing: /home/drone/drone_ws/install/drone_msgs/local/lib/python3.10/dist-packages/drone_msgs/msg/_marker_pose_s.c
-- Installing: /home/drone/drone_ws/install/drone_msgs/local/lib/python3.10/dist-packages/drone_msgs/msg/_marker_pose_array_s.c
-- Installing: /home/drone/drone_ws/install/drone_msgs/local/lib/python3.10/dist-packages/drone_msgs/msg/_marker_pose_array.py
-- Installing: /home/drone/drone_ws/install/drone_msgs/local/lib/python3.10/dist-packages/drone_msgs/msg/_aruco_detection_array.py
-- Installing: /home/drone/drone_ws/install/drone_msgs/local/lib/python3.10/dist-packages/drone_msgs/drone_msgs_s__rosidl_typesupport_fastrtps_c.cpython-310-aarch64-linux-gnu.so
-- Installing: /home/drone/drone_ws/install/drone_msgs/local/lib/python3.10/dist-packages/drone_msgs/__init__.py
-- Installing: /home/drone/drone_ws/install/drone_msgs/local/lib/python3.10/dist-packages/drone_msgs/_drone_msgs_s.ep.rosidl_typesupport_introspection_c.c
-- Installing: /home/drone/drone_ws/install/drone_msgs/local/lib/python3.10/dist-packages/drone_msgs/drone_msgs_s__rosidl_typesupport_introspection_c.cpython-310-aarch64-linux-gnu.so
-- Installing: /home/drone/drone_ws/install/drone_msgs/local/lib/python3.10/dist-packages/drone_msgs/_drone_msgs_s.ep.rosidl_typesupport_c.c
-- Installing: /home/drone/drone_ws/install/drone_msgs/local/lib/python3.10/dist-packages/drone_msgs/_drone_msgs_s.ep.rosidl_typesupport_fastrtps_c.c
-- Installing: /home/drone/drone_ws/install/drone_msgs/local/lib/python3.10/dist-packages/drone_msgs/libdrone_msgs__rosidl_generator_py.so
Listing '/home/drone/drone_ws/install/drone_msgs/local/lib/python3.10/dist-packages/drone_msgs'...
Compiling '/home/drone/drone_ws/install/drone_msgs/local/lib/python3.10/dist-packages/drone_msgs/__init__.py'...
Listing '/home/drone/drone_ws/install/drone_msgs/local/lib/python3.10/dist-packages/drone_msgs/msg'...
Compiling '/home/drone/drone_ws/install/drone_msgs/local/lib/python3.10/dist-packages/drone_msgs/msg/__init__.py'...
Compiling '/home/drone/drone_ws/install/drone_msgs/local/lib/python3.10/dist-packages/drone_msgs/msg/_aruco_detection.py'...
Compiling '/home/drone/drone_ws/install/drone_msgs/local/lib/python3.10/dist-packages/drone_msgs/msg/_aruco_detection_array.py'...
Compiling '/home/drone/drone_ws/install/drone_msgs/local/lib/python3.10/dist-packages/drone_msgs/msg/_marker_pose.py'...
Compiling '/home/drone/drone_ws/install/drone_msgs/local/lib/python3.10/dist-packages/drone_msgs/msg/_marker_pose_array.py'...
-- Installing: /home/drone/drone_ws/install/drone_msgs/local/lib/python3.10/dist-packages/drone_msgs/drone_msgs_s__rosidl_typesupport_fastrtps_c.cpython-310-aarch64-linux-gnu.so
-- Set runtime path of "/home/drone/drone_ws/install/drone_msgs/local/lib/python3.10/dist-packages/drone_msgs/drone_msgs_s__rosidl_typesupport_fastrtps_c.cpython-310-aarch64-linux-gnu.so" to ""
-- Installing: /home/drone/drone_ws/install/drone_msgs/local/lib/python3.10/dist-packages/drone_msgs/drone_msgs_s__rosidl_typesupport_introspection_c.cpython-310-aarch64-linux-gnu.so
-- Set runtime path of "/home/drone/drone_ws/install/drone_msgs/local/lib/python3.10/dist-packages/drone_msgs/drone_msgs_s__rosidl_typesupport_introspection_c.cpython-310-aarch64-linux-gnu.so" to ""
-- Installing: /home/drone/drone_ws/install/drone_msgs/local/lib/python3.10/dist-packages/drone_msgs/drone_msgs_s__rosidl_typesupport_c.cpython-310-aarch64-linux-gnu.so
-- Set runtime path of "/home/drone/drone_ws/install/drone_msgs/local/lib/python3.10/dist-packages/drone_msgs/drone_msgs_s__rosidl_typesupport_c.cpython-310-aarch64-linux-gnu.so" to ""
-- Installing: /home/drone/drone_ws/install/drone_msgs/lib/libdrone_msgs__rosidl_generator_py.so
-- Set runtime path of "/home/drone/drone_ws/install/drone_msgs/lib/libdrone_msgs__rosidl_generator_py.so" to ""
-- Installing: /home/drone/drone_ws/install/drone_msgs/share/ament_index/resource_index/rust_packages/drone_msgs
-- Installing: /home/drone/drone_ws/install/drone_msgs/share/drone_msgs/rust
-- Installing: /home/drone/drone_ws/install/drone_msgs/share/drone_msgs/rust/Cargo.toml
-- Installing: /home/drone/drone_ws/install/drone_msgs/share/drone_msgs/rust/src
-- Installing: /home/drone/drone_ws/install/drone_msgs/share/drone_msgs/rust/src/msg
-- Installing: /home/drone/drone_ws/install/drone_msgs/share/drone_msgs/rust/src/msg/rmw.rs
-- Installing: /home/drone/drone_ws/install/drone_msgs/share/drone_msgs/rust/src/msg.rs
-- Installing: /home/drone/drone_ws/install/drone_msgs/share/drone_msgs/rust/src/lib.rs
-- Installing: /home/drone/drone_ws/install/drone_msgs/share/drone_msgs/rust/build.rs
-- Installing: /home/drone/drone_ws/install/drone_msgs/share/drone_msgs/msg/ArucoDetection.idl
-- Installing: /home/drone/drone_ws/install/drone_msgs/share/drone_msgs/msg/ArucoDetectionArray.idl
-- Installing: /home/drone/drone_ws/install/drone_msgs/share/drone_msgs/msg/MarkerPose.idl
-- Installing: /home/drone/drone_ws/install/drone_msgs/share/drone_msgs/msg/MarkerPoseArray.idl
-- Installing: /home/drone/drone_ws/install/drone_msgs/share/drone_msgs/msg/ArucoDetection.msg
-- Installing: /home/drone/drone_ws/install/drone_msgs/share/drone_msgs/msg/ArucoDetectionArray.msg
-- Installing: /home/drone/drone_ws/install/drone_msgs/share/drone_msgs/msg/MarkerPose.msg
-- Installing: /home/drone/drone_ws/install/drone_msgs/share/drone_msgs/msg/MarkerPoseArray.msg
-- Installing: /home/drone/drone_ws/install/drone_msgs/share/ament_index/resource_index/package_run_dependencies/drone_msgs
-- Installing: /home/drone/drone_ws/install/drone_msgs/share/ament_index/resource_index/parent_prefix_path/drone_msgs
-- Installing: /home/drone/drone_ws/install/drone_msgs/share/drone_msgs/environment/ament_prefix_path.sh
-- Installing: /home/drone/drone_ws/install/drone_msgs/share/drone_msgs/environment/ament_prefix_path.dsv
-- Installing: /home/drone/drone_ws/install/drone_msgs/share/drone_msgs/environment/path.sh
-- Installing: /home/drone/drone_ws/install/drone_msgs/share/drone_msgs/environment/path.dsv
-- Installing: /home/drone/drone_ws/install/drone_msgs/share/drone_msgs/local_setup.bash
-- Installing: /home/drone/drone_ws/install/drone_msgs/share/drone_msgs/local_setup.sh
-- Installing: /home/drone/drone_ws/install/drone_msgs/share/drone_msgs/local_setup.zsh
-- Installing: /home/drone/drone_ws/install/drone_msgs/share/drone_msgs/local_setup.dsv
-- Installing: /home/drone/drone_ws/install/drone_msgs/share/drone_msgs/package.dsv
-- Installing: /home/drone/drone_ws/install/drone_msgs/share/ament_index/resource_index/packages/drone_msgs
-- Installing: /home/drone/drone_ws/install/drone_msgs/share/drone_msgs/cmake/export_drone_msgs__rosidl_generator_cExport.cmake
-- Installing: /home/drone/drone_ws/install/drone_msgs/share/drone_msgs/cmake/export_drone_msgs__rosidl_generator_cExport-noconfig.cmake
-- Installing: /home/drone/drone_ws/install/drone_msgs/share/drone_msgs/cmake/export_drone_msgs__rosidl_typesupport_fastrtps_cExport.cmake
-- Installing: /home/drone/drone_ws/install/drone_msgs/share/drone_msgs/cmake/export_drone_msgs__rosidl_typesupport_fastrtps_cExport-noconfig.cmake
-- Installing: /home/drone/drone_ws/install/drone_msgs/share/drone_msgs/cmake/drone_msgs__rosidl_typesupport_introspection_cExport.cmake
-- Installing: /home/drone/drone_ws/install/drone_msgs/share/drone_msgs/cmake/drone_msgs__rosidl_typesupport_introspection_cExport-noconfig.cmake
-- Installing: /home/drone/drone_ws/install/drone_msgs/share/drone_msgs/cmake/drone_msgs__rosidl_typesupport_cExport.cmake
-- Installing: /home/drone/drone_ws/install/drone_msgs/share/drone_msgs/cmake/drone_msgs__rosidl_typesupport_cExport-noconfig.cmake
-- Installing: /home/drone/drone_ws/install/drone_msgs/share/drone_msgs/cmake/export_drone_msgs__rosidl_generator_cppExport.cmake
-- Installing: /home/drone/drone_ws/install/drone_msgs/share/drone_msgs/cmake/export_drone_msgs__rosidl_typesupport_fastrtps_cppExport.cmake
-- Installing: /home/drone/drone_ws/install/drone_msgs/share/drone_msgs/cmake/export_drone_msgs__rosidl_typesupport_fastrtps_cppExport-noconfig.cmake
-- Installing: /home/drone/drone_ws/install/drone_msgs/share/drone_msgs/cmake/drone_msgs__rosidl_typesupport_introspection_cppExport.cmake
-- Installing: /home/drone/drone_ws/install/drone_msgs/share/drone_msgs/cmake/drone_msgs__rosidl_typesupport_introspection_cppExport-noconfig.cmake
-- Installing: /home/drone/drone_ws/install/drone_msgs/share/drone_msgs/cmake/drone_msgs__rosidl_typesupport_cppExport.cmake
-- Installing: /home/drone/drone_ws/install/drone_msgs/share/drone_msgs/cmake/drone_msgs__rosidl_typesupport_cppExport-noconfig.cmake
-- Installing: /home/drone/drone_ws/install/drone_msgs/share/drone_msgs/cmake/export_drone_msgs__rosidl_generator_pyExport.cmake
-- Installing: /home/drone/drone_ws/install/drone_msgs/share/drone_msgs/cmake/export_drone_msgs__rosidl_generator_pyExport-noconfig.cmake
-- Installing: /home/drone/drone_ws/install/drone_msgs/share/drone_msgs/cmake/rosidl_cmake-extras.cmake
-- Installing: /home/drone/drone_ws/install/drone_msgs/share/drone_msgs/cmake/ament_cmake_export_dependencies-extras.cmake
-- Installing: /home/drone/drone_ws/install/drone_msgs/share/drone_msgs/cmake/ament_cmake_export_include_directories-extras.cmake
-- Installing: /home/drone/drone_ws/install/drone_msgs/share/drone_msgs/cmake/ament_cmake_export_libraries-extras.cmake
-- Installing: /home/drone/drone_ws/install/drone_msgs/share/drone_msgs/cmake/ament_cmake_export_targets-extras.cmake
-- Installing: /home/drone/drone_ws/install/drone_msgs/share/drone_msgs/cmake/rosidl_cmake_export_typesupport_targets-extras.cmake
-- Installing: /home/drone/drone_ws/install/drone_msgs/share/drone_msgs/cmake/rosidl_cmake_export_typesupport_libraries-extras.cmake
-- Installing: /home/drone/drone_ws/install/drone_msgs/share/drone_msgs/cmake/drone_msgsConfig.cmake
-- Installing: /home/drone/drone_ws/install/drone_msgs/share/drone_msgs/cmake/drone_msgsConfig-version.cmake
-- Installing: /home/drone/drone_ws/install/drone_msgs/share/drone_msgs/package.xml
