[7.772s] Invoking command in '/home/drone/drone_ws/src/camera_calibration': PYTHONPATH=/home/drone/drone_ws/build/camera_calibration/prefix_override:/usr/lib/python3/dist-packages/colcon_core/task/python/colcon_distutils_commands:/home/drone/drone_ws/install/camera_calibration/lib/python3.10/site-packages:${PYTHONPATH} /usr/bin/python3 -W ignore:setup.py install is deprecated -W ignore:easy_install command is deprecated setup.py egg_info --egg-base ../../build/camera_calibration build --build-base /home/drone/drone_ws/build/camera_calibration/build install --record /home/drone/drone_ws/build/camera_calibration/install.log --single-version-externally-managed install_data
[9.407s] running egg_info
[9.412s] writing ../../build/camera_calibration/camera_calibration.egg-info/PKG-INFO
[9.420s] writing dependency_links to ../../build/camera_calibration/camera_calibration.egg-info/dependency_links.txt
[9.424s] writing entry points to ../../build/camera_calibration/camera_calibration.egg-info/entry_points.txt
[9.432s] writing requirements to ../../build/camera_calibration/camera_calibration.egg-info/requires.txt
[9.435s] writing top-level names to ../../build/camera_calibration/camera_calibration.egg-info/top_level.txt
[9.439s] reading manifest file '../../build/camera_calibration/camera_calibration.egg-info/SOURCES.txt'
[9.452s] writing manifest file '../../build/camera_calibration/camera_calibration.egg-info/SOURCES.txt'
[9.456s] running build
[9.460s] running build_py
[9.462s] running install
[9.463s] running install_lib
[9.475s] running install_data
[9.478s] running install_egg_info
[9.495s] removing '/home/drone/drone_ws/install/camera_calibration/lib/python3.10/site-packages/camera_calibration-0.0.0-py3.10.egg-info' (and everything under it)
[9.496s] Copying ../../build/camera_calibration/camera_calibration.egg-info to /home/drone/drone_ws/install/camera_calibration/lib/python3.10/site-packages/camera_calibration-0.0.0-py3.10.egg-info
[9.504s] running install_scripts
[9.619s] Installing camera_calibration script to /home/drone/drone_ws/install/camera_calibration/lib/camera_calibration
[9.621s] writing list of installed files to '/home/drone/drone_ws/build/camera_calibration/install.log'
[9.791s] Invoked command in '/home/drone/drone_ws/src/camera_calibration' returned '0': PYTHONPATH=/home/drone/drone_ws/build/camera_calibration/prefix_override:/usr/lib/python3/dist-packages/colcon_core/task/python/colcon_distutils_commands:/home/drone/drone_ws/install/camera_calibration/lib/python3.10/site-packages:${PYTHONPATH} /usr/bin/python3 -W ignore:setup.py install is deprecated -W ignore:easy_install command is deprecated setup.py egg_info --egg-base ../../build/camera_calibration build --build-base /home/drone/drone_ws/build/camera_calibration/build install --record /home/drone/drone_ws/build/camera_calibration/install.log --single-version-externally-managed install_data
