[7.095s] Invoking command in '/home/drone/drone_ws/src/position_fusion': AMENT_PREFIX_PATH=/home/drone/drone_ws/install/drone_utils:/home/drone/drone_ws/install/drone_msgs:${AMENT_PREFIX_PATH} CMAKE_PREFIX_PATH=/home/drone/drone_ws/install/drone_msgs LD_LIBRARY_PATH=/home/drone/drone_ws/install/drone_msgs/lib:${LD_LIBRARY_PATH} PYTHONPATH=/home/drone/drone_ws/build/position_fusion_node/prefix_override:/usr/lib/python3/dist-packages/colcon_core/task/python/colcon_distutils_commands:/home/drone/drone_ws/install/position_fusion_node/lib/python3.10/site-packages:/home/drone/drone_ws/install/drone_utils/lib/python3.10/site-packages:/home/drone/drone_ws/install/drone_msgs/local/lib/python3.10/dist-packages:${PYTHONPATH} /usr/bin/python3 -W ignore:setup.py install is deprecated -W ignore:easy_install command is deprecated setup.py egg_info --egg-base ../../build/position_fusion_node build --build-base /home/drone/drone_ws/build/position_fusion_node/build install --record /home/drone/drone_ws/build/position_fusion_node/install.log --single-version-externally-managed install_data
[8.691s] running egg_info
[8.692s] writing ../../build/position_fusion_node/position_fusion.egg-info/PKG-INFO
[8.695s] writing dependency_links to ../../build/position_fusion_node/position_fusion.egg-info/dependency_links.txt
[8.697s] writing entry points to ../../build/position_fusion_node/position_fusion.egg-info/entry_points.txt
[8.698s] writing requirements to ../../build/position_fusion_node/position_fusion.egg-info/requires.txt
[8.703s] writing top-level names to ../../build/position_fusion_node/position_fusion.egg-info/top_level.txt
[8.713s] reading manifest file '../../build/position_fusion_node/position_fusion.egg-info/SOURCES.txt'
[8.736s] writing manifest file '../../build/position_fusion_node/position_fusion.egg-info/SOURCES.txt'
[8.747s] running build
[8.750s] running build_py
[8.756s] copying position_fusion/position_fusion_node.py -> /home/drone/drone_ws/build/position_fusion_node/build/lib/position_fusion
[8.759s] running install
[8.766s] running install_lib
[8.768s] copying /home/drone/drone_ws/build/position_fusion_node/build/lib/position_fusion/position_fusion_node.py -> /home/drone/drone_ws/install/position_fusion_node/lib/python3.10/site-packages/position_fusion
[8.772s] running install_data
[8.773s] running install_egg_info
[8.781s] removing '/home/drone/drone_ws/install/position_fusion_node/lib/python3.10/site-packages/position_fusion-0.0.0-py3.10.egg-info' (and everything under it)
[8.789s] Copying ../../build/position_fusion_node/position_fusion.egg-info to /home/drone/drone_ws/install/position_fusion_node/lib/python3.10/site-packages/position_fusion-0.0.0-py3.10.egg-info
[8.799s] running install_scripts
[8.899s] Installing position_fusion script to /home/drone/drone_ws/install/position_fusion_node/lib/position_fusion
[8.920s] writing list of installed files to '/home/drone/drone_ws/build/position_fusion_node/install.log'
[9.169s] Invoked command in '/home/drone/drone_ws/src/position_fusion' returned '0': AMENT_PREFIX_PATH=/home/drone/drone_ws/install/drone_utils:/home/drone/drone_ws/install/drone_msgs:${AMENT_PREFIX_PATH} CMAKE_PREFIX_PATH=/home/drone/drone_ws/install/drone_msgs LD_LIBRARY_PATH=/home/drone/drone_ws/install/drone_msgs/lib:${LD_LIBRARY_PATH} PYTHONPATH=/home/drone/drone_ws/build/position_fusion_node/prefix_override:/usr/lib/python3/dist-packages/colcon_core/task/python/colcon_distutils_commands:/home/drone/drone_ws/install/position_fusion_node/lib/python3.10/site-packages:/home/drone/drone_ws/install/drone_utils/lib/python3.10/site-packages:/home/drone/drone_ws/install/drone_msgs/local/lib/python3.10/dist-packages:${PYTHONPATH} /usr/bin/python3 -W ignore:setup.py install is deprecated -W ignore:easy_install command is deprecated setup.py egg_info --egg-base ../../build/position_fusion_node build --build-base /home/drone/drone_ws/build/position_fusion_node/build install --record /home/drone/drone_ws/build/position_fusion_node/install.log --single-version-externally-managed install_data
