[7.008s] Invoking command in '/home/drone/drone_ws/src/px4': PYTHONPATH=/home/drone/drone_ws/build/px4/prefix_override:/usr/lib/python3/dist-packages/colcon_core/task/python/colcon_distutils_commands:/home/drone/drone_ws/install/px4/lib/python3.10/site-packages:${PYTHONPATH} /usr/bin/python3 -W ignore:setup.py install is deprecated -W ignore:easy_install command is deprecated setup.py egg_info --egg-base ../../build/px4 build --build-base /home/drone/drone_ws/build/px4/build install --record /home/drone/drone_ws/build/px4/install.log --single-version-externally-managed install_data
[8.772s] running egg_info
[8.778s] writing ../../build/px4/px4.egg-info/PKG-INFO
[8.780s] writing dependency_links to ../../build/px4/px4.egg-info/dependency_links.txt
[8.784s] writing entry points to ../../build/px4/px4.egg-info/entry_points.txt
[8.788s] writing requirements to ../../build/px4/px4.egg-info/requires.txt
[8.790s] writing top-level names to ../../build/px4/px4.egg-info/top_level.txt
[8.801s] reading manifest file '../../build/px4/px4.egg-info/SOURCES.txt'
[8.812s] writing manifest file '../../build/px4/px4.egg-info/SOURCES.txt'
[8.814s] running build
[8.814s] running build_py
[8.817s] running install
[8.819s] running install_lib
[8.829s] running install_data
[8.831s] running install_egg_info
[8.841s] removing '/home/drone/drone_ws/install/px4/lib/python3.10/site-packages/px4-0.0.0-py3.10.egg-info' (and everything under it)
[8.858s] Copying ../../build/px4/px4.egg-info to /home/drone/drone_ws/install/px4/lib/python3.10/site-packages/px4-0.0.0-py3.10.egg-info
[8.886s] running install_scripts
[9.005s] Installing px4 script to /home/drone/drone_ws/install/px4/lib/px4
[9.007s] writing list of installed files to '/home/drone/drone_ws/build/px4/install.log'
[9.956s] Invoked command in '/home/drone/drone_ws/src/px4' returned '0': PYTHONPATH=/home/drone/drone_ws/build/px4/prefix_override:/usr/lib/python3/dist-packages/colcon_core/task/python/colcon_distutils_commands:/home/drone/drone_ws/install/px4/lib/python3.10/site-packages:${PYTHONPATH} /usr/bin/python3 -W ignore:setup.py install is deprecated -W ignore:easy_install command is deprecated setup.py egg_info --egg-base ../../build/px4 build --build-base /home/drone/drone_ws/build/px4/build install --record /home/drone/drone_ws/build/px4/install.log --single-version-externally-managed install_data
