[0.074s] Invoking command in '/home/drone/drone_ws/build/uav_camera': CMAKE_PREFIX_PATH=/opt/ros/humble /usr/bin/cmake --build /home/drone/drone_ws/build/uav_camera -- -j4 -l4
[0.372s] -- Found ament_cmake: 1.3.14 (/opt/ros/humble/share/ament_cmake/cmake)
[1.095s] -- Found rclcpp: 16.0.18 (/opt/ros/humble/share/rclcpp/cmake)
[1.345s] -- Found rosidl_generator_c: 3.1.8 (/opt/ros/humble/share/rosidl_generator_c/cmake)
[1.364s] -- Found rosidl_adapter: 3.1.8 (/opt/ros/humble/share/rosidl_adapter/cmake)
[1.405s] -- Found rosidl_generator_cpp: 3.1.8 (/opt/ros/humble/share/rosidl_generator_cpp/cmake)
[1.467s] -- Using all available rosidl_typesupport_c: rosidl_typesupport_fastrtps_c;rosidl_typesupport_introspection_c
[1.547s] -- Using all available rosidl_typesupport_cpp: rosidl_typesupport_fastrtps_cpp;rosidl_typesupport_introspection_cpp
[1.754s] -- Found rmw_implementation_cmake: 6.1.2 (/opt/ros/humble/share/rmw_implementation_cmake/cmake)
[1.766s] -- Found rmw_fastrtps_cpp: 6.2.10 (/opt/ros/humble/share/rmw_fastrtps_cpp/cmake)
[2.856s] -- Using RMW implementation 'rmw_fastrtps_cpp' as default
[3.157s] -- Found sensor_msgs: 4.9.1 (/opt/ros/humble/share/sensor_msgs/cmake)
[3.325s] -- Found cv_bridge: 3.2.1 (/opt/ros/humble/share/cv_bridge/cmake)
[3.425s] -- Found PkgConfig: /usr/bin/pkg-config (found version "0.29.2") 
[3.430s] -- Checking for module 'gstreamer-1.0'
[3.516s] --   Found gstreamer-1.0, version 1.20.3
[3.716s] -- Checking for module 'gstreamer-app-1.0'
[3.787s] --   Found gstreamer-app-1.0, version 1.20.1
[4.005s] -- Found ament_lint_auto: 0.12.15 (/opt/ros/humble/share/ament_lint_auto/cmake)
[4.372s] -- Added test 'copyright' to check source files copyright and LICENSE
[4.383s] -- Added test 'cppcheck' to perform static code analysis on C / C++ code
[4.384s] -- Configured cppcheck include dirs: 
[4.384s] -- Configured cppcheck exclude dirs and/or files: 
[4.394s] -- Added test 'cpplint' to check C / C++ code against the Google style
[4.394s] -- Configured cpplint exclude dirs and/or files: 
[4.399s] -- Added test 'flake8' to check Python code syntax and style conventions
[4.403s] -- Added test 'lint_cmake' to check CMake code style
[4.406s] -- Added test 'pep257' to check Python code against some of the docstring style conventions in PEP 257
[4.415s] -- Added test 'uncrustify' to check C / C++ code style
[4.416s] -- Configured uncrustify additional arguments: 
[4.420s] -- Added test 'xmllint' to check XML markup files
[4.428s] -- Configuring done
[4.559s] -- Generating done
[4.584s] -- Build files have been written to: /home/drone/drone_ws/build/uav_camera
[4.705s] [35m[1mConsolidate compiler generated dependencies of target camera_publisher[0m
[4.952s] [ 50%] [32mBuilding CXX object CMakeFiles/camera_publisher.dir/src/camera_publisher.cpp.o[0m
[31.612s] [100%] [32m[1mLinking CXX executable camera_publisher[0m
[39.617s] [100%] Built target camera_publisher
[39.657s] Invoked command in '/home/drone/drone_ws/build/uav_camera' returned '0': CMAKE_PREFIX_PATH=/opt/ros/humble /usr/bin/cmake --build /home/drone/drone_ws/build/uav_camera -- -j4 -l4
[39.701s] Invoking command in '/home/drone/drone_ws/build/uav_camera': CMAKE_PREFIX_PATH=/opt/ros/humble /usr/bin/cmake --install /home/drone/drone_ws/build/uav_camera
[39.729s] -- Install configuration: ""
[39.734s] -- Installing: /home/drone/drone_ws/install/uav_camera/lib/uav_camera/camera_publisher
[39.746s] -- Set runtime path of "/home/drone/drone_ws/install/uav_camera/lib/uav_camera/camera_publisher" to ""
[39.747s] -- Up-to-date: /home/drone/drone_ws/install/uav_camera/share/uav_camera/launch
[39.748s] -- Up-to-date: /home/drone/drone_ws/install/uav_camera/share/uav_camera/launch/camera_launch.py
[39.749s] -- Up-to-date: /home/drone/drone_ws/install/uav_camera/share/ament_index/resource_index/package_run_dependencies/uav_camera
[39.749s] -- Up-to-date: /home/drone/drone_ws/install/uav_camera/share/ament_index/resource_index/parent_prefix_path/uav_camera
[39.750s] -- Up-to-date: /home/drone/drone_ws/install/uav_camera/share/uav_camera/environment/ament_prefix_path.sh
[39.750s] -- Installing: /home/drone/drone_ws/install/uav_camera/share/uav_camera/environment/ament_prefix_path.dsv
[39.752s] -- Up-to-date: /home/drone/drone_ws/install/uav_camera/share/uav_camera/environment/path.sh
[39.752s] -- Installing: /home/drone/drone_ws/install/uav_camera/share/uav_camera/environment/path.dsv
[39.753s] -- Up-to-date: /home/drone/drone_ws/install/uav_camera/share/uav_camera/local_setup.bash
[39.754s] -- Up-to-date: /home/drone/drone_ws/install/uav_camera/share/uav_camera/local_setup.sh
[39.754s] -- Up-to-date: /home/drone/drone_ws/install/uav_camera/share/uav_camera/local_setup.zsh
[39.754s] -- Installing: /home/drone/drone_ws/install/uav_camera/share/uav_camera/local_setup.dsv
[39.756s] -- Installing: /home/drone/drone_ws/install/uav_camera/share/uav_camera/package.dsv
[39.757s] -- Up-to-date: /home/drone/drone_ws/install/uav_camera/share/ament_index/resource_index/packages/uav_camera
[39.757s] -- Up-to-date: /home/drone/drone_ws/install/uav_camera/share/uav_camera/cmake/uav_cameraConfig.cmake
[39.758s] -- Up-to-date: /home/drone/drone_ws/install/uav_camera/share/uav_camera/cmake/uav_cameraConfig-version.cmake
[39.758s] -- Up-to-date: /home/drone/drone_ws/install/uav_camera/share/uav_camera/package.xml
[39.764s] Invoked command in '/home/drone/drone_ws/build/uav_camera' returned '0': CMAKE_PREFIX_PATH=/opt/ros/humble /usr/bin/cmake --install /home/drone/drone_ws/build/uav_camera
