[8.060s] Invoking command in '/home/drone/drone_ws/src/project_start': PYTHONPATH=/home/drone/drone_ws/build/project_start/prefix_override:/usr/lib/python3/dist-packages/colcon_core/task/python/colcon_distutils_commands:/home/drone/drone_ws/install/project_start/lib/python3.10/site-packages:${PYTHONPATH} /usr/bin/python3 -W ignore:setup.py install is deprecated -W ignore:easy_install command is deprecated setup.py egg_info --egg-base ../../build/project_start build --build-base /home/drone/drone_ws/build/project_start/build install --record /home/drone/drone_ws/build/project_start/install.log --single-version-externally-managed install_data
[10.194s] running egg_info
[10.197s] writing ../../build/project_start/project_start.egg-info/PKG-INFO
[10.202s] writing dependency_links to ../../build/project_start/project_start.egg-info/dependency_links.txt
[10.203s] writing entry points to ../../build/project_start/project_start.egg-info/entry_points.txt
[10.204s] writing requirements to ../../build/project_start/project_start.egg-info/requires.txt
[10.207s] writing top-level names to ../../build/project_start/project_start.egg-info/top_level.txt
[10.213s] reading manifest file '../../build/project_start/project_start.egg-info/SOURCES.txt'
[10.223s] writing manifest file '../../build/project_start/project_start.egg-info/SOURCES.txt'
[10.225s] running build
[10.227s] running build_py
[10.228s] running install
[10.230s] running install_lib
[10.239s] running install_data
[10.241s] running install_egg_info
[10.259s] removing '/home/drone/drone_ws/install/project_start/lib/python3.10/site-packages/project_start-0.0.0-py3.10.egg-info' (and everything under it)
[10.275s] Copying ../../build/project_start/project_start.egg-info to /home/drone/drone_ws/install/project_start/lib/python3.10/site-packages/project_start-0.0.0-py3.10.egg-info
[10.283s] running install_scripts
[10.406s] writing list of installed files to '/home/drone/drone_ws/build/project_start/install.log'
[10.546s] Invoked command in '/home/drone/drone_ws/src/project_start' returned '0': PYTHONPATH=/home/drone/drone_ws/build/project_start/prefix_override:/usr/lib/python3/dist-packages/colcon_core/task/python/colcon_distutils_commands:/home/drone/drone_ws/install/project_start/lib/python3.10/site-packages:${PYTHONPATH} /usr/bin/python3 -W ignore:setup.py install is deprecated -W ignore:easy_install command is deprecated setup.py egg_info --egg-base ../../build/project_start build --build-base /home/drone/drone_ws/build/project_start/build install --record /home/drone/drone_ws/build/project_start/install.log --single-version-externally-managed install_data
