[10.058s] Invoking command in '/home/drone/drone_ws/src/global_position_node': PYTHONPATH=/home/drone/drone_ws/build/global_position_node/prefix_override:/usr/lib/python3/dist-packages/colcon_core/task/python/colcon_distutils_commands:/home/drone/drone_ws/install/global_position_node/lib/python3.10/site-packages:${PYTHONPATH} /usr/bin/python3 -W ignore:setup.py install is deprecated -W ignore:easy_install command is deprecated setup.py egg_info --egg-base ../../build/global_position_node build --build-base /home/drone/drone_ws/build/global_position_node/build install --record /home/drone/drone_ws/build/global_position_node/install.log --single-version-externally-managed install_data
[12.613s] running egg_info
[12.616s] writing ../../build/global_position_node/global_position_node.egg-info/PKG-INFO
[12.619s] writing dependency_links to ../../build/global_position_node/global_position_node.egg-info/dependency_links.txt
[12.622s] writing entry points to ../../build/global_position_node/global_position_node.egg-info/entry_points.txt
[12.625s] writing requirements to ../../build/global_position_node/global_position_node.egg-info/requires.txt
[12.628s] writing top-level names to ../../build/global_position_node/global_position_node.egg-info/top_level.txt
[12.643s] reading manifest file '../../build/global_position_node/global_position_node.egg-info/SOURCES.txt'
[12.653s] writing manifest file '../../build/global_position_node/global_position_node.egg-info/SOURCES.txt'
[12.654s] running build
[12.654s] running build_py
[12.655s] copying global_position_node/global_position.py -> /home/drone/drone_ws/build/global_position_node/build/lib/global_position_node
[12.660s] running install
[12.663s] running install_lib
[12.670s] copying /home/drone/drone_ws/build/global_position_node/build/lib/global_position_node/global_position.py -> /home/drone/drone_ws/install/global_position_node/lib/python3.10/site-packages/global_position_node
[12.679s] byte-compiling /home/drone/drone_ws/install/global_position_node/lib/python3.10/site-packages/global_position_node/global_position.py to global_position.cpython-310.pyc
[12.713s] running install_data
[12.715s] running install_egg_info
[12.733s] removing '/home/drone/drone_ws/install/global_position_node/lib/python3.10/site-packages/global_position_node-0.0.0-py3.10.egg-info' (and everything under it)
[12.749s] Copying ../../build/global_position_node/global_position_node.egg-info to /home/drone/drone_ws/install/global_position_node/lib/python3.10/site-packages/global_position_node-0.0.0-py3.10.egg-info
[12.814s] running install_scripts
[12.937s] Installing global_position script to /home/drone/drone_ws/install/global_position_node/lib/global_position_node
[12.945s] writing list of installed files to '/home/drone/drone_ws/build/global_position_node/install.log'
[14.734s] Invoked command in '/home/drone/drone_ws/src/global_position_node' returned '0': PYTHONPATH=/home/drone/drone_ws/build/global_position_node/prefix_override:/usr/lib/python3/dist-packages/colcon_core/task/python/colcon_distutils_commands:/home/drone/drone_ws/install/global_position_node/lib/python3.10/site-packages:${PYTHONPATH} /usr/bin/python3 -W ignore:setup.py install is deprecated -W ignore:easy_install command is deprecated setup.py egg_info --egg-base ../../build/global_position_node build --build-base /home/drone/drone_ws/build/global_position_node/build install --record /home/drone/drone_ws/build/global_position_node/install.log --single-version-externally-managed install_data
