[7.303s] Invoking command in '/home/drone/drone_ws/src/rangefinder': PYTHONPATH=/home/drone/drone_ws/build/rangefinder/prefix_override:/usr/lib/python3/dist-packages/colcon_core/task/python/colcon_distutils_commands:/home/drone/drone_ws/install/rangefinder/lib/python3.10/site-packages:${PYTHONPATH} /usr/bin/python3 -W ignore:setup.py install is deprecated -W ignore:easy_install command is deprecated setup.py egg_info --egg-base ../../build/rangefinder build --build-base /home/drone/drone_ws/build/rangefinder/build install --record /home/drone/drone_ws/build/rangefinder/install.log --single-version-externally-managed install_data
[9.297s] running egg_info
[9.301s] writing ../../build/rangefinder/rangefinder.egg-info/PKG-INFO
[9.303s] writing dependency_links to ../../build/rangefinder/rangefinder.egg-info/dependency_links.txt
[9.305s] writing entry points to ../../build/rangefinder/rangefinder.egg-info/entry_points.txt
[9.310s] writing requirements to ../../build/rangefinder/rangefinder.egg-info/requires.txt
[9.328s] writing top-level names to ../../build/rangefinder/rangefinder.egg-info/top_level.txt
[9.330s] reading manifest file '../../build/rangefinder/rangefinder.egg-info/SOURCES.txt'
[9.335s] writing manifest file '../../build/rangefinder/rangefinder.egg-info/SOURCES.txt'
[9.337s] running build
[9.340s] running build_py
[9.342s] running install
[9.344s] running install_lib
[9.347s] running install_data
[9.350s] running install_egg_info
[9.373s] removing '/home/drone/drone_ws/install/rangefinder/lib/python3.10/site-packages/rangefinder-0.0.0-py3.10.egg-info' (and everything under it)
[9.376s] Copying ../../build/rangefinder/rangefinder.egg-info to /home/drone/drone_ws/install/rangefinder/lib/python3.10/site-packages/rangefinder-0.0.0-py3.10.egg-info
[9.378s] running install_scripts
[9.512s] Installing rangefinder script to /home/drone/drone_ws/install/rangefinder/lib/rangefinder
[9.527s] writing list of installed files to '/home/drone/drone_ws/build/rangefinder/install.log'
[9.734s] Invoked command in '/home/drone/drone_ws/src/rangefinder' returned '0': PYTHONPATH=/home/drone/drone_ws/build/rangefinder/prefix_override:/usr/lib/python3/dist-packages/colcon_core/task/python/colcon_distutils_commands:/home/drone/drone_ws/install/rangefinder/lib/python3.10/site-packages:${PYTHONPATH} /usr/bin/python3 -W ignore:setup.py install is deprecated -W ignore:easy_install command is deprecated setup.py egg_info --egg-base ../../build/rangefinder build --build-base /home/drone/drone_ws/build/rangefinder/build install --record /home/drone/drone_ws/build/rangefinder/install.log --single-version-externally-managed install_data
