[8.801s] Invoking command in '/home/drone/drone_ws/src/project_start': PYTHONPATH=/home/drone/drone_ws/build/project_start/prefix_override:/usr/lib/python3/dist-packages/colcon_core/task/python/colcon_distutils_commands:/home/drone/drone_ws/install/project_start/lib/python3.10/site-packages:${PYTHONPATH} /usr/bin/python3 -W ignore:setup.py install is deprecated -W ignore:easy_install command is deprecated setup.py egg_info --egg-base ../../build/project_start build --build-base /home/drone/drone_ws/build/project_start/build install --record /home/drone/drone_ws/build/project_start/install.log --single-version-externally-managed install_data
[11.253s] running egg_info
[11.262s] writing ../../build/project_start/project_start.egg-info/PKG-INFO
[11.268s] writing dependency_links to ../../build/project_start/project_start.egg-info/dependency_links.txt
[11.271s] writing entry points to ../../build/project_start/project_start.egg-info/entry_points.txt
[11.274s] writing requirements to ../../build/project_start/project_start.egg-info/requires.txt
[11.278s] writing top-level names to ../../build/project_start/project_start.egg-info/top_level.txt
[11.295s] reading manifest file '../../build/project_start/project_start.egg-info/SOURCES.txt'
[11.309s] writing manifest file '../../build/project_start/project_start.egg-info/SOURCES.txt'
[11.310s] running build
[11.311s] running build_py
[11.313s] running install
[11.315s] running install_lib
[11.323s] running install_data
[11.327s] running install_egg_info
[11.347s] removing '/home/drone/drone_ws/install/project_start/lib/python3.10/site-packages/project_start-0.0.0-py3.10.egg-info' (and everything under it)
[11.350s] Copying ../../build/project_start/project_start.egg-info to /home/drone/drone_ws/install/project_start/lib/python3.10/site-packages/project_start-0.0.0-py3.10.egg-info
[11.359s] running install_scripts
[11.574s] writing list of installed files to '/home/drone/drone_ws/build/project_start/install.log'
[12.165s] Invoked command in '/home/drone/drone_ws/src/project_start' returned '0': PYTHONPATH=/home/drone/drone_ws/build/project_start/prefix_override:/usr/lib/python3/dist-packages/colcon_core/task/python/colcon_distutils_commands:/home/drone/drone_ws/install/project_start/lib/python3.10/site-packages:${PYTHONPATH} /usr/bin/python3 -W ignore:setup.py install is deprecated -W ignore:easy_install command is deprecated setup.py egg_info --egg-base ../../build/project_start build --build-base /home/drone/drone_ws/build/project_start/build install --record /home/drone/drone_ws/build/project_start/install.log --single-version-externally-managed install_data
