[8.028s] Invoking command in '/home/drone/drone_ws/src/px4': PYTHONPATH=/home/drone/drone_ws/build/px4/prefix_override:/usr/lib/python3/dist-packages/colcon_core/task/python/colcon_distutils_commands:/home/drone/drone_ws/install/px4/lib/python3.10/site-packages:${PYTHONPATH} /usr/bin/python3 -W ignore:setup.py install is deprecated -W ignore:easy_install command is deprecated setup.py egg_info --egg-base ../../build/px4 build --build-base /home/drone/drone_ws/build/px4/build install --record /home/drone/drone_ws/build/px4/install.log --single-version-externally-managed install_data
[9.731s] running egg_info
[9.734s] writing ../../build/px4/px4.egg-info/PKG-INFO
[9.739s] writing dependency_links to ../../build/px4/px4.egg-info/dependency_links.txt
[9.741s] writing entry points to ../../build/px4/px4.egg-info/entry_points.txt
[9.744s] writing requirements to ../../build/px4/px4.egg-info/requires.txt
[9.746s] writing top-level names to ../../build/px4/px4.egg-info/top_level.txt
[9.758s] reading manifest file '../../build/px4/px4.egg-info/SOURCES.txt'
[9.770s] writing manifest file '../../build/px4/px4.egg-info/SOURCES.txt'
[9.773s] running build
[9.774s] running build_py
[9.776s] running install
[9.779s] running install_lib
[9.786s] running install_data
[9.788s] running install_egg_info
[9.805s] removing '/home/drone/drone_ws/install/px4/lib/python3.10/site-packages/px4-0.0.0-py3.10.egg-info' (and everything under it)
[9.827s] Copying ../../build/px4/px4.egg-info to /home/drone/drone_ws/install/px4/lib/python3.10/site-packages/px4-0.0.0-py3.10.egg-info
[9.869s] running install_scripts
[10.048s] Installing px4 script to /home/drone/drone_ws/install/px4/lib/px4
[10.055s] writing list of installed files to '/home/drone/drone_ws/build/px4/install.log'
[10.309s] Invoked command in '/home/drone/drone_ws/src/px4' returned '0': PYTHONPATH=/home/drone/drone_ws/build/px4/prefix_override:/usr/lib/python3/dist-packages/colcon_core/task/python/colcon_distutils_commands:/home/drone/drone_ws/install/px4/lib/python3.10/site-packages:${PYTHONPATH} /usr/bin/python3 -W ignore:setup.py install is deprecated -W ignore:easy_install command is deprecated setup.py egg_info --egg-base ../../build/px4 build --build-base /home/drone/drone_ws/build/px4/build install --record /home/drone/drone_ws/build/px4/install.log --single-version-externally-managed install_data
