[9.274s] Invoking command in '/home/drone/drone_ws/src/project_start': PYTHONPATH=/home/drone/drone_ws/build/project_start/prefix_override:/usr/lib/python3/dist-packages/colcon_core/task/python/colcon_distutils_commands:/home/drone/drone_ws/install/project_start/lib/python3.10/site-packages:${PYTHONPATH} /usr/bin/python3 -W ignore:setup.py install is deprecated -W ignore:easy_install command is deprecated setup.py egg_info --egg-base ../../build/project_start build --build-base /home/drone/drone_ws/build/project_start/build install --record /home/drone/drone_ws/build/project_start/install.log --single-version-externally-managed install_data
[11.418s] running egg_info
[11.423s] writing ../../build/project_start/project_start.egg-info/PKG-INFO
[11.424s] writing dependency_links to ../../build/project_start/project_start.egg-info/dependency_links.txt
[11.427s] writing entry points to ../../build/project_start/project_start.egg-info/entry_points.txt
[11.427s] writing requirements to ../../build/project_start/project_start.egg-info/requires.txt
[11.428s] writing top-level names to ../../build/project_start/project_start.egg-info/top_level.txt
[11.439s] reading manifest file '../../build/project_start/project_start.egg-info/SOURCES.txt'
[11.452s] writing manifest file '../../build/project_start/project_start.egg-info/SOURCES.txt'
[11.453s] running build
[11.454s] running build_py
[11.455s] running install
[11.456s] running install_lib
[11.467s] running install_data
[11.468s] running install_egg_info
[11.483s] removing '/home/drone/drone_ws/install/project_start/lib/python3.10/site-packages/project_start-0.0.0-py3.10.egg-info' (and everything under it)
[11.485s] Copying ../../build/project_start/project_start.egg-info to /home/drone/drone_ws/install/project_start/lib/python3.10/site-packages/project_start-0.0.0-py3.10.egg-info
[11.496s] running install_scripts
[11.618s] writing list of installed files to '/home/drone/drone_ws/build/project_start/install.log'
[11.874s] Invoked command in '/home/drone/drone_ws/src/project_start' returned '0': PYTHONPATH=/home/drone/drone_ws/build/project_start/prefix_override:/usr/lib/python3/dist-packages/colcon_core/task/python/colcon_distutils_commands:/home/drone/drone_ws/install/project_start/lib/python3.10/site-packages:${PYTHONPATH} /usr/bin/python3 -W ignore:setup.py install is deprecated -W ignore:easy_install command is deprecated setup.py egg_info --egg-base ../../build/project_start build --build-base /home/drone/drone_ws/build/project_start/build install --record /home/drone/drone_ws/build/project_start/install.log --single-version-externally-managed install_data
