[1.354s] DEBUG:colcon:Command line arguments: ['/usr/bin/colcon', 'build']
[1.354s] DEBUG:colcon:Parsed command line arguments: Namespace(log_base=None, log_level=None, verb_name='build', build_base='build', install_base='install', merge_install=False, symlink_install=False, test_result_base=None, continue_on_error=False, executor='parallel', parallel_workers=4, event_handlers=None, ignore_user_meta=False, metas=['./colcon.meta'], base_paths=['.'], packages_ignore=None, packages_ignore_regex=None, paths=None, packages_up_to=None, packages_up_to_regex=None, packages_above=None, packages_above_and_dependencies=None, packages_above_depth=None, packages_select_by_dep=None, packages_skip_by_dep=None, packages_skip_up_to=None, packages_select_build_failed=False, packages_skip_build_finished=False, packages_select_test_failures=False, packages_skip_test_passed=False, packages_select=None, packages_skip=None, packages_select_regex=None, packages_skip_regex=None, packages_start=None, packages_end=None, allow_overriding=[], cmake_args=None, cmake_target=None, cmake_target_skip_unavailable=False, cmake_clean_cache=False, cmake_clean_first=False, cmake_force_configure=False, ament_cmake_args=None, catkin_cmake_args=None, catkin_skip_building_tests=False, verb_parser=<colcon_defaults.argument_parser.defaults.DefaultArgumentsDecorator object at 0xffffb03c80a0>, verb_extension=<colcon_core.verb.build.BuildVerb object at 0xffffb0555f30>, main=<bound method BuildVerb.main of <colcon_core.verb.build.BuildVerb object at 0xffffb0555f30>>)
[2.901s] Level 1:colcon.colcon_core.package_discovery:discover_packages(colcon_meta) check parameters
[2.901s] Level 1:colcon.colcon_core.package_discovery:discover_packages(recursive) check parameters
[2.902s] Level 1:colcon.colcon_core.package_discovery:discover_packages(ignore) check parameters
[2.902s] Level 1:colcon.colcon_core.package_discovery:discover_packages(path) check parameters
[2.902s] Level 1:colcon.colcon_core.package_discovery:discover_packages(colcon_meta) discover
[2.902s] Level 1:colcon.colcon_core.package_discovery:discover_packages(recursive) discover
[2.903s] INFO:colcon.colcon_core.package_discovery:Crawling recursively for packages in '/home/drone/drone_ws'
[2.903s] Level 1:colcon.colcon_core.package_identification:_identify(.) by extensions ['ignore', 'ignore_ament_install']
[2.904s] Level 1:colcon.colcon_core.package_identification:_identify(.) by extension 'ignore'
[2.904s] Level 1:colcon.colcon_core.package_identification:_identify(.) by extension 'ignore_ament_install'
[2.905s] Level 1:colcon.colcon_core.package_identification:_identify(.) by extensions ['colcon_pkg']
[2.905s] Level 1:colcon.colcon_core.package_identification:_identify(.) by extension 'colcon_pkg'
[2.905s] Level 1:colcon.colcon_core.package_identification:_identify(.) by extensions ['colcon_meta']
[2.905s] Level 1:colcon.colcon_core.package_identification:_identify(.) by extension 'colcon_meta'
[2.906s] Level 1:colcon.colcon_core.package_identification:_identify(.) by extensions ['ros']
[2.906s] Level 1:colcon.colcon_core.package_identification:_identify(.) by extension 'ros'
[2.979s] Level 1:colcon.colcon_core.package_identification:_identify(.) by extensions ['cmake', 'python']
[2.980s] Level 1:colcon.colcon_core.package_identification:_identify(.) by extension 'cmake'
[2.980s] Level 1:colcon.colcon_core.package_identification:_identify(.) by extension 'python'
[2.981s] Level 1:colcon.colcon_core.package_identification:_identify(.) by extensions ['python_setup_py']
[2.981s] Level 1:colcon.colcon_core.package_identification:_identify(.) by extension 'python_setup_py'
[2.983s] Level 1:colcon.colcon_core.package_identification:_identify(build) by extensions ['ignore', 'ignore_ament_install']
[2.984s] Level 1:colcon.colcon_core.package_identification:_identify(build) by extension 'ignore'
[2.985s] Level 1:colcon.colcon_core.package_identification:_identify(build) ignored
[2.986s] Level 1:colcon.colcon_core.package_identification:_identify(install) by extensions ['ignore', 'ignore_ament_install']
[2.986s] Level 1:colcon.colcon_core.package_identification:_identify(install) by extension 'ignore'
[2.987s] Level 1:colcon.colcon_core.package_identification:_identify(install) ignored
[2.988s] Level 1:colcon.colcon_core.package_identification:_identify(log) by extensions ['ignore', 'ignore_ament_install']
[2.988s] Level 1:colcon.colcon_core.package_identification:_identify(log) by extension 'ignore'
[2.988s] Level 1:colcon.colcon_core.package_identification:_identify(log) ignored
[2.989s] Level 1:colcon.colcon_core.package_identification:_identify(src) by extensions ['ignore', 'ignore_ament_install']
[2.989s] Level 1:colcon.colcon_core.package_identification:_identify(src) by extension 'ignore'
[2.990s] Level 1:colcon.colcon_core.package_identification:_identify(src) by extension 'ignore_ament_install'
[2.990s] Level 1:colcon.colcon_core.package_identification:_identify(src) by extensions ['colcon_pkg']
[2.990s] Level 1:colcon.colcon_core.package_identification:_identify(src) by extension 'colcon_pkg'
[2.991s] Level 1:colcon.colcon_core.package_identification:_identify(src) by extensions ['colcon_meta']
[2.991s] Level 1:colcon.colcon_core.package_identification:_identify(src) by extension 'colcon_meta'
[2.991s] Level 1:colcon.colcon_core.package_identification:_identify(src) by extensions ['ros']
[2.992s] Level 1:colcon.colcon_core.package_identification:_identify(src) by extension 'ros'
[2.993s] Level 1:colcon.colcon_core.package_identification:_identify(src) by extensions ['cmake', 'python']
[2.993s] Level 1:colcon.colcon_core.package_identification:_identify(src) by extension 'cmake'
[2.994s] Level 1:colcon.colcon_core.package_identification:_identify(src) by extension 'python'
[2.995s] Level 1:colcon.colcon_core.package_identification:_identify(src) by extensions ['python_setup_py']
[2.995s] Level 1:colcon.colcon_core.package_identification:_identify(src) by extension 'python_setup_py'
[2.997s] Level 1:colcon.colcon_core.package_identification:_identify(src/altitude) by extensions ['ignore', 'ignore_ament_install']
[2.997s] Level 1:colcon.colcon_core.package_identification:_identify(src/altitude) by extension 'ignore'
[2.998s] Level 1:colcon.colcon_core.package_identification:_identify(src/altitude) by extension 'ignore_ament_install'
[2.999s] Level 1:colcon.colcon_core.package_identification:_identify(src/altitude) by extensions ['colcon_pkg']
[3.001s] Level 1:colcon.colcon_core.package_identification:_identify(src/altitude) by extension 'colcon_pkg'
[3.001s] Level 1:colcon.colcon_core.package_identification:_identify(src/altitude) by extensions ['colcon_meta']
[3.002s] Level 1:colcon.colcon_core.package_identification:_identify(src/altitude) by extension 'colcon_meta'
[3.002s] Level 1:colcon.colcon_core.package_identification:_identify(src/altitude) by extensions ['ros']
[3.003s] Level 1:colcon.colcon_core.package_identification:_identify(src/altitude) by extension 'ros'
[3.022s] DEBUG:colcon.colcon_core.package_identification:Package 'src/altitude' with type 'ros.ament_python' and name 'altitude'
[3.024s] Level 1:colcon.colcon_core.package_identification:_identify(src/aruco_detector_node) by extensions ['ignore', 'ignore_ament_install']
[3.024s] Level 1:colcon.colcon_core.package_identification:_identify(src/aruco_detector_node) by extension 'ignore'
[3.025s] Level 1:colcon.colcon_core.package_identification:_identify(src/aruco_detector_node) by extension 'ignore_ament_install'
[3.025s] Level 1:colcon.colcon_core.package_identification:_identify(src/aruco_detector_node) by extensions ['colcon_pkg']
[3.025s] Level 1:colcon.colcon_core.package_identification:_identify(src/aruco_detector_node) by extension 'colcon_pkg'
[3.026s] Level 1:colcon.colcon_core.package_identification:_identify(src/aruco_detector_node) by extensions ['colcon_meta']
[3.026s] Level 1:colcon.colcon_core.package_identification:_identify(src/aruco_detector_node) by extension 'colcon_meta'
[3.026s] Level 1:colcon.colcon_core.package_identification:_identify(src/aruco_detector_node) by extensions ['ros']
[3.026s] Level 1:colcon.colcon_core.package_identification:_identify(src/aruco_detector_node) by extension 'ros'
[3.032s] DEBUG:colcon.colcon_core.package_identification:Package 'src/aruco_detector_node' with type 'ros.ament_python' and name 'aruco_detector_node'
[3.032s] Level 1:colcon.colcon_core.package_identification:_identify(src/config) by extensions ['ignore', 'ignore_ament_install']
[3.033s] Level 1:colcon.colcon_core.package_identification:_identify(src/config) by extension 'ignore'
[3.033s] Level 1:colcon.colcon_core.package_identification:_identify(src/config) by extension 'ignore_ament_install'
[3.034s] Level 1:colcon.colcon_core.package_identification:_identify(src/config) by extensions ['colcon_pkg']
[3.035s] Level 1:colcon.colcon_core.package_identification:_identify(src/config) by extension 'colcon_pkg'
[3.036s] Level 1:colcon.colcon_core.package_identification:_identify(src/config) by extensions ['colcon_meta']
[3.036s] Level 1:colcon.colcon_core.package_identification:_identify(src/config) by extension 'colcon_meta'
[3.037s] Level 1:colcon.colcon_core.package_identification:_identify(src/config) by extensions ['ros']
[3.037s] Level 1:colcon.colcon_core.package_identification:_identify(src/config) by extension 'ros'
[3.038s] Level 1:colcon.colcon_core.package_identification:_identify(src/config) by extensions ['cmake', 'python']
[3.038s] Level 1:colcon.colcon_core.package_identification:_identify(src/config) by extension 'cmake'
[3.038s] Level 1:colcon.colcon_core.package_identification:_identify(src/config) by extension 'python'
[3.038s] Level 1:colcon.colcon_core.package_identification:_identify(src/config) by extensions ['python_setup_py']
[3.038s] Level 1:colcon.colcon_core.package_identification:_identify(src/config) by extension 'python_setup_py'
[3.039s] Level 1:colcon.colcon_core.package_identification:_identify(src/global_position_node) by extensions ['ignore', 'ignore_ament_install']
[3.040s] Level 1:colcon.colcon_core.package_identification:_identify(src/global_position_node) by extension 'ignore'
[3.041s] Level 1:colcon.colcon_core.package_identification:_identify(src/global_position_node) by extension 'ignore_ament_install'
[3.041s] Level 1:colcon.colcon_core.package_identification:_identify(src/global_position_node) by extensions ['colcon_pkg']
[3.041s] Level 1:colcon.colcon_core.package_identification:_identify(src/global_position_node) by extension 'colcon_pkg'
[3.042s] Level 1:colcon.colcon_core.package_identification:_identify(src/global_position_node) by extensions ['colcon_meta']
[3.042s] Level 1:colcon.colcon_core.package_identification:_identify(src/global_position_node) by extension 'colcon_meta'
[3.043s] Level 1:colcon.colcon_core.package_identification:_identify(src/global_position_node) by extensions ['ros']
[3.043s] Level 1:colcon.colcon_core.package_identification:_identify(src/global_position_node) by extension 'ros'
[3.049s] DEBUG:colcon.colcon_core.package_identification:Package 'src/global_position_node' with type 'ros.ament_python' and name 'global_position_node'
[3.050s] Level 1:colcon.colcon_core.package_identification:_identify(src/project_start) by extensions ['ignore', 'ignore_ament_install']
[3.050s] Level 1:colcon.colcon_core.package_identification:_identify(src/project_start) by extension 'ignore'
[3.051s] Level 1:colcon.colcon_core.package_identification:_identify(src/project_start) by extension 'ignore_ament_install'
[3.051s] Level 1:colcon.colcon_core.package_identification:_identify(src/project_start) by extensions ['colcon_pkg']
[3.051s] Level 1:colcon.colcon_core.package_identification:_identify(src/project_start) by extension 'colcon_pkg'
[3.051s] Level 1:colcon.colcon_core.package_identification:_identify(src/project_start) by extensions ['colcon_meta']
[3.052s] Level 1:colcon.colcon_core.package_identification:_identify(src/project_start) by extension 'colcon_meta'
[3.052s] Level 1:colcon.colcon_core.package_identification:_identify(src/project_start) by extensions ['ros']
[3.052s] Level 1:colcon.colcon_core.package_identification:_identify(src/project_start) by extension 'ros'
[3.056s] DEBUG:colcon.colcon_core.package_identification:Package 'src/project_start' with type 'ros.ament_python' and name 'project_start'
[3.056s] Level 1:colcon.colcon_core.package_identification:_identify(src/px4) by extensions ['ignore', 'ignore_ament_install']
[3.057s] Level 1:colcon.colcon_core.package_identification:_identify(src/px4) by extension 'ignore'
[3.057s] Level 1:colcon.colcon_core.package_identification:_identify(src/px4) by extension 'ignore_ament_install'
[3.057s] Level 1:colcon.colcon_core.package_identification:_identify(src/px4) by extensions ['colcon_pkg']
[3.058s] Level 1:colcon.colcon_core.package_identification:_identify(src/px4) by extension 'colcon_pkg'
[3.058s] Level 1:colcon.colcon_core.package_identification:_identify(src/px4) by extensions ['colcon_meta']
[3.058s] Level 1:colcon.colcon_core.package_identification:_identify(src/px4) by extension 'colcon_meta'
[3.058s] Level 1:colcon.colcon_core.package_identification:_identify(src/px4) by extensions ['ros']
[3.059s] Level 1:colcon.colcon_core.package_identification:_identify(src/px4) by extension 'ros'
[3.064s] DEBUG:colcon.colcon_core.package_identification:Package 'src/px4' with type 'ros.ament_python' and name 'px4'
[3.065s] Level 1:colcon.colcon_core.package_identification:_identify(src/rangefinder) by extensions ['ignore', 'ignore_ament_install']
[3.065s] Level 1:colcon.colcon_core.package_identification:_identify(src/rangefinder) by extension 'ignore'
[3.066s] Level 1:colcon.colcon_core.package_identification:_identify(src/rangefinder) by extension 'ignore_ament_install'
[3.066s] Level 1:colcon.colcon_core.package_identification:_identify(src/rangefinder) by extensions ['colcon_pkg']
[3.067s] Level 1:colcon.colcon_core.package_identification:_identify(src/rangefinder) by extension 'colcon_pkg'
[3.067s] Level 1:colcon.colcon_core.package_identification:_identify(src/rangefinder) by extensions ['colcon_meta']
[3.068s] Level 1:colcon.colcon_core.package_identification:_identify(src/rangefinder) by extension 'colcon_meta'
[3.068s] Level 1:colcon.colcon_core.package_identification:_identify(src/rangefinder) by extensions ['ros']
[3.069s] Level 1:colcon.colcon_core.package_identification:_identify(src/rangefinder) by extension 'ros'
[3.074s] DEBUG:colcon.colcon_core.package_identification:Package 'src/rangefinder' with type 'ros.ament_python' and name 'rangefinder'
[3.075s] Level 1:colcon.colcon_core.package_identification:_identify(src/uav_camera) by extensions ['ignore', 'ignore_ament_install']
[3.076s] Level 1:colcon.colcon_core.package_identification:_identify(src/uav_camera) by extension 'ignore'
[3.076s] Level 1:colcon.colcon_core.package_identification:_identify(src/uav_camera) by extension 'ignore_ament_install'
[3.076s] Level 1:colcon.colcon_core.package_identification:_identify(src/uav_camera) by extensions ['colcon_pkg']
[3.077s] Level 1:colcon.colcon_core.package_identification:_identify(src/uav_camera) by extension 'colcon_pkg'
[3.077s] Level 1:colcon.colcon_core.package_identification:_identify(src/uav_camera) by extensions ['colcon_meta']
[3.077s] Level 1:colcon.colcon_core.package_identification:_identify(src/uav_camera) by extension 'colcon_meta'
[3.078s] Level 1:colcon.colcon_core.package_identification:_identify(src/uav_camera) by extensions ['ros']
[3.078s] Level 1:colcon.colcon_core.package_identification:_identify(src/uav_camera) by extension 'ros'
[3.083s] DEBUG:colcon.colcon_core.package_identification:Package 'src/uav_camera' with type 'ros.ament_cmake' and name 'uav_camera'
[3.083s] Level 1:colcon.colcon_core.package_discovery:discover_packages(recursive) using defaults
[3.084s] Level 1:colcon.colcon_core.package_discovery:discover_packages(ignore) discover
[3.084s] Level 1:colcon.colcon_core.package_discovery:discover_packages(ignore) using defaults
[3.084s] Level 1:colcon.colcon_core.package_discovery:discover_packages(path) discover
[3.085s] Level 1:colcon.colcon_core.package_discovery:discover_packages(path) using defaults
[3.306s] Level 1:colcon.colcon_core.package_discovery:discover_packages(prefix_path) check parameters
[3.307s] Level 1:colcon.colcon_core.package_discovery:discover_packages(prefix_path) discover
[3.330s] DEBUG:colcon.colcon_installed_package_information.package_discovery:Found 276 installed packages in /opt/ros/humble
[3.337s] Level 1:colcon.colcon_core.package_discovery:discover_packages(prefix_path) using defaults
[3.519s] Level 5:colcon.colcon_core.verb:set package 'altitude' build argument 'cmake_args' from command line to 'None'
[3.519s] Level 5:colcon.colcon_core.verb:set package 'altitude' build argument 'cmake_target' from command line to 'None'
[3.519s] Level 5:colcon.colcon_core.verb:set package 'altitude' build argument 'cmake_target_skip_unavailable' from command line to 'False'
[3.520s] Level 5:colcon.colcon_core.verb:set package 'altitude' build argument 'cmake_clean_cache' from command line to 'False'
[3.520s] Level 5:colcon.colcon_core.verb:set package 'altitude' build argument 'cmake_clean_first' from command line to 'False'
[3.520s] Level 5:colcon.colcon_core.verb:set package 'altitude' build argument 'cmake_force_configure' from command line to 'False'
[3.520s] Level 5:colcon.colcon_core.verb:set package 'altitude' build argument 'ament_cmake_args' from command line to 'None'
[3.520s] Level 5:colcon.colcon_core.verb:set package 'altitude' build argument 'catkin_cmake_args' from command line to 'None'
[3.520s] Level 5:colcon.colcon_core.verb:set package 'altitude' build argument 'catkin_skip_building_tests' from command line to 'False'
[3.520s] DEBUG:colcon.colcon_core.verb:Building package 'altitude' with the following arguments: {'ament_cmake_args': None, 'build_base': '/home/drone/drone_ws/build/altitude', 'catkin_cmake_args': None, 'catkin_skip_building_tests': False, 'cmake_args': None, 'cmake_clean_cache': False, 'cmake_clean_first': False, 'cmake_force_configure': False, 'cmake_target': None, 'cmake_target_skip_unavailable': False, 'install_base': '/home/drone/drone_ws/install/altitude', 'merge_install': False, 'path': '/home/drone/drone_ws/src/altitude', 'symlink_install': False, 'test_result_base': None}
[3.522s] Level 5:colcon.colcon_core.verb:set package 'aruco_detector_node' build argument 'cmake_args' from command line to 'None'
[3.522s] Level 5:colcon.colcon_core.verb:set package 'aruco_detector_node' build argument 'cmake_target' from command line to 'None'
[3.522s] Level 5:colcon.colcon_core.verb:set package 'aruco_detector_node' build argument 'cmake_target_skip_unavailable' from command line to 'False'
[3.522s] Level 5:colcon.colcon_core.verb:set package 'aruco_detector_node' build argument 'cmake_clean_cache' from command line to 'False'
[3.522s] Level 5:colcon.colcon_core.verb:set package 'aruco_detector_node' build argument 'cmake_clean_first' from command line to 'False'
[3.522s] Level 5:colcon.colcon_core.verb:set package 'aruco_detector_node' build argument 'cmake_force_configure' from command line to 'False'
[3.523s] Level 5:colcon.colcon_core.verb:set package 'aruco_detector_node' build argument 'ament_cmake_args' from command line to 'None'
[3.523s] Level 5:colcon.colcon_core.verb:set package 'aruco_detector_node' build argument 'catkin_cmake_args' from command line to 'None'
[3.523s] Level 5:colcon.colcon_core.verb:set package 'aruco_detector_node' build argument 'catkin_skip_building_tests' from command line to 'False'
[3.523s] DEBUG:colcon.colcon_core.verb:Building package 'aruco_detector_node' with the following arguments: {'ament_cmake_args': None, 'build_base': '/home/drone/drone_ws/build/aruco_detector_node', 'catkin_cmake_args': None, 'catkin_skip_building_tests': False, 'cmake_args': None, 'cmake_clean_cache': False, 'cmake_clean_first': False, 'cmake_force_configure': False, 'cmake_target': None, 'cmake_target_skip_unavailable': False, 'install_base': '/home/drone/drone_ws/install/aruco_detector_node', 'merge_install': False, 'path': '/home/drone/drone_ws/src/aruco_detector_node', 'symlink_install': False, 'test_result_base': None}
[3.525s] Level 5:colcon.colcon_core.verb:set package 'global_position_node' build argument 'cmake_args' from command line to 'None'
[3.525s] Level 5:colcon.colcon_core.verb:set package 'global_position_node' build argument 'cmake_target' from command line to 'None'
[3.525s] Level 5:colcon.colcon_core.verb:set package 'global_position_node' build argument 'cmake_target_skip_unavailable' from command line to 'False'
[3.526s] Level 5:colcon.colcon_core.verb:set package 'global_position_node' build argument 'cmake_clean_cache' from command line to 'False'
[3.526s] Level 5:colcon.colcon_core.verb:set package 'global_position_node' build argument 'cmake_clean_first' from command line to 'False'
[3.526s] Level 5:colcon.colcon_core.verb:set package 'global_position_node' build argument 'cmake_force_configure' from command line to 'False'
[3.526s] Level 5:colcon.colcon_core.verb:set package 'global_position_node' build argument 'ament_cmake_args' from command line to 'None'
[3.526s] Level 5:colcon.colcon_core.verb:set package 'global_position_node' build argument 'catkin_cmake_args' from command line to 'None'
[3.526s] Level 5:colcon.colcon_core.verb:set package 'global_position_node' build argument 'catkin_skip_building_tests' from command line to 'False'
[3.526s] DEBUG:colcon.colcon_core.verb:Building package 'global_position_node' with the following arguments: {'ament_cmake_args': None, 'build_base': '/home/drone/drone_ws/build/global_position_node', 'catkin_cmake_args': None, 'catkin_skip_building_tests': False, 'cmake_args': None, 'cmake_clean_cache': False, 'cmake_clean_first': False, 'cmake_force_configure': False, 'cmake_target': None, 'cmake_target_skip_unavailable': False, 'install_base': '/home/drone/drone_ws/install/global_position_node', 'merge_install': False, 'path': '/home/drone/drone_ws/src/global_position_node', 'symlink_install': False, 'test_result_base': None}
[3.528s] Level 5:colcon.colcon_core.verb:set package 'project_start' build argument 'cmake_args' from command line to 'None'
[3.529s] Level 5:colcon.colcon_core.verb:set package 'project_start' build argument 'cmake_target' from command line to 'None'
[3.529s] Level 5:colcon.colcon_core.verb:set package 'project_start' build argument 'cmake_target_skip_unavailable' from command line to 'False'
[3.529s] Level 5:colcon.colcon_core.verb:set package 'project_start' build argument 'cmake_clean_cache' from command line to 'False'
[3.530s] Level 5:colcon.colcon_core.verb:set package 'project_start' build argument 'cmake_clean_first' from command line to 'False'
[3.530s] Level 5:colcon.colcon_core.verb:set package 'project_start' build argument 'cmake_force_configure' from command line to 'False'
[3.530s] Level 5:colcon.colcon_core.verb:set package 'project_start' build argument 'ament_cmake_args' from command line to 'None'
[3.530s] Level 5:colcon.colcon_core.verb:set package 'project_start' build argument 'catkin_cmake_args' from command line to 'None'
[3.530s] Level 5:colcon.colcon_core.verb:set package 'project_start' build argument 'catkin_skip_building_tests' from command line to 'False'
[3.530s] DEBUG:colcon.colcon_core.verb:Building package 'project_start' with the following arguments: {'ament_cmake_args': None, 'build_base': '/home/drone/drone_ws/build/project_start', 'catkin_cmake_args': None, 'catkin_skip_building_tests': False, 'cmake_args': None, 'cmake_clean_cache': False, 'cmake_clean_first': False, 'cmake_force_configure': False, 'cmake_target': None, 'cmake_target_skip_unavailable': False, 'install_base': '/home/drone/drone_ws/install/project_start', 'merge_install': False, 'path': '/home/drone/drone_ws/src/project_start', 'symlink_install': False, 'test_result_base': None}
[3.532s] Level 5:colcon.colcon_core.verb:set package 'px4' build argument 'cmake_args' from command line to 'None'
[3.532s] Level 5:colcon.colcon_core.verb:set package 'px4' build argument 'cmake_target' from command line to 'None'
[3.532s] Level 5:colcon.colcon_core.verb:set package 'px4' build argument 'cmake_target_skip_unavailable' from command line to 'False'
[3.532s] Level 5:colcon.colcon_core.verb:set package 'px4' build argument 'cmake_clean_cache' from command line to 'False'
[3.532s] Level 5:colcon.colcon_core.verb:set package 'px4' build argument 'cmake_clean_first' from command line to 'False'
[3.532s] Level 5:colcon.colcon_core.verb:set package 'px4' build argument 'cmake_force_configure' from command line to 'False'
[3.533s] Level 5:colcon.colcon_core.verb:set package 'px4' build argument 'ament_cmake_args' from command line to 'None'
[3.533s] Level 5:colcon.colcon_core.verb:set package 'px4' build argument 'catkin_cmake_args' from command line to 'None'
[3.533s] Level 5:colcon.colcon_core.verb:set package 'px4' build argument 'catkin_skip_building_tests' from command line to 'False'
[3.533s] DEBUG:colcon.colcon_core.verb:Building package 'px4' with the following arguments: {'ament_cmake_args': None, 'build_base': '/home/drone/drone_ws/build/px4', 'catkin_cmake_args': None, 'catkin_skip_building_tests': False, 'cmake_args': None, 'cmake_clean_cache': False, 'cmake_clean_first': False, 'cmake_force_configure': False, 'cmake_target': None, 'cmake_target_skip_unavailable': False, 'install_base': '/home/drone/drone_ws/install/px4', 'merge_install': False, 'path': '/home/drone/drone_ws/src/px4', 'symlink_install': False, 'test_result_base': None}
[3.534s] Level 5:colcon.colcon_core.verb:set package 'rangefinder' build argument 'cmake_args' from command line to 'None'
[3.535s] Level 5:colcon.colcon_core.verb:set package 'rangefinder' build argument 'cmake_target' from command line to 'None'
[3.535s] Level 5:colcon.colcon_core.verb:set package 'rangefinder' build argument 'cmake_target_skip_unavailable' from command line to 'False'
[3.535s] Level 5:colcon.colcon_core.verb:set package 'rangefinder' build argument 'cmake_clean_cache' from command line to 'False'
[3.535s] Level 5:colcon.colcon_core.verb:set package 'rangefinder' build argument 'cmake_clean_first' from command line to 'False'
[3.535s] Level 5:colcon.colcon_core.verb:set package 'rangefinder' build argument 'cmake_force_configure' from command line to 'False'
[3.535s] Level 5:colcon.colcon_core.verb:set package 'rangefinder' build argument 'ament_cmake_args' from command line to 'None'
[3.535s] Level 5:colcon.colcon_core.verb:set package 'rangefinder' build argument 'catkin_cmake_args' from command line to 'None'
[3.535s] Level 5:colcon.colcon_core.verb:set package 'rangefinder' build argument 'catkin_skip_building_tests' from command line to 'False'
[3.536s] DEBUG:colcon.colcon_core.verb:Building package 'rangefinder' with the following arguments: {'ament_cmake_args': None, 'build_base': '/home/drone/drone_ws/build/rangefinder', 'catkin_cmake_args': None, 'catkin_skip_building_tests': False, 'cmake_args': None, 'cmake_clean_cache': False, 'cmake_clean_first': False, 'cmake_force_configure': False, 'cmake_target': None, 'cmake_target_skip_unavailable': False, 'install_base': '/home/drone/drone_ws/install/rangefinder', 'merge_install': False, 'path': '/home/drone/drone_ws/src/rangefinder', 'symlink_install': False, 'test_result_base': None}
[3.537s] Level 5:colcon.colcon_core.verb:set package 'uav_camera' build argument 'cmake_args' from command line to 'None'
[3.537s] Level 5:colcon.colcon_core.verb:set package 'uav_camera' build argument 'cmake_target' from command line to 'None'
[3.537s] Level 5:colcon.colcon_core.verb:set package 'uav_camera' build argument 'cmake_target_skip_unavailable' from command line to 'False'
[3.537s] Level 5:colcon.colcon_core.verb:set package 'uav_camera' build argument 'cmake_clean_cache' from command line to 'False'
[3.538s] Level 5:colcon.colcon_core.verb:set package 'uav_camera' build argument 'cmake_clean_first' from command line to 'False'
[3.538s] Level 5:colcon.colcon_core.verb:set package 'uav_camera' build argument 'cmake_force_configure' from command line to 'False'
[3.538s] Level 5:colcon.colcon_core.verb:set package 'uav_camera' build argument 'ament_cmake_args' from command line to 'None'
[3.538s] Level 5:colcon.colcon_core.verb:set package 'uav_camera' build argument 'catkin_cmake_args' from command line to 'None'
[3.538s] Level 5:colcon.colcon_core.verb:set package 'uav_camera' build argument 'catkin_skip_building_tests' from command line to 'False'
[3.538s] DEBUG:colcon.colcon_core.verb:Building package 'uav_camera' with the following arguments: {'ament_cmake_args': None, 'build_base': '/home/drone/drone_ws/build/uav_camera', 'catkin_cmake_args': None, 'catkin_skip_building_tests': False, 'cmake_args': None, 'cmake_clean_cache': False, 'cmake_clean_first': False, 'cmake_force_configure': False, 'cmake_target': None, 'cmake_target_skip_unavailable': False, 'install_base': '/home/drone/drone_ws/install/uav_camera', 'merge_install': False, 'path': '/home/drone/drone_ws/src/uav_camera', 'symlink_install': False, 'test_result_base': None}
[3.540s] INFO:colcon.colcon_core.executor:Executing jobs using 'parallel' executor
[3.544s] DEBUG:colcon.colcon_parallel_executor.executor.parallel:run_until_complete
[3.545s] INFO:colcon.colcon_ros.task.ament_python.build:Building ROS package in '/home/drone/drone_ws/src/altitude' with build type 'ament_python'
[3.546s] Level 1:colcon.colcon_core.shell:create_environment_hook('altitude', 'ament_prefix_path')
[3.573s] INFO:colcon.colcon_core.plugin_system:Skipping extension 'colcon_core.shell.bat': Not used on non-Windows systems
[3.575s] INFO:colcon.colcon_core.shell:Creating environment hook '/home/drone/drone_ws/install/altitude/share/altitude/hook/ament_prefix_path.ps1'
[3.580s] INFO:colcon.colcon_core.shell:Creating environment descriptor '/home/drone/drone_ws/install/altitude/share/altitude/hook/ament_prefix_path.dsv'
[3.583s] INFO:colcon.colcon_core.shell:Creating environment hook '/home/drone/drone_ws/install/altitude/share/altitude/hook/ament_prefix_path.sh'
[3.588s] INFO:colcon.colcon_core.shell:Skip shell extension 'powershell' for command environment: Not usable outside of PowerShell
[3.588s] DEBUG:colcon.colcon_core.shell:Skip shell extension 'dsv' for command environment
[3.607s] INFO:colcon.colcon_ros.task.ament_python.build:Building ROS package in '/home/drone/drone_ws/src/aruco_detector_node' with build type 'ament_python'
[3.608s] Level 1:colcon.colcon_core.shell:create_environment_hook('aruco_detector_node', 'ament_prefix_path')
[3.610s] INFO:colcon.colcon_core.shell:Creating environment hook '/home/drone/drone_ws/install/aruco_detector_node/share/aruco_detector_node/hook/ament_prefix_path.ps1'
[3.613s] INFO:colcon.colcon_core.shell:Creating environment descriptor '/home/drone/drone_ws/install/aruco_detector_node/share/aruco_detector_node/hook/ament_prefix_path.dsv'
[3.616s] INFO:colcon.colcon_core.shell:Creating environment hook '/home/drone/drone_ws/install/aruco_detector_node/share/aruco_detector_node/hook/ament_prefix_path.sh'
[3.620s] INFO:colcon.colcon_core.shell:Skip shell extension 'powershell' for command environment: Not usable outside of PowerShell
[3.620s] DEBUG:colcon.colcon_core.shell:Skip shell extension 'dsv' for command environment
[3.635s] INFO:colcon.colcon_ros.task.ament_python.build:Building ROS package in '/home/drone/drone_ws/src/global_position_node' with build type 'ament_python'
[3.636s] Level 1:colcon.colcon_core.shell:create_environment_hook('global_position_node', 'ament_prefix_path')
[3.637s] INFO:colcon.colcon_core.shell:Creating environment hook '/home/drone/drone_ws/install/global_position_node/share/global_position_node/hook/ament_prefix_path.ps1'
[3.640s] INFO:colcon.colcon_core.shell:Creating environment descriptor '/home/drone/drone_ws/install/global_position_node/share/global_position_node/hook/ament_prefix_path.dsv'
[3.642s] INFO:colcon.colcon_core.shell:Creating environment hook '/home/drone/drone_ws/install/global_position_node/share/global_position_node/hook/ament_prefix_path.sh'
[3.647s] INFO:colcon.colcon_core.shell:Skip shell extension 'powershell' for command environment: Not usable outside of PowerShell
[3.647s] DEBUG:colcon.colcon_core.shell:Skip shell extension 'dsv' for command environment
[3.663s] INFO:colcon.colcon_ros.task.ament_python.build:Building ROS package in '/home/drone/drone_ws/src/project_start' with build type 'ament_python'
[3.664s] Level 1:colcon.colcon_core.shell:create_environment_hook('project_start', 'ament_prefix_path')
[3.665s] INFO:colcon.colcon_core.shell:Creating environment hook '/home/drone/drone_ws/install/project_start/share/project_start/hook/ament_prefix_path.ps1'
[3.668s] INFO:colcon.colcon_core.shell:Creating environment descriptor '/home/drone/drone_ws/install/project_start/share/project_start/hook/ament_prefix_path.dsv'
[3.670s] INFO:colcon.colcon_core.shell:Creating environment hook '/home/drone/drone_ws/install/project_start/share/project_start/hook/ament_prefix_path.sh'
[3.675s] INFO:colcon.colcon_core.shell:Skip shell extension 'powershell' for command environment: Not usable outside of PowerShell
[3.675s] DEBUG:colcon.colcon_core.shell:Skip shell extension 'dsv' for command environment
[5.004s] INFO:colcon.colcon_core.task.python.build:Building Python package in '/home/drone/drone_ws/src/altitude'
[5.005s] INFO:colcon.colcon_core.shell:Skip shell extension 'powershell' for command environment: Not usable outside of PowerShell
[5.006s] DEBUG:colcon.colcon_core.shell:Skip shell extension 'dsv' for command environment
[6.251s] INFO:colcon.colcon_core.task.python.build:Building Python package in '/home/drone/drone_ws/src/aruco_detector_node'
[6.252s] INFO:colcon.colcon_core.shell:Skip shell extension 'powershell' for command environment: Not usable outside of PowerShell
[6.253s] DEBUG:colcon.colcon_core.shell:Skip shell extension 'dsv' for command environment
[7.538s] INFO:colcon.colcon_core.task.python.build:Building Python package in '/home/drone/drone_ws/src/global_position_node'
[7.540s] INFO:colcon.colcon_core.shell:Skip shell extension 'powershell' for command environment: Not usable outside of PowerShell
[7.540s] DEBUG:colcon.colcon_core.shell:Skip shell extension 'dsv' for command environment
[8.801s] INFO:colcon.colcon_core.task.python.build:Building Python package in '/home/drone/drone_ws/src/project_start'
[8.802s] INFO:colcon.colcon_core.shell:Skip shell extension 'powershell' for command environment: Not usable outside of PowerShell
[8.802s] DEBUG:colcon.colcon_core.shell:Skip shell extension 'dsv' for command environment
[12.128s] DEBUG:colcon.colcon_core.event_handler.log_command:Invoking command in '/home/drone/drone_ws/src/global_position_node': PYTHONPATH=/home/drone/drone_ws/build/global_position_node/prefix_override:/usr/lib/python3/dist-packages/colcon_core/task/python/colcon_distutils_commands:/home/drone/drone_ws/install/global_position_node/lib/python3.10/site-packages:${PYTHONPATH} /usr/bin/python3 -W ignore:setup.py install is deprecated -W ignore:easy_install command is deprecated setup.py egg_info --egg-base ../../build/global_position_node build --build-base /home/drone/drone_ws/build/global_position_node/build install --record /home/drone/drone_ws/build/global_position_node/install.log --single-version-externally-managed install_data
[12.188s] DEBUG:colcon.colcon_core.event_handler.log_command:Invoking command in '/home/drone/drone_ws/src/altitude': PYTHONPATH=/home/drone/drone_ws/build/altitude/prefix_override:/usr/lib/python3/dist-packages/colcon_core/task/python/colcon_distutils_commands:/home/drone/drone_ws/install/altitude/lib/python3.10/site-packages:${PYTHONPATH} /usr/bin/python3 -W ignore:setup.py install is deprecated -W ignore:easy_install command is deprecated setup.py egg_info --egg-base ../../build/altitude build --build-base /home/drone/drone_ws/build/altitude/build install --record /home/drone/drone_ws/build/altitude/install.log --single-version-externally-managed install_data
[12.197s] DEBUG:colcon.colcon_core.event_handler.log_command:Invoking command in '/home/drone/drone_ws/src/aruco_detector_node': PYTHONPATH=/home/drone/drone_ws/build/aruco_detector_node/prefix_override:/usr/lib/python3/dist-packages/colcon_core/task/python/colcon_distutils_commands:/home/drone/drone_ws/install/aruco_detector_node/lib/python3.10/site-packages:${PYTHONPATH} /usr/bin/python3 -W ignore:setup.py install is deprecated -W ignore:easy_install command is deprecated setup.py egg_info --egg-base ../../build/aruco_detector_node build --build-base /home/drone/drone_ws/build/aruco_detector_node/build install --record /home/drone/drone_ws/build/aruco_detector_node/install.log --single-version-externally-managed install_data
[12.229s] DEBUG:colcon.colcon_core.event_handler.log_command:Invoking command in '/home/drone/drone_ws/src/project_start': PYTHONPATH=/home/drone/drone_ws/build/project_start/prefix_override:/usr/lib/python3/dist-packages/colcon_core/task/python/colcon_distutils_commands:/home/drone/drone_ws/install/project_start/lib/python3.10/site-packages:${PYTHONPATH} /usr/bin/python3 -W ignore:setup.py install is deprecated -W ignore:easy_install command is deprecated setup.py egg_info --egg-base ../../build/project_start build --build-base /home/drone/drone_ws/build/project_start/build install --record /home/drone/drone_ws/build/project_start/install.log --single-version-externally-managed install_data
[14.344s] DEBUG:colcon.colcon_core.event_handler.log_command:Invoked command in '/home/drone/drone_ws/src/aruco_detector_node' returned '0': PYTHONPATH=/home/drone/drone_ws/build/aruco_detector_node/prefix_override:/usr/lib/python3/dist-packages/colcon_core/task/python/colcon_distutils_commands:/home/drone/drone_ws/install/aruco_detector_node/lib/python3.10/site-packages:${PYTHONPATH} /usr/bin/python3 -W ignore:setup.py install is deprecated -W ignore:easy_install command is deprecated setup.py egg_info --egg-base ../../build/aruco_detector_node build --build-base /home/drone/drone_ws/build/aruco_detector_node/build install --record /home/drone/drone_ws/build/aruco_detector_node/install.log --single-version-externally-managed install_data
[14.452s] Level 1:colcon.colcon_core.environment:checking '/home/drone/drone_ws/install/aruco_detector_node' for CMake module files
[14.456s] Level 1:colcon.colcon_core.environment:checking '/home/drone/drone_ws/install/aruco_detector_node' for CMake config files
[14.468s] Level 1:colcon.colcon_core.environment:checking '/home/drone/drone_ws/install/aruco_detector_node/lib'
[14.470s] Level 1:colcon.colcon_core.environment:checking '/home/drone/drone_ws/install/aruco_detector_node/bin'
[14.471s] Level 1:colcon.colcon_core.environment:checking '/home/drone/drone_ws/install/aruco_detector_node/lib/pkgconfig/aruco_detector_node.pc'
[14.473s] Level 1:colcon.colcon_core.environment:checking '/home/drone/drone_ws/install/aruco_detector_node/lib/python3.10/site-packages'
[14.474s] Level 1:colcon.colcon_core.shell:create_environment_hook('aruco_detector_node', 'pythonpath')
[14.477s] INFO:colcon.colcon_core.shell:Creating environment hook '/home/drone/drone_ws/install/aruco_detector_node/share/aruco_detector_node/hook/pythonpath.ps1'
[14.482s] INFO:colcon.colcon_core.shell:Creating environment descriptor '/home/drone/drone_ws/install/aruco_detector_node/share/aruco_detector_node/hook/pythonpath.dsv'
[14.486s] INFO:colcon.colcon_core.shell:Creating environment hook '/home/drone/drone_ws/install/aruco_detector_node/share/aruco_detector_node/hook/pythonpath.sh'
[14.493s] Level 1:colcon.colcon_core.environment:checking '/home/drone/drone_ws/install/aruco_detector_node/bin'
[14.493s] Level 1:colcon.colcon_core.environment:create_environment_scripts_only(aruco_detector_node)
[14.496s] INFO:colcon.colcon_core.shell:Creating package script '/home/drone/drone_ws/install/aruco_detector_node/share/aruco_detector_node/package.ps1'
[14.506s] INFO:colcon.colcon_core.shell:Creating package descriptor '/home/drone/drone_ws/install/aruco_detector_node/share/aruco_detector_node/package.dsv'
[14.515s] INFO:colcon.colcon_core.shell:Creating package script '/home/drone/drone_ws/install/aruco_detector_node/share/aruco_detector_node/package.sh'
[14.522s] INFO:colcon.colcon_core.shell:Creating package script '/home/drone/drone_ws/install/aruco_detector_node/share/aruco_detector_node/package.bash'
[14.528s] INFO:colcon.colcon_core.shell:Creating package script '/home/drone/drone_ws/install/aruco_detector_node/share/aruco_detector_node/package.zsh'
[14.533s] Level 1:colcon.colcon_core.environment:create_file_with_runtime_dependencies(/home/drone/drone_ws/install/aruco_detector_node/share/colcon-core/packages/aruco_detector_node)
[14.536s] INFO:colcon.colcon_ros.task.ament_python.build:Building ROS package in '/home/drone/drone_ws/src/px4' with build type 'ament_python'
[14.537s] Level 1:colcon.colcon_core.shell:create_environment_hook('px4', 'ament_prefix_path')
[14.538s] INFO:colcon.colcon_core.shell:Creating environment hook '/home/drone/drone_ws/install/px4/share/px4/hook/ament_prefix_path.ps1'
[14.542s] INFO:colcon.colcon_core.shell:Creating environment descriptor '/home/drone/drone_ws/install/px4/share/px4/hook/ament_prefix_path.dsv'
[14.545s] INFO:colcon.colcon_core.shell:Creating environment hook '/home/drone/drone_ws/install/px4/share/px4/hook/ament_prefix_path.sh'
[14.550s] INFO:colcon.colcon_core.shell:Skip shell extension 'powershell' for command environment: Not usable outside of PowerShell
[14.551s] DEBUG:colcon.colcon_core.shell:Skip shell extension 'dsv' for command environment
[14.584s] Level 1:colcon.colcon_core.environment:checking '/home/drone/drone_ws/install/project_start' for CMake module files
[14.588s] DEBUG:colcon.colcon_core.event_handler.log_command:Invoked command in '/home/drone/drone_ws/src/project_start' returned '0': PYTHONPATH=/home/drone/drone_ws/build/project_start/prefix_override:/usr/lib/python3/dist-packages/colcon_core/task/python/colcon_distutils_commands:/home/drone/drone_ws/install/project_start/lib/python3.10/site-packages:${PYTHONPATH} /usr/bin/python3 -W ignore:setup.py install is deprecated -W ignore:easy_install command is deprecated setup.py egg_info --egg-base ../../build/project_start build --build-base /home/drone/drone_ws/build/project_start/build install --record /home/drone/drone_ws/build/project_start/install.log --single-version-externally-managed install_data
[14.592s] Level 1:colcon.colcon_core.environment:checking '/home/drone/drone_ws/install/project_start' for CMake config files
[14.600s] Level 1:colcon.colcon_core.environment:checking '/home/drone/drone_ws/install/project_start/lib'
[14.601s] Level 1:colcon.colcon_core.environment:checking '/home/drone/drone_ws/install/project_start/bin'
[14.602s] Level 1:colcon.colcon_core.environment:checking '/home/drone/drone_ws/install/project_start/lib/pkgconfig/project_start.pc'
[14.604s] Level 1:colcon.colcon_core.environment:checking '/home/drone/drone_ws/install/project_start/lib/python3.10/site-packages'
[14.604s] Level 1:colcon.colcon_core.shell:create_environment_hook('project_start', 'pythonpath')
[14.606s] INFO:colcon.colcon_core.shell:Creating environment hook '/home/drone/drone_ws/install/project_start/share/project_start/hook/pythonpath.ps1'
[14.610s] INFO:colcon.colcon_core.shell:Creating environment descriptor '/home/drone/drone_ws/install/project_start/share/project_start/hook/pythonpath.dsv'
[14.613s] INFO:colcon.colcon_core.shell:Creating environment hook '/home/drone/drone_ws/install/project_start/share/project_start/hook/pythonpath.sh'
[14.619s] Level 1:colcon.colcon_core.environment:checking '/home/drone/drone_ws/install/project_start/bin'
[14.620s] Level 1:colcon.colcon_core.environment:create_environment_scripts_only(project_start)
[14.622s] INFO:colcon.colcon_core.shell:Creating package script '/home/drone/drone_ws/install/project_start/share/project_start/package.ps1'
[14.626s] INFO:colcon.colcon_core.shell:Creating package descriptor '/home/drone/drone_ws/install/project_start/share/project_start/package.dsv'
[14.630s] INFO:colcon.colcon_core.shell:Creating package script '/home/drone/drone_ws/install/project_start/share/project_start/package.sh'
[14.634s] INFO:colcon.colcon_core.shell:Creating package script '/home/drone/drone_ws/install/project_start/share/project_start/package.bash'
[14.638s] INFO:colcon.colcon_core.shell:Creating package script '/home/drone/drone_ws/install/project_start/share/project_start/package.zsh'
[14.643s] Level 1:colcon.colcon_core.environment:create_file_with_runtime_dependencies(/home/drone/drone_ws/install/project_start/share/colcon-core/packages/project_start)
[14.647s] Level 1:colcon.colcon_core.environment:checking '/home/drone/drone_ws/install/global_position_node' for CMake module files
[14.654s] Level 1:colcon.colcon_core.environment:checking '/home/drone/drone_ws/install/global_position_node' for CMake config files
[14.660s] DEBUG:colcon.colcon_core.event_handler.log_command:Invoked command in '/home/drone/drone_ws/src/global_position_node' returned '0': PYTHONPATH=/home/drone/drone_ws/build/global_position_node/prefix_override:/usr/lib/python3/dist-packages/colcon_core/task/python/colcon_distutils_commands:/home/drone/drone_ws/install/global_position_node/lib/python3.10/site-packages:${PYTHONPATH} /usr/bin/python3 -W ignore:setup.py install is deprecated -W ignore:easy_install command is deprecated setup.py egg_info --egg-base ../../build/global_position_node build --build-base /home/drone/drone_ws/build/global_position_node/build install --record /home/drone/drone_ws/build/global_position_node/install.log --single-version-externally-managed install_data
[14.663s] Level 1:colcon.colcon_core.environment:checking '/home/drone/drone_ws/install/global_position_node/lib'
[14.664s] Level 1:colcon.colcon_core.environment:checking '/home/drone/drone_ws/install/global_position_node/bin'
[14.665s] Level 1:colcon.colcon_core.environment:checking '/home/drone/drone_ws/install/global_position_node/lib/pkgconfig/global_position_node.pc'
[14.666s] Level 1:colcon.colcon_core.environment:checking '/home/drone/drone_ws/install/global_position_node/lib/python3.10/site-packages'
[14.667s] Level 1:colcon.colcon_core.shell:create_environment_hook('global_position_node', 'pythonpath')
[14.669s] INFO:colcon.colcon_core.shell:Creating environment hook '/home/drone/drone_ws/install/global_position_node/share/global_position_node/hook/pythonpath.ps1'
[14.672s] INFO:colcon.colcon_core.shell:Creating environment descriptor '/home/drone/drone_ws/install/global_position_node/share/global_position_node/hook/pythonpath.dsv'
[14.677s] INFO:colcon.colcon_core.shell:Creating environment hook '/home/drone/drone_ws/install/global_position_node/share/global_position_node/hook/pythonpath.sh'
[14.683s] Level 1:colcon.colcon_core.environment:checking '/home/drone/drone_ws/install/global_position_node/bin'
[14.684s] Level 1:colcon.colcon_core.environment:create_environment_scripts_only(global_position_node)
[14.685s] INFO:colcon.colcon_core.shell:Creating package script '/home/drone/drone_ws/install/global_position_node/share/global_position_node/package.ps1'
[14.689s] INFO:colcon.colcon_core.shell:Creating package descriptor '/home/drone/drone_ws/install/global_position_node/share/global_position_node/package.dsv'
[14.692s] INFO:colcon.colcon_core.shell:Creating package script '/home/drone/drone_ws/install/global_position_node/share/global_position_node/package.sh'
[14.694s] INFO:colcon.colcon_core.shell:Creating package script '/home/drone/drone_ws/install/global_position_node/share/global_position_node/package.bash'
[14.697s] INFO:colcon.colcon_core.shell:Creating package script '/home/drone/drone_ws/install/global_position_node/share/global_position_node/package.zsh'
[14.699s] Level 1:colcon.colcon_core.environment:create_file_with_runtime_dependencies(/home/drone/drone_ws/install/global_position_node/share/colcon-core/packages/global_position_node)
[14.702s] INFO:colcon.colcon_ros.task.ament_python.build:Building ROS package in '/home/drone/drone_ws/src/rangefinder' with build type 'ament_python'
[14.703s] Level 1:colcon.colcon_core.shell:create_environment_hook('rangefinder', 'ament_prefix_path')
[14.704s] INFO:colcon.colcon_core.shell:Creating environment hook '/home/drone/drone_ws/install/rangefinder/share/rangefinder/hook/ament_prefix_path.ps1'
[14.707s] INFO:colcon.colcon_core.shell:Creating environment descriptor '/home/drone/drone_ws/install/rangefinder/share/rangefinder/hook/ament_prefix_path.dsv'
[14.709s] INFO:colcon.colcon_core.shell:Creating environment hook '/home/drone/drone_ws/install/rangefinder/share/rangefinder/hook/ament_prefix_path.sh'
[14.713s] INFO:colcon.colcon_core.shell:Skip shell extension 'powershell' for command environment: Not usable outside of PowerShell
[14.713s] DEBUG:colcon.colcon_core.shell:Skip shell extension 'dsv' for command environment
[14.730s] INFO:colcon.colcon_ros.task.ament_cmake.build:Building ROS package in '/home/drone/drone_ws/src/uav_camera' with build type 'ament_cmake'
[14.731s] INFO:colcon.colcon_cmake.task.cmake.build:Building CMake package in '/home/drone/drone_ws/src/uav_camera'
[14.733s] INFO:colcon.colcon_core.shell:Skip shell extension 'powershell' for command environment: Not usable outside of PowerShell
[14.733s] DEBUG:colcon.colcon_core.shell:Skip shell extension 'dsv' for command environment
[15.995s] INFO:colcon.colcon_core.task.python.build:Building Python package in '/home/drone/drone_ws/src/px4'
[15.996s] INFO:colcon.colcon_core.shell:Skip shell extension 'powershell' for command environment: Not usable outside of PowerShell
[15.996s] DEBUG:colcon.colcon_core.shell:Skip shell extension 'dsv' for command environment
[16.013s] Level 1:colcon.colcon_core.environment:checking '/home/drone/drone_ws/install/altitude' for CMake module files
[16.015s] DEBUG:colcon.colcon_core.event_handler.log_command:Invoked command in '/home/drone/drone_ws/src/altitude' returned '0': PYTHONPATH=/home/drone/drone_ws/build/altitude/prefix_override:/usr/lib/python3/dist-packages/colcon_core/task/python/colcon_distutils_commands:/home/drone/drone_ws/install/altitude/lib/python3.10/site-packages:${PYTHONPATH} /usr/bin/python3 -W ignore:setup.py install is deprecated -W ignore:easy_install command is deprecated setup.py egg_info --egg-base ../../build/altitude build --build-base /home/drone/drone_ws/build/altitude/build install --record /home/drone/drone_ws/build/altitude/install.log --single-version-externally-managed install_data
[16.017s] Level 1:colcon.colcon_core.environment:checking '/home/drone/drone_ws/install/altitude' for CMake config files
[16.022s] Level 1:colcon.colcon_core.environment:checking '/home/drone/drone_ws/install/altitude/lib'
[16.022s] Level 1:colcon.colcon_core.environment:checking '/home/drone/drone_ws/install/altitude/bin'
[16.023s] Level 1:colcon.colcon_core.environment:checking '/home/drone/drone_ws/install/altitude/lib/pkgconfig/altitude.pc'
[16.024s] Level 1:colcon.colcon_core.environment:checking '/home/drone/drone_ws/install/altitude/lib/python3.10/site-packages'
[16.024s] Level 1:colcon.colcon_core.shell:create_environment_hook('altitude', 'pythonpath')
[16.025s] INFO:colcon.colcon_core.shell:Creating environment hook '/home/drone/drone_ws/install/altitude/share/altitude/hook/pythonpath.ps1'
[16.027s] INFO:colcon.colcon_core.shell:Creating environment descriptor '/home/drone/drone_ws/install/altitude/share/altitude/hook/pythonpath.dsv'
[16.029s] INFO:colcon.colcon_core.shell:Creating environment hook '/home/drone/drone_ws/install/altitude/share/altitude/hook/pythonpath.sh'
[16.033s] Level 1:colcon.colcon_core.environment:checking '/home/drone/drone_ws/install/altitude/bin'
[16.033s] Level 1:colcon.colcon_core.environment:create_environment_scripts_only(altitude)
[16.034s] INFO:colcon.colcon_core.shell:Creating package script '/home/drone/drone_ws/install/altitude/share/altitude/package.ps1'
[16.037s] INFO:colcon.colcon_core.shell:Creating package descriptor '/home/drone/drone_ws/install/altitude/share/altitude/package.dsv'
[16.039s] INFO:colcon.colcon_core.shell:Creating package script '/home/drone/drone_ws/install/altitude/share/altitude/package.sh'
[16.041s] INFO:colcon.colcon_core.shell:Creating package script '/home/drone/drone_ws/install/altitude/share/altitude/package.bash'
[16.043s] INFO:colcon.colcon_core.shell:Creating package script '/home/drone/drone_ws/install/altitude/share/altitude/package.zsh'
[16.045s] Level 1:colcon.colcon_core.environment:create_file_with_runtime_dependencies(/home/drone/drone_ws/install/altitude/share/colcon-core/packages/altitude)
[17.319s] INFO:colcon.colcon_core.task.python.build:Building Python package in '/home/drone/drone_ws/src/rangefinder'
[17.320s] INFO:colcon.colcon_core.shell:Skip shell extension 'powershell' for command environment: Not usable outside of PowerShell
[17.320s] DEBUG:colcon.colcon_core.shell:Skip shell extension 'dsv' for command environment
[17.364s] DEBUG:colcon.colcon_core.event_handler.log_command:Invoking command in '/home/drone/drone_ws/build/uav_camera': CMAKE_PREFIX_PATH=/opt/ros/humble /usr/bin/cmake --build /home/drone/drone_ws/build/uav_camera -- -j4 -l4
[18.188s] DEBUG:colcon.colcon_core.event_handler.log_command:Invoked command in '/home/drone/drone_ws/build/uav_camera' returned '0': CMAKE_PREFIX_PATH=/opt/ros/humble /usr/bin/cmake --build /home/drone/drone_ws/build/uav_camera -- -j4 -l4
[18.240s] DEBUG:colcon.colcon_core.event_handler.log_command:Invoking command in '/home/drone/drone_ws/build/uav_camera': CMAKE_PREFIX_PATH=/opt/ros/humble /usr/bin/cmake --install /home/drone/drone_ws/build/uav_camera
[18.326s] Level 1:colcon.colcon_core.environment:create_environment_scripts_only(uav_camera)
[18.329s] Level 1:colcon.colcon_core.environment:checking '/home/drone/drone_ws/install/uav_camera' for CMake module files
[18.331s] DEBUG:colcon.colcon_core.event_handler.log_command:Invoked command in '/home/drone/drone_ws/build/uav_camera' returned '0': CMAKE_PREFIX_PATH=/opt/ros/humble /usr/bin/cmake --install /home/drone/drone_ws/build/uav_camera
[18.335s] Level 1:colcon.colcon_core.environment:checking '/home/drone/drone_ws/install/uav_camera' for CMake config files
[18.338s] Level 1:colcon.colcon_core.shell:create_environment_hook('uav_camera', 'cmake_prefix_path')
[18.339s] INFO:colcon.colcon_core.shell:Creating environment hook '/home/drone/drone_ws/install/uav_camera/share/uav_camera/hook/cmake_prefix_path.ps1'
[18.343s] INFO:colcon.colcon_core.shell:Creating environment descriptor '/home/drone/drone_ws/install/uav_camera/share/uav_camera/hook/cmake_prefix_path.dsv'
[18.346s] INFO:colcon.colcon_core.shell:Creating environment hook '/home/drone/drone_ws/install/uav_camera/share/uav_camera/hook/cmake_prefix_path.sh'
[18.350s] Level 1:colcon.colcon_core.environment:checking '/home/drone/drone_ws/install/uav_camera/lib'
[18.351s] Level 1:colcon.colcon_core.environment:checking '/home/drone/drone_ws/install/uav_camera/bin'
[18.352s] Level 1:colcon.colcon_core.environment:checking '/home/drone/drone_ws/install/uav_camera/lib/pkgconfig/uav_camera.pc'
[18.354s] Level 1:colcon.colcon_core.environment:checking '/home/drone/drone_ws/install/uav_camera/lib/python3.10/site-packages'
[18.356s] Level 1:colcon.colcon_core.environment:checking '/home/drone/drone_ws/install/uav_camera/bin'
[18.357s] INFO:colcon.colcon_core.shell:Creating package script '/home/drone/drone_ws/install/uav_camera/share/uav_camera/package.ps1'
[18.361s] INFO:colcon.colcon_core.shell:Creating package descriptor '/home/drone/drone_ws/install/uav_camera/share/uav_camera/package.dsv'
[18.365s] INFO:colcon.colcon_core.shell:Creating package script '/home/drone/drone_ws/install/uav_camera/share/uav_camera/package.sh'
[18.368s] INFO:colcon.colcon_core.shell:Creating package script '/home/drone/drone_ws/install/uav_camera/share/uav_camera/package.bash'
[18.371s] INFO:colcon.colcon_core.shell:Creating package script '/home/drone/drone_ws/install/uav_camera/share/uav_camera/package.zsh'
[18.375s] Level 1:colcon.colcon_core.environment:create_file_with_runtime_dependencies(/home/drone/drone_ws/install/uav_camera/share/colcon-core/packages/uav_camera)
[18.379s] Level 1:colcon.colcon_core.environment:create_environment_scripts_only(uav_camera)
[18.380s] Level 1:colcon.colcon_core.environment:checking '/home/drone/drone_ws/install/uav_camera' for CMake module files
[18.383s] Level 1:colcon.colcon_core.environment:checking '/home/drone/drone_ws/install/uav_camera' for CMake config files
[18.387s] Level 1:colcon.colcon_core.shell:create_environment_hook('uav_camera', 'cmake_prefix_path')
[18.388s] INFO:colcon.colcon_core.shell:Creating environment hook '/home/drone/drone_ws/install/uav_camera/share/uav_camera/hook/cmake_prefix_path.ps1'
[18.392s] INFO:colcon.colcon_core.shell:Creating environment descriptor '/home/drone/drone_ws/install/uav_camera/share/uav_camera/hook/cmake_prefix_path.dsv'
[18.395s] INFO:colcon.colcon_core.shell:Creating environment hook '/home/drone/drone_ws/install/uav_camera/share/uav_camera/hook/cmake_prefix_path.sh'
[18.400s] Level 1:colcon.colcon_core.environment:checking '/home/drone/drone_ws/install/uav_camera/lib'
[18.401s] Level 1:colcon.colcon_core.environment:checking '/home/drone/drone_ws/install/uav_camera/bin'
[18.401s] Level 1:colcon.colcon_core.environment:checking '/home/drone/drone_ws/install/uav_camera/lib/pkgconfig/uav_camera.pc'
[18.403s] Level 1:colcon.colcon_core.environment:checking '/home/drone/drone_ws/install/uav_camera/lib/python3.10/site-packages'
[18.405s] Level 1:colcon.colcon_core.environment:checking '/home/drone/drone_ws/install/uav_camera/bin'
[18.407s] INFO:colcon.colcon_core.shell:Creating package script '/home/drone/drone_ws/install/uav_camera/share/uav_camera/package.ps1'
[18.411s] INFO:colcon.colcon_core.shell:Creating package descriptor '/home/drone/drone_ws/install/uav_camera/share/uav_camera/package.dsv'
[18.414s] INFO:colcon.colcon_core.shell:Creating package script '/home/drone/drone_ws/install/uav_camera/share/uav_camera/package.sh'
[18.418s] INFO:colcon.colcon_core.shell:Creating package script '/home/drone/drone_ws/install/uav_camera/share/uav_camera/package.bash'
[18.421s] INFO:colcon.colcon_core.shell:Creating package script '/home/drone/drone_ws/install/uav_camera/share/uav_camera/package.zsh'
[18.426s] Level 1:colcon.colcon_core.environment:create_file_with_runtime_dependencies(/home/drone/drone_ws/install/uav_camera/share/colcon-core/packages/uav_camera)
[19.462s] DEBUG:colcon.colcon_core.event_handler.log_command:Invoking command in '/home/drone/drone_ws/src/px4': PYTHONPATH=/home/drone/drone_ws/build/px4/prefix_override:/usr/lib/python3/dist-packages/colcon_core/task/python/colcon_distutils_commands:/home/drone/drone_ws/install/px4/lib/python3.10/site-packages:${PYTHONPATH} /usr/bin/python3 -W ignore:setup.py install is deprecated -W ignore:easy_install command is deprecated setup.py egg_info --egg-base ../../build/px4 build --build-base /home/drone/drone_ws/build/px4/build install --record /home/drone/drone_ws/build/px4/install.log --single-version-externally-managed install_data
[19.516s] DEBUG:colcon.colcon_core.event_handler.log_command:Invoking command in '/home/drone/drone_ws/src/rangefinder': PYTHONPATH=/home/drone/drone_ws/build/rangefinder/prefix_override:/usr/lib/python3/dist-packages/colcon_core/task/python/colcon_distutils_commands:/home/drone/drone_ws/install/rangefinder/lib/python3.10/site-packages:${PYTHONPATH} /usr/bin/python3 -W ignore:setup.py install is deprecated -W ignore:easy_install command is deprecated setup.py egg_info --egg-base ../../build/rangefinder build --build-base /home/drone/drone_ws/build/rangefinder/build install --record /home/drone/drone_ws/build/rangefinder/install.log --single-version-externally-managed install_data
[21.114s] Level 1:colcon.colcon_core.environment:checking '/home/drone/drone_ws/install/px4' for CMake module files
[21.119s] DEBUG:colcon.colcon_core.event_handler.log_command:Invoked command in '/home/drone/drone_ws/src/px4' returned '0': PYTHONPATH=/home/drone/drone_ws/build/px4/prefix_override:/usr/lib/python3/dist-packages/colcon_core/task/python/colcon_distutils_commands:/home/drone/drone_ws/install/px4/lib/python3.10/site-packages:${PYTHONPATH} /usr/bin/python3 -W ignore:setup.py install is deprecated -W ignore:easy_install command is deprecated setup.py egg_info --egg-base ../../build/px4 build --build-base /home/drone/drone_ws/build/px4/build install --record /home/drone/drone_ws/build/px4/install.log --single-version-externally-managed install_data
[21.121s] Level 1:colcon.colcon_core.environment:checking '/home/drone/drone_ws/install/px4' for CMake config files
[21.128s] Level 1:colcon.colcon_core.environment:checking '/home/drone/drone_ws/install/px4/lib'
[21.131s] Level 1:colcon.colcon_core.environment:checking '/home/drone/drone_ws/install/px4/bin'
[21.132s] Level 1:colcon.colcon_core.environment:checking '/home/drone/drone_ws/install/px4/lib/pkgconfig/px4.pc'
[21.134s] Level 1:colcon.colcon_core.environment:checking '/home/drone/drone_ws/install/px4/lib/python3.10/site-packages'
[21.135s] Level 1:colcon.colcon_core.shell:create_environment_hook('px4', 'pythonpath')
[21.137s] INFO:colcon.colcon_core.shell:Creating environment hook '/home/drone/drone_ws/install/px4/share/px4/hook/pythonpath.ps1'
[21.142s] INFO:colcon.colcon_core.shell:Creating environment descriptor '/home/drone/drone_ws/install/px4/share/px4/hook/pythonpath.dsv'
[21.146s] INFO:colcon.colcon_core.shell:Creating environment hook '/home/drone/drone_ws/install/px4/share/px4/hook/pythonpath.sh'
[21.154s] Level 1:colcon.colcon_core.environment:checking '/home/drone/drone_ws/install/px4/bin'
[21.155s] Level 1:colcon.colcon_core.environment:create_environment_scripts_only(px4)
[21.157s] INFO:colcon.colcon_core.shell:Creating package script '/home/drone/drone_ws/install/px4/share/px4/package.ps1'
[21.161s] INFO:colcon.colcon_core.shell:Creating package descriptor '/home/drone/drone_ws/install/px4/share/px4/package.dsv'
[21.165s] INFO:colcon.colcon_core.shell:Creating package script '/home/drone/drone_ws/install/px4/share/px4/package.sh'
[21.170s] INFO:colcon.colcon_core.shell:Creating package script '/home/drone/drone_ws/install/px4/share/px4/package.bash'
[21.173s] INFO:colcon.colcon_core.shell:Creating package script '/home/drone/drone_ws/install/px4/share/px4/package.zsh'
[21.177s] Level 1:colcon.colcon_core.environment:create_file_with_runtime_dependencies(/home/drone/drone_ws/install/px4/share/colcon-core/packages/px4)
[21.184s] Level 1:colcon.colcon_core.environment:checking '/home/drone/drone_ws/install/rangefinder' for CMake module files
[21.186s] DEBUG:colcon.colcon_core.event_handler.log_command:Invoked command in '/home/drone/drone_ws/src/rangefinder' returned '0': PYTHONPATH=/home/drone/drone_ws/build/rangefinder/prefix_override:/usr/lib/python3/dist-packages/colcon_core/task/python/colcon_distutils_commands:/home/drone/drone_ws/install/rangefinder/lib/python3.10/site-packages:${PYTHONPATH} /usr/bin/python3 -W ignore:setup.py install is deprecated -W ignore:easy_install command is deprecated setup.py egg_info --egg-base ../../build/rangefinder build --build-base /home/drone/drone_ws/build/rangefinder/build install --record /home/drone/drone_ws/build/rangefinder/install.log --single-version-externally-managed install_data
[21.189s] Level 1:colcon.colcon_core.environment:checking '/home/drone/drone_ws/install/rangefinder' for CMake config files
[21.192s] Level 1:colcon.colcon_core.environment:checking '/home/drone/drone_ws/install/rangefinder/lib'
[21.193s] Level 1:colcon.colcon_core.environment:checking '/home/drone/drone_ws/install/rangefinder/bin'
[21.193s] Level 1:colcon.colcon_core.environment:checking '/home/drone/drone_ws/install/rangefinder/lib/pkgconfig/rangefinder.pc'
[21.195s] Level 1:colcon.colcon_core.environment:checking '/home/drone/drone_ws/install/rangefinder/lib/python3.10/site-packages'
[21.195s] Level 1:colcon.colcon_core.shell:create_environment_hook('rangefinder', 'pythonpath')
[21.196s] INFO:colcon.colcon_core.shell:Creating environment hook '/home/drone/drone_ws/install/rangefinder/share/rangefinder/hook/pythonpath.ps1'
[21.198s] INFO:colcon.colcon_core.shell:Creating environment descriptor '/home/drone/drone_ws/install/rangefinder/share/rangefinder/hook/pythonpath.dsv'
[21.201s] INFO:colcon.colcon_core.shell:Creating environment hook '/home/drone/drone_ws/install/rangefinder/share/rangefinder/hook/pythonpath.sh'
[21.204s] Level 1:colcon.colcon_core.environment:checking '/home/drone/drone_ws/install/rangefinder/bin'
[21.205s] Level 1:colcon.colcon_core.environment:create_environment_scripts_only(rangefinder)
[21.206s] INFO:colcon.colcon_core.shell:Creating package script '/home/drone/drone_ws/install/rangefinder/share/rangefinder/package.ps1'
[21.208s] INFO:colcon.colcon_core.shell:Creating package descriptor '/home/drone/drone_ws/install/rangefinder/share/rangefinder/package.dsv'
[21.211s] INFO:colcon.colcon_core.shell:Creating package script '/home/drone/drone_ws/install/rangefinder/share/rangefinder/package.sh'
[21.213s] INFO:colcon.colcon_core.shell:Creating package script '/home/drone/drone_ws/install/rangefinder/share/rangefinder/package.bash'
[21.215s] INFO:colcon.colcon_core.shell:Creating package script '/home/drone/drone_ws/install/rangefinder/share/rangefinder/package.zsh'
[21.217s] Level 1:colcon.colcon_core.environment:create_file_with_runtime_dependencies(/home/drone/drone_ws/install/rangefinder/share/colcon-core/packages/rangefinder)
[21.218s] DEBUG:colcon.colcon_parallel_executor.executor.parallel:closing loop
[21.219s] DEBUG:colcon.colcon_parallel_executor.executor.parallel:loop closed
[21.219s] DEBUG:colcon.colcon_parallel_executor.executor.parallel:run_until_complete finished with '0'
[21.220s] DEBUG:colcon.colcon_core.event_reactor:joining thread
[21.250s] INFO:colcon.colcon_core.plugin_system:Skipping extension 'colcon_notification.desktop_notification.terminal_notifier': Not used on non-Darwin systems
[21.251s] INFO:colcon.colcon_core.plugin_system:Skipping extension 'colcon_notification.desktop_notification.win32': Not used on non-Windows systems
[21.251s] INFO:colcon.colcon_notification.desktop_notification:Sending desktop notification using 'notify2'
[21.297s] DEBUG:colcon.colcon_core.event_reactor:joined thread
[21.298s] INFO:colcon.colcon_core.shell:Creating prefix script '/home/drone/drone_ws/install/local_setup.ps1'
[21.305s] INFO:colcon.colcon_core.shell:Creating prefix util module '/home/drone/drone_ws/install/_local_setup_util_ps1.py'
[21.312s] INFO:colcon.colcon_core.shell:Creating prefix chain script '/home/drone/drone_ws/install/setup.ps1'
[21.318s] INFO:colcon.colcon_core.shell:Creating prefix script '/home/drone/drone_ws/install/local_setup.sh'
[21.321s] INFO:colcon.colcon_core.shell:Creating prefix util module '/home/drone/drone_ws/install/_local_setup_util_sh.py'
[21.325s] INFO:colcon.colcon_core.shell:Creating prefix chain script '/home/drone/drone_ws/install/setup.sh'
[21.331s] INFO:colcon.colcon_core.shell:Creating prefix script '/home/drone/drone_ws/install/local_setup.bash'
[21.335s] INFO:colcon.colcon_core.shell:Creating prefix chain script '/home/drone/drone_ws/install/setup.bash'
[21.340s] INFO:colcon.colcon_core.shell:Creating prefix script '/home/drone/drone_ws/install/local_setup.zsh'
[21.344s] INFO:colcon.colcon_core.shell:Creating prefix chain script '/home/drone/drone_ws/install/setup.zsh'
