[6.296s] Invoking command in '/home/drone/drone_ws/src/px4': PYTHONPATH=/home/drone/drone_ws/build/px4/prefix_override:/usr/lib/python3/dist-packages/colcon_core/task/python/colcon_distutils_commands:/home/drone/drone_ws/install/px4/lib/python3.10/site-packages:${PYTHONPATH} /usr/bin/python3 -W ignore:setup.py install is deprecated -W ignore:easy_install command is deprecated setup.py egg_info --egg-base ../../build/px4 build --build-base /home/drone/drone_ws/build/px4/build install --record /home/drone/drone_ws/build/px4/install.log --single-version-externally-managed install_data
[7.986s] running egg_info
[7.998s] writing ../../build/px4/px4.egg-info/PKG-INFO
[7.999s] writing dependency_links to ../../build/px4/px4.egg-info/dependency_links.txt
[8.001s] writing entry points to ../../build/px4/px4.egg-info/entry_points.txt
[8.004s] writing requirements to ../../build/px4/px4.egg-info/requires.txt
[8.006s] writing top-level names to ../../build/px4/px4.egg-info/top_level.txt
[8.015s] reading manifest file '../../build/px4/px4.egg-info/SOURCES.txt'
[8.028s] writing manifest file '../../build/px4/px4.egg-info/SOURCES.txt'
[8.030s] running build
[8.032s] running build_py
[8.034s] running install
[8.036s] running install_lib
[8.040s] running install_data
[8.042s] running install_egg_info
[8.063s] removing '/home/drone/drone_ws/install/px4/lib/python3.10/site-packages/px4-0.0.0-py3.10.egg-info' (and everything under it)
[8.070s] Copying ../../build/px4/px4.egg-info to /home/drone/drone_ws/install/px4/lib/python3.10/site-packages/px4-0.0.0-py3.10.egg-info
[8.072s] running install_scripts
[8.169s] Installing px4 script to /home/drone/drone_ws/install/px4/lib/px4
[8.174s] writing list of installed files to '/home/drone/drone_ws/build/px4/install.log'
[8.412s] Invoked command in '/home/drone/drone_ws/src/px4' returned '0': PYTHONPATH=/home/drone/drone_ws/build/px4/prefix_override:/usr/lib/python3/dist-packages/colcon_core/task/python/colcon_distutils_commands:/home/drone/drone_ws/install/px4/lib/python3.10/site-packages:${PYTHONPATH} /usr/bin/python3 -W ignore:setup.py install is deprecated -W ignore:easy_install command is deprecated setup.py egg_info --egg-base ../../build/px4 build --build-base /home/drone/drone_ws/build/px4/build install --record /home/drone/drone_ws/build/px4/install.log --single-version-externally-managed install_data
