[6.391s] Invoking command in '/home/drone/drone_ws/src/position_fusion': AMENT_PREFIX_PATH=/home/drone/drone_ws/install/drone_utils:/home/drone/drone_ws/install/drone_msgs:${AMENT_PREFIX_PATH} CMAKE_PREFIX_PATH=/home/drone/drone_ws/install/drone_msgs LD_LIBRARY_PATH=/home/drone/drone_ws/install/drone_msgs/lib:${LD_LIBRARY_PATH} PYTHONPATH=/home/drone/drone_ws/build/position_fusion_node/prefix_override:/usr/lib/python3/dist-packages/colcon_core/task/python/colcon_distutils_commands:/home/drone/drone_ws/install/position_fusion_node/lib/python3.10/site-packages:/home/drone/drone_ws/install/drone_utils/lib/python3.10/site-packages:/home/drone/drone_ws/install/drone_msgs/local/lib/python3.10/dist-packages:${PYTHONPATH} /usr/bin/python3 -W ignore:setup.py install is deprecated -W ignore:easy_install command is deprecated setup.py egg_info --egg-base ../../build/position_fusion_node build --build-base /home/drone/drone_ws/build/position_fusion_node/build install --record /home/drone/drone_ws/build/position_fusion_node/install.log --single-version-externally-managed install_data
[7.781s] running egg_info
[7.784s] writing ../../build/position_fusion_node/position_fusion.egg-info/PKG-INFO
[7.786s] writing dependency_links to ../../build/position_fusion_node/position_fusion.egg-info/dependency_links.txt
[7.787s] writing entry points to ../../build/position_fusion_node/position_fusion.egg-info/entry_points.txt
[7.788s] writing requirements to ../../build/position_fusion_node/position_fusion.egg-info/requires.txt
[7.789s] writing top-level names to ../../build/position_fusion_node/position_fusion.egg-info/top_level.txt
[7.798s] reading manifest file '../../build/position_fusion_node/position_fusion.egg-info/SOURCES.txt'
[7.809s] writing manifest file '../../build/position_fusion_node/position_fusion.egg-info/SOURCES.txt'
[7.810s] running build
[7.811s] running build_py
[7.812s] running install
[7.813s] running install_lib
[7.819s] running install_data
[7.820s] running install_egg_info
[7.828s] removing '/home/drone/drone_ws/install/position_fusion_node/lib/python3.10/site-packages/position_fusion-0.0.0-py3.10.egg-info' (and everything under it)
[7.835s] Copying ../../build/position_fusion_node/position_fusion.egg-info to /home/drone/drone_ws/install/position_fusion_node/lib/python3.10/site-packages/position_fusion-0.0.0-py3.10.egg-info
[7.841s] running install_scripts
[7.926s] Installing position_fusion script to /home/drone/drone_ws/install/position_fusion_node/lib/position_fusion
[7.928s] writing list of installed files to '/home/drone/drone_ws/build/position_fusion_node/install.log'
[8.078s] Invoked command in '/home/drone/drone_ws/src/position_fusion' returned '0': AMENT_PREFIX_PATH=/home/drone/drone_ws/install/drone_utils:/home/drone/drone_ws/install/drone_msgs:${AMENT_PREFIX_PATH} CMAKE_PREFIX_PATH=/home/drone/drone_ws/install/drone_msgs LD_LIBRARY_PATH=/home/drone/drone_ws/install/drone_msgs/lib:${LD_LIBRARY_PATH} PYTHONPATH=/home/drone/drone_ws/build/position_fusion_node/prefix_override:/usr/lib/python3/dist-packages/colcon_core/task/python/colcon_distutils_commands:/home/drone/drone_ws/install/position_fusion_node/lib/python3.10/site-packages:/home/drone/drone_ws/install/drone_utils/lib/python3.10/site-packages:/home/drone/drone_ws/install/drone_msgs/local/lib/python3.10/dist-packages:${PYTHONPATH} /usr/bin/python3 -W ignore:setup.py install is deprecated -W ignore:easy_install command is deprecated setup.py egg_info --egg-base ../../build/position_fusion_node build --build-base /home/drone/drone_ws/build/position_fusion_node/build install --record /home/drone/drone_ws/build/position_fusion_node/install.log --single-version-externally-managed install_data
