running egg_info
creating ../../build/global_position_node/global_position_node.egg-info
writing ../../build/global_position_node/global_position_node.egg-info/PKG-INFO
writing dependency_links to ../../build/global_position_node/global_position_node.egg-info/dependency_links.txt
writing entry points to ../../build/global_position_node/global_position_node.egg-info/entry_points.txt
writing requirements to ../../build/global_position_node/global_position_node.egg-info/requires.txt
writing top-level names to ../../build/global_position_node/global_position_node.egg-info/top_level.txt
writing manifest file '../../build/global_position_node/global_position_node.egg-info/SOURCES.txt'
reading manifest file '../../build/global_position_node/global_position_node.egg-info/SOURCES.txt'
writing manifest file '../../build/global_position_node/global_position_node.egg-info/SOURCES.txt'
running build
running build_py
creating /home/drone/drone_ws/build/global_position_node/build
creating /home/drone/drone_ws/build/global_position_node/build/lib
creating /home/drone/drone_ws/build/global_position_node/build/lib/global_position_node
copying global_position_node/__init__.py -> /home/drone/drone_ws/build/global_position_node/build/lib/global_position_node
copying global_position_node/global_position.py -> /home/drone/drone_ws/build/global_position_node/build/lib/global_position_node
running install
running install_lib
creating /home/drone/drone_ws/install/global_position_node/lib/python3.10/site-packages/global_position_node
copying /home/drone/drone_ws/build/global_position_node/build/lib/global_position_node/__init__.py -> /home/drone/drone_ws/install/global_position_node/lib/python3.10/site-packages/global_position_node
copying /home/drone/drone_ws/build/global_position_node/build/lib/global_position_node/global_position.py -> /home/drone/drone_ws/install/global_position_node/lib/python3.10/site-packages/global_position_node
byte-compiling /home/drone/drone_ws/install/global_position_node/lib/python3.10/site-packages/global_position_node/__init__.py to __init__.cpython-310.pyc
byte-compiling /home/drone/drone_ws/install/global_position_node/lib/python3.10/site-packages/global_position_node/global_position.py to global_position.cpython-310.pyc
running install_data
creating /home/drone/drone_ws/install/global_position_node/share/ament_index
creating /home/drone/drone_ws/install/global_position_node/share/ament_index/resource_index
creating /home/drone/drone_ws/install/global_position_node/share/ament_index/resource_index/packages
copying resource/global_position_node -> /home/drone/drone_ws/install/global_position_node/share/ament_index/resource_index/packages
copying package.xml -> /home/drone/drone_ws/install/global_position_node/share/global_position_node
running install_egg_info
Copying ../../build/global_position_node/global_position_node.egg-info to /home/drone/drone_ws/install/global_position_node/lib/python3.10/site-packages/global_position_node-0.0.0-py3.10.egg-info
running install_scripts
Installing global_position script to /home/drone/drone_ws/install/global_position_node/lib/global_position_node
writing list of installed files to '/home/drone/drone_ws/build/global_position_node/install.log'
