[4.669s] Invoking command in '/home/drone/drone_ws/src/global_position_node': PYTHONPATH=/home/drone/drone_ws/build/global_position_node/prefix_override:/usr/lib/python3/dist-packages/colcon_core/task/python/colcon_distutils_commands:/home/drone/drone_ws/install/global_position_node/lib/python3.10/site-packages:${PYTHONPATH} /usr/bin/python3 -W ignore:setup.py install is deprecated -W ignore:easy_install command is deprecated setup.py egg_info --egg-base ../../build/global_position_node build --build-base /home/drone/drone_ws/build/global_position_node/build install --record /home/drone/drone_ws/build/global_position_node/install.log --single-version-externally-managed install_data
[6.167s] running egg_info
[6.170s] creating ../../build/global_position_node/global_position_node.egg-info
[6.171s] writing ../../build/global_position_node/global_position_node.egg-info/PKG-INFO
[6.174s] writing dependency_links to ../../build/global_position_node/global_position_node.egg-info/dependency_links.txt
[6.176s] writing entry points to ../../build/global_position_node/global_position_node.egg-info/entry_points.txt
[6.178s] writing requirements to ../../build/global_position_node/global_position_node.egg-info/requires.txt
[6.179s] writing top-level names to ../../build/global_position_node/global_position_node.egg-info/top_level.txt
[6.181s] writing manifest file '../../build/global_position_node/global_position_node.egg-info/SOURCES.txt'
[6.194s] reading manifest file '../../build/global_position_node/global_position_node.egg-info/SOURCES.txt'
[6.198s] writing manifest file '../../build/global_position_node/global_position_node.egg-info/SOURCES.txt'
[6.205s] running build
[6.207s] running build_py
[6.210s] creating /home/drone/drone_ws/build/global_position_node/build
[6.220s] creating /home/drone/drone_ws/build/global_position_node/build/lib
[6.222s] creating /home/drone/drone_ws/build/global_position_node/build/lib/global_position_node
[6.227s] copying global_position_node/__init__.py -> /home/drone/drone_ws/build/global_position_node/build/lib/global_position_node
[6.228s] copying global_position_node/global_position.py -> /home/drone/drone_ws/build/global_position_node/build/lib/global_position_node
[6.243s] running install
[6.254s] running install_lib
[6.255s] creating /home/drone/drone_ws/install/global_position_node/lib/python3.10/site-packages/global_position_node
[6.255s] copying /home/drone/drone_ws/build/global_position_node/build/lib/global_position_node/__init__.py -> /home/drone/drone_ws/install/global_position_node/lib/python3.10/site-packages/global_position_node
[6.256s] copying /home/drone/drone_ws/build/global_position_node/build/lib/global_position_node/global_position.py -> /home/drone/drone_ws/install/global_position_node/lib/python3.10/site-packages/global_position_node
[6.256s] byte-compiling /home/drone/drone_ws/install/global_position_node/lib/python3.10/site-packages/global_position_node/__init__.py to __init__.cpython-310.pyc
[6.257s] byte-compiling /home/drone/drone_ws/install/global_position_node/lib/python3.10/site-packages/global_position_node/global_position.py to global_position.cpython-310.pyc
[6.258s] running install_data
[6.259s] creating /home/drone/drone_ws/install/global_position_node/share/ament_index
[6.260s] creating /home/drone/drone_ws/install/global_position_node/share/ament_index/resource_index
[6.261s] creating /home/drone/drone_ws/install/global_position_node/share/ament_index/resource_index/packages
[6.263s] copying resource/global_position_node -> /home/drone/drone_ws/install/global_position_node/share/ament_index/resource_index/packages
[6.264s] copying package.xml -> /home/drone/drone_ws/install/global_position_node/share/global_position_node
[6.265s] running install_egg_info
[6.266s] Copying ../../build/global_position_node/global_position_node.egg-info to /home/drone/drone_ws/install/global_position_node/lib/python3.10/site-packages/global_position_node-0.0.0-py3.10.egg-info
[6.266s] running install_scripts
[6.366s] Installing global_position script to /home/drone/drone_ws/install/global_position_node/lib/global_position_node
[6.369s] writing list of installed files to '/home/drone/drone_ws/build/global_position_node/install.log'
[6.644s] Invoked command in '/home/drone/drone_ws/src/global_position_node' returned '0': PYTHONPATH=/home/drone/drone_ws/build/global_position_node/prefix_override:/usr/lib/python3/dist-packages/colcon_core/task/python/colcon_distutils_commands:/home/drone/drone_ws/install/global_position_node/lib/python3.10/site-packages:${PYTHONPATH} /usr/bin/python3 -W ignore:setup.py install is deprecated -W ignore:easy_install command is deprecated setup.py egg_info --egg-base ../../build/global_position_node build --build-base /home/drone/drone_ws/build/global_position_node/build install --record /home/drone/drone_ws/build/global_position_node/install.log --single-version-externally-managed install_data
