[3.219s] Invoking command in '/home/drone/drone_ws/src/visual': PYTHONPATH=/home/drone/drone_ws/build/visual/prefix_override:/usr/lib/python3/dist-packages/colcon_core/task/python/colcon_distutils_commands:/home/drone/drone_ws/install/visual/lib/python3.10/site-packages:${PYTHONPATH} /usr/bin/python3 -W ignore:setup.py install is deprecated -W ignore:easy_install command is deprecated setup.py egg_info --egg-base ../../build/visual build --build-base /home/drone/drone_ws/build/visual/build install --record /home/drone/drone_ws/build/visual/install.log --single-version-externally-managed install_data
[4.402s] running egg_info
[4.405s] writing ../../build/visual/visual.egg-info/PKG-INFO
[4.406s] writing dependency_links to ../../build/visual/visual.egg-info/dependency_links.txt
[4.407s] writing entry points to ../../build/visual/visual.egg-info/entry_points.txt
[4.408s] writing requirements to ../../build/visual/visual.egg-info/requires.txt
[4.408s] writing top-level names to ../../build/visual/visual.egg-info/top_level.txt
[4.416s] reading manifest file '../../build/visual/visual.egg-info/SOURCES.txt'
[4.424s] writing manifest file '../../build/visual/visual.egg-info/SOURCES.txt'
[4.425s] running build
[4.426s] running build_py
[4.427s] running install
[4.428s] running install_lib
[4.434s] running install_data
[4.434s] running install_egg_info
[4.442s] removing '/home/drone/drone_ws/install/visual/lib/python3.10/site-packages/visual-0.0.0-py3.10.egg-info' (and everything under it)
[4.444s] Copying ../../build/visual/visual.egg-info to /home/drone/drone_ws/install/visual/lib/python3.10/site-packages/visual-0.0.0-py3.10.egg-info
[4.449s] running install_scripts
[4.527s] Installing visual script to /home/drone/drone_ws/install/visual/lib/visual
[4.529s] writing list of installed files to '/home/drone/drone_ws/build/visual/install.log'
[4.651s] Invoked command in '/home/drone/drone_ws/src/visual' returned '0': PYTHONPATH=/home/drone/drone_ws/build/visual/prefix_override:/usr/lib/python3/dist-packages/colcon_core/task/python/colcon_distutils_commands:/home/drone/drone_ws/install/visual/lib/python3.10/site-packages:${PYTHONPATH} /usr/bin/python3 -W ignore:setup.py install is deprecated -W ignore:easy_install command is deprecated setup.py egg_info --egg-base ../../build/visual build --build-base /home/drone/drone_ws/build/visual/build install --record /home/drone/drone_ws/build/visual/install.log --single-version-externally-managed install_data
