[3.165s] Invoking command in '/home/drone/drone_ws/src/visual': PYTHONPATH=/home/drone/drone_ws/build/visual/prefix_override:/usr/lib/python3/dist-packages/colcon_core/task/python/colcon_distutils_commands:/home/drone/drone_ws/install/visual/lib/python3.10/site-packages:${PYTHONPATH} /usr/bin/python3 -W ignore:setup.py install is deprecated -W ignore:easy_install command is deprecated setup.py egg_info --egg-base ../../build/visual build --build-base /home/drone/drone_ws/build/visual/build install --record /home/drone/drone_ws/build/visual/install.log --single-version-externally-managed install_data
[4.345s] running egg_info
[4.347s] creating ../../build/visual/visual.egg-info
[4.349s] writing ../../build/visual/visual.egg-info/PKG-INFO
[4.350s] writing dependency_links to ../../build/visual/visual.egg-info/dependency_links.txt
[4.350s] writing entry points to ../../build/visual/visual.egg-info/entry_points.txt
[4.351s] writing requirements to ../../build/visual/visual.egg-info/requires.txt
[4.351s] writing top-level names to ../../build/visual/visual.egg-info/top_level.txt
[4.352s] writing manifest file '../../build/visual/visual.egg-info/SOURCES.txt'
[4.359s] reading manifest file '../../build/visual/visual.egg-info/SOURCES.txt'
[4.367s] writing manifest file '../../build/visual/visual.egg-info/SOURCES.txt'
[4.368s] running build
[4.368s] running build_py
[4.369s] creating /home/drone/drone_ws/build/visual/build
[4.369s] creating /home/drone/drone_ws/build/visual/build/lib
[4.370s] creating /home/drone/drone_ws/build/visual/build/lib/visual
[4.370s] copying visual/visual_node.py -> /home/drone/drone_ws/build/visual/build/lib/visual
[4.371s] copying visual/__init__.py -> /home/drone/drone_ws/build/visual/build/lib/visual
[4.372s] running install
[4.373s] running install_lib
[4.376s] creating /home/drone/drone_ws/install/visual/lib/python3.10/site-packages/visual
[4.377s] copying /home/drone/drone_ws/build/visual/build/lib/visual/visual_node.py -> /home/drone/drone_ws/install/visual/lib/python3.10/site-packages/visual
[4.378s] copying /home/drone/drone_ws/build/visual/build/lib/visual/__init__.py -> /home/drone/drone_ws/install/visual/lib/python3.10/site-packages/visual
[4.381s] byte-compiling /home/drone/drone_ws/install/visual/lib/python3.10/site-packages/visual/visual_node.py to visual_node.cpython-310.pyc
[4.388s] byte-compiling /home/drone/drone_ws/install/visual/lib/python3.10/site-packages/visual/__init__.py to __init__.cpython-310.pyc
[4.389s] running install_data
[4.390s] creating /home/drone/drone_ws/install/visual/share
[4.390s] creating /home/drone/drone_ws/install/visual/share/ament_index
[4.391s] creating /home/drone/drone_ws/install/visual/share/ament_index/resource_index
[4.391s] creating /home/drone/drone_ws/install/visual/share/ament_index/resource_index/packages
[4.392s] copying resource/visual -> /home/drone/drone_ws/install/visual/share/ament_index/resource_index/packages
[4.392s] creating /home/drone/drone_ws/install/visual/share/visual
[4.393s] copying package.xml -> /home/drone/drone_ws/install/visual/share/visual
[4.393s] running install_egg_info
[4.400s] Copying ../../build/visual/visual.egg-info to /home/drone/drone_ws/install/visual/lib/python3.10/site-packages/visual-0.0.0-py3.10.egg-info
[4.405s] running install_scripts
[4.485s] Installing visual script to /home/drone/drone_ws/install/visual/lib/visual
[4.487s] writing list of installed files to '/home/drone/drone_ws/build/visual/install.log'
[4.608s] Invoked command in '/home/drone/drone_ws/src/visual' returned '0': PYTHONPATH=/home/drone/drone_ws/build/visual/prefix_override:/usr/lib/python3/dist-packages/colcon_core/task/python/colcon_distutils_commands:/home/drone/drone_ws/install/visual/lib/python3.10/site-packages:${PYTHONPATH} /usr/bin/python3 -W ignore:setup.py install is deprecated -W ignore:easy_install command is deprecated setup.py egg_info --egg-base ../../build/visual build --build-base /home/drone/drone_ws/build/visual/build install --record /home/drone/drone_ws/build/visual/install.log --single-version-externally-managed install_data
