[8.032s] Invoking command in '/home/drone/drone_ws/src/px4': PYTHONPATH=/home/drone/drone_ws/build/px4/prefix_override:/usr/lib/python3/dist-packages/colcon_core/task/python/colcon_distutils_commands:/home/drone/drone_ws/install/px4/lib/python3.10/site-packages:${PYTHONPATH} /usr/bin/python3 -W ignore:setup.py install is deprecated -W ignore:easy_install command is deprecated setup.py egg_info --egg-base ../../build/px4 build --build-base /home/drone/drone_ws/build/px4/build install --record /home/drone/drone_ws/build/px4/install.log --single-version-externally-managed install_data
[10.090s] running egg_info
[10.093s] writing ../../build/px4/px4.egg-info/PKG-INFO
[10.097s] writing dependency_links to ../../build/px4/px4.egg-info/dependency_links.txt
[10.098s] writing entry points to ../../build/px4/px4.egg-info/entry_points.txt
[10.098s] writing requirements to ../../build/px4/px4.egg-info/requires.txt
[10.099s] writing top-level names to ../../build/px4/px4.egg-info/top_level.txt
[10.107s] reading manifest file '../../build/px4/px4.egg-info/SOURCES.txt'
[10.118s] writing manifest file '../../build/px4/px4.egg-info/SOURCES.txt'
[10.119s] running build
[10.120s] running build_py
[10.121s] running install
[10.122s] running install_lib
[10.128s] running install_data
[10.130s] running install_egg_info
[10.139s] removing '/home/drone/drone_ws/install/px4/lib/python3.10/site-packages/px4-0.0.0-py3.10.egg-info' (and everything under it)
[10.141s] Copying ../../build/px4/px4.egg-info to /home/drone/drone_ws/install/px4/lib/python3.10/site-packages/px4-0.0.0-py3.10.egg-info
[10.150s] running install_scripts
[10.261s] Installing px4 script to /home/drone/drone_ws/install/px4/lib/px4
[10.263s] writing list of installed files to '/home/drone/drone_ws/build/px4/install.log'
[10.483s] Invoked command in '/home/drone/drone_ws/src/px4' returned '0': PYTHONPATH=/home/drone/drone_ws/build/px4/prefix_override:/usr/lib/python3/dist-packages/colcon_core/task/python/colcon_distutils_commands:/home/drone/drone_ws/install/px4/lib/python3.10/site-packages:${PYTHONPATH} /usr/bin/python3 -W ignore:setup.py install is deprecated -W ignore:easy_install command is deprecated setup.py egg_info --egg-base ../../build/px4 build --build-base /home/drone/drone_ws/build/px4/build install --record /home/drone/drone_ws/build/px4/install.log --single-version-externally-managed install_data
