[0.522s] DEBUG:colcon:Command line arguments: ['/usr/bin/colcon', 'build']
[0.523s] DEBUG:colcon:Parsed command line arguments: Namespace(log_base=None, log_level=None, verb_name='build', build_base='build', install_base='install', merge_install=False, symlink_install=False, test_result_base=None, continue_on_error=False, executor='parallel', parallel_workers=4, event_handlers=None, ignore_user_meta=False, metas=['./colcon.meta'], base_paths=['.'], packages_ignore=None, packages_ignore_regex=None, paths=None, packages_up_to=None, packages_up_to_regex=None, packages_above=None, packages_above_and_dependencies=None, packages_above_depth=None, packages_select_by_dep=None, packages_skip_by_dep=None, packages_skip_up_to=None, packages_select_build_failed=False, packages_skip_build_finished=False, packages_select_test_failures=False, packages_skip_test_passed=False, packages_select=None, packages_skip=None, packages_select_regex=None, packages_skip_regex=None, packages_start=None, packages_end=None, allow_overriding=[], cmake_args=None, cmake_target=None, cmake_target_skip_unavailable=False, cmake_clean_cache=False, cmake_clean_first=False, cmake_force_configure=False, ament_cmake_args=None, catkin_cmake_args=None, catkin_skip_building_tests=False, verb_parser=<colcon_defaults.argument_parser.defaults.DefaultArgumentsDecorator object at 0xffff8e0953c0>, verb_extension=<colcon_core.verb.build.BuildVerb object at 0xffff8e21b250>, main=<bound method BuildVerb.main of <colcon_core.verb.build.BuildVerb object at 0xffff8e21b250>>)
[1.435s] Level 1:colcon.colcon_core.package_discovery:discover_packages(colcon_meta) check parameters
[1.436s] Level 1:colcon.colcon_core.package_discovery:discover_packages(recursive) check parameters
[1.436s] Level 1:colcon.colcon_core.package_discovery:discover_packages(ignore) check parameters
[1.436s] Level 1:colcon.colcon_core.package_discovery:discover_packages(path) check parameters
[1.436s] Level 1:colcon.colcon_core.package_discovery:discover_packages(colcon_meta) discover
[1.437s] Level 1:colcon.colcon_core.package_discovery:discover_packages(recursive) discover
[1.437s] INFO:colcon.colcon_core.package_discovery:Crawling recursively for packages in '/home/drone/drone_ws'
[1.437s] Level 1:colcon.colcon_core.package_identification:_identify(.) by extensions ['ignore', 'ignore_ament_install']
[1.438s] Level 1:colcon.colcon_core.package_identification:_identify(.) by extension 'ignore'
[1.438s] Level 1:colcon.colcon_core.package_identification:_identify(.) by extension 'ignore_ament_install'
[1.438s] Level 1:colcon.colcon_core.package_identification:_identify(.) by extensions ['colcon_pkg']
[1.438s] Level 1:colcon.colcon_core.package_identification:_identify(.) by extension 'colcon_pkg'
[1.438s] Level 1:colcon.colcon_core.package_identification:_identify(.) by extensions ['colcon_meta']
[1.438s] Level 1:colcon.colcon_core.package_identification:_identify(.) by extension 'colcon_meta'
[1.439s] Level 1:colcon.colcon_core.package_identification:_identify(.) by extensions ['ros']
[1.439s] Level 1:colcon.colcon_core.package_identification:_identify(.) by extension 'ros'
[1.490s] Level 1:colcon.colcon_core.package_identification:_identify(.) by extensions ['cmake', 'python']
[1.490s] Level 1:colcon.colcon_core.package_identification:_identify(.) by extension 'cmake'
[1.491s] Level 1:colcon.colcon_core.package_identification:_identify(.) by extension 'python'
[1.491s] Level 1:colcon.colcon_core.package_identification:_identify(.) by extensions ['python_setup_py']
[1.491s] Level 1:colcon.colcon_core.package_identification:_identify(.) by extension 'python_setup_py'
[1.491s] Level 1:colcon.colcon_core.package_identification:_identify(build) by extensions ['ignore', 'ignore_ament_install']
[1.492s] Level 1:colcon.colcon_core.package_identification:_identify(build) by extension 'ignore'
[1.492s] Level 1:colcon.colcon_core.package_identification:_identify(build) ignored
[1.493s] Level 1:colcon.colcon_core.package_identification:_identify(install) by extensions ['ignore', 'ignore_ament_install']
[1.493s] Level 1:colcon.colcon_core.package_identification:_identify(install) by extension 'ignore'
[1.494s] Level 1:colcon.colcon_core.package_identification:_identify(install) ignored
[1.495s] Level 1:colcon.colcon_core.package_identification:_identify(log) by extensions ['ignore', 'ignore_ament_install']
[1.496s] Level 1:colcon.colcon_core.package_identification:_identify(log) by extension 'ignore'
[1.496s] Level 1:colcon.colcon_core.package_identification:_identify(log) ignored
[1.496s] Level 1:colcon.colcon_core.package_identification:_identify(src) by extensions ['ignore', 'ignore_ament_install']
[1.497s] Level 1:colcon.colcon_core.package_identification:_identify(src) by extension 'ignore'
[1.497s] Level 1:colcon.colcon_core.package_identification:_identify(src) by extension 'ignore_ament_install'
[1.497s] Level 1:colcon.colcon_core.package_identification:_identify(src) by extensions ['colcon_pkg']
[1.497s] Level 1:colcon.colcon_core.package_identification:_identify(src) by extension 'colcon_pkg'
[1.497s] Level 1:colcon.colcon_core.package_identification:_identify(src) by extensions ['colcon_meta']
[1.497s] Level 1:colcon.colcon_core.package_identification:_identify(src) by extension 'colcon_meta'
[1.498s] Level 1:colcon.colcon_core.package_identification:_identify(src) by extensions ['ros']
[1.498s] Level 1:colcon.colcon_core.package_identification:_identify(src) by extension 'ros'
[1.498s] Level 1:colcon.colcon_core.package_identification:_identify(src) by extensions ['cmake', 'python']
[1.498s] Level 1:colcon.colcon_core.package_identification:_identify(src) by extension 'cmake'
[1.498s] Level 1:colcon.colcon_core.package_identification:_identify(src) by extension 'python'
[1.499s] Level 1:colcon.colcon_core.package_identification:_identify(src) by extensions ['python_setup_py']
[1.499s] Level 1:colcon.colcon_core.package_identification:_identify(src) by extension 'python_setup_py'
[1.499s] Level 1:colcon.colcon_core.package_identification:_identify(src/aruco_detector_node) by extensions ['ignore', 'ignore_ament_install']
[1.499s] Level 1:colcon.colcon_core.package_identification:_identify(src/aruco_detector_node) by extension 'ignore'
[1.500s] Level 1:colcon.colcon_core.package_identification:_identify(src/aruco_detector_node) by extension 'ignore_ament_install'
[1.500s] Level 1:colcon.colcon_core.package_identification:_identify(src/aruco_detector_node) by extensions ['colcon_pkg']
[1.500s] Level 1:colcon.colcon_core.package_identification:_identify(src/aruco_detector_node) by extension 'colcon_pkg'
[1.500s] Level 1:colcon.colcon_core.package_identification:_identify(src/aruco_detector_node) by extensions ['colcon_meta']
[1.500s] Level 1:colcon.colcon_core.package_identification:_identify(src/aruco_detector_node) by extension 'colcon_meta'
[1.501s] Level 1:colcon.colcon_core.package_identification:_identify(src/aruco_detector_node) by extensions ['ros']
[1.501s] Level 1:colcon.colcon_core.package_identification:_identify(src/aruco_detector_node) by extension 'ros'
[1.510s] DEBUG:colcon.colcon_core.package_identification:Package 'src/aruco_detector_node' with type 'ros.ament_python' and name 'aruco_detector_node'
[1.511s] Level 1:colcon.colcon_core.package_identification:_identify(src/global_position_node) by extensions ['ignore', 'ignore_ament_install']
[1.511s] Level 1:colcon.colcon_core.package_identification:_identify(src/global_position_node) by extension 'ignore'
[1.511s] Level 1:colcon.colcon_core.package_identification:_identify(src/global_position_node) by extension 'ignore_ament_install'
[1.511s] Level 1:colcon.colcon_core.package_identification:_identify(src/global_position_node) by extensions ['colcon_pkg']
[1.512s] Level 1:colcon.colcon_core.package_identification:_identify(src/global_position_node) by extension 'colcon_pkg'
[1.512s] Level 1:colcon.colcon_core.package_identification:_identify(src/global_position_node) by extensions ['colcon_meta']
[1.512s] Level 1:colcon.colcon_core.package_identification:_identify(src/global_position_node) by extension 'colcon_meta'
[1.512s] Level 1:colcon.colcon_core.package_identification:_identify(src/global_position_node) by extensions ['ros']
[1.512s] Level 1:colcon.colcon_core.package_identification:_identify(src/global_position_node) by extension 'ros'
[1.515s] DEBUG:colcon.colcon_core.package_identification:Package 'src/global_position_node' with type 'ros.ament_python' and name 'global_position_node'
[1.516s] Level 1:colcon.colcon_core.package_identification:_identify(src/project_start) by extensions ['ignore', 'ignore_ament_install']
[1.516s] Level 1:colcon.colcon_core.package_identification:_identify(src/project_start) by extension 'ignore'
[1.516s] Level 1:colcon.colcon_core.package_identification:_identify(src/project_start) by extension 'ignore_ament_install'
[1.517s] Level 1:colcon.colcon_core.package_identification:_identify(src/project_start) by extensions ['colcon_pkg']
[1.517s] Level 1:colcon.colcon_core.package_identification:_identify(src/project_start) by extension 'colcon_pkg'
[1.517s] Level 1:colcon.colcon_core.package_identification:_identify(src/project_start) by extensions ['colcon_meta']
[1.517s] Level 1:colcon.colcon_core.package_identification:_identify(src/project_start) by extension 'colcon_meta'
[1.517s] Level 1:colcon.colcon_core.package_identification:_identify(src/project_start) by extensions ['ros']
[1.517s] Level 1:colcon.colcon_core.package_identification:_identify(src/project_start) by extension 'ros'
[1.520s] DEBUG:colcon.colcon_core.package_identification:Package 'src/project_start' with type 'ros.ament_python' and name 'project_start'
[1.520s] Level 1:colcon.colcon_core.package_identification:_identify(src/px4) by extensions ['ignore', 'ignore_ament_install']
[1.521s] Level 1:colcon.colcon_core.package_identification:_identify(src/px4) by extension 'ignore'
[1.521s] Level 1:colcon.colcon_core.package_identification:_identify(src/px4) by extension 'ignore_ament_install'
[1.521s] Level 1:colcon.colcon_core.package_identification:_identify(src/px4) by extensions ['colcon_pkg']
[1.521s] Level 1:colcon.colcon_core.package_identification:_identify(src/px4) by extension 'colcon_pkg'
[1.521s] Level 1:colcon.colcon_core.package_identification:_identify(src/px4) by extensions ['colcon_meta']
[1.522s] Level 1:colcon.colcon_core.package_identification:_identify(src/px4) by extension 'colcon_meta'
[1.522s] Level 1:colcon.colcon_core.package_identification:_identify(src/px4) by extensions ['ros']
[1.522s] Level 1:colcon.colcon_core.package_identification:_identify(src/px4) by extension 'ros'
[1.524s] DEBUG:colcon.colcon_core.package_identification:Package 'src/px4' with type 'ros.ament_python' and name 'px4'
[1.525s] Level 1:colcon.colcon_core.package_identification:_identify(src/uav_camera) by extensions ['ignore', 'ignore_ament_install']
[1.525s] Level 1:colcon.colcon_core.package_identification:_identify(src/uav_camera) by extension 'ignore'
[1.525s] Level 1:colcon.colcon_core.package_identification:_identify(src/uav_camera) by extension 'ignore_ament_install'
[1.525s] Level 1:colcon.colcon_core.package_identification:_identify(src/uav_camera) by extensions ['colcon_pkg']
[1.526s] Level 1:colcon.colcon_core.package_identification:_identify(src/uav_camera) by extension 'colcon_pkg'
[1.526s] Level 1:colcon.colcon_core.package_identification:_identify(src/uav_camera) by extensions ['colcon_meta']
[1.526s] Level 1:colcon.colcon_core.package_identification:_identify(src/uav_camera) by extension 'colcon_meta'
[1.526s] Level 1:colcon.colcon_core.package_identification:_identify(src/uav_camera) by extensions ['ros']
[1.526s] Level 1:colcon.colcon_core.package_identification:_identify(src/uav_camera) by extension 'ros'
[1.530s] DEBUG:colcon.colcon_core.package_identification:Package 'src/uav_camera' with type 'ros.ament_cmake' and name 'uav_camera'
[1.530s] Level 1:colcon.colcon_core.package_discovery:discover_packages(recursive) using defaults
[1.530s] Level 1:colcon.colcon_core.package_discovery:discover_packages(ignore) discover
[1.530s] Level 1:colcon.colcon_core.package_discovery:discover_packages(ignore) using defaults
[1.530s] Level 1:colcon.colcon_core.package_discovery:discover_packages(path) discover
[1.531s] Level 1:colcon.colcon_core.package_discovery:discover_packages(path) using defaults
[1.666s] Level 1:colcon.colcon_core.package_discovery:discover_packages(prefix_path) check parameters
[1.667s] Level 1:colcon.colcon_core.package_discovery:discover_packages(prefix_path) discover
[1.676s] DEBUG:colcon.colcon_installed_package_information.package_discovery:Found 5 installed packages in /home/drone/drone_ws/install
[1.686s] DEBUG:colcon.colcon_installed_package_information.package_discovery:Found 276 installed packages in /opt/ros/humble
[1.693s] Level 1:colcon.colcon_core.package_discovery:discover_packages(prefix_path) using defaults
[1.874s] Level 5:colcon.colcon_core.verb:set package 'aruco_detector_node' build argument 'cmake_args' from command line to 'None'
[1.874s] Level 5:colcon.colcon_core.verb:set package 'aruco_detector_node' build argument 'cmake_target' from command line to 'None'
[1.874s] Level 5:colcon.colcon_core.verb:set package 'aruco_detector_node' build argument 'cmake_target_skip_unavailable' from command line to 'False'
[1.874s] Level 5:colcon.colcon_core.verb:set package 'aruco_detector_node' build argument 'cmake_clean_cache' from command line to 'False'
[1.874s] Level 5:colcon.colcon_core.verb:set package 'aruco_detector_node' build argument 'cmake_clean_first' from command line to 'False'
[1.875s] Level 5:colcon.colcon_core.verb:set package 'aruco_detector_node' build argument 'cmake_force_configure' from command line to 'False'
[1.875s] Level 5:colcon.colcon_core.verb:set package 'aruco_detector_node' build argument 'ament_cmake_args' from command line to 'None'
[1.875s] Level 5:colcon.colcon_core.verb:set package 'aruco_detector_node' build argument 'catkin_cmake_args' from command line to 'None'
[1.875s] Level 5:colcon.colcon_core.verb:set package 'aruco_detector_node' build argument 'catkin_skip_building_tests' from command line to 'False'
[1.875s] DEBUG:colcon.colcon_core.verb:Building package 'aruco_detector_node' with the following arguments: {'ament_cmake_args': None, 'build_base': '/home/drone/drone_ws/build/aruco_detector_node', 'catkin_cmake_args': None, 'catkin_skip_building_tests': False, 'cmake_args': None, 'cmake_clean_cache': False, 'cmake_clean_first': False, 'cmake_force_configure': False, 'cmake_target': None, 'cmake_target_skip_unavailable': False, 'install_base': '/home/drone/drone_ws/install/aruco_detector_node', 'merge_install': False, 'path': '/home/drone/drone_ws/src/aruco_detector_node', 'symlink_install': False, 'test_result_base': None}
[1.876s] Level 5:colcon.colcon_core.verb:set package 'global_position_node' build argument 'cmake_args' from command line to 'None'
[1.877s] Level 5:colcon.colcon_core.verb:set package 'global_position_node' build argument 'cmake_target' from command line to 'None'
[1.877s] Level 5:colcon.colcon_core.verb:set package 'global_position_node' build argument 'cmake_target_skip_unavailable' from command line to 'False'
[1.877s] Level 5:colcon.colcon_core.verb:set package 'global_position_node' build argument 'cmake_clean_cache' from command line to 'False'
[1.877s] Level 5:colcon.colcon_core.verb:set package 'global_position_node' build argument 'cmake_clean_first' from command line to 'False'
[1.877s] Level 5:colcon.colcon_core.verb:set package 'global_position_node' build argument 'cmake_force_configure' from command line to 'False'
[1.877s] Level 5:colcon.colcon_core.verb:set package 'global_position_node' build argument 'ament_cmake_args' from command line to 'None'
[1.877s] Level 5:colcon.colcon_core.verb:set package 'global_position_node' build argument 'catkin_cmake_args' from command line to 'None'
[1.878s] Level 5:colcon.colcon_core.verb:set package 'global_position_node' build argument 'catkin_skip_building_tests' from command line to 'False'
[1.878s] DEBUG:colcon.colcon_core.verb:Building package 'global_position_node' with the following arguments: {'ament_cmake_args': None, 'build_base': '/home/drone/drone_ws/build/global_position_node', 'catkin_cmake_args': None, 'catkin_skip_building_tests': False, 'cmake_args': None, 'cmake_clean_cache': False, 'cmake_clean_first': False, 'cmake_force_configure': False, 'cmake_target': None, 'cmake_target_skip_unavailable': False, 'install_base': '/home/drone/drone_ws/install/global_position_node', 'merge_install': False, 'path': '/home/drone/drone_ws/src/global_position_node', 'symlink_install': False, 'test_result_base': None}
[1.879s] Level 5:colcon.colcon_core.verb:set package 'project_start' build argument 'cmake_args' from command line to 'None'
[1.879s] Level 5:colcon.colcon_core.verb:set package 'project_start' build argument 'cmake_target' from command line to 'None'
[1.879s] Level 5:colcon.colcon_core.verb:set package 'project_start' build argument 'cmake_target_skip_unavailable' from command line to 'False'
[1.879s] Level 5:colcon.colcon_core.verb:set package 'project_start' build argument 'cmake_clean_cache' from command line to 'False'
[1.880s] Level 5:colcon.colcon_core.verb:set package 'project_start' build argument 'cmake_clean_first' from command line to 'False'
[1.880s] Level 5:colcon.colcon_core.verb:set package 'project_start' build argument 'cmake_force_configure' from command line to 'False'
[1.880s] Level 5:colcon.colcon_core.verb:set package 'project_start' build argument 'ament_cmake_args' from command line to 'None'
[1.880s] Level 5:colcon.colcon_core.verb:set package 'project_start' build argument 'catkin_cmake_args' from command line to 'None'
[1.880s] Level 5:colcon.colcon_core.verb:set package 'project_start' build argument 'catkin_skip_building_tests' from command line to 'False'
[1.880s] DEBUG:colcon.colcon_core.verb:Building package 'project_start' with the following arguments: {'ament_cmake_args': None, 'build_base': '/home/drone/drone_ws/build/project_start', 'catkin_cmake_args': None, 'catkin_skip_building_tests': False, 'cmake_args': None, 'cmake_clean_cache': False, 'cmake_clean_first': False, 'cmake_force_configure': False, 'cmake_target': None, 'cmake_target_skip_unavailable': False, 'install_base': '/home/drone/drone_ws/install/project_start', 'merge_install': False, 'path': '/home/drone/drone_ws/src/project_start', 'symlink_install': False, 'test_result_base': None}
[1.881s] Level 5:colcon.colcon_core.verb:set package 'px4' build argument 'cmake_args' from command line to 'None'
[1.882s] Level 5:colcon.colcon_core.verb:set package 'px4' build argument 'cmake_target' from command line to 'None'
[1.882s] Level 5:colcon.colcon_core.verb:set package 'px4' build argument 'cmake_target_skip_unavailable' from command line to 'False'
[1.882s] Level 5:colcon.colcon_core.verb:set package 'px4' build argument 'cmake_clean_cache' from command line to 'False'
[1.882s] Level 5:colcon.colcon_core.verb:set package 'px4' build argument 'cmake_clean_first' from command line to 'False'
[1.882s] Level 5:colcon.colcon_core.verb:set package 'px4' build argument 'cmake_force_configure' from command line to 'False'
[1.882s] Level 5:colcon.colcon_core.verb:set package 'px4' build argument 'ament_cmake_args' from command line to 'None'
[1.882s] Level 5:colcon.colcon_core.verb:set package 'px4' build argument 'catkin_cmake_args' from command line to 'None'
[1.882s] Level 5:colcon.colcon_core.verb:set package 'px4' build argument 'catkin_skip_building_tests' from command line to 'False'
[1.883s] DEBUG:colcon.colcon_core.verb:Building package 'px4' with the following arguments: {'ament_cmake_args': None, 'build_base': '/home/drone/drone_ws/build/px4', 'catkin_cmake_args': None, 'catkin_skip_building_tests': False, 'cmake_args': None, 'cmake_clean_cache': False, 'cmake_clean_first': False, 'cmake_force_configure': False, 'cmake_target': None, 'cmake_target_skip_unavailable': False, 'install_base': '/home/drone/drone_ws/install/px4', 'merge_install': False, 'path': '/home/drone/drone_ws/src/px4', 'symlink_install': False, 'test_result_base': None}
[1.884s] Level 5:colcon.colcon_core.verb:set package 'uav_camera' build argument 'cmake_args' from command line to 'None'
[1.884s] Level 5:colcon.colcon_core.verb:set package 'uav_camera' build argument 'cmake_target' from command line to 'None'
[1.884s] Level 5:colcon.colcon_core.verb:set package 'uav_camera' build argument 'cmake_target_skip_unavailable' from command line to 'False'
[1.884s] Level 5:colcon.colcon_core.verb:set package 'uav_camera' build argument 'cmake_clean_cache' from command line to 'False'
[1.884s] Level 5:colcon.colcon_core.verb:set package 'uav_camera' build argument 'cmake_clean_first' from command line to 'False'
[1.884s] Level 5:colcon.colcon_core.verb:set package 'uav_camera' build argument 'cmake_force_configure' from command line to 'False'
[1.885s] Level 5:colcon.colcon_core.verb:set package 'uav_camera' build argument 'ament_cmake_args' from command line to 'None'
[1.885s] Level 5:colcon.colcon_core.verb:set package 'uav_camera' build argument 'catkin_cmake_args' from command line to 'None'
[1.885s] Level 5:colcon.colcon_core.verb:set package 'uav_camera' build argument 'catkin_skip_building_tests' from command line to 'False'
[1.885s] DEBUG:colcon.colcon_core.verb:Building package 'uav_camera' with the following arguments: {'ament_cmake_args': None, 'build_base': '/home/drone/drone_ws/build/uav_camera', 'catkin_cmake_args': None, 'catkin_skip_building_tests': False, 'cmake_args': None, 'cmake_clean_cache': False, 'cmake_clean_first': False, 'cmake_force_configure': False, 'cmake_target': None, 'cmake_target_skip_unavailable': False, 'install_base': '/home/drone/drone_ws/install/uav_camera', 'merge_install': False, 'path': '/home/drone/drone_ws/src/uav_camera', 'symlink_install': False, 'test_result_base': None}
[1.885s] INFO:colcon.colcon_core.executor:Executing jobs using 'parallel' executor
[1.889s] DEBUG:colcon.colcon_parallel_executor.executor.parallel:run_until_complete
[1.890s] INFO:colcon.colcon_ros.task.ament_python.build:Building ROS package in '/home/drone/drone_ws/src/aruco_detector_node' with build type 'ament_python'
[1.890s] Level 1:colcon.colcon_core.shell:create_environment_hook('aruco_detector_node', 'ament_prefix_path')
[1.902s] INFO:colcon.colcon_core.plugin_system:Skipping extension 'colcon_core.shell.bat': Not used on non-Windows systems
[1.904s] INFO:colcon.colcon_core.shell:Creating environment hook '/home/drone/drone_ws/install/aruco_detector_node/share/aruco_detector_node/hook/ament_prefix_path.ps1'
[1.909s] INFO:colcon.colcon_core.shell:Creating environment descriptor '/home/drone/drone_ws/install/aruco_detector_node/share/aruco_detector_node/hook/ament_prefix_path.dsv'
[1.911s] INFO:colcon.colcon_core.shell:Creating environment hook '/home/drone/drone_ws/install/aruco_detector_node/share/aruco_detector_node/hook/ament_prefix_path.sh'
[1.921s] INFO:colcon.colcon_core.shell:Skip shell extension 'powershell' for command environment: Not usable outside of PowerShell
[1.922s] DEBUG:colcon.colcon_core.shell:Skip shell extension 'dsv' for command environment
[1.950s] INFO:colcon.colcon_ros.task.ament_python.build:Building ROS package in '/home/drone/drone_ws/src/global_position_node' with build type 'ament_python'
[1.951s] Level 1:colcon.colcon_core.shell:create_environment_hook('global_position_node', 'ament_prefix_path')
[1.953s] INFO:colcon.colcon_core.shell:Creating environment hook '/home/drone/drone_ws/install/global_position_node/share/global_position_node/hook/ament_prefix_path.ps1'
[1.956s] INFO:colcon.colcon_core.shell:Creating environment descriptor '/home/drone/drone_ws/install/global_position_node/share/global_position_node/hook/ament_prefix_path.dsv'
[1.959s] INFO:colcon.colcon_core.shell:Creating environment hook '/home/drone/drone_ws/install/global_position_node/share/global_position_node/hook/ament_prefix_path.sh'
[1.962s] INFO:colcon.colcon_core.shell:Skip shell extension 'powershell' for command environment: Not usable outside of PowerShell
[1.963s] DEBUG:colcon.colcon_core.shell:Skip shell extension 'dsv' for command environment
[1.990s] INFO:colcon.colcon_ros.task.ament_python.build:Building ROS package in '/home/drone/drone_ws/src/project_start' with build type 'ament_python'
[1.991s] Level 1:colcon.colcon_core.shell:create_environment_hook('project_start', 'ament_prefix_path')
[1.993s] INFO:colcon.colcon_core.shell:Creating environment hook '/home/drone/drone_ws/install/project_start/share/project_start/hook/ament_prefix_path.ps1'
[2.002s] INFO:colcon.colcon_core.shell:Creating environment descriptor '/home/drone/drone_ws/install/project_start/share/project_start/hook/ament_prefix_path.dsv'
[2.005s] INFO:colcon.colcon_core.shell:Creating environment hook '/home/drone/drone_ws/install/project_start/share/project_start/hook/ament_prefix_path.sh'
[2.010s] INFO:colcon.colcon_core.shell:Skip shell extension 'powershell' for command environment: Not usable outside of PowerShell
[2.011s] DEBUG:colcon.colcon_core.shell:Skip shell extension 'dsv' for command environment
[2.040s] INFO:colcon.colcon_ros.task.ament_python.build:Building ROS package in '/home/drone/drone_ws/src/px4' with build type 'ament_python'
[2.041s] Level 1:colcon.colcon_core.shell:create_environment_hook('px4', 'ament_prefix_path')
[2.043s] INFO:colcon.colcon_core.shell:Creating environment hook '/home/drone/drone_ws/install/px4/share/px4/hook/ament_prefix_path.ps1'
[2.051s] INFO:colcon.colcon_core.shell:Creating environment descriptor '/home/drone/drone_ws/install/px4/share/px4/hook/ament_prefix_path.dsv'
[2.054s] INFO:colcon.colcon_core.shell:Creating environment hook '/home/drone/drone_ws/install/px4/share/px4/hook/ament_prefix_path.sh'
[2.057s] INFO:colcon.colcon_core.shell:Skip shell extension 'powershell' for command environment: Not usable outside of PowerShell
[2.057s] DEBUG:colcon.colcon_core.shell:Skip shell extension 'dsv' for command environment
[3.469s] INFO:colcon.colcon_core.task.python.build:Building Python package in '/home/drone/drone_ws/src/aruco_detector_node'
[3.470s] INFO:colcon.colcon_core.shell:Skip shell extension 'powershell' for command environment: Not usable outside of PowerShell
[3.470s] DEBUG:colcon.colcon_core.shell:Skip shell extension 'dsv' for command environment
[4.860s] INFO:colcon.colcon_core.task.python.build:Building Python package in '/home/drone/drone_ws/src/global_position_node'
[4.861s] INFO:colcon.colcon_core.shell:Skip shell extension 'powershell' for command environment: Not usable outside of PowerShell
[4.862s] DEBUG:colcon.colcon_core.shell:Skip shell extension 'dsv' for command environment
[6.276s] INFO:colcon.colcon_core.task.python.build:Building Python package in '/home/drone/drone_ws/src/project_start'
[6.277s] INFO:colcon.colcon_core.shell:Skip shell extension 'powershell' for command environment: Not usable outside of PowerShell
[6.277s] DEBUG:colcon.colcon_core.shell:Skip shell extension 'dsv' for command environment
[7.758s] INFO:colcon.colcon_core.task.python.build:Building Python package in '/home/drone/drone_ws/src/px4'
[7.759s] INFO:colcon.colcon_core.shell:Skip shell extension 'powershell' for command environment: Not usable outside of PowerShell
[7.759s] DEBUG:colcon.colcon_core.shell:Skip shell extension 'dsv' for command environment
[10.614s] DEBUG:colcon.colcon_core.event_handler.log_command:Invoking command in '/home/drone/drone_ws/src/project_start': PYTHONPATH=/home/drone/drone_ws/build/project_start/prefix_override:/usr/lib/python3/dist-packages/colcon_core/task/python/colcon_distutils_commands:/home/drone/drone_ws/install/project_start/lib/python3.10/site-packages:${PYTHONPATH} /usr/bin/python3 -W ignore:setup.py install is deprecated -W ignore:easy_install command is deprecated setup.py egg_info --egg-base ../../build/project_start build --build-base /home/drone/drone_ws/build/project_start/build install --record /home/drone/drone_ws/build/project_start/install.log --single-version-externally-managed install_data
[11.099s] DEBUG:colcon.colcon_core.event_handler.log_command:Invoking command in '/home/drone/drone_ws/src/px4': PYTHONPATH=/home/drone/drone_ws/build/px4/prefix_override:/usr/lib/python3/dist-packages/colcon_core/task/python/colcon_distutils_commands:/home/drone/drone_ws/install/px4/lib/python3.10/site-packages:${PYTHONPATH} /usr/bin/python3 -W ignore:setup.py install is deprecated -W ignore:easy_install command is deprecated setup.py egg_info --egg-base ../../build/px4 build --build-base /home/drone/drone_ws/build/px4/build install --record /home/drone/drone_ws/build/px4/install.log --single-version-externally-managed install_data
[11.137s] DEBUG:colcon.colcon_core.event_handler.log_command:Invoking command in '/home/drone/drone_ws/src/aruco_detector_node': PYTHONPATH=/home/drone/drone_ws/build/aruco_detector_node/prefix_override:/usr/lib/python3/dist-packages/colcon_core/task/python/colcon_distutils_commands:/home/drone/drone_ws/install/aruco_detector_node/lib/python3.10/site-packages:${PYTHONPATH} /usr/bin/python3 -W ignore:setup.py install is deprecated -W ignore:easy_install command is deprecated setup.py egg_info --egg-base ../../build/aruco_detector_node build --build-base /home/drone/drone_ws/build/aruco_detector_node/build install --record /home/drone/drone_ws/build/aruco_detector_node/install.log --single-version-externally-managed install_data
[11.243s] DEBUG:colcon.colcon_core.event_handler.log_command:Invoking command in '/home/drone/drone_ws/src/global_position_node': PYTHONPATH=/home/drone/drone_ws/build/global_position_node/prefix_override:/usr/lib/python3/dist-packages/colcon_core/task/python/colcon_distutils_commands:/home/drone/drone_ws/install/global_position_node/lib/python3.10/site-packages:${PYTHONPATH} /usr/bin/python3 -W ignore:setup.py install is deprecated -W ignore:easy_install command is deprecated setup.py egg_info --egg-base ../../build/global_position_node build --build-base /home/drone/drone_ws/build/global_position_node/build install --record /home/drone/drone_ws/build/global_position_node/install.log --single-version-externally-managed install_data
[13.573s] DEBUG:colcon.colcon_core.event_handler.log_command:Invoked command in '/home/drone/drone_ws/src/project_start' returned '0': PYTHONPATH=/home/drone/drone_ws/build/project_start/prefix_override:/usr/lib/python3/dist-packages/colcon_core/task/python/colcon_distutils_commands:/home/drone/drone_ws/install/project_start/lib/python3.10/site-packages:${PYTHONPATH} /usr/bin/python3 -W ignore:setup.py install is deprecated -W ignore:easy_install command is deprecated setup.py egg_info --egg-base ../../build/project_start build --build-base /home/drone/drone_ws/build/project_start/build install --record /home/drone/drone_ws/build/project_start/install.log --single-version-externally-managed install_data
[13.617s] Level 1:colcon.colcon_core.environment:checking '/home/drone/drone_ws/install/project_start' for CMake module files
[13.621s] Level 1:colcon.colcon_core.environment:checking '/home/drone/drone_ws/install/project_start' for CMake config files
[13.632s] Level 1:colcon.colcon_core.environment:checking '/home/drone/drone_ws/install/project_start/lib'
[13.636s] Level 1:colcon.colcon_core.environment:checking '/home/drone/drone_ws/install/project_start/bin'
[13.639s] Level 1:colcon.colcon_core.environment:checking '/home/drone/drone_ws/install/project_start/lib/pkgconfig/project_start.pc'
[13.641s] Level 1:colcon.colcon_core.environment:checking '/home/drone/drone_ws/install/project_start/lib/python3.10/site-packages'
[13.642s] Level 1:colcon.colcon_core.shell:create_environment_hook('project_start', 'pythonpath')
[13.647s] INFO:colcon.colcon_core.shell:Creating environment hook '/home/drone/drone_ws/install/project_start/share/project_start/hook/pythonpath.ps1'
[13.651s] INFO:colcon.colcon_core.shell:Creating environment descriptor '/home/drone/drone_ws/install/project_start/share/project_start/hook/pythonpath.dsv'
[13.661s] INFO:colcon.colcon_core.shell:Creating environment hook '/home/drone/drone_ws/install/project_start/share/project_start/hook/pythonpath.sh'
[13.669s] Level 1:colcon.colcon_core.environment:checking '/home/drone/drone_ws/install/project_start/bin'
[13.669s] Level 1:colcon.colcon_core.environment:create_environment_scripts_only(project_start)
[13.671s] INFO:colcon.colcon_core.shell:Creating package script '/home/drone/drone_ws/install/project_start/share/project_start/package.ps1'
[13.680s] INFO:colcon.colcon_core.shell:Creating package descriptor '/home/drone/drone_ws/install/project_start/share/project_start/package.dsv'
[13.695s] INFO:colcon.colcon_core.shell:Creating package script '/home/drone/drone_ws/install/project_start/share/project_start/package.sh'
[13.710s] INFO:colcon.colcon_core.shell:Creating package script '/home/drone/drone_ws/install/project_start/share/project_start/package.bash'
[13.719s] INFO:colcon.colcon_core.shell:Creating package script '/home/drone/drone_ws/install/project_start/share/project_start/package.zsh'
[13.727s] Level 1:colcon.colcon_core.environment:create_file_with_runtime_dependencies(/home/drone/drone_ws/install/project_start/share/colcon-core/packages/project_start)
[13.736s] INFO:colcon.colcon_ros.task.ament_cmake.build:Building ROS package in '/home/drone/drone_ws/src/uav_camera' with build type 'ament_cmake'
[13.743s] INFO:colcon.colcon_cmake.task.cmake.build:Building CMake package in '/home/drone/drone_ws/src/uav_camera'
[13.746s] INFO:colcon.colcon_core.shell:Skip shell extension 'powershell' for command environment: Not usable outside of PowerShell
[13.747s] DEBUG:colcon.colcon_core.shell:Skip shell extension 'dsv' for command environment
[13.816s] Level 1:colcon.colcon_core.environment:checking '/home/drone/drone_ws/install/aruco_detector_node' for CMake module files
[13.823s] DEBUG:colcon.colcon_core.event_handler.log_command:Invoked command in '/home/drone/drone_ws/src/aruco_detector_node' returned '0': PYTHONPATH=/home/drone/drone_ws/build/aruco_detector_node/prefix_override:/usr/lib/python3/dist-packages/colcon_core/task/python/colcon_distutils_commands:/home/drone/drone_ws/install/aruco_detector_node/lib/python3.10/site-packages:${PYTHONPATH} /usr/bin/python3 -W ignore:setup.py install is deprecated -W ignore:easy_install command is deprecated setup.py egg_info --egg-base ../../build/aruco_detector_node build --build-base /home/drone/drone_ws/build/aruco_detector_node/build install --record /home/drone/drone_ws/build/aruco_detector_node/install.log --single-version-externally-managed install_data
[13.828s] Level 1:colcon.colcon_core.environment:checking '/home/drone/drone_ws/install/aruco_detector_node' for CMake config files
[13.841s] Level 1:colcon.colcon_core.environment:checking '/home/drone/drone_ws/install/aruco_detector_node/lib'
[13.844s] Level 1:colcon.colcon_core.environment:checking '/home/drone/drone_ws/install/aruco_detector_node/bin'
[13.846s] Level 1:colcon.colcon_core.environment:checking '/home/drone/drone_ws/install/aruco_detector_node/lib/pkgconfig/aruco_detector_node.pc'
[13.850s] Level 1:colcon.colcon_core.environment:checking '/home/drone/drone_ws/install/aruco_detector_node/lib/python3.10/site-packages'
[13.851s] Level 1:colcon.colcon_core.shell:create_environment_hook('aruco_detector_node', 'pythonpath')
[13.859s] INFO:colcon.colcon_core.shell:Creating environment hook '/home/drone/drone_ws/install/aruco_detector_node/share/aruco_detector_node/hook/pythonpath.ps1'
[13.871s] INFO:colcon.colcon_core.shell:Creating environment descriptor '/home/drone/drone_ws/install/aruco_detector_node/share/aruco_detector_node/hook/pythonpath.dsv'
[13.876s] INFO:colcon.colcon_core.shell:Creating environment hook '/home/drone/drone_ws/install/aruco_detector_node/share/aruco_detector_node/hook/pythonpath.sh'
[13.889s] Level 1:colcon.colcon_core.environment:checking '/home/drone/drone_ws/install/aruco_detector_node/bin'
[13.891s] Level 1:colcon.colcon_core.environment:create_environment_scripts_only(aruco_detector_node)
[13.895s] INFO:colcon.colcon_core.shell:Creating package script '/home/drone/drone_ws/install/aruco_detector_node/share/aruco_detector_node/package.ps1'
[13.909s] INFO:colcon.colcon_core.shell:Creating package descriptor '/home/drone/drone_ws/install/aruco_detector_node/share/aruco_detector_node/package.dsv'
[13.917s] INFO:colcon.colcon_core.shell:Creating package script '/home/drone/drone_ws/install/aruco_detector_node/share/aruco_detector_node/package.sh'
[13.924s] INFO:colcon.colcon_core.shell:Creating package script '/home/drone/drone_ws/install/aruco_detector_node/share/aruco_detector_node/package.bash'
[13.931s] INFO:colcon.colcon_core.shell:Creating package script '/home/drone/drone_ws/install/aruco_detector_node/share/aruco_detector_node/package.zsh'
[13.940s] Level 1:colcon.colcon_core.environment:create_file_with_runtime_dependencies(/home/drone/drone_ws/install/aruco_detector_node/share/colcon-core/packages/aruco_detector_node)
[13.999s] DEBUG:colcon.colcon_core.event_handler.log_command:Invoking command in '/home/drone/drone_ws/build/uav_camera': CMAKE_PREFIX_PATH=${CMAKE_PREFIX_PATH}:/home/drone/drone_ws/install/px4:/home/drone/drone_ws/install/project_start:/home/drone/drone_ws/install/global_position_node:/home/drone/drone_ws/install/aruco_detector_node:/opt/ros/humble /usr/bin/cmake --build /home/drone/drone_ws/build/uav_camera -- -j4 -l4
[14.016s] Level 1:colcon.colcon_core.environment:checking '/home/drone/drone_ws/install/global_position_node' for CMake module files
[14.020s] DEBUG:colcon.colcon_core.event_handler.log_command:Invoked command in '/home/drone/drone_ws/src/global_position_node' returned '0': PYTHONPATH=/home/drone/drone_ws/build/global_position_node/prefix_override:/usr/lib/python3/dist-packages/colcon_core/task/python/colcon_distutils_commands:/home/drone/drone_ws/install/global_position_node/lib/python3.10/site-packages:${PYTHONPATH} /usr/bin/python3 -W ignore:setup.py install is deprecated -W ignore:easy_install command is deprecated setup.py egg_info --egg-base ../../build/global_position_node build --build-base /home/drone/drone_ws/build/global_position_node/build install --record /home/drone/drone_ws/build/global_position_node/install.log --single-version-externally-managed install_data
[14.023s] Level 1:colcon.colcon_core.environment:checking '/home/drone/drone_ws/install/global_position_node' for CMake config files
[14.033s] Level 1:colcon.colcon_core.environment:checking '/home/drone/drone_ws/install/global_position_node/lib'
[14.036s] Level 1:colcon.colcon_core.environment:checking '/home/drone/drone_ws/install/global_position_node/bin'
[14.037s] Level 1:colcon.colcon_core.environment:checking '/home/drone/drone_ws/install/global_position_node/lib/pkgconfig/global_position_node.pc'
[14.039s] Level 1:colcon.colcon_core.environment:checking '/home/drone/drone_ws/install/global_position_node/lib/python3.10/site-packages'
[14.040s] Level 1:colcon.colcon_core.shell:create_environment_hook('global_position_node', 'pythonpath')
[14.042s] INFO:colcon.colcon_core.shell:Creating environment hook '/home/drone/drone_ws/install/global_position_node/share/global_position_node/hook/pythonpath.ps1'
[14.048s] INFO:colcon.colcon_core.shell:Creating environment descriptor '/home/drone/drone_ws/install/global_position_node/share/global_position_node/hook/pythonpath.dsv'
[14.053s] INFO:colcon.colcon_core.shell:Creating environment hook '/home/drone/drone_ws/install/global_position_node/share/global_position_node/hook/pythonpath.sh'
[14.062s] Level 1:colcon.colcon_core.environment:checking '/home/drone/drone_ws/install/global_position_node/bin'
[14.063s] Level 1:colcon.colcon_core.environment:create_environment_scripts_only(global_position_node)
[14.065s] INFO:colcon.colcon_core.shell:Creating package script '/home/drone/drone_ws/install/global_position_node/share/global_position_node/package.ps1'
[14.068s] INFO:colcon.colcon_core.shell:Creating package descriptor '/home/drone/drone_ws/install/global_position_node/share/global_position_node/package.dsv'
[14.071s] INFO:colcon.colcon_core.shell:Creating package script '/home/drone/drone_ws/install/global_position_node/share/global_position_node/package.sh'
[14.074s] INFO:colcon.colcon_core.shell:Creating package script '/home/drone/drone_ws/install/global_position_node/share/global_position_node/package.bash'
[14.077s] INFO:colcon.colcon_core.shell:Creating package script '/home/drone/drone_ws/install/global_position_node/share/global_position_node/package.zsh'
[14.082s] Level 1:colcon.colcon_core.environment:create_file_with_runtime_dependencies(/home/drone/drone_ws/install/global_position_node/share/colcon-core/packages/global_position_node)
[14.092s] Level 1:colcon.colcon_core.environment:checking '/home/drone/drone_ws/install/px4' for CMake module files
[14.103s] Level 1:colcon.colcon_core.environment:checking '/home/drone/drone_ws/install/px4' for CMake config files
[14.108s] DEBUG:colcon.colcon_core.event_handler.log_command:Invoked command in '/home/drone/drone_ws/src/px4' returned '0': PYTHONPATH=/home/drone/drone_ws/build/px4/prefix_override:/usr/lib/python3/dist-packages/colcon_core/task/python/colcon_distutils_commands:/home/drone/drone_ws/install/px4/lib/python3.10/site-packages:${PYTHONPATH} /usr/bin/python3 -W ignore:setup.py install is deprecated -W ignore:easy_install command is deprecated setup.py egg_info --egg-base ../../build/px4 build --build-base /home/drone/drone_ws/build/px4/build install --record /home/drone/drone_ws/build/px4/install.log --single-version-externally-managed install_data
[14.119s] Level 1:colcon.colcon_core.environment:checking '/home/drone/drone_ws/install/px4/lib'
[14.121s] Level 1:colcon.colcon_core.environment:checking '/home/drone/drone_ws/install/px4/bin'
[14.123s] Level 1:colcon.colcon_core.environment:checking '/home/drone/drone_ws/install/px4/lib/pkgconfig/px4.pc'
[14.126s] Level 1:colcon.colcon_core.environment:checking '/home/drone/drone_ws/install/px4/lib/python3.10/site-packages'
[14.128s] Level 1:colcon.colcon_core.shell:create_environment_hook('px4', 'pythonpath')
[14.130s] INFO:colcon.colcon_core.shell:Creating environment hook '/home/drone/drone_ws/install/px4/share/px4/hook/pythonpath.ps1'
[14.136s] INFO:colcon.colcon_core.shell:Creating environment descriptor '/home/drone/drone_ws/install/px4/share/px4/hook/pythonpath.dsv'
[14.139s] INFO:colcon.colcon_core.shell:Creating environment hook '/home/drone/drone_ws/install/px4/share/px4/hook/pythonpath.sh'
[14.146s] Level 1:colcon.colcon_core.environment:checking '/home/drone/drone_ws/install/px4/bin'
[14.147s] Level 1:colcon.colcon_core.environment:create_environment_scripts_only(px4)
[14.149s] INFO:colcon.colcon_core.shell:Creating package script '/home/drone/drone_ws/install/px4/share/px4/package.ps1'
[14.152s] INFO:colcon.colcon_core.shell:Creating package descriptor '/home/drone/drone_ws/install/px4/share/px4/package.dsv'
[14.156s] INFO:colcon.colcon_core.shell:Creating package script '/home/drone/drone_ws/install/px4/share/px4/package.sh'
[14.159s] INFO:colcon.colcon_core.shell:Creating package script '/home/drone/drone_ws/install/px4/share/px4/package.bash'
[14.162s] INFO:colcon.colcon_core.shell:Creating package script '/home/drone/drone_ws/install/px4/share/px4/package.zsh'
[14.165s] Level 1:colcon.colcon_core.environment:create_file_with_runtime_dependencies(/home/drone/drone_ws/install/px4/share/colcon-core/packages/px4)
[14.406s] DEBUG:colcon.colcon_core.event_handler.log_command:Invoked command in '/home/drone/drone_ws/build/uav_camera' returned '0': CMAKE_PREFIX_PATH=${CMAKE_PREFIX_PATH}:/home/drone/drone_ws/install/px4:/home/drone/drone_ws/install/project_start:/home/drone/drone_ws/install/global_position_node:/home/drone/drone_ws/install/aruco_detector_node:/opt/ros/humble /usr/bin/cmake --build /home/drone/drone_ws/build/uav_camera -- -j4 -l4
[14.459s] DEBUG:colcon.colcon_core.event_handler.log_command:Invoking command in '/home/drone/drone_ws/build/uav_camera': CMAKE_PREFIX_PATH=${CMAKE_PREFIX_PATH}:/home/drone/drone_ws/install/px4:/home/drone/drone_ws/install/project_start:/home/drone/drone_ws/install/global_position_node:/home/drone/drone_ws/install/aruco_detector_node:/opt/ros/humble /usr/bin/cmake --install /home/drone/drone_ws/build/uav_camera
[14.502s] Level 1:colcon.colcon_core.environment:create_environment_scripts_only(uav_camera)
[14.509s] Level 1:colcon.colcon_core.environment:checking '/home/drone/drone_ws/install/uav_camera' for CMake module files
[14.510s] DEBUG:colcon.colcon_core.event_handler.log_command:Invoked command in '/home/drone/drone_ws/build/uav_camera' returned '0': CMAKE_PREFIX_PATH=${CMAKE_PREFIX_PATH}:/home/drone/drone_ws/install/px4:/home/drone/drone_ws/install/project_start:/home/drone/drone_ws/install/global_position_node:/home/drone/drone_ws/install/aruco_detector_node:/opt/ros/humble /usr/bin/cmake --install /home/drone/drone_ws/build/uav_camera
[14.514s] Level 1:colcon.colcon_core.environment:checking '/home/drone/drone_ws/install/uav_camera' for CMake config files
[14.518s] Level 1:colcon.colcon_core.shell:create_environment_hook('uav_camera', 'cmake_prefix_path')
[14.520s] INFO:colcon.colcon_core.shell:Creating environment hook '/home/drone/drone_ws/install/uav_camera/share/uav_camera/hook/cmake_prefix_path.ps1'
[14.523s] INFO:colcon.colcon_core.shell:Creating environment descriptor '/home/drone/drone_ws/install/uav_camera/share/uav_camera/hook/cmake_prefix_path.dsv'
[14.525s] INFO:colcon.colcon_core.shell:Creating environment hook '/home/drone/drone_ws/install/uav_camera/share/uav_camera/hook/cmake_prefix_path.sh'
[14.528s] Level 1:colcon.colcon_core.environment:checking '/home/drone/drone_ws/install/uav_camera/lib'
[14.528s] Level 1:colcon.colcon_core.environment:checking '/home/drone/drone_ws/install/uav_camera/bin'
[14.529s] Level 1:colcon.colcon_core.environment:checking '/home/drone/drone_ws/install/uav_camera/lib/pkgconfig/uav_camera.pc'
[14.529s] Level 1:colcon.colcon_core.environment:checking '/home/drone/drone_ws/install/uav_camera/lib/python3.10/site-packages'
[14.531s] Level 1:colcon.colcon_core.environment:checking '/home/drone/drone_ws/install/uav_camera/bin'
[14.532s] INFO:colcon.colcon_core.shell:Creating package script '/home/drone/drone_ws/install/uav_camera/share/uav_camera/package.ps1'
[14.535s] INFO:colcon.colcon_core.shell:Creating package descriptor '/home/drone/drone_ws/install/uav_camera/share/uav_camera/package.dsv'
[14.537s] INFO:colcon.colcon_core.shell:Creating package script '/home/drone/drone_ws/install/uav_camera/share/uav_camera/package.sh'
[14.539s] INFO:colcon.colcon_core.shell:Creating package script '/home/drone/drone_ws/install/uav_camera/share/uav_camera/package.bash'
[14.542s] INFO:colcon.colcon_core.shell:Creating package script '/home/drone/drone_ws/install/uav_camera/share/uav_camera/package.zsh'
[14.545s] Level 1:colcon.colcon_core.environment:create_file_with_runtime_dependencies(/home/drone/drone_ws/install/uav_camera/share/colcon-core/packages/uav_camera)
[14.547s] Level 1:colcon.colcon_core.environment:create_environment_scripts_only(uav_camera)
[14.548s] Level 1:colcon.colcon_core.environment:checking '/home/drone/drone_ws/install/uav_camera' for CMake module files
[14.551s] Level 1:colcon.colcon_core.environment:checking '/home/drone/drone_ws/install/uav_camera' for CMake config files
[14.555s] Level 1:colcon.colcon_core.shell:create_environment_hook('uav_camera', 'cmake_prefix_path')
[14.557s] INFO:colcon.colcon_core.shell:Creating environment hook '/home/drone/drone_ws/install/uav_camera/share/uav_camera/hook/cmake_prefix_path.ps1'
[14.559s] INFO:colcon.colcon_core.shell:Creating environment descriptor '/home/drone/drone_ws/install/uav_camera/share/uav_camera/hook/cmake_prefix_path.dsv'
[14.560s] INFO:colcon.colcon_core.shell:Creating environment hook '/home/drone/drone_ws/install/uav_camera/share/uav_camera/hook/cmake_prefix_path.sh'
[14.563s] Level 1:colcon.colcon_core.environment:checking '/home/drone/drone_ws/install/uav_camera/lib'
[14.564s] Level 1:colcon.colcon_core.environment:checking '/home/drone/drone_ws/install/uav_camera/bin'
[14.564s] Level 1:colcon.colcon_core.environment:checking '/home/drone/drone_ws/install/uav_camera/lib/pkgconfig/uav_camera.pc'
[14.565s] Level 1:colcon.colcon_core.environment:checking '/home/drone/drone_ws/install/uav_camera/lib/python3.10/site-packages'
[14.567s] Level 1:colcon.colcon_core.environment:checking '/home/drone/drone_ws/install/uav_camera/bin'
[14.568s] INFO:colcon.colcon_core.shell:Creating package script '/home/drone/drone_ws/install/uav_camera/share/uav_camera/package.ps1'
[14.571s] INFO:colcon.colcon_core.shell:Creating package descriptor '/home/drone/drone_ws/install/uav_camera/share/uav_camera/package.dsv'
[14.573s] INFO:colcon.colcon_core.shell:Creating package script '/home/drone/drone_ws/install/uav_camera/share/uav_camera/package.sh'
[14.575s] INFO:colcon.colcon_core.shell:Creating package script '/home/drone/drone_ws/install/uav_camera/share/uav_camera/package.bash'
[14.577s] INFO:colcon.colcon_core.shell:Creating package script '/home/drone/drone_ws/install/uav_camera/share/uav_camera/package.zsh'
[14.580s] Level 1:colcon.colcon_core.environment:create_file_with_runtime_dependencies(/home/drone/drone_ws/install/uav_camera/share/colcon-core/packages/uav_camera)
[14.582s] DEBUG:colcon.colcon_parallel_executor.executor.parallel:closing loop
[14.584s] DEBUG:colcon.colcon_parallel_executor.executor.parallel:loop closed
[14.585s] DEBUG:colcon.colcon_parallel_executor.executor.parallel:run_until_complete finished with '0'
[14.585s] DEBUG:colcon.colcon_core.event_reactor:joining thread
[14.619s] INFO:colcon.colcon_core.plugin_system:Skipping extension 'colcon_notification.desktop_notification.terminal_notifier': Not used on non-Darwin systems
[14.620s] INFO:colcon.colcon_core.plugin_system:Skipping extension 'colcon_notification.desktop_notification.win32': Not used on non-Windows systems
[14.621s] INFO:colcon.colcon_notification.desktop_notification:Sending desktop notification using 'notify2'
[14.690s] DEBUG:colcon.colcon_core.event_reactor:joined thread
[14.692s] INFO:colcon.colcon_core.shell:Creating prefix script '/home/drone/drone_ws/install/local_setup.ps1'
[14.697s] INFO:colcon.colcon_core.shell:Creating prefix util module '/home/drone/drone_ws/install/_local_setup_util_ps1.py'
[14.705s] INFO:colcon.colcon_core.shell:Creating prefix chain script '/home/drone/drone_ws/install/setup.ps1'
[14.714s] INFO:colcon.colcon_core.shell:Creating prefix script '/home/drone/drone_ws/install/local_setup.sh'
[14.718s] INFO:colcon.colcon_core.shell:Creating prefix util module '/home/drone/drone_ws/install/_local_setup_util_sh.py'
[14.722s] INFO:colcon.colcon_core.shell:Creating prefix chain script '/home/drone/drone_ws/install/setup.sh'
[14.730s] INFO:colcon.colcon_core.shell:Creating prefix script '/home/drone/drone_ws/install/local_setup.bash'
[14.735s] INFO:colcon.colcon_core.shell:Creating prefix chain script '/home/drone/drone_ws/install/setup.bash'
[14.753s] INFO:colcon.colcon_core.shell:Creating prefix script '/home/drone/drone_ws/install/local_setup.zsh'
[14.759s] INFO:colcon.colcon_core.shell:Creating prefix chain script '/home/drone/drone_ws/install/setup.zsh'
