[5.018s] Invoking command in '/home/drone/drone_ws/src/rangefinder': PYTHONPATH=/home/drone/drone_ws/build/rangefinder/prefix_override:/usr/lib/python3/dist-packages/colcon_core/task/python/colcon_distutils_commands:/home/drone/drone_ws/install/rangefinder/lib/python3.10/site-packages:${PYTHONPATH} /usr/bin/python3 -W ignore:setup.py install is deprecated -W ignore:easy_install command is deprecated setup.py egg_info --egg-base ../../build/rangefinder build --build-base /home/drone/drone_ws/build/rangefinder/build install --record /home/drone/drone_ws/build/rangefinder/install.log --single-version-externally-managed install_data
[6.392s] running egg_info
[6.395s] writing ../../build/rangefinder/rangefinder.egg-info/PKG-INFO
[6.398s] writing dependency_links to ../../build/rangefinder/rangefinder.egg-info/dependency_links.txt
[6.402s] writing entry points to ../../build/rangefinder/rangefinder.egg-info/entry_points.txt
[6.402s] writing requirements to ../../build/rangefinder/rangefinder.egg-info/requires.txt
[6.403s] writing top-level names to ../../build/rangefinder/rangefinder.egg-info/top_level.txt
[6.413s] reading manifest file '../../build/rangefinder/rangefinder.egg-info/SOURCES.txt'
[6.424s] writing manifest file '../../build/rangefinder/rangefinder.egg-info/SOURCES.txt'
[6.425s] running build
[6.426s] running build_py
[6.429s] copying rangefinder/rangefinder_node.py -> /home/drone/drone_ws/build/rangefinder/build/lib/rangefinder
[6.432s] running install
[6.434s] running install_lib
[6.442s] copying /home/drone/drone_ws/build/rangefinder/build/lib/rangefinder/rangefinder_node.py -> /home/drone/drone_ws/install/rangefinder/lib/python3.10/site-packages/rangefinder
[6.443s] byte-compiling /home/drone/drone_ws/install/rangefinder/lib/python3.10/site-packages/rangefinder/rangefinder_node.py to rangefinder_node.cpython-310.pyc
[6.449s] running install_data
[6.450s] running install_egg_info
[6.460s] removing '/home/drone/drone_ws/install/rangefinder/lib/python3.10/site-packages/rangefinder-0.0.0-py3.10.egg-info' (and everything under it)
[6.462s] Copying ../../build/rangefinder/rangefinder.egg-info to /home/drone/drone_ws/install/rangefinder/lib/python3.10/site-packages/rangefinder-0.0.0-py3.10.egg-info
[6.471s] running install_scripts
[6.568s] Installing rangefinder script to /home/drone/drone_ws/install/rangefinder/lib/rangefinder
[6.572s] writing list of installed files to '/home/drone/drone_ws/build/rangefinder/install.log'
[6.798s] Invoked command in '/home/drone/drone_ws/src/rangefinder' returned '0': PYTHONPATH=/home/drone/drone_ws/build/rangefinder/prefix_override:/usr/lib/python3/dist-packages/colcon_core/task/python/colcon_distutils_commands:/home/drone/drone_ws/install/rangefinder/lib/python3.10/site-packages:${PYTHONPATH} /usr/bin/python3 -W ignore:setup.py install is deprecated -W ignore:easy_install command is deprecated setup.py egg_info --egg-base ../../build/rangefinder build --build-base /home/drone/drone_ws/build/rangefinder/build install --record /home/drone/drone_ws/build/rangefinder/install.log --single-version-externally-managed install_data
