[9.377s] Invoking command in '/home/drone/drone_ws/src/aruco_detector_node': PYTHONPATH=/home/drone/drone_ws/build/aruco_detector_node/prefix_override:/usr/lib/python3/dist-packages/colcon_core/task/python/colcon_distutils_commands:/home/drone/drone_ws/install/aruco_detector_node/lib/python3.10/site-packages:${PYTHONPATH} /usr/bin/python3 -W ignore:setup.py install is deprecated -W ignore:easy_install command is deprecated setup.py egg_info --egg-base ../../build/aruco_detector_node build --build-base /home/drone/drone_ws/build/aruco_detector_node/build install --record /home/drone/drone_ws/build/aruco_detector_node/install.log --single-version-externally-managed install_data
[11.363s] running egg_info
[11.370s] writing ../../build/aruco_detector_node/aruco_detector_node.egg-info/PKG-INFO
[11.377s] writing dependency_links to ../../build/aruco_detector_node/aruco_detector_node.egg-info/dependency_links.txt
[11.384s] writing entry points to ../../build/aruco_detector_node/aruco_detector_node.egg-info/entry_points.txt
[11.385s] writing requirements to ../../build/aruco_detector_node/aruco_detector_node.egg-info/requires.txt
[11.386s] writing top-level names to ../../build/aruco_detector_node/aruco_detector_node.egg-info/top_level.txt
[11.394s] reading manifest file '../../build/aruco_detector_node/aruco_detector_node.egg-info/SOURCES.txt'
[11.404s] writing manifest file '../../build/aruco_detector_node/aruco_detector_node.egg-info/SOURCES.txt'
[11.405s] running build
[11.406s] running build_py
[11.413s] copying aruco_detector_node/aruco_detector.py -> /home/drone/drone_ws/build/aruco_detector_node/build/lib/aruco_detector_node
[11.420s] running install
[11.423s] running install_lib
[11.434s] copying /home/drone/drone_ws/build/aruco_detector_node/build/lib/aruco_detector_node/aruco_detector.py -> /home/drone/drone_ws/install/aruco_detector_node/lib/python3.10/site-packages/aruco_detector_node
[11.442s] byte-compiling /home/drone/drone_ws/install/aruco_detector_node/lib/python3.10/site-packages/aruco_detector_node/aruco_detector.py to aruco_detector.cpython-310.pyc
[11.477s] running install_data
[11.484s] running install_egg_info
[11.498s] removing '/home/drone/drone_ws/install/aruco_detector_node/lib/python3.10/site-packages/aruco_detector_node-0.0.0-py3.10.egg-info' (and everything under it)
[11.509s] Copying ../../build/aruco_detector_node/aruco_detector_node.egg-info to /home/drone/drone_ws/install/aruco_detector_node/lib/python3.10/site-packages/aruco_detector_node-0.0.0-py3.10.egg-info
[11.529s] running install_scripts
[11.728s] Installing aruco_detector script to /home/drone/drone_ws/install/aruco_detector_node/lib/aruco_detector_node
[11.742s] writing list of installed files to '/home/drone/drone_ws/build/aruco_detector_node/install.log'
[12.114s] Invoked command in '/home/drone/drone_ws/src/aruco_detector_node' returned '0': PYTHONPATH=/home/drone/drone_ws/build/aruco_detector_node/prefix_override:/usr/lib/python3/dist-packages/colcon_core/task/python/colcon_distutils_commands:/home/drone/drone_ws/install/aruco_detector_node/lib/python3.10/site-packages:${PYTHONPATH} /usr/bin/python3 -W ignore:setup.py install is deprecated -W ignore:easy_install command is deprecated setup.py egg_info --egg-base ../../build/aruco_detector_node build --build-base /home/drone/drone_ws/build/aruco_detector_node/build install --record /home/drone/drone_ws/build/aruco_detector_node/install.log --single-version-externally-managed install_data
