running egg_info
creating ../../build/image_preprocessor_node/image_preprocessor.egg-info
writing ../../build/image_preprocessor_node/image_preprocessor.egg-info/PKG-INFO
writing dependency_links to ../../build/image_preprocessor_node/image_preprocessor.egg-info/dependency_links.txt
writing entry points to ../../build/image_preprocessor_node/image_preprocessor.egg-info/entry_points.txt
writing requirements to ../../build/image_preprocessor_node/image_preprocessor.egg-info/requires.txt
writing top-level names to ../../build/image_preprocessor_node/image_preprocessor.egg-info/top_level.txt
writing manifest file '../../build/image_preprocessor_node/image_preprocessor.egg-info/SOURCES.txt'
reading manifest file '../../build/image_preprocessor_node/image_preprocessor.egg-info/SOURCES.txt'
writing manifest file '../../build/image_preprocessor_node/image_preprocessor.egg-info/SOURCES.txt'
running build
running build_py
creating /home/drone/drone_ws/build/image_preprocessor_node/build
creating /home/drone/drone_ws/build/image_preprocessor_node/build/lib
creating /home/drone/drone_ws/build/image_preprocessor_node/build/lib/image_preprocessor
copying image_preprocessor/image_preprocessor_node.py -> /home/drone/drone_ws/build/image_preprocessor_node/build/lib/image_preprocessor
copying image_preprocessor/__init__.py -> /home/drone/drone_ws/build/image_preprocessor_node/build/lib/image_preprocessor
running install
running install_lib
creating /home/drone/drone_ws/install/image_preprocessor_node/lib/python3.10/site-packages/image_preprocessor
copying /home/drone/drone_ws/build/image_preprocessor_node/build/lib/image_preprocessor/image_preprocessor_node.py -> /home/drone/drone_ws/install/image_preprocessor_node/lib/python3.10/site-packages/image_preprocessor
copying /home/drone/drone_ws/build/image_preprocessor_node/build/lib/image_preprocessor/__init__.py -> /home/drone/drone_ws/install/image_preprocessor_node/lib/python3.10/site-packages/image_preprocessor
byte-compiling /home/drone/drone_ws/install/image_preprocessor_node/lib/python3.10/site-packages/image_preprocessor/image_preprocessor_node.py to image_preprocessor_node.cpython-310.pyc
byte-compiling /home/drone/drone_ws/install/image_preprocessor_node/lib/python3.10/site-packages/image_preprocessor/__init__.py to __init__.cpython-310.pyc
running install_data
copying resource/image_preprocessor -> /home/drone/drone_ws/install/image_preprocessor_node/share/ament_index/resource_index/packages
creating /home/drone/drone_ws/install/image_preprocessor_node/share/image_preprocessor
copying package.xml -> /home/drone/drone_ws/install/image_preprocessor_node/share/image_preprocessor
running install_egg_info
Copying ../../build/image_preprocessor_node/image_preprocessor.egg-info to /home/drone/drone_ws/install/image_preprocessor_node/lib/python3.10/site-packages/image_preprocessor-0.0.0-py3.10.egg-info
running install_scripts
Installing image_preprocessor script to /home/drone/drone_ws/install/image_preprocessor_node/lib/image_preprocessor
writing list of installed files to '/home/drone/drone_ws/build/image_preprocessor_node/install.log'
