running egg_info
creating ../../build/position_fusion_node/position_fusion.egg-info
writing ../../build/position_fusion_node/position_fusion.egg-info/PKG-INFO
writing dependency_links to ../../build/position_fusion_node/position_fusion.egg-info/dependency_links.txt
writing entry points to ../../build/position_fusion_node/position_fusion.egg-info/entry_points.txt
writing requirements to ../../build/position_fusion_node/position_fusion.egg-info/requires.txt
writing top-level names to ../../build/position_fusion_node/position_fusion.egg-info/top_level.txt
writing manifest file '../../build/position_fusion_node/position_fusion.egg-info/SOURCES.txt'
reading manifest file '../../build/position_fusion_node/position_fusion.egg-info/SOURCES.txt'
writing manifest file '../../build/position_fusion_node/position_fusion.egg-info/SOURCES.txt'
running build
running build_py
creating /home/drone/drone_ws/build/position_fusion_node/build
creating /home/drone/drone_ws/build/position_fusion_node/build/lib
creating /home/drone/drone_ws/build/position_fusion_node/build/lib/position_fusion
copying position_fusion/position_fusion_node.py -> /home/drone/drone_ws/build/position_fusion_node/build/lib/position_fusion
copying position_fusion/__init__.py -> /home/drone/drone_ws/build/position_fusion_node/build/lib/position_fusion
copying position_fusion/aperiodic_filter.py -> /home/drone/drone_ws/build/position_fusion_node/build/lib/position_fusion
running install
running install_lib
creating /home/drone/drone_ws/install/position_fusion_node/lib/python3.10/site-packages/position_fusion
copying /home/drone/drone_ws/build/position_fusion_node/build/lib/position_fusion/position_fusion_node.py -> /home/drone/drone_ws/install/position_fusion_node/lib/python3.10/site-packages/position_fusion
copying /home/drone/drone_ws/build/position_fusion_node/build/lib/position_fusion/__init__.py -> /home/drone/drone_ws/install/position_fusion_node/lib/python3.10/site-packages/position_fusion
copying /home/drone/drone_ws/build/position_fusion_node/build/lib/position_fusion/aperiodic_filter.py -> /home/drone/drone_ws/install/position_fusion_node/lib/python3.10/site-packages/position_fusion
byte-compiling /home/drone/drone_ws/install/position_fusion_node/lib/python3.10/site-packages/position_fusion/position_fusion_node.py to position_fusion_node.cpython-310.pyc
byte-compiling /home/drone/drone_ws/install/position_fusion_node/lib/python3.10/site-packages/position_fusion/__init__.py to __init__.cpython-310.pyc
byte-compiling /home/drone/drone_ws/install/position_fusion_node/lib/python3.10/site-packages/position_fusion/aperiodic_filter.py to aperiodic_filter.cpython-310.pyc
running install_data
copying resource/position_fusion -> /home/drone/drone_ws/install/position_fusion_node/share/ament_index/resource_index/packages
creating /home/drone/drone_ws/install/position_fusion_node/share/position_fusion
copying package.xml -> /home/drone/drone_ws/install/position_fusion_node/share/position_fusion
running install_egg_info
Copying ../../build/position_fusion_node/position_fusion.egg-info to /home/drone/drone_ws/install/position_fusion_node/lib/python3.10/site-packages/position_fusion-0.0.0-py3.10.egg-info
running install_scripts
Installing position_fusion script to /home/drone/drone_ws/install/position_fusion_node/lib/position_fusion
writing list of installed files to '/home/drone/drone_ws/build/position_fusion_node/install.log'
