[6.071s] Invoking command in '/home/drone/drone_ws/src/marker_pose_estimator': CMAKE_PREFIX_PATH=/home/drone/drone_ws/install/drone_msgs:/home/drone/drone_ws/install/uav_camera PYTHONPATH=/home/drone/drone_ws/build/marker_pose_estimator_node/prefix_override:/usr/lib/python3/dist-packages/colcon_core/task/python/colcon_distutils_commands:/home/drone/drone_ws/install/marker_pose_estimator_node/lib/python3.10/site-packages:${PYTHONPATH} /usr/bin/python3 -W ignore:setup.py install is deprecated -W ignore:easy_install command is deprecated setup.py egg_info --egg-base ../../build/marker_pose_estimator_node build --build-base /home/drone/drone_ws/build/marker_pose_estimator_node/build install --record /home/drone/drone_ws/build/marker_pose_estimator_node/install.log --single-version-externally-managed install_data
[7.509s] running egg_info
[7.513s] writing ../../build/marker_pose_estimator_node/marker_pose_estimator.egg-info/PKG-INFO
[7.514s] writing dependency_links to ../../build/marker_pose_estimator_node/marker_pose_estimator.egg-info/dependency_links.txt
[7.515s] writing entry points to ../../build/marker_pose_estimator_node/marker_pose_estimator.egg-info/entry_points.txt
[7.517s] writing requirements to ../../build/marker_pose_estimator_node/marker_pose_estimator.egg-info/requires.txt
[7.518s] writing top-level names to ../../build/marker_pose_estimator_node/marker_pose_estimator.egg-info/top_level.txt
[7.532s] reading manifest file '../../build/marker_pose_estimator_node/marker_pose_estimator.egg-info/SOURCES.txt'
[7.537s] writing manifest file '../../build/marker_pose_estimator_node/marker_pose_estimator.egg-info/SOURCES.txt'
[7.538s] running build
[7.538s] running build_py
[7.540s] running install
[7.541s] running install_lib
[7.548s] running install_data
[7.549s] running install_egg_info
[7.558s] removing '/home/drone/drone_ws/install/marker_pose_estimator_node/lib/python3.10/site-packages/marker_pose_estimator-0.0.0-py3.10.egg-info' (and everything under it)
[7.560s] Copying ../../build/marker_pose_estimator_node/marker_pose_estimator.egg-info to /home/drone/drone_ws/install/marker_pose_estimator_node/lib/python3.10/site-packages/marker_pose_estimator-0.0.0-py3.10.egg-info
[7.570s] running install_scripts
[7.668s] Installing marker_pose_estimator script to /home/drone/drone_ws/install/marker_pose_estimator_node/lib/marker_pose_estimator
[7.670s] writing list of installed files to '/home/drone/drone_ws/build/marker_pose_estimator_node/install.log'
[7.828s] Invoked command in '/home/drone/drone_ws/src/marker_pose_estimator' returned '0': CMAKE_PREFIX_PATH=/home/drone/drone_ws/install/drone_msgs:/home/drone/drone_ws/install/uav_camera PYTHONPATH=/home/drone/drone_ws/build/marker_pose_estimator_node/prefix_override:/usr/lib/python3/dist-packages/colcon_core/task/python/colcon_distutils_commands:/home/drone/drone_ws/install/marker_pose_estimator_node/lib/python3.10/site-packages:${PYTHONPATH} /usr/bin/python3 -W ignore:setup.py install is deprecated -W ignore:easy_install command is deprecated setup.py egg_info --egg-base ../../build/marker_pose_estimator_node build --build-base /home/drone/drone_ws/build/marker_pose_estimator_node/build install --record /home/drone/drone_ws/build/marker_pose_estimator_node/install.log --single-version-externally-managed install_data
