[7.987s] Invoking command in '/home/drone/drone_ws/src/global_position_node': PYTHONPATH=/home/drone/drone_ws/build/global_position_node/prefix_override:/usr/lib/python3/dist-packages/colcon_core/task/python/colcon_distutils_commands:/home/drone/drone_ws/install/global_position_node/lib/python3.10/site-packages:${PYTHONPATH} /usr/bin/python3 -W ignore:setup.py install is deprecated -W ignore:easy_install command is deprecated setup.py egg_info --egg-base ../../build/global_position_node build --build-base /home/drone/drone_ws/build/global_position_node/build install --record /home/drone/drone_ws/build/global_position_node/install.log --single-version-externally-managed install_data
[9.830s] running egg_info
[9.836s] writing ../../build/global_position_node/global_position_node.egg-info/PKG-INFO
[9.841s] writing dependency_links to ../../build/global_position_node/global_position_node.egg-info/dependency_links.txt
[9.844s] writing entry points to ../../build/global_position_node/global_position_node.egg-info/entry_points.txt
[9.846s] writing requirements to ../../build/global_position_node/global_position_node.egg-info/requires.txt
[9.849s] writing top-level names to ../../build/global_position_node/global_position_node.egg-info/top_level.txt
[9.852s] reading manifest file '../../build/global_position_node/global_position_node.egg-info/SOURCES.txt'
[9.860s] writing manifest file '../../build/global_position_node/global_position_node.egg-info/SOURCES.txt'
[9.863s] running build
[9.865s] running build_py
[9.868s] running install
[9.875s] running install_lib
[9.878s] running install_data
[9.882s] running install_egg_info
[9.904s] removing '/home/drone/drone_ws/install/global_position_node/lib/python3.10/site-packages/global_position_node-0.0.0-py3.10.egg-info' (and everything under it)
[9.920s] Copying ../../build/global_position_node/global_position_node.egg-info to /home/drone/drone_ws/install/global_position_node/lib/python3.10/site-packages/global_position_node-0.0.0-py3.10.egg-info
[9.932s] running install_scripts
[10.012s] Installing global_position script to /home/drone/drone_ws/install/global_position_node/lib/global_position_node
[10.022s] writing list of installed files to '/home/drone/drone_ws/build/global_position_node/install.log'
[10.234s] Invoked command in '/home/drone/drone_ws/src/global_position_node' returned '0': PYTHONPATH=/home/drone/drone_ws/build/global_position_node/prefix_override:/usr/lib/python3/dist-packages/colcon_core/task/python/colcon_distutils_commands:/home/drone/drone_ws/install/global_position_node/lib/python3.10/site-packages:${PYTHONPATH} /usr/bin/python3 -W ignore:setup.py install is deprecated -W ignore:easy_install command is deprecated setup.py egg_info --egg-base ../../build/global_position_node build --build-base /home/drone/drone_ws/build/global_position_node/build install --record /home/drone/drone_ws/build/global_position_node/install.log --single-version-externally-managed install_data
