[1.565s] Invoking command in '/home/drone/drone_ws/build/uav_camera': CMAKE_PREFIX_PATH=${CMAKE_PREFIX_PATH}:/home/drone/drone_ws/install/rangefinder:/home/drone/drone_ws/install/px4:/home/drone/drone_ws/install/project_start:/home/drone/drone_ws/install/global_position_node:/home/drone/drone_ws/install/aruco_detector_node:/home/drone/drone_ws/install/altitude:/opt/ros/humble /usr/bin/cmake --build /home/drone/drone_ws/build/uav_camera -- -j4 -l4
[1.850s] [100%] Built target camera_publisher
[1.903s] Invoked command in '/home/drone/drone_ws/build/uav_camera' returned '0': CMAKE_PREFIX_PATH=${CMAKE_PREFIX_PATH}:/home/drone/drone_ws/install/rangefinder:/home/drone/drone_ws/install/px4:/home/drone/drone_ws/install/project_start:/home/drone/drone_ws/install/global_position_node:/home/drone/drone_ws/install/aruco_detector_node:/home/drone/drone_ws/install/altitude:/opt/ros/humble /usr/bin/cmake --build /home/drone/drone_ws/build/uav_camera -- -j4 -l4
[1.964s] Invoking command in '/home/drone/drone_ws/build/uav_camera': CMAKE_PREFIX_PATH=${CMAKE_PREFIX_PATH}:/home/drone/drone_ws/install/rangefinder:/home/drone/drone_ws/install/px4:/home/drone/drone_ws/install/project_start:/home/drone/drone_ws/install/global_position_node:/home/drone/drone_ws/install/aruco_detector_node:/home/drone/drone_ws/install/altitude:/opt/ros/humble /usr/bin/cmake --install /home/drone/drone_ws/build/uav_camera
[2.023s] -- Install configuration: ""
[2.024s] -- Up-to-date: /home/drone/drone_ws/install/uav_camera/lib/uav_camera/camera_publisher
[2.026s] -- Up-to-date: /home/drone/drone_ws/install/uav_camera/share/uav_camera/launch
[2.028s] -- Up-to-date: /home/drone/drone_ws/install/uav_camera/share/uav_camera/launch/camera_launch.py
[2.031s] -- Up-to-date: /home/drone/drone_ws/install/uav_camera/share/ament_index/resource_index/package_run_dependencies/uav_camera
[2.032s] -- Up-to-date: /home/drone/drone_ws/install/uav_camera/share/ament_index/resource_index/parent_prefix_path/uav_camera
[2.037s] -- Up-to-date: /home/drone/drone_ws/install/uav_camera/share/uav_camera/environment/ament_prefix_path.sh
[2.039s] -- Up-to-date: /home/drone/drone_ws/install/uav_camera/share/uav_camera/environment/ament_prefix_path.dsv
[2.040s] -- Up-to-date: /home/drone/drone_ws/install/uav_camera/share/uav_camera/environment/path.sh
[2.058s] -- Up-to-date: /home/drone/drone_ws/install/uav_camera/share/uav_camera/environment/path.dsv
[2.067s] -- Up-to-date: /home/drone/drone_ws/install/uav_camera/share/uav_camera/local_setup.bash
[2.071s] -- Up-to-date: /home/drone/drone_ws/install/uav_camera/share/uav_camera/local_setup.sh
[2.075s] -- Up-to-date: /home/drone/drone_ws/install/uav_camera/share/uav_camera/local_setup.zsh
[2.081s] -- Up-to-date: /home/drone/drone_ws/install/uav_camera/share/uav_camera/local_setup.dsv
[2.087s] -- Installing: /home/drone/drone_ws/install/uav_camera/share/uav_camera/package.dsv
[2.088s] -- Up-to-date: /home/drone/drone_ws/install/uav_camera/share/ament_index/resource_index/packages/uav_camera
[2.089s] -- Up-to-date: /home/drone/drone_ws/install/uav_camera/share/uav_camera/cmake/uav_cameraConfig.cmake
[2.091s] -- Up-to-date: /home/drone/drone_ws/install/uav_camera/share/uav_camera/cmake/uav_cameraConfig-version.cmake
[2.094s] -- Up-to-date: /home/drone/drone_ws/install/uav_camera/share/uav_camera/package.xml
[2.095s] Invoked command in '/home/drone/drone_ws/build/uav_camera' returned '0': CMAKE_PREFIX_PATH=${CMAKE_PREFIX_PATH}:/home/drone/drone_ws/install/rangefinder:/home/drone/drone_ws/install/px4:/home/drone/drone_ws/install/project_start:/home/drone/drone_ws/install/global_position_node:/home/drone/drone_ws/install/aruco_detector_node:/home/drone/drone_ws/install/altitude:/opt/ros/humble /usr/bin/cmake --install /home/drone/drone_ws/build/uav_camera
