[9.089s] Invoking command in '/home/drone/drone_ws/src/project_start': PYTHONPATH=/home/drone/drone_ws/build/project_start/prefix_override:/usr/lib/python3/dist-packages/colcon_core/task/python/colcon_distutils_commands:/home/drone/drone_ws/install/project_start/lib/python3.10/site-packages:${PYTHONPATH} /usr/bin/python3 -W ignore:setup.py install is deprecated -W ignore:easy_install command is deprecated setup.py egg_info --egg-base ../../build/project_start build --build-base /home/drone/drone_ws/build/project_start/build install --record /home/drone/drone_ws/build/project_start/install.log --single-version-externally-managed install_data
[10.794s] running egg_info
[10.799s] writing ../../build/project_start/project_start.egg-info/PKG-INFO
[10.804s] writing dependency_links to ../../build/project_start/project_start.egg-info/dependency_links.txt
[10.810s] writing entry points to ../../build/project_start/project_start.egg-info/entry_points.txt
[10.840s] writing requirements to ../../build/project_start/project_start.egg-info/requires.txt
[10.845s] writing top-level names to ../../build/project_start/project_start.egg-info/top_level.txt
[10.863s] reading manifest file '../../build/project_start/project_start.egg-info/SOURCES.txt'
[10.878s] writing manifest file '../../build/project_start/project_start.egg-info/SOURCES.txt'
[10.883s] running build
[10.886s] running build_py
[10.894s] running install
[10.905s] running install_lib
[10.917s] running install_data
[10.920s] running install_egg_info
[10.940s] removing '/home/drone/drone_ws/install/project_start/lib/python3.10/site-packages/project_start-0.0.0-py3.10.egg-info' (and everything under it)
[10.963s] Copying ../../build/project_start/project_start.egg-info to /home/drone/drone_ws/install/project_start/lib/python3.10/site-packages/project_start-0.0.0-py3.10.egg-info
[11.014s] running install_scripts
[11.201s] writing list of installed files to '/home/drone/drone_ws/build/project_start/install.log'
[11.506s] Invoked command in '/home/drone/drone_ws/src/project_start' returned '0': PYTHONPATH=/home/drone/drone_ws/build/project_start/prefix_override:/usr/lib/python3/dist-packages/colcon_core/task/python/colcon_distutils_commands:/home/drone/drone_ws/install/project_start/lib/python3.10/site-packages:${PYTHONPATH} /usr/bin/python3 -W ignore:setup.py install is deprecated -W ignore:easy_install command is deprecated setup.py egg_info --egg-base ../../build/project_start build --build-base /home/drone/drone_ws/build/project_start/build install --record /home/drone/drone_ws/build/project_start/install.log --single-version-externally-managed install_data
