[0.457s] DEBUG:colcon:Command line arguments: ['/usr/bin/colcon', 'build']
[0.458s] DEBUG:colcon:Parsed command line arguments: Namespace(log_base=None, log_level=None, verb_name='build', build_base='build', install_base='install', merge_install=False, symlink_install=False, test_result_base=None, continue_on_error=False, executor='parallel', parallel_workers=4, event_handlers=None, ignore_user_meta=False, metas=['./colcon.meta'], base_paths=['.'], packages_ignore=None, packages_ignore_regex=None, paths=None, packages_up_to=None, packages_up_to_regex=None, packages_above=None, packages_above_and_dependencies=None, packages_above_depth=None, packages_select_by_dep=None, packages_skip_by_dep=None, packages_skip_up_to=None, packages_select_build_failed=False, packages_skip_build_finished=False, packages_select_test_failures=False, packages_skip_test_passed=False, packages_select=None, packages_skip=None, packages_select_regex=None, packages_skip_regex=None, packages_start=None, packages_end=None, allow_overriding=[], cmake_args=None, cmake_target=None, cmake_target_skip_unavailable=False, cmake_clean_cache=False, cmake_clean_first=False, cmake_force_configure=False, ament_cmake_args=None, catkin_cmake_args=None, catkin_skip_building_tests=False, verb_parser=<colcon_defaults.argument_parser.defaults.DefaultArgumentsDecorator object at 0xffffa8aad0f0>, verb_extension=<colcon_core.verb.build.BuildVerb object at 0xffffa8c36f80>, main=<bound method BuildVerb.main of <colcon_core.verb.build.BuildVerb object at 0xffffa8c36f80>>)
[1.309s] Level 1:colcon.colcon_core.package_discovery:discover_packages(colcon_meta) check parameters
[1.310s] Level 1:colcon.colcon_core.package_discovery:discover_packages(recursive) check parameters
[1.310s] Level 1:colcon.colcon_core.package_discovery:discover_packages(ignore) check parameters
[1.310s] Level 1:colcon.colcon_core.package_discovery:discover_packages(path) check parameters
[1.310s] Level 1:colcon.colcon_core.package_discovery:discover_packages(colcon_meta) discover
[1.311s] Level 1:colcon.colcon_core.package_discovery:discover_packages(recursive) discover
[1.311s] INFO:colcon.colcon_core.package_discovery:Crawling recursively for packages in '/home/drone/drone_ws'
[1.311s] Level 1:colcon.colcon_core.package_identification:_identify(.) by extensions ['ignore', 'ignore_ament_install']
[1.312s] Level 1:colcon.colcon_core.package_identification:_identify(.) by extension 'ignore'
[1.312s] Level 1:colcon.colcon_core.package_identification:_identify(.) by extension 'ignore_ament_install'
[1.312s] Level 1:colcon.colcon_core.package_identification:_identify(.) by extensions ['colcon_pkg']
[1.312s] Level 1:colcon.colcon_core.package_identification:_identify(.) by extension 'colcon_pkg'
[1.312s] Level 1:colcon.colcon_core.package_identification:_identify(.) by extensions ['colcon_meta']
[1.313s] Level 1:colcon.colcon_core.package_identification:_identify(.) by extension 'colcon_meta'
[1.313s] Level 1:colcon.colcon_core.package_identification:_identify(.) by extensions ['ros']
[1.313s] Level 1:colcon.colcon_core.package_identification:_identify(.) by extension 'ros'
[1.359s] Level 1:colcon.colcon_core.package_identification:_identify(.) by extensions ['cmake', 'python']
[1.359s] Level 1:colcon.colcon_core.package_identification:_identify(.) by extension 'cmake'
[1.359s] Level 1:colcon.colcon_core.package_identification:_identify(.) by extension 'python'
[1.359s] Level 1:colcon.colcon_core.package_identification:_identify(.) by extensions ['python_setup_py']
[1.360s] Level 1:colcon.colcon_core.package_identification:_identify(.) by extension 'python_setup_py'
[1.360s] Level 1:colcon.colcon_core.package_identification:_identify(build) by extensions ['ignore', 'ignore_ament_install']
[1.361s] Level 1:colcon.colcon_core.package_identification:_identify(build) by extension 'ignore'
[1.361s] Level 1:colcon.colcon_core.package_identification:_identify(build) ignored
[1.362s] Level 1:colcon.colcon_core.package_identification:_identify(install) by extensions ['ignore', 'ignore_ament_install']
[1.362s] Level 1:colcon.colcon_core.package_identification:_identify(install) by extension 'ignore'
[1.362s] Level 1:colcon.colcon_core.package_identification:_identify(install) ignored
[1.363s] Level 1:colcon.colcon_core.package_identification:_identify(log) by extensions ['ignore', 'ignore_ament_install']
[1.363s] Level 1:colcon.colcon_core.package_identification:_identify(log) by extension 'ignore'
[1.363s] Level 1:colcon.colcon_core.package_identification:_identify(log) ignored
[1.364s] Level 1:colcon.colcon_core.package_identification:_identify(src) by extensions ['ignore', 'ignore_ament_install']
[1.364s] Level 1:colcon.colcon_core.package_identification:_identify(src) by extension 'ignore'
[1.364s] Level 1:colcon.colcon_core.package_identification:_identify(src) by extension 'ignore_ament_install'
[1.365s] Level 1:colcon.colcon_core.package_identification:_identify(src) by extensions ['colcon_pkg']
[1.365s] Level 1:colcon.colcon_core.package_identification:_identify(src) by extension 'colcon_pkg'
[1.365s] Level 1:colcon.colcon_core.package_identification:_identify(src) by extensions ['colcon_meta']
[1.365s] Level 1:colcon.colcon_core.package_identification:_identify(src) by extension 'colcon_meta'
[1.365s] Level 1:colcon.colcon_core.package_identification:_identify(src) by extensions ['ros']
[1.365s] Level 1:colcon.colcon_core.package_identification:_identify(src) by extension 'ros'
[1.366s] Level 1:colcon.colcon_core.package_identification:_identify(src) by extensions ['cmake', 'python']
[1.366s] Level 1:colcon.colcon_core.package_identification:_identify(src) by extension 'cmake'
[1.366s] Level 1:colcon.colcon_core.package_identification:_identify(src) by extension 'python'
[1.366s] Level 1:colcon.colcon_core.package_identification:_identify(src) by extensions ['python_setup_py']
[1.366s] Level 1:colcon.colcon_core.package_identification:_identify(src) by extension 'python_setup_py'
[1.367s] Level 1:colcon.colcon_core.package_identification:_identify(src/aruco_detector_node) by extensions ['ignore', 'ignore_ament_install']
[1.367s] Level 1:colcon.colcon_core.package_identification:_identify(src/aruco_detector_node) by extension 'ignore'
[1.368s] Level 1:colcon.colcon_core.package_identification:_identify(src/aruco_detector_node) by extension 'ignore_ament_install'
[1.368s] Level 1:colcon.colcon_core.package_identification:_identify(src/aruco_detector_node) by extensions ['colcon_pkg']
[1.368s] Level 1:colcon.colcon_core.package_identification:_identify(src/aruco_detector_node) by extension 'colcon_pkg'
[1.368s] Level 1:colcon.colcon_core.package_identification:_identify(src/aruco_detector_node) by extensions ['colcon_meta']
[1.368s] Level 1:colcon.colcon_core.package_identification:_identify(src/aruco_detector_node) by extension 'colcon_meta'
[1.368s] Level 1:colcon.colcon_core.package_identification:_identify(src/aruco_detector_node) by extensions ['ros']
[1.369s] Level 1:colcon.colcon_core.package_identification:_identify(src/aruco_detector_node) by extension 'ros'
[1.377s] DEBUG:colcon.colcon_core.package_identification:Package 'src/aruco_detector_node' with type 'ros.ament_python' and name 'aruco_detector_node'
[1.378s] Level 1:colcon.colcon_core.package_identification:_identify(src/global_position_node) by extensions ['ignore', 'ignore_ament_install']
[1.379s] Level 1:colcon.colcon_core.package_identification:_identify(src/global_position_node) by extension 'ignore'
[1.379s] Level 1:colcon.colcon_core.package_identification:_identify(src/global_position_node) by extension 'ignore_ament_install'
[1.379s] Level 1:colcon.colcon_core.package_identification:_identify(src/global_position_node) by extensions ['colcon_pkg']
[1.379s] Level 1:colcon.colcon_core.package_identification:_identify(src/global_position_node) by extension 'colcon_pkg'
[1.380s] Level 1:colcon.colcon_core.package_identification:_identify(src/global_position_node) by extensions ['colcon_meta']
[1.380s] Level 1:colcon.colcon_core.package_identification:_identify(src/global_position_node) by extension 'colcon_meta'
[1.380s] Level 1:colcon.colcon_core.package_identification:_identify(src/global_position_node) by extensions ['ros']
[1.380s] Level 1:colcon.colcon_core.package_identification:_identify(src/global_position_node) by extension 'ros'
[1.382s] DEBUG:colcon.colcon_core.package_identification:Package 'src/global_position_node' with type 'ros.ament_python' and name 'global_position_node'
[1.383s] Level 1:colcon.colcon_core.package_identification:_identify(src/project_start) by extensions ['ignore', 'ignore_ament_install']
[1.383s] Level 1:colcon.colcon_core.package_identification:_identify(src/project_start) by extension 'ignore'
[1.384s] Level 1:colcon.colcon_core.package_identification:_identify(src/project_start) by extension 'ignore_ament_install'
[1.384s] Level 1:colcon.colcon_core.package_identification:_identify(src/project_start) by extensions ['colcon_pkg']
[1.384s] Level 1:colcon.colcon_core.package_identification:_identify(src/project_start) by extension 'colcon_pkg'
[1.384s] Level 1:colcon.colcon_core.package_identification:_identify(src/project_start) by extensions ['colcon_meta']
[1.384s] Level 1:colcon.colcon_core.package_identification:_identify(src/project_start) by extension 'colcon_meta'
[1.384s] Level 1:colcon.colcon_core.package_identification:_identify(src/project_start) by extensions ['ros']
[1.385s] Level 1:colcon.colcon_core.package_identification:_identify(src/project_start) by extension 'ros'
[1.387s] DEBUG:colcon.colcon_core.package_identification:Package 'src/project_start' with type 'ros.ament_python' and name 'project_start'
[1.388s] Level 1:colcon.colcon_core.package_identification:_identify(src/px4) by extensions ['ignore', 'ignore_ament_install']
[1.388s] Level 1:colcon.colcon_core.package_identification:_identify(src/px4) by extension 'ignore'
[1.389s] Level 1:colcon.colcon_core.package_identification:_identify(src/px4) by extension 'ignore_ament_install'
[1.389s] Level 1:colcon.colcon_core.package_identification:_identify(src/px4) by extensions ['colcon_pkg']
[1.389s] Level 1:colcon.colcon_core.package_identification:_identify(src/px4) by extension 'colcon_pkg'
[1.389s] Level 1:colcon.colcon_core.package_identification:_identify(src/px4) by extensions ['colcon_meta']
[1.389s] Level 1:colcon.colcon_core.package_identification:_identify(src/px4) by extension 'colcon_meta'
[1.389s] Level 1:colcon.colcon_core.package_identification:_identify(src/px4) by extensions ['ros']
[1.390s] Level 1:colcon.colcon_core.package_identification:_identify(src/px4) by extension 'ros'
[1.392s] DEBUG:colcon.colcon_core.package_identification:Package 'src/px4' with type 'ros.ament_python' and name 'px4'
[1.392s] Level 1:colcon.colcon_core.package_identification:_identify(src/uav_camera) by extensions ['ignore', 'ignore_ament_install']
[1.393s] Level 1:colcon.colcon_core.package_identification:_identify(src/uav_camera) by extension 'ignore'
[1.393s] Level 1:colcon.colcon_core.package_identification:_identify(src/uav_camera) by extension 'ignore_ament_install'
[1.394s] Level 1:colcon.colcon_core.package_identification:_identify(src/uav_camera) by extensions ['colcon_pkg']
[1.394s] Level 1:colcon.colcon_core.package_identification:_identify(src/uav_camera) by extension 'colcon_pkg'
[1.394s] Level 1:colcon.colcon_core.package_identification:_identify(src/uav_camera) by extensions ['colcon_meta']
[1.394s] Level 1:colcon.colcon_core.package_identification:_identify(src/uav_camera) by extension 'colcon_meta'
[1.395s] Level 1:colcon.colcon_core.package_identification:_identify(src/uav_camera) by extensions ['ros']
[1.395s] Level 1:colcon.colcon_core.package_identification:_identify(src/uav_camera) by extension 'ros'
[1.398s] DEBUG:colcon.colcon_core.package_identification:Package 'src/uav_camera' with type 'ros.ament_cmake' and name 'uav_camera'
[1.399s] Level 1:colcon.colcon_core.package_discovery:discover_packages(recursive) using defaults
[1.399s] Level 1:colcon.colcon_core.package_discovery:discover_packages(ignore) discover
[1.399s] Level 1:colcon.colcon_core.package_discovery:discover_packages(ignore) using defaults
[1.399s] Level 1:colcon.colcon_core.package_discovery:discover_packages(path) discover
[1.399s] Level 1:colcon.colcon_core.package_discovery:discover_packages(path) using defaults
[1.519s] Level 1:colcon.colcon_core.package_discovery:discover_packages(prefix_path) check parameters
[1.520s] Level 1:colcon.colcon_core.package_discovery:discover_packages(prefix_path) discover
[1.530s] DEBUG:colcon.colcon_installed_package_information.package_discovery:Found 5 installed packages in /home/drone/drone_ws/install
[1.539s] DEBUG:colcon.colcon_installed_package_information.package_discovery:Found 276 installed packages in /opt/ros/humble
[1.546s] Level 1:colcon.colcon_core.package_discovery:discover_packages(prefix_path) using defaults
[1.715s] Level 5:colcon.colcon_core.verb:set package 'aruco_detector_node' build argument 'cmake_args' from command line to 'None'
[1.715s] Level 5:colcon.colcon_core.verb:set package 'aruco_detector_node' build argument 'cmake_target' from command line to 'None'
[1.715s] Level 5:colcon.colcon_core.verb:set package 'aruco_detector_node' build argument 'cmake_target_skip_unavailable' from command line to 'False'
[1.715s] Level 5:colcon.colcon_core.verb:set package 'aruco_detector_node' build argument 'cmake_clean_cache' from command line to 'False'
[1.715s] Level 5:colcon.colcon_core.verb:set package 'aruco_detector_node' build argument 'cmake_clean_first' from command line to 'False'
[1.716s] Level 5:colcon.colcon_core.verb:set package 'aruco_detector_node' build argument 'cmake_force_configure' from command line to 'False'
[1.716s] Level 5:colcon.colcon_core.verb:set package 'aruco_detector_node' build argument 'ament_cmake_args' from command line to 'None'
[1.716s] Level 5:colcon.colcon_core.verb:set package 'aruco_detector_node' build argument 'catkin_cmake_args' from command line to 'None'
[1.716s] Level 5:colcon.colcon_core.verb:set package 'aruco_detector_node' build argument 'catkin_skip_building_tests' from command line to 'False'
[1.716s] DEBUG:colcon.colcon_core.verb:Building package 'aruco_detector_node' with the following arguments: {'ament_cmake_args': None, 'build_base': '/home/drone/drone_ws/build/aruco_detector_node', 'catkin_cmake_args': None, 'catkin_skip_building_tests': False, 'cmake_args': None, 'cmake_clean_cache': False, 'cmake_clean_first': False, 'cmake_force_configure': False, 'cmake_target': None, 'cmake_target_skip_unavailable': False, 'install_base': '/home/drone/drone_ws/install/aruco_detector_node', 'merge_install': False, 'path': '/home/drone/drone_ws/src/aruco_detector_node', 'symlink_install': False, 'test_result_base': None}
[1.718s] Level 5:colcon.colcon_core.verb:set package 'global_position_node' build argument 'cmake_args' from command line to 'None'
[1.718s] Level 5:colcon.colcon_core.verb:set package 'global_position_node' build argument 'cmake_target' from command line to 'None'
[1.718s] Level 5:colcon.colcon_core.verb:set package 'global_position_node' build argument 'cmake_target_skip_unavailable' from command line to 'False'
[1.718s] Level 5:colcon.colcon_core.verb:set package 'global_position_node' build argument 'cmake_clean_cache' from command line to 'False'
[1.718s] Level 5:colcon.colcon_core.verb:set package 'global_position_node' build argument 'cmake_clean_first' from command line to 'False'
[1.718s] Level 5:colcon.colcon_core.verb:set package 'global_position_node' build argument 'cmake_force_configure' from command line to 'False'
[1.718s] Level 5:colcon.colcon_core.verb:set package 'global_position_node' build argument 'ament_cmake_args' from command line to 'None'
[1.718s] Level 5:colcon.colcon_core.verb:set package 'global_position_node' build argument 'catkin_cmake_args' from command line to 'None'
[1.719s] Level 5:colcon.colcon_core.verb:set package 'global_position_node' build argument 'catkin_skip_building_tests' from command line to 'False'
[1.719s] DEBUG:colcon.colcon_core.verb:Building package 'global_position_node' with the following arguments: {'ament_cmake_args': None, 'build_base': '/home/drone/drone_ws/build/global_position_node', 'catkin_cmake_args': None, 'catkin_skip_building_tests': False, 'cmake_args': None, 'cmake_clean_cache': False, 'cmake_clean_first': False, 'cmake_force_configure': False, 'cmake_target': None, 'cmake_target_skip_unavailable': False, 'install_base': '/home/drone/drone_ws/install/global_position_node', 'merge_install': False, 'path': '/home/drone/drone_ws/src/global_position_node', 'symlink_install': False, 'test_result_base': None}
[1.720s] Level 5:colcon.colcon_core.verb:set package 'project_start' build argument 'cmake_args' from command line to 'None'
[1.720s] Level 5:colcon.colcon_core.verb:set package 'project_start' build argument 'cmake_target' from command line to 'None'
[1.721s] Level 5:colcon.colcon_core.verb:set package 'project_start' build argument 'cmake_target_skip_unavailable' from command line to 'False'
[1.721s] Level 5:colcon.colcon_core.verb:set package 'project_start' build argument 'cmake_clean_cache' from command line to 'False'
[1.721s] Level 5:colcon.colcon_core.verb:set package 'project_start' build argument 'cmake_clean_first' from command line to 'False'
[1.721s] Level 5:colcon.colcon_core.verb:set package 'project_start' build argument 'cmake_force_configure' from command line to 'False'
[1.721s] Level 5:colcon.colcon_core.verb:set package 'project_start' build argument 'ament_cmake_args' from command line to 'None'
[1.721s] Level 5:colcon.colcon_core.verb:set package 'project_start' build argument 'catkin_cmake_args' from command line to 'None'
[1.721s] Level 5:colcon.colcon_core.verb:set package 'project_start' build argument 'catkin_skip_building_tests' from command line to 'False'
[1.721s] DEBUG:colcon.colcon_core.verb:Building package 'project_start' with the following arguments: {'ament_cmake_args': None, 'build_base': '/home/drone/drone_ws/build/project_start', 'catkin_cmake_args': None, 'catkin_skip_building_tests': False, 'cmake_args': None, 'cmake_clean_cache': False, 'cmake_clean_first': False, 'cmake_force_configure': False, 'cmake_target': None, 'cmake_target_skip_unavailable': False, 'install_base': '/home/drone/drone_ws/install/project_start', 'merge_install': False, 'path': '/home/drone/drone_ws/src/project_start', 'symlink_install': False, 'test_result_base': None}
[1.723s] Level 5:colcon.colcon_core.verb:set package 'px4' build argument 'cmake_args' from command line to 'None'
[1.723s] Level 5:colcon.colcon_core.verb:set package 'px4' build argument 'cmake_target' from command line to 'None'
[1.723s] Level 5:colcon.colcon_core.verb:set package 'px4' build argument 'cmake_target_skip_unavailable' from command line to 'False'
[1.723s] Level 5:colcon.colcon_core.verb:set package 'px4' build argument 'cmake_clean_cache' from command line to 'False'
[1.723s] Level 5:colcon.colcon_core.verb:set package 'px4' build argument 'cmake_clean_first' from command line to 'False'
[1.723s] Level 5:colcon.colcon_core.verb:set package 'px4' build argument 'cmake_force_configure' from command line to 'False'
[1.723s] Level 5:colcon.colcon_core.verb:set package 'px4' build argument 'ament_cmake_args' from command line to 'None'
[1.724s] Level 5:colcon.colcon_core.verb:set package 'px4' build argument 'catkin_cmake_args' from command line to 'None'
[1.724s] Level 5:colcon.colcon_core.verb:set package 'px4' build argument 'catkin_skip_building_tests' from command line to 'False'
[1.724s] DEBUG:colcon.colcon_core.verb:Building package 'px4' with the following arguments: {'ament_cmake_args': None, 'build_base': '/home/drone/drone_ws/build/px4', 'catkin_cmake_args': None, 'catkin_skip_building_tests': False, 'cmake_args': None, 'cmake_clean_cache': False, 'cmake_clean_first': False, 'cmake_force_configure': False, 'cmake_target': None, 'cmake_target_skip_unavailable': False, 'install_base': '/home/drone/drone_ws/install/px4', 'merge_install': False, 'path': '/home/drone/drone_ws/src/px4', 'symlink_install': False, 'test_result_base': None}
[1.725s] Level 5:colcon.colcon_core.verb:set package 'uav_camera' build argument 'cmake_args' from command line to 'None'
[1.725s] Level 5:colcon.colcon_core.verb:set package 'uav_camera' build argument 'cmake_target' from command line to 'None'
[1.726s] Level 5:colcon.colcon_core.verb:set package 'uav_camera' build argument 'cmake_target_skip_unavailable' from command line to 'False'
[1.726s] Level 5:colcon.colcon_core.verb:set package 'uav_camera' build argument 'cmake_clean_cache' from command line to 'False'
[1.726s] Level 5:colcon.colcon_core.verb:set package 'uav_camera' build argument 'cmake_clean_first' from command line to 'False'
[1.726s] Level 5:colcon.colcon_core.verb:set package 'uav_camera' build argument 'cmake_force_configure' from command line to 'False'
[1.726s] Level 5:colcon.colcon_core.verb:set package 'uav_camera' build argument 'ament_cmake_args' from command line to 'None'
[1.726s] Level 5:colcon.colcon_core.verb:set package 'uav_camera' build argument 'catkin_cmake_args' from command line to 'None'
[1.726s] Level 5:colcon.colcon_core.verb:set package 'uav_camera' build argument 'catkin_skip_building_tests' from command line to 'False'
[1.726s] DEBUG:colcon.colcon_core.verb:Building package 'uav_camera' with the following arguments: {'ament_cmake_args': None, 'build_base': '/home/drone/drone_ws/build/uav_camera', 'catkin_cmake_args': None, 'catkin_skip_building_tests': False, 'cmake_args': None, 'cmake_clean_cache': False, 'cmake_clean_first': False, 'cmake_force_configure': False, 'cmake_target': None, 'cmake_target_skip_unavailable': False, 'install_base': '/home/drone/drone_ws/install/uav_camera', 'merge_install': False, 'path': '/home/drone/drone_ws/src/uav_camera', 'symlink_install': False, 'test_result_base': None}
[1.727s] INFO:colcon.colcon_core.executor:Executing jobs using 'parallel' executor
[1.730s] DEBUG:colcon.colcon_parallel_executor.executor.parallel:run_until_complete
[1.732s] INFO:colcon.colcon_ros.task.ament_python.build:Building ROS package in '/home/drone/drone_ws/src/aruco_detector_node' with build type 'ament_python'
[1.732s] Level 1:colcon.colcon_core.shell:create_environment_hook('aruco_detector_node', 'ament_prefix_path')
[1.743s] INFO:colcon.colcon_core.plugin_system:Skipping extension 'colcon_core.shell.bat': Not used on non-Windows systems
[1.744s] INFO:colcon.colcon_core.shell:Creating environment hook '/home/drone/drone_ws/install/aruco_detector_node/share/aruco_detector_node/hook/ament_prefix_path.ps1'
[1.748s] INFO:colcon.colcon_core.shell:Creating environment descriptor '/home/drone/drone_ws/install/aruco_detector_node/share/aruco_detector_node/hook/ament_prefix_path.dsv'
[1.750s] INFO:colcon.colcon_core.shell:Creating environment hook '/home/drone/drone_ws/install/aruco_detector_node/share/aruco_detector_node/hook/ament_prefix_path.sh'
[1.754s] INFO:colcon.colcon_core.shell:Skip shell extension 'powershell' for command environment: Not usable outside of PowerShell
[1.754s] DEBUG:colcon.colcon_core.shell:Skip shell extension 'dsv' for command environment
[1.773s] INFO:colcon.colcon_ros.task.ament_python.build:Building ROS package in '/home/drone/drone_ws/src/global_position_node' with build type 'ament_python'
[1.774s] Level 1:colcon.colcon_core.shell:create_environment_hook('global_position_node', 'ament_prefix_path')
[1.775s] INFO:colcon.colcon_core.shell:Creating environment hook '/home/drone/drone_ws/install/global_position_node/share/global_position_node/hook/ament_prefix_path.ps1'
[1.778s] INFO:colcon.colcon_core.shell:Creating environment descriptor '/home/drone/drone_ws/install/global_position_node/share/global_position_node/hook/ament_prefix_path.dsv'
[1.780s] INFO:colcon.colcon_core.shell:Creating environment hook '/home/drone/drone_ws/install/global_position_node/share/global_position_node/hook/ament_prefix_path.sh'
[1.784s] INFO:colcon.colcon_core.shell:Skip shell extension 'powershell' for command environment: Not usable outside of PowerShell
[1.785s] DEBUG:colcon.colcon_core.shell:Skip shell extension 'dsv' for command environment
[1.805s] INFO:colcon.colcon_ros.task.ament_python.build:Building ROS package in '/home/drone/drone_ws/src/project_start' with build type 'ament_python'
[1.805s] Level 1:colcon.colcon_core.shell:create_environment_hook('project_start', 'ament_prefix_path')
[1.807s] INFO:colcon.colcon_core.shell:Creating environment hook '/home/drone/drone_ws/install/project_start/share/project_start/hook/ament_prefix_path.ps1'
[1.809s] INFO:colcon.colcon_core.shell:Creating environment descriptor '/home/drone/drone_ws/install/project_start/share/project_start/hook/ament_prefix_path.dsv'
[1.812s] INFO:colcon.colcon_core.shell:Creating environment hook '/home/drone/drone_ws/install/project_start/share/project_start/hook/ament_prefix_path.sh'
[1.815s] INFO:colcon.colcon_core.shell:Skip shell extension 'powershell' for command environment: Not usable outside of PowerShell
[1.816s] DEBUG:colcon.colcon_core.shell:Skip shell extension 'dsv' for command environment
[1.836s] INFO:colcon.colcon_ros.task.ament_python.build:Building ROS package in '/home/drone/drone_ws/src/px4' with build type 'ament_python'
[1.837s] Level 1:colcon.colcon_core.shell:create_environment_hook('px4', 'ament_prefix_path')
[1.840s] INFO:colcon.colcon_core.shell:Creating environment hook '/home/drone/drone_ws/install/px4/share/px4/hook/ament_prefix_path.ps1'
[1.842s] INFO:colcon.colcon_core.shell:Creating environment descriptor '/home/drone/drone_ws/install/px4/share/px4/hook/ament_prefix_path.dsv'
[1.845s] INFO:colcon.colcon_core.shell:Creating environment hook '/home/drone/drone_ws/install/px4/share/px4/hook/ament_prefix_path.sh'
[1.848s] INFO:colcon.colcon_core.shell:Skip shell extension 'powershell' for command environment: Not usable outside of PowerShell
[1.848s] DEBUG:colcon.colcon_core.shell:Skip shell extension 'dsv' for command environment
[3.115s] INFO:colcon.colcon_core.task.python.build:Building Python package in '/home/drone/drone_ws/src/aruco_detector_node'
[3.116s] INFO:colcon.colcon_core.shell:Skip shell extension 'powershell' for command environment: Not usable outside of PowerShell
[3.116s] DEBUG:colcon.colcon_core.shell:Skip shell extension 'dsv' for command environment
[4.385s] INFO:colcon.colcon_core.task.python.build:Building Python package in '/home/drone/drone_ws/src/global_position_node'
[4.386s] INFO:colcon.colcon_core.shell:Skip shell extension 'powershell' for command environment: Not usable outside of PowerShell
[4.387s] DEBUG:colcon.colcon_core.shell:Skip shell extension 'dsv' for command environment
[5.653s] INFO:colcon.colcon_core.task.python.build:Building Python package in '/home/drone/drone_ws/src/project_start'
[5.654s] INFO:colcon.colcon_core.shell:Skip shell extension 'powershell' for command environment: Not usable outside of PowerShell
[5.654s] DEBUG:colcon.colcon_core.shell:Skip shell extension 'dsv' for command environment
[6.951s] INFO:colcon.colcon_core.task.python.build:Building Python package in '/home/drone/drone_ws/src/px4'
[6.952s] INFO:colcon.colcon_core.shell:Skip shell extension 'powershell' for command environment: Not usable outside of PowerShell
[6.952s] DEBUG:colcon.colcon_core.shell:Skip shell extension 'dsv' for command environment
[9.628s] DEBUG:colcon.colcon_core.event_handler.log_command:Invoking command in '/home/drone/drone_ws/src/px4': PYTHONPATH=/home/drone/drone_ws/build/px4/prefix_override:/usr/lib/python3/dist-packages/colcon_core/task/python/colcon_distutils_commands:/home/drone/drone_ws/install/px4/lib/python3.10/site-packages:${PYTHONPATH} /usr/bin/python3 -W ignore:setup.py install is deprecated -W ignore:easy_install command is deprecated setup.py egg_info --egg-base ../../build/px4 build --build-base /home/drone/drone_ws/build/px4/build install --record /home/drone/drone_ws/build/px4/install.log --single-version-externally-managed install_data
[9.685s] DEBUG:colcon.colcon_core.event_handler.log_command:Invoking command in '/home/drone/drone_ws/src/aruco_detector_node': PYTHONPATH=/home/drone/drone_ws/build/aruco_detector_node/prefix_override:/usr/lib/python3/dist-packages/colcon_core/task/python/colcon_distutils_commands:/home/drone/drone_ws/install/aruco_detector_node/lib/python3.10/site-packages:${PYTHONPATH} /usr/bin/python3 -W ignore:setup.py install is deprecated -W ignore:easy_install command is deprecated setup.py egg_info --egg-base ../../build/aruco_detector_node build --build-base /home/drone/drone_ws/build/aruco_detector_node/build install --record /home/drone/drone_ws/build/aruco_detector_node/install.log --single-version-externally-managed install_data
[9.775s] DEBUG:colcon.colcon_core.event_handler.log_command:Invoking command in '/home/drone/drone_ws/src/global_position_node': PYTHONPATH=/home/drone/drone_ws/build/global_position_node/prefix_override:/usr/lib/python3/dist-packages/colcon_core/task/python/colcon_distutils_commands:/home/drone/drone_ws/install/global_position_node/lib/python3.10/site-packages:${PYTHONPATH} /usr/bin/python3 -W ignore:setup.py install is deprecated -W ignore:easy_install command is deprecated setup.py egg_info --egg-base ../../build/global_position_node build --build-base /home/drone/drone_ws/build/global_position_node/build install --record /home/drone/drone_ws/build/global_position_node/install.log --single-version-externally-managed install_data
[9.866s] DEBUG:colcon.colcon_core.event_handler.log_command:Invoking command in '/home/drone/drone_ws/src/project_start': PYTHONPATH=/home/drone/drone_ws/build/project_start/prefix_override:/usr/lib/python3/dist-packages/colcon_core/task/python/colcon_distutils_commands:/home/drone/drone_ws/install/project_start/lib/python3.10/site-packages:${PYTHONPATH} /usr/bin/python3 -W ignore:setup.py install is deprecated -W ignore:easy_install command is deprecated setup.py egg_info --egg-base ../../build/project_start build --build-base /home/drone/drone_ws/build/project_start/build install --record /home/drone/drone_ws/build/project_start/install.log --single-version-externally-managed install_data
[11.844s] DEBUG:colcon.colcon_core.event_handler.log_command:Invoked command in '/home/drone/drone_ws/src/px4' returned '0': PYTHONPATH=/home/drone/drone_ws/build/px4/prefix_override:/usr/lib/python3/dist-packages/colcon_core/task/python/colcon_distutils_commands:/home/drone/drone_ws/install/px4/lib/python3.10/site-packages:${PYTHONPATH} /usr/bin/python3 -W ignore:setup.py install is deprecated -W ignore:easy_install command is deprecated setup.py egg_info --egg-base ../../build/px4 build --build-base /home/drone/drone_ws/build/px4/build install --record /home/drone/drone_ws/build/px4/install.log --single-version-externally-managed install_data
[11.905s] Level 1:colcon.colcon_core.environment:checking '/home/drone/drone_ws/install/px4' for CMake module files
[11.913s] Level 1:colcon.colcon_core.environment:checking '/home/drone/drone_ws/install/px4' for CMake config files
[11.922s] Level 1:colcon.colcon_core.environment:checking '/home/drone/drone_ws/install/px4/lib'
[11.924s] Level 1:colcon.colcon_core.environment:checking '/home/drone/drone_ws/install/px4/bin'
[11.925s] Level 1:colcon.colcon_core.environment:checking '/home/drone/drone_ws/install/px4/lib/pkgconfig/px4.pc'
[11.927s] Level 1:colcon.colcon_core.environment:checking '/home/drone/drone_ws/install/px4/lib/python3.10/site-packages'
[11.928s] Level 1:colcon.colcon_core.shell:create_environment_hook('px4', 'pythonpath')
[11.930s] INFO:colcon.colcon_core.shell:Creating environment hook '/home/drone/drone_ws/install/px4/share/px4/hook/pythonpath.ps1'
[11.936s] INFO:colcon.colcon_core.shell:Creating environment descriptor '/home/drone/drone_ws/install/px4/share/px4/hook/pythonpath.dsv'
[11.940s] INFO:colcon.colcon_core.shell:Creating environment hook '/home/drone/drone_ws/install/px4/share/px4/hook/pythonpath.sh'
[11.947s] Level 1:colcon.colcon_core.environment:checking '/home/drone/drone_ws/install/px4/bin'
[11.949s] Level 1:colcon.colcon_core.environment:create_environment_scripts_only(px4)
[11.951s] INFO:colcon.colcon_core.shell:Creating package script '/home/drone/drone_ws/install/px4/share/px4/package.ps1'
[11.958s] INFO:colcon.colcon_core.shell:Creating package descriptor '/home/drone/drone_ws/install/px4/share/px4/package.dsv'
[11.962s] INFO:colcon.colcon_core.shell:Creating package script '/home/drone/drone_ws/install/px4/share/px4/package.sh'
[11.968s] INFO:colcon.colcon_core.shell:Creating package script '/home/drone/drone_ws/install/px4/share/px4/package.bash'
[11.976s] INFO:colcon.colcon_core.shell:Creating package script '/home/drone/drone_ws/install/px4/share/px4/package.zsh'
[11.980s] Level 1:colcon.colcon_core.environment:create_file_with_runtime_dependencies(/home/drone/drone_ws/install/px4/share/colcon-core/packages/px4)
[11.983s] INFO:colcon.colcon_ros.task.ament_cmake.build:Building ROS package in '/home/drone/drone_ws/src/uav_camera' with build type 'ament_cmake'
[11.983s] INFO:colcon.colcon_cmake.task.cmake.build:Building CMake package in '/home/drone/drone_ws/src/uav_camera'
[11.985s] INFO:colcon.colcon_core.shell:Skip shell extension 'powershell' for command environment: Not usable outside of PowerShell
[11.987s] DEBUG:colcon.colcon_core.shell:Skip shell extension 'dsv' for command environment
[12.058s] Level 1:colcon.colcon_core.environment:checking '/home/drone/drone_ws/install/aruco_detector_node' for CMake module files
[12.061s] DEBUG:colcon.colcon_core.event_handler.log_command:Invoked command in '/home/drone/drone_ws/src/aruco_detector_node' returned '0': PYTHONPATH=/home/drone/drone_ws/build/aruco_detector_node/prefix_override:/usr/lib/python3/dist-packages/colcon_core/task/python/colcon_distutils_commands:/home/drone/drone_ws/install/aruco_detector_node/lib/python3.10/site-packages:${PYTHONPATH} /usr/bin/python3 -W ignore:setup.py install is deprecated -W ignore:easy_install command is deprecated setup.py egg_info --egg-base ../../build/aruco_detector_node build --build-base /home/drone/drone_ws/build/aruco_detector_node/build install --record /home/drone/drone_ws/build/aruco_detector_node/install.log --single-version-externally-managed install_data
[12.069s] Level 1:colcon.colcon_core.environment:checking '/home/drone/drone_ws/install/aruco_detector_node' for CMake config files
[12.077s] Level 1:colcon.colcon_core.environment:checking '/home/drone/drone_ws/install/aruco_detector_node/lib'
[12.079s] Level 1:colcon.colcon_core.environment:checking '/home/drone/drone_ws/install/aruco_detector_node/bin'
[12.082s] Level 1:colcon.colcon_core.environment:checking '/home/drone/drone_ws/install/aruco_detector_node/lib/pkgconfig/aruco_detector_node.pc'
[12.084s] Level 1:colcon.colcon_core.environment:checking '/home/drone/drone_ws/install/aruco_detector_node/lib/python3.10/site-packages'
[12.084s] Level 1:colcon.colcon_core.shell:create_environment_hook('aruco_detector_node', 'pythonpath')
[12.087s] INFO:colcon.colcon_core.shell:Creating environment hook '/home/drone/drone_ws/install/aruco_detector_node/share/aruco_detector_node/hook/pythonpath.ps1'
[12.092s] INFO:colcon.colcon_core.shell:Creating environment descriptor '/home/drone/drone_ws/install/aruco_detector_node/share/aruco_detector_node/hook/pythonpath.dsv'
[12.096s] INFO:colcon.colcon_core.shell:Creating environment hook '/home/drone/drone_ws/install/aruco_detector_node/share/aruco_detector_node/hook/pythonpath.sh'
[12.103s] Level 1:colcon.colcon_core.environment:checking '/home/drone/drone_ws/install/aruco_detector_node/bin'
[12.104s] Level 1:colcon.colcon_core.environment:create_environment_scripts_only(aruco_detector_node)
[12.107s] INFO:colcon.colcon_core.shell:Creating package script '/home/drone/drone_ws/install/aruco_detector_node/share/aruco_detector_node/package.ps1'
[12.113s] INFO:colcon.colcon_core.shell:Creating package descriptor '/home/drone/drone_ws/install/aruco_detector_node/share/aruco_detector_node/package.dsv'
[12.118s] INFO:colcon.colcon_core.shell:Creating package script '/home/drone/drone_ws/install/aruco_detector_node/share/aruco_detector_node/package.sh'
[12.123s] INFO:colcon.colcon_core.shell:Creating package script '/home/drone/drone_ws/install/aruco_detector_node/share/aruco_detector_node/package.bash'
[12.128s] INFO:colcon.colcon_core.shell:Creating package script '/home/drone/drone_ws/install/aruco_detector_node/share/aruco_detector_node/package.zsh'
[12.132s] Level 1:colcon.colcon_core.environment:create_file_with_runtime_dependencies(/home/drone/drone_ws/install/aruco_detector_node/share/colcon-core/packages/aruco_detector_node)
[12.169s] DEBUG:colcon.colcon_core.event_handler.log_command:Invoking command in '/home/drone/drone_ws/build/uav_camera': CMAKE_PREFIX_PATH=${CMAKE_PREFIX_PATH}:/home/drone/drone_ws/install/px4:/home/drone/drone_ws/install/project_start:/home/drone/drone_ws/install/global_position_node:/home/drone/drone_ws/install/aruco_detector_node:/opt/ros/humble /usr/bin/cmake --build /home/drone/drone_ws/build/uav_camera -- -j4 -l4
[12.176s] Level 1:colcon.colcon_core.environment:checking '/home/drone/drone_ws/install/global_position_node' for CMake module files
[12.179s] DEBUG:colcon.colcon_core.event_handler.log_command:Invoked command in '/home/drone/drone_ws/src/global_position_node' returned '0': PYTHONPATH=/home/drone/drone_ws/build/global_position_node/prefix_override:/usr/lib/python3/dist-packages/colcon_core/task/python/colcon_distutils_commands:/home/drone/drone_ws/install/global_position_node/lib/python3.10/site-packages:${PYTHONPATH} /usr/bin/python3 -W ignore:setup.py install is deprecated -W ignore:easy_install command is deprecated setup.py egg_info --egg-base ../../build/global_position_node build --build-base /home/drone/drone_ws/build/global_position_node/build install --record /home/drone/drone_ws/build/global_position_node/install.log --single-version-externally-managed install_data
[12.181s] Level 1:colcon.colcon_core.environment:checking '/home/drone/drone_ws/install/global_position_node' for CMake config files
[12.186s] Level 1:colcon.colcon_core.environment:checking '/home/drone/drone_ws/install/global_position_node/lib'
[12.187s] Level 1:colcon.colcon_core.environment:checking '/home/drone/drone_ws/install/global_position_node/bin'
[12.188s] Level 1:colcon.colcon_core.environment:checking '/home/drone/drone_ws/install/global_position_node/lib/pkgconfig/global_position_node.pc'
[12.189s] Level 1:colcon.colcon_core.environment:checking '/home/drone/drone_ws/install/global_position_node/lib/python3.10/site-packages'
[12.189s] Level 1:colcon.colcon_core.shell:create_environment_hook('global_position_node', 'pythonpath')
[12.191s] INFO:colcon.colcon_core.shell:Creating environment hook '/home/drone/drone_ws/install/global_position_node/share/global_position_node/hook/pythonpath.ps1'
[12.194s] INFO:colcon.colcon_core.shell:Creating environment descriptor '/home/drone/drone_ws/install/global_position_node/share/global_position_node/hook/pythonpath.dsv'
[12.198s] INFO:colcon.colcon_core.shell:Creating environment hook '/home/drone/drone_ws/install/global_position_node/share/global_position_node/hook/pythonpath.sh'
[12.203s] Level 1:colcon.colcon_core.environment:checking '/home/drone/drone_ws/install/global_position_node/bin'
[12.204s] Level 1:colcon.colcon_core.environment:create_environment_scripts_only(global_position_node)
[12.205s] INFO:colcon.colcon_core.shell:Creating package script '/home/drone/drone_ws/install/global_position_node/share/global_position_node/package.ps1'
[12.209s] INFO:colcon.colcon_core.shell:Creating package descriptor '/home/drone/drone_ws/install/global_position_node/share/global_position_node/package.dsv'
[12.213s] INFO:colcon.colcon_core.shell:Creating package script '/home/drone/drone_ws/install/global_position_node/share/global_position_node/package.sh'
[12.218s] INFO:colcon.colcon_core.shell:Creating package script '/home/drone/drone_ws/install/global_position_node/share/global_position_node/package.bash'
[12.223s] INFO:colcon.colcon_core.shell:Creating package script '/home/drone/drone_ws/install/global_position_node/share/global_position_node/package.zsh'
[12.227s] Level 1:colcon.colcon_core.environment:create_file_with_runtime_dependencies(/home/drone/drone_ws/install/global_position_node/share/colcon-core/packages/global_position_node)
[12.349s] Level 1:colcon.colcon_core.environment:checking '/home/drone/drone_ws/install/project_start' for CMake module files
[12.352s] DEBUG:colcon.colcon_core.event_handler.log_command:Invoked command in '/home/drone/drone_ws/src/project_start' returned '0': PYTHONPATH=/home/drone/drone_ws/build/project_start/prefix_override:/usr/lib/python3/dist-packages/colcon_core/task/python/colcon_distutils_commands:/home/drone/drone_ws/install/project_start/lib/python3.10/site-packages:${PYTHONPATH} /usr/bin/python3 -W ignore:setup.py install is deprecated -W ignore:easy_install command is deprecated setup.py egg_info --egg-base ../../build/project_start build --build-base /home/drone/drone_ws/build/project_start/build install --record /home/drone/drone_ws/build/project_start/install.log --single-version-externally-managed install_data
[12.355s] Level 1:colcon.colcon_core.environment:checking '/home/drone/drone_ws/install/project_start' for CMake config files
[12.359s] Level 1:colcon.colcon_core.environment:checking '/home/drone/drone_ws/install/project_start/lib'
[12.360s] Level 1:colcon.colcon_core.environment:checking '/home/drone/drone_ws/install/project_start/bin'
[12.361s] Level 1:colcon.colcon_core.environment:checking '/home/drone/drone_ws/install/project_start/lib/pkgconfig/project_start.pc'
[12.362s] Level 1:colcon.colcon_core.environment:checking '/home/drone/drone_ws/install/project_start/lib/python3.10/site-packages'
[12.363s] Level 1:colcon.colcon_core.shell:create_environment_hook('project_start', 'pythonpath')
[12.364s] INFO:colcon.colcon_core.shell:Creating environment hook '/home/drone/drone_ws/install/project_start/share/project_start/hook/pythonpath.ps1'
[12.367s] INFO:colcon.colcon_core.shell:Creating environment descriptor '/home/drone/drone_ws/install/project_start/share/project_start/hook/pythonpath.dsv'
[12.369s] INFO:colcon.colcon_core.shell:Creating environment hook '/home/drone/drone_ws/install/project_start/share/project_start/hook/pythonpath.sh'
[12.373s] Level 1:colcon.colcon_core.environment:checking '/home/drone/drone_ws/install/project_start/bin'
[12.374s] Level 1:colcon.colcon_core.environment:create_environment_scripts_only(project_start)
[12.375s] INFO:colcon.colcon_core.shell:Creating package script '/home/drone/drone_ws/install/project_start/share/project_start/package.ps1'
[12.379s] INFO:colcon.colcon_core.shell:Creating package descriptor '/home/drone/drone_ws/install/project_start/share/project_start/package.dsv'
[12.382s] INFO:colcon.colcon_core.shell:Creating package script '/home/drone/drone_ws/install/project_start/share/project_start/package.sh'
[12.385s] INFO:colcon.colcon_core.shell:Creating package script '/home/drone/drone_ws/install/project_start/share/project_start/package.bash'
[12.387s] INFO:colcon.colcon_core.shell:Creating package script '/home/drone/drone_ws/install/project_start/share/project_start/package.zsh'
[12.389s] Level 1:colcon.colcon_core.environment:create_file_with_runtime_dependencies(/home/drone/drone_ws/install/project_start/share/colcon-core/packages/project_start)
[12.518s] DEBUG:colcon.colcon_core.event_handler.log_command:Invoked command in '/home/drone/drone_ws/build/uav_camera' returned '0': CMAKE_PREFIX_PATH=${CMAKE_PREFIX_PATH}:/home/drone/drone_ws/install/px4:/home/drone/drone_ws/install/project_start:/home/drone/drone_ws/install/global_position_node:/home/drone/drone_ws/install/aruco_detector_node:/opt/ros/humble /usr/bin/cmake --build /home/drone/drone_ws/build/uav_camera -- -j4 -l4
[12.565s] DEBUG:colcon.colcon_core.event_handler.log_command:Invoking command in '/home/drone/drone_ws/build/uav_camera': CMAKE_PREFIX_PATH=${CMAKE_PREFIX_PATH}:/home/drone/drone_ws/install/px4:/home/drone/drone_ws/install/project_start:/home/drone/drone_ws/install/global_position_node:/home/drone/drone_ws/install/aruco_detector_node:/opt/ros/humble /usr/bin/cmake --install /home/drone/drone_ws/build/uav_camera
[12.607s] Level 1:colcon.colcon_core.environment:create_environment_scripts_only(uav_camera)
[12.608s] Level 1:colcon.colcon_core.environment:checking '/home/drone/drone_ws/install/uav_camera' for CMake module files
[12.610s] DEBUG:colcon.colcon_core.event_handler.log_command:Invoked command in '/home/drone/drone_ws/build/uav_camera' returned '0': CMAKE_PREFIX_PATH=${CMAKE_PREFIX_PATH}:/home/drone/drone_ws/install/px4:/home/drone/drone_ws/install/project_start:/home/drone/drone_ws/install/global_position_node:/home/drone/drone_ws/install/aruco_detector_node:/opt/ros/humble /usr/bin/cmake --install /home/drone/drone_ws/build/uav_camera
[12.612s] Level 1:colcon.colcon_core.environment:checking '/home/drone/drone_ws/install/uav_camera' for CMake config files
[12.615s] Level 1:colcon.colcon_core.shell:create_environment_hook('uav_camera', 'cmake_prefix_path')
[12.616s] INFO:colcon.colcon_core.shell:Creating environment hook '/home/drone/drone_ws/install/uav_camera/share/uav_camera/hook/cmake_prefix_path.ps1'
[12.618s] INFO:colcon.colcon_core.shell:Creating environment descriptor '/home/drone/drone_ws/install/uav_camera/share/uav_camera/hook/cmake_prefix_path.dsv'
[12.620s] INFO:colcon.colcon_core.shell:Creating environment hook '/home/drone/drone_ws/install/uav_camera/share/uav_camera/hook/cmake_prefix_path.sh'
[12.623s] Level 1:colcon.colcon_core.environment:checking '/home/drone/drone_ws/install/uav_camera/lib'
[12.624s] Level 1:colcon.colcon_core.environment:checking '/home/drone/drone_ws/install/uav_camera/bin'
[12.624s] Level 1:colcon.colcon_core.environment:checking '/home/drone/drone_ws/install/uav_camera/lib/pkgconfig/uav_camera.pc'
[12.625s] Level 1:colcon.colcon_core.environment:checking '/home/drone/drone_ws/install/uav_camera/lib/python3.10/site-packages'
[12.627s] Level 1:colcon.colcon_core.environment:checking '/home/drone/drone_ws/install/uav_camera/bin'
[12.628s] INFO:colcon.colcon_core.shell:Creating package script '/home/drone/drone_ws/install/uav_camera/share/uav_camera/package.ps1'
[12.630s] INFO:colcon.colcon_core.shell:Creating package descriptor '/home/drone/drone_ws/install/uav_camera/share/uav_camera/package.dsv'
[12.632s] INFO:colcon.colcon_core.shell:Creating package script '/home/drone/drone_ws/install/uav_camera/share/uav_camera/package.sh'
[12.634s] INFO:colcon.colcon_core.shell:Creating package script '/home/drone/drone_ws/install/uav_camera/share/uav_camera/package.bash'
[12.636s] INFO:colcon.colcon_core.shell:Creating package script '/home/drone/drone_ws/install/uav_camera/share/uav_camera/package.zsh'
[12.638s] Level 1:colcon.colcon_core.environment:create_file_with_runtime_dependencies(/home/drone/drone_ws/install/uav_camera/share/colcon-core/packages/uav_camera)
[12.641s] Level 1:colcon.colcon_core.environment:create_environment_scripts_only(uav_camera)
[12.642s] Level 1:colcon.colcon_core.environment:checking '/home/drone/drone_ws/install/uav_camera' for CMake module files
[12.644s] Level 1:colcon.colcon_core.environment:checking '/home/drone/drone_ws/install/uav_camera' for CMake config files
[12.647s] Level 1:colcon.colcon_core.shell:create_environment_hook('uav_camera', 'cmake_prefix_path')
[12.648s] INFO:colcon.colcon_core.shell:Creating environment hook '/home/drone/drone_ws/install/uav_camera/share/uav_camera/hook/cmake_prefix_path.ps1'
[12.650s] INFO:colcon.colcon_core.shell:Creating environment descriptor '/home/drone/drone_ws/install/uav_camera/share/uav_camera/hook/cmake_prefix_path.dsv'
[12.652s] INFO:colcon.colcon_core.shell:Creating environment hook '/home/drone/drone_ws/install/uav_camera/share/uav_camera/hook/cmake_prefix_path.sh'
[12.655s] Level 1:colcon.colcon_core.environment:checking '/home/drone/drone_ws/install/uav_camera/lib'
[12.655s] Level 1:colcon.colcon_core.environment:checking '/home/drone/drone_ws/install/uav_camera/bin'
[12.656s] Level 1:colcon.colcon_core.environment:checking '/home/drone/drone_ws/install/uav_camera/lib/pkgconfig/uav_camera.pc'
[12.656s] Level 1:colcon.colcon_core.environment:checking '/home/drone/drone_ws/install/uav_camera/lib/python3.10/site-packages'
[12.658s] Level 1:colcon.colcon_core.environment:checking '/home/drone/drone_ws/install/uav_camera/bin'
[12.659s] INFO:colcon.colcon_core.shell:Creating package script '/home/drone/drone_ws/install/uav_camera/share/uav_camera/package.ps1'
[12.662s] INFO:colcon.colcon_core.shell:Creating package descriptor '/home/drone/drone_ws/install/uav_camera/share/uav_camera/package.dsv'
[12.664s] INFO:colcon.colcon_core.shell:Creating package script '/home/drone/drone_ws/install/uav_camera/share/uav_camera/package.sh'
[12.667s] INFO:colcon.colcon_core.shell:Creating package script '/home/drone/drone_ws/install/uav_camera/share/uav_camera/package.bash'
[12.669s] INFO:colcon.colcon_core.shell:Creating package script '/home/drone/drone_ws/install/uav_camera/share/uav_camera/package.zsh'
[12.671s] Level 1:colcon.colcon_core.environment:create_file_with_runtime_dependencies(/home/drone/drone_ws/install/uav_camera/share/colcon-core/packages/uav_camera)
[12.672s] DEBUG:colcon.colcon_parallel_executor.executor.parallel:closing loop
[12.673s] DEBUG:colcon.colcon_parallel_executor.executor.parallel:loop closed
[12.674s] DEBUG:colcon.colcon_parallel_executor.executor.parallel:run_until_complete finished with '0'
[12.674s] DEBUG:colcon.colcon_core.event_reactor:joining thread
[12.700s] INFO:colcon.colcon_core.plugin_system:Skipping extension 'colcon_notification.desktop_notification.terminal_notifier': Not used on non-Darwin systems
[12.700s] INFO:colcon.colcon_core.plugin_system:Skipping extension 'colcon_notification.desktop_notification.win32': Not used on non-Windows systems
[12.700s] INFO:colcon.colcon_notification.desktop_notification:Sending desktop notification using 'notify2'
[12.741s] DEBUG:colcon.colcon_core.event_reactor:joined thread
[12.742s] INFO:colcon.colcon_core.shell:Creating prefix script '/home/drone/drone_ws/install/local_setup.ps1'
[12.747s] INFO:colcon.colcon_core.shell:Creating prefix util module '/home/drone/drone_ws/install/_local_setup_util_ps1.py'
[12.755s] INFO:colcon.colcon_core.shell:Creating prefix chain script '/home/drone/drone_ws/install/setup.ps1'
[12.761s] INFO:colcon.colcon_core.shell:Creating prefix script '/home/drone/drone_ws/install/local_setup.sh'
[12.763s] INFO:colcon.colcon_core.shell:Creating prefix util module '/home/drone/drone_ws/install/_local_setup_util_sh.py'
[12.766s] INFO:colcon.colcon_core.shell:Creating prefix chain script '/home/drone/drone_ws/install/setup.sh'
[12.772s] INFO:colcon.colcon_core.shell:Creating prefix script '/home/drone/drone_ws/install/local_setup.bash'
[12.774s] INFO:colcon.colcon_core.shell:Creating prefix chain script '/home/drone/drone_ws/install/setup.bash'
[12.779s] INFO:colcon.colcon_core.shell:Creating prefix script '/home/drone/drone_ws/install/local_setup.zsh'
[12.782s] INFO:colcon.colcon_core.shell:Creating prefix chain script '/home/drone/drone_ws/install/setup.zsh'
