[4.331s] Invoking command in '/home/drone/drone_ws/src/aruco_detector_node': PYTHONPATH=/home/drone/drone_ws/build/aruco_detector_node/prefix_override:/usr/lib/python3/dist-packages/colcon_core/task/python/colcon_distutils_commands:/home/drone/drone_ws/install/aruco_detector_node/lib/python3.10/site-packages:${PYTHONPATH} /usr/bin/python3 -W ignore:setup.py install is deprecated -W ignore:easy_install command is deprecated setup.py egg_info --egg-base ../../build/aruco_detector_node build --build-base /home/drone/drone_ws/build/aruco_detector_node/build install --record /home/drone/drone_ws/build/aruco_detector_node/install.log --single-version-externally-managed install_data
[5.560s] running egg_info
[5.563s] writing ../../build/aruco_detector_node/aruco_detector_node.egg-info/PKG-INFO
[5.566s] writing dependency_links to ../../build/aruco_detector_node/aruco_detector_node.egg-info/dependency_links.txt
[5.567s] writing entry points to ../../build/aruco_detector_node/aruco_detector_node.egg-info/entry_points.txt
[5.569s] writing requirements to ../../build/aruco_detector_node/aruco_detector_node.egg-info/requires.txt
[5.569s] writing top-level names to ../../build/aruco_detector_node/aruco_detector_node.egg-info/top_level.txt
[5.577s] reading manifest file '../../build/aruco_detector_node/aruco_detector_node.egg-info/SOURCES.txt'
[5.581s] writing manifest file '../../build/aruco_detector_node/aruco_detector_node.egg-info/SOURCES.txt'
[5.583s] running build
[5.583s] running build_py
[5.585s] running install
[5.586s] running install_lib
[5.594s] running install_data
[5.594s] running install_egg_info
[5.601s] removing '/home/drone/drone_ws/install/aruco_detector_node/lib/python3.10/site-packages/aruco_detector_node-0.0.0-py3.10.egg-info' (and everything under it)
[5.604s] Copying ../../build/aruco_detector_node/aruco_detector_node.egg-info to /home/drone/drone_ws/install/aruco_detector_node/lib/python3.10/site-packages/aruco_detector_node-0.0.0-py3.10.egg-info
[5.611s] running install_scripts
[5.702s] Installing aruco_detector script to /home/drone/drone_ws/install/aruco_detector_node/lib/aruco_detector_node
[5.704s] writing list of installed files to '/home/drone/drone_ws/build/aruco_detector_node/install.log'
[5.877s] Invoked command in '/home/drone/drone_ws/src/aruco_detector_node' returned '0': PYTHONPATH=/home/drone/drone_ws/build/aruco_detector_node/prefix_override:/usr/lib/python3/dist-packages/colcon_core/task/python/colcon_distutils_commands:/home/drone/drone_ws/install/aruco_detector_node/lib/python3.10/site-packages:${PYTHONPATH} /usr/bin/python3 -W ignore:setup.py install is deprecated -W ignore:easy_install command is deprecated setup.py egg_info --egg-base ../../build/aruco_detector_node build --build-base /home/drone/drone_ws/build/aruco_detector_node/build install --record /home/drone/drone_ws/build/aruco_detector_node/install.log --single-version-externally-managed install_data
