[0.125s] Invoking command in '/home/drone/drone_ws/build/drone_msgs': CMAKE_PREFIX_PATH=/opt/ros/humble /usr/bin/cmake --build /home/drone/drone_ws/build/drone_msgs -- -j4 -l4
[3.277s] [35m[1mConsolidate compiler generated dependencies of target drone_msgs__rosidl_generator_c[0m
[3.280s] [  1%] Built target drone_msgs__rs
[3.282s] [  3%] Built target drone_msgs__cpp
[3.283s] [35m[1mConsolidate compiler generated dependencies of target drone_msgs__rosidl_typesupport_introspection_cpp[0m
[3.284s] [35m[1mConsolidate compiler generated dependencies of target drone_msgs__rosidl_typesupport_fastrtps_cpp[0m
[3.285s] [ 14%] Built target drone_msgs__rosidl_generator_c
[3.289s] [ 14%] Built target ament_cmake_python_copy_drone_msgs
[3.289s] [35m[1mConsolidate compiler generated dependencies of target drone_msgs__rosidl_typesupport_cpp[0m
[3.290s] [35m[1mConsolidate compiler generated dependencies of target drone_msgs__rosidl_typesupport_fastrtps_c[0m
[3.290s] [ 32%] Built target drone_msgs__rosidl_typesupport_introspection_cpp
[3.291s] [ 35%] Built target drone_msgs__rosidl_typesupport_fastrtps_cpp
[3.291s] [ 46%] Built target drone_msgs__rosidl_typesupport_cpp
[3.292s] [35m[1mConsolidate compiler generated dependencies of target drone_msgs__rosidl_typesupport_introspection_c[0m
[3.292s] [ 57%] Built target drone_msgs__rosidl_typesupport_fastrtps_c
[3.293s] [35m[1mConsolidate compiler generated dependencies of target drone_msgs__rosidl_typesupport_c[0m
[3.294s] [ 67%] Built target drone_msgs__rosidl_typesupport_c
[3.294s] [ 78%] Built target drone_msgs__rosidl_typesupport_introspection_c
[3.295s] [ 78%] Built target drone_msgs
[3.296s] [ 80%] Built target drone_msgs__py
[3.296s] [35m[1mConsolidate compiler generated dependencies of target drone_msgs__rosidl_generator_py[0m
[3.297s] [ 89%] Built target drone_msgs__rosidl_generator_py
[3.297s] [35m[1mConsolidate compiler generated dependencies of target drone_msgs__rosidl_typesupport_fastrtps_c__pyext[0m
[3.298s] [35m[1mConsolidate compiler generated dependencies of target drone_msgs__rosidl_typesupport_introspection_c__pyext[0m
[3.298s] [35m[1mConsolidate compiler generated dependencies of target drone_msgs__rosidl_typesupport_c__pyext[0m
[3.299s] [ 92%] Built target drone_msgs__rosidl_typesupport_fastrtps_c__pyext
[3.299s] [ 96%] Built target drone_msgs__rosidl_typesupport_c__pyext
[3.300s] [100%] Built target drone_msgs__rosidl_typesupport_introspection_c__pyext
[3.300s] running egg_info
[3.301s] writing drone_msgs.egg-info/PKG-INFO
[3.301s] writing dependency_links to drone_msgs.egg-info/dependency_links.txt
[3.302s] writing top-level names to drone_msgs.egg-info/top_level.txt
[3.302s] reading manifest file 'drone_msgs.egg-info/SOURCES.txt'
[3.303s] writing manifest file 'drone_msgs.egg-info/SOURCES.txt'
[3.304s] [100%] Built target ament_cmake_python_build_drone_msgs_egg
[4.536s] Invoked command in '/home/drone/drone_ws/build/drone_msgs' returned '0': CMAKE_PREFIX_PATH=/opt/ros/humble /usr/bin/cmake --build /home/drone/drone_ws/build/drone_msgs -- -j4 -l4
[4.578s] Invoking command in '/home/drone/drone_ws/build/drone_msgs': CMAKE_PREFIX_PATH=/opt/ros/humble /usr/bin/cmake --install /home/drone/drone_ws/build/drone_msgs
[4.618s] -- Install configuration: ""
[4.625s] -- Up-to-date: /home/drone/drone_ws/install/drone_msgs/share/ament_index/resource_index/rosidl_interfaces/drone_msgs
[4.626s] -- Up-to-date: /home/drone/drone_ws/install/drone_msgs/include/drone_msgs/drone_msgs
[4.631s] -- Up-to-date: /home/drone/drone_ws/install/drone_msgs/include/drone_msgs/drone_msgs/msg
[4.637s] -- Up-to-date: /home/drone/drone_ws/install/drone_msgs/include/drone_msgs/drone_msgs/msg/aruco_detection_array.h
[4.639s] -- Up-to-date: /home/drone/drone_ws/install/drone_msgs/include/drone_msgs/drone_msgs/msg/aruco_detection.h
[4.642s] -- Up-to-date: /home/drone/drone_ws/install/drone_msgs/include/drone_msgs/drone_msgs/msg/rosidl_generator_c__visibility_control.h
[4.645s] -- Up-to-date: /home/drone/drone_ws/install/drone_msgs/include/drone_msgs/drone_msgs/msg/marker_pose.h
[4.648s] -- Up-to-date: /home/drone/drone_ws/install/drone_msgs/include/drone_msgs/drone_msgs/msg/detail
[4.652s] -- Up-to-date: /home/drone/drone_ws/install/drone_msgs/include/drone_msgs/drone_msgs/msg/detail/aruco_detection__functions.h
[4.658s] -- Up-to-date: /home/drone/drone_ws/install/drone_msgs/include/drone_msgs/drone_msgs/msg/detail/aruco_detection__struct.h
[4.665s] -- Up-to-date: /home/drone/drone_ws/install/drone_msgs/include/drone_msgs/drone_msgs/msg/detail/marker_pose_array__functions.h
[4.670s] -- Up-to-date: /home/drone/drone_ws/install/drone_msgs/include/drone_msgs/drone_msgs/msg/detail/aruco_detection_array__type_support.h
[4.676s] -- Up-to-date: /home/drone/drone_ws/install/drone_msgs/include/drone_msgs/drone_msgs/msg/detail/aruco_detection_array__struct.h
[4.682s] -- Up-to-date: /home/drone/drone_ws/install/drone_msgs/include/drone_msgs/drone_msgs/msg/detail/aruco_detection__functions.c
[4.688s] -- Up-to-date: /home/drone/drone_ws/install/drone_msgs/include/drone_msgs/drone_msgs/msg/detail/marker_pose_array__functions.c
[4.691s] -- Up-to-date: /home/drone/drone_ws/install/drone_msgs/include/drone_msgs/drone_msgs/msg/detail/marker_pose__functions.h
[4.695s] -- Up-to-date: /home/drone/drone_ws/install/drone_msgs/include/drone_msgs/drone_msgs/msg/detail/aruco_detection__type_support.h
[4.699s] -- Up-to-date: /home/drone/drone_ws/install/drone_msgs/include/drone_msgs/drone_msgs/msg/detail/aruco_detection_array__functions.c
[4.703s] -- Up-to-date: /home/drone/drone_ws/install/drone_msgs/include/drone_msgs/drone_msgs/msg/detail/marker_pose__struct.h
[4.707s] -- Up-to-date: /home/drone/drone_ws/install/drone_msgs/include/drone_msgs/drone_msgs/msg/detail/aruco_detection_array__functions.h
[4.712s] -- Up-to-date: /home/drone/drone_ws/install/drone_msgs/include/drone_msgs/drone_msgs/msg/detail/marker_pose__type_support.h
[4.714s] -- Up-to-date: /home/drone/drone_ws/install/drone_msgs/include/drone_msgs/drone_msgs/msg/detail/marker_pose__functions.c
[4.717s] -- Up-to-date: /home/drone/drone_ws/install/drone_msgs/include/drone_msgs/drone_msgs/msg/detail/marker_pose_array__struct.h
[4.719s] -- Up-to-date: /home/drone/drone_ws/install/drone_msgs/include/drone_msgs/drone_msgs/msg/detail/marker_pose_array__type_support.h
[4.722s] -- Up-to-date: /home/drone/drone_ws/install/drone_msgs/include/drone_msgs/drone_msgs/msg/marker_pose_array.h
[4.724s] -- Up-to-date: /home/drone/drone_ws/install/drone_msgs/share/drone_msgs/environment/library_path.sh
[4.726s] -- Up-to-date: /home/drone/drone_ws/install/drone_msgs/share/drone_msgs/environment/library_path.dsv
[4.730s] -- Up-to-date: /home/drone/drone_ws/install/drone_msgs/lib/libdrone_msgs__rosidl_generator_c.so
[4.733s] -- Up-to-date: /home/drone/drone_ws/install/drone_msgs/include/drone_msgs/drone_msgs
[4.735s] -- Up-to-date: /home/drone/drone_ws/install/drone_msgs/include/drone_msgs/drone_msgs/msg
[4.737s] -- Up-to-date: /home/drone/drone_ws/install/drone_msgs/include/drone_msgs/drone_msgs/msg/detail
[4.741s] -- Up-to-date: /home/drone/drone_ws/install/drone_msgs/include/drone_msgs/drone_msgs/msg/detail/aruco_detection_array__rosidl_typesupport_fastrtps_c.h
[4.744s] -- Up-to-date: /home/drone/drone_ws/install/drone_msgs/include/drone_msgs/drone_msgs/msg/detail/marker_pose_array__rosidl_typesupport_fastrtps_c.h
[4.747s] -- Up-to-date: /home/drone/drone_ws/install/drone_msgs/include/drone_msgs/drone_msgs/msg/detail/marker_pose__rosidl_typesupport_fastrtps_c.h
[4.749s] -- Up-to-date: /home/drone/drone_ws/install/drone_msgs/include/drone_msgs/drone_msgs/msg/detail/aruco_detection__rosidl_typesupport_fastrtps_c.h
[4.752s] -- Up-to-date: /home/drone/drone_ws/install/drone_msgs/include/drone_msgs/drone_msgs/msg/rosidl_typesupport_fastrtps_c__visibility_control.h
[4.754s] -- Up-to-date: /home/drone/drone_ws/install/drone_msgs/lib/libdrone_msgs__rosidl_typesupport_fastrtps_c.so
[4.758s] -- Up-to-date: /home/drone/drone_ws/install/drone_msgs/include/drone_msgs/drone_msgs
[4.761s] -- Up-to-date: /home/drone/drone_ws/install/drone_msgs/include/drone_msgs/drone_msgs/msg
[4.764s] -- Up-to-date: /home/drone/drone_ws/install/drone_msgs/include/drone_msgs/drone_msgs/msg/detail
[4.766s] -- Up-to-date: /home/drone/drone_ws/install/drone_msgs/include/drone_msgs/drone_msgs/msg/detail/aruco_detection_array__type_support.c
[4.768s] -- Up-to-date: /home/drone/drone_ws/install/drone_msgs/include/drone_msgs/drone_msgs/msg/detail/marker_pose__rosidl_typesupport_introspection_c.h
[4.770s] -- Up-to-date: /home/drone/drone_ws/install/drone_msgs/include/drone_msgs/drone_msgs/msg/detail/aruco_detection__rosidl_typesupport_introspection_c.h
[4.773s] -- Up-to-date: /home/drone/drone_ws/install/drone_msgs/include/drone_msgs/drone_msgs/msg/detail/marker_pose__type_support.c
[4.776s] -- Up-to-date: /home/drone/drone_ws/install/drone_msgs/include/drone_msgs/drone_msgs/msg/detail/aruco_detection__type_support.c
[4.780s] -- Up-to-date: /home/drone/drone_ws/install/drone_msgs/include/drone_msgs/drone_msgs/msg/detail/aruco_detection_array__rosidl_typesupport_introspection_c.h
[4.782s] -- Up-to-date: /home/drone/drone_ws/install/drone_msgs/include/drone_msgs/drone_msgs/msg/detail/marker_pose_array__type_support.c
[4.785s] -- Up-to-date: /home/drone/drone_ws/install/drone_msgs/include/drone_msgs/drone_msgs/msg/detail/marker_pose_array__rosidl_typesupport_introspection_c.h
[4.787s] -- Up-to-date: /home/drone/drone_ws/install/drone_msgs/include/drone_msgs/drone_msgs/msg/rosidl_typesupport_introspection_c__visibility_control.h
[4.790s] -- Up-to-date: /home/drone/drone_ws/install/drone_msgs/lib/libdrone_msgs__rosidl_typesupport_introspection_c.so
[4.793s] -- Up-to-date: /home/drone/drone_ws/install/drone_msgs/lib/libdrone_msgs__rosidl_typesupport_c.so
[4.795s] -- Up-to-date: /home/drone/drone_ws/install/drone_msgs/include/drone_msgs/drone_msgs
[4.797s] -- Up-to-date: /home/drone/drone_ws/install/drone_msgs/include/drone_msgs/drone_msgs/msg
[4.800s] -- Up-to-date: /home/drone/drone_ws/install/drone_msgs/include/drone_msgs/drone_msgs/msg/rosidl_generator_cpp__visibility_control.hpp
[4.802s] -- Up-to-date: /home/drone/drone_ws/install/drone_msgs/include/drone_msgs/drone_msgs/msg/marker_pose.hpp
[4.804s] -- Up-to-date: /home/drone/drone_ws/install/drone_msgs/include/drone_msgs/drone_msgs/msg/detail
[4.808s] -- Up-to-date: /home/drone/drone_ws/install/drone_msgs/include/drone_msgs/drone_msgs/msg/detail/marker_pose__builder.hpp
[4.810s] -- Up-to-date: /home/drone/drone_ws/install/drone_msgs/include/drone_msgs/drone_msgs/msg/detail/marker_pose_array__builder.hpp
[4.813s] -- Up-to-date: /home/drone/drone_ws/install/drone_msgs/include/drone_msgs/drone_msgs/msg/detail/aruco_detection_array__traits.hpp
[4.816s] -- Up-to-date: /home/drone/drone_ws/install/drone_msgs/include/drone_msgs/drone_msgs/msg/detail/marker_pose__traits.hpp
[4.819s] -- Up-to-date: /home/drone/drone_ws/install/drone_msgs/include/drone_msgs/drone_msgs/msg/detail/marker_pose__type_support.hpp
[4.824s] -- Up-to-date: /home/drone/drone_ws/install/drone_msgs/include/drone_msgs/drone_msgs/msg/detail/aruco_detection_array__struct.hpp
[4.828s] -- Up-to-date: /home/drone/drone_ws/install/drone_msgs/include/drone_msgs/drone_msgs/msg/detail/marker_pose_array__type_support.hpp
[4.830s] -- Up-to-date: /home/drone/drone_ws/install/drone_msgs/include/drone_msgs/drone_msgs/msg/detail/marker_pose_array__struct.hpp
[4.833s] -- Up-to-date: /home/drone/drone_ws/install/drone_msgs/include/drone_msgs/drone_msgs/msg/detail/aruco_detection_array__type_support.hpp
[4.836s] -- Up-to-date: /home/drone/drone_ws/install/drone_msgs/include/drone_msgs/drone_msgs/msg/detail/aruco_detection__struct.hpp
[4.839s] -- Up-to-date: /home/drone/drone_ws/install/drone_msgs/include/drone_msgs/drone_msgs/msg/detail/aruco_detection_array__builder.hpp
[4.841s] -- Up-to-date: /home/drone/drone_ws/install/drone_msgs/include/drone_msgs/drone_msgs/msg/detail/marker_pose_array__traits.hpp
[4.844s] -- Up-to-date: /home/drone/drone_ws/install/drone_msgs/include/drone_msgs/drone_msgs/msg/detail/aruco_detection__traits.hpp
[4.846s] -- Up-to-date: /home/drone/drone_ws/install/drone_msgs/include/drone_msgs/drone_msgs/msg/detail/aruco_detection__builder.hpp
[4.848s] -- Up-to-date: /home/drone/drone_ws/install/drone_msgs/include/drone_msgs/drone_msgs/msg/detail/marker_pose__struct.hpp
[4.851s] -- Up-to-date: /home/drone/drone_ws/install/drone_msgs/include/drone_msgs/drone_msgs/msg/detail/aruco_detection__type_support.hpp
[4.853s] -- Up-to-date: /home/drone/drone_ws/install/drone_msgs/include/drone_msgs/drone_msgs/msg/aruco_detection.hpp
[4.856s] -- Up-to-date: /home/drone/drone_ws/install/drone_msgs/include/drone_msgs/drone_msgs/msg/marker_pose_array.hpp
[4.859s] -- Up-to-date: /home/drone/drone_ws/install/drone_msgs/include/drone_msgs/drone_msgs/msg/aruco_detection_array.hpp
[4.861s] -- Up-to-date: /home/drone/drone_ws/install/drone_msgs/include/drone_msgs/drone_msgs
[4.863s] -- Up-to-date: /home/drone/drone_ws/install/drone_msgs/include/drone_msgs/drone_msgs/msg
[4.865s] -- Up-to-date: /home/drone/drone_ws/install/drone_msgs/include/drone_msgs/drone_msgs/msg/rosidl_typesupport_fastrtps_cpp__visibility_control.h
[4.867s] -- Up-to-date: /home/drone/drone_ws/install/drone_msgs/include/drone_msgs/drone_msgs/msg/detail
[4.870s] -- Up-to-date: /home/drone/drone_ws/install/drone_msgs/include/drone_msgs/drone_msgs/msg/detail/aruco_detection__rosidl_typesupport_fastrtps_cpp.hpp
[4.875s] -- Up-to-date: /home/drone/drone_ws/install/drone_msgs/include/drone_msgs/drone_msgs/msg/detail/dds_fastrtps
[4.878s] -- Up-to-date: /home/drone/drone_ws/install/drone_msgs/include/drone_msgs/drone_msgs/msg/detail/marker_pose__rosidl_typesupport_fastrtps_cpp.hpp
[4.881s] -- Up-to-date: /home/drone/drone_ws/install/drone_msgs/include/drone_msgs/drone_msgs/msg/detail/marker_pose_array__rosidl_typesupport_fastrtps_cpp.hpp
[4.883s] -- Up-to-date: /home/drone/drone_ws/install/drone_msgs/include/drone_msgs/drone_msgs/msg/detail/aruco_detection_array__rosidl_typesupport_fastrtps_cpp.hpp
[4.886s] -- Up-to-date: /home/drone/drone_ws/install/drone_msgs/lib/libdrone_msgs__rosidl_typesupport_fastrtps_cpp.so
[4.889s] -- Up-to-date: /home/drone/drone_ws/install/drone_msgs/include/drone_msgs/drone_msgs
[4.892s] -- Up-to-date: /home/drone/drone_ws/install/drone_msgs/include/drone_msgs/drone_msgs/msg
[4.894s] -- Up-to-date: /home/drone/drone_ws/install/drone_msgs/include/drone_msgs/drone_msgs/msg/detail
[4.897s] -- Up-to-date: /home/drone/drone_ws/install/drone_msgs/include/drone_msgs/drone_msgs/msg/detail/aruco_detection__rosidl_typesupport_introspection_cpp.hpp
[4.899s] -- Up-to-date: /home/drone/drone_ws/install/drone_msgs/include/drone_msgs/drone_msgs/msg/detail/marker_pose__rosidl_typesupport_introspection_cpp.hpp
[4.901s] -- Up-to-date: /home/drone/drone_ws/install/drone_msgs/include/drone_msgs/drone_msgs/msg/detail/aruco_detection_array__type_support.cpp
[4.903s] -- Up-to-date: /home/drone/drone_ws/install/drone_msgs/include/drone_msgs/drone_msgs/msg/detail/marker_pose_array__rosidl_typesupport_introspection_cpp.hpp
[4.905s] -- Up-to-date: /home/drone/drone_ws/install/drone_msgs/include/drone_msgs/drone_msgs/msg/detail/aruco_detection__type_support.cpp
[4.908s] -- Up-to-date: /home/drone/drone_ws/install/drone_msgs/include/drone_msgs/drone_msgs/msg/detail/aruco_detection_array__rosidl_typesupport_introspection_cpp.hpp
[4.910s] -- Up-to-date: /home/drone/drone_ws/install/drone_msgs/include/drone_msgs/drone_msgs/msg/detail/marker_pose__type_support.cpp
[4.912s] -- Up-to-date: /home/drone/drone_ws/install/drone_msgs/include/drone_msgs/drone_msgs/msg/detail/marker_pose_array__type_support.cpp
[4.915s] -- Up-to-date: /home/drone/drone_ws/install/drone_msgs/lib/libdrone_msgs__rosidl_typesupport_introspection_cpp.so
[4.917s] -- Up-to-date: /home/drone/drone_ws/install/drone_msgs/lib/libdrone_msgs__rosidl_typesupport_cpp.so
[4.919s] -- Up-to-date: /home/drone/drone_ws/install/drone_msgs/share/drone_msgs/environment/pythonpath.sh
[4.922s] -- Up-to-date: /home/drone/drone_ws/install/drone_msgs/share/drone_msgs/environment/pythonpath.dsv
[4.924s] -- Up-to-date: /home/drone/drone_ws/install/drone_msgs/local/lib/python3.10/dist-packages/drone_msgs-0.0.0-py3.10.egg-info
[4.927s] -- Installing: /home/drone/drone_ws/install/drone_msgs/local/lib/python3.10/dist-packages/drone_msgs-0.0.0-py3.10.egg-info/PKG-INFO
[4.929s] -- Installing: /home/drone/drone_ws/install/drone_msgs/local/lib/python3.10/dist-packages/drone_msgs-0.0.0-py3.10.egg-info/top_level.txt
[4.931s] -- Installing: /home/drone/drone_ws/install/drone_msgs/local/lib/python3.10/dist-packages/drone_msgs-0.0.0-py3.10.egg-info/dependency_links.txt
[4.934s] -- Installing: /home/drone/drone_ws/install/drone_msgs/local/lib/python3.10/dist-packages/drone_msgs-0.0.0-py3.10.egg-info/SOURCES.txt
[4.936s] -- Up-to-date: /home/drone/drone_ws/install/drone_msgs/local/lib/python3.10/dist-packages/drone_msgs
[4.938s] -- Up-to-date: /home/drone/drone_ws/install/drone_msgs/local/lib/python3.10/dist-packages/drone_msgs/drone_msgs_s__rosidl_typesupport_c.cpython-310-aarch64-linux-gnu.so
[4.941s] -- Up-to-date: /home/drone/drone_ws/install/drone_msgs/local/lib/python3.10/dist-packages/drone_msgs/msg
[4.943s] -- Up-to-date: /home/drone/drone_ws/install/drone_msgs/local/lib/python3.10/dist-packages/drone_msgs/msg/_aruco_detection.py
[4.946s] -- Up-to-date: /home/drone/drone_ws/install/drone_msgs/local/lib/python3.10/dist-packages/drone_msgs/msg/_marker_pose.py
[4.950s] -- Up-to-date: /home/drone/drone_ws/install/drone_msgs/local/lib/python3.10/dist-packages/drone_msgs/msg/_aruco_detection_s.c
[4.953s] -- Up-to-date: /home/drone/drone_ws/install/drone_msgs/local/lib/python3.10/dist-packages/drone_msgs/msg/_aruco_detection_array_s.c
[4.956s] -- Up-to-date: /home/drone/drone_ws/install/drone_msgs/local/lib/python3.10/dist-packages/drone_msgs/msg/__init__.py
[4.958s] -- Up-to-date: /home/drone/drone_ws/install/drone_msgs/local/lib/python3.10/dist-packages/drone_msgs/msg/_marker_pose_s.c
[4.962s] -- Up-to-date: /home/drone/drone_ws/install/drone_msgs/local/lib/python3.10/dist-packages/drone_msgs/msg/_marker_pose_array_s.c
[4.964s] -- Up-to-date: /home/drone/drone_ws/install/drone_msgs/local/lib/python3.10/dist-packages/drone_msgs/msg/_marker_pose_array.py
[4.966s] -- Up-to-date: /home/drone/drone_ws/install/drone_msgs/local/lib/python3.10/dist-packages/drone_msgs/msg/_aruco_detection_array.py
[4.969s] -- Up-to-date: /home/drone/drone_ws/install/drone_msgs/local/lib/python3.10/dist-packages/drone_msgs/drone_msgs_s__rosidl_typesupport_fastrtps_c.cpython-310-aarch64-linux-gnu.so
[4.971s] -- Up-to-date: /home/drone/drone_ws/install/drone_msgs/local/lib/python3.10/dist-packages/drone_msgs/__init__.py
[4.974s] -- Up-to-date: /home/drone/drone_ws/install/drone_msgs/local/lib/python3.10/dist-packages/drone_msgs/_drone_msgs_s.ep.rosidl_typesupport_introspection_c.c
[4.976s] -- Up-to-date: /home/drone/drone_ws/install/drone_msgs/local/lib/python3.10/dist-packages/drone_msgs/drone_msgs_s__rosidl_typesupport_introspection_c.cpython-310-aarch64-linux-gnu.so
[4.979s] -- Up-to-date: /home/drone/drone_ws/install/drone_msgs/local/lib/python3.10/dist-packages/drone_msgs/_drone_msgs_s.ep.rosidl_typesupport_c.c
[4.981s] -- Up-to-date: /home/drone/drone_ws/install/drone_msgs/local/lib/python3.10/dist-packages/drone_msgs/_drone_msgs_s.ep.rosidl_typesupport_fastrtps_c.c
[4.983s] -- Up-to-date: /home/drone/drone_ws/install/drone_msgs/local/lib/python3.10/dist-packages/drone_msgs/libdrone_msgs__rosidl_generator_py.so
[5.157s] Listing '/home/drone/drone_ws/install/drone_msgs/local/lib/python3.10/dist-packages/drone_msgs'...
[5.161s] Listing '/home/drone/drone_ws/install/drone_msgs/local/lib/python3.10/dist-packages/drone_msgs/msg'...
[5.195s] -- Up-to-date: /home/drone/drone_ws/install/drone_msgs/local/lib/python3.10/dist-packages/drone_msgs/drone_msgs_s__rosidl_typesupport_fastrtps_c.cpython-310-aarch64-linux-gnu.so
[5.200s] -- Up-to-date: /home/drone/drone_ws/install/drone_msgs/local/lib/python3.10/dist-packages/drone_msgs/drone_msgs_s__rosidl_typesupport_introspection_c.cpython-310-aarch64-linux-gnu.so
[5.202s] -- Up-to-date: /home/drone/drone_ws/install/drone_msgs/local/lib/python3.10/dist-packages/drone_msgs/drone_msgs_s__rosidl_typesupport_c.cpython-310-aarch64-linux-gnu.so
[5.206s] -- Up-to-date: /home/drone/drone_ws/install/drone_msgs/lib/libdrone_msgs__rosidl_generator_py.so
[5.209s] -- Up-to-date: /home/drone/drone_ws/install/drone_msgs/share/ament_index/resource_index/rust_packages/drone_msgs
[5.212s] -- Up-to-date: /home/drone/drone_ws/install/drone_msgs/share/drone_msgs/rust
[5.215s] -- Up-to-date: /home/drone/drone_ws/install/drone_msgs/share/drone_msgs/rust/Cargo.toml
[5.218s] -- Up-to-date: /home/drone/drone_ws/install/drone_msgs/share/drone_msgs/rust/src
[5.221s] -- Up-to-date: /home/drone/drone_ws/install/drone_msgs/share/drone_msgs/rust/src/msg
[5.223s] -- Up-to-date: /home/drone/drone_ws/install/drone_msgs/share/drone_msgs/rust/src/msg/rmw.rs
[5.227s] -- Up-to-date: /home/drone/drone_ws/install/drone_msgs/share/drone_msgs/rust/src/msg.rs
[5.231s] -- Up-to-date: /home/drone/drone_ws/install/drone_msgs/share/drone_msgs/rust/src/lib.rs
[5.235s] -- Up-to-date: /home/drone/drone_ws/install/drone_msgs/share/drone_msgs/rust/build.rs
[5.239s] -- Up-to-date: /home/drone/drone_ws/install/drone_msgs/share/drone_msgs/msg/ArucoDetection.idl
[5.246s] -- Up-to-date: /home/drone/drone_ws/install/drone_msgs/share/drone_msgs/msg/ArucoDetectionArray.idl
[5.263s] -- Up-to-date: /home/drone/drone_ws/install/drone_msgs/share/drone_msgs/msg/MarkerPose.idl
[5.269s] -- Up-to-date: /home/drone/drone_ws/install/drone_msgs/share/drone_msgs/msg/MarkerPoseArray.idl
[5.274s] -- Up-to-date: /home/drone/drone_ws/install/drone_msgs/share/drone_msgs/msg/ArucoDetection.msg
[5.279s] -- Up-to-date: /home/drone/drone_ws/install/drone_msgs/share/drone_msgs/msg/ArucoDetectionArray.msg
[5.282s] -- Up-to-date: /home/drone/drone_ws/install/drone_msgs/share/drone_msgs/msg/MarkerPose.msg
[5.284s] -- Up-to-date: /home/drone/drone_ws/install/drone_msgs/share/drone_msgs/msg/MarkerPoseArray.msg
[5.291s] -- Up-to-date: /home/drone/drone_ws/install/drone_msgs/share/ament_index/resource_index/package_run_dependencies/drone_msgs
[5.293s] -- Up-to-date: /home/drone/drone_ws/install/drone_msgs/share/ament_index/resource_index/parent_prefix_path/drone_msgs
[5.295s] -- Up-to-date: /home/drone/drone_ws/install/drone_msgs/share/drone_msgs/environment/ament_prefix_path.sh
[5.297s] -- Up-to-date: /home/drone/drone_ws/install/drone_msgs/share/drone_msgs/environment/ament_prefix_path.dsv
[5.299s] -- Up-to-date: /home/drone/drone_ws/install/drone_msgs/share/drone_msgs/environment/path.sh
[5.304s] -- Up-to-date: /home/drone/drone_ws/install/drone_msgs/share/drone_msgs/environment/path.dsv
[5.306s] -- Up-to-date: /home/drone/drone_ws/install/drone_msgs/share/drone_msgs/local_setup.bash
[5.310s] -- Up-to-date: /home/drone/drone_ws/install/drone_msgs/share/drone_msgs/local_setup.sh
[5.312s] -- Up-to-date: /home/drone/drone_ws/install/drone_msgs/share/drone_msgs/local_setup.zsh
[5.318s] -- Up-to-date: /home/drone/drone_ws/install/drone_msgs/share/drone_msgs/local_setup.dsv
[5.319s] -- Installing: /home/drone/drone_ws/install/drone_msgs/share/drone_msgs/package.dsv
[5.321s] -- Up-to-date: /home/drone/drone_ws/install/drone_msgs/share/ament_index/resource_index/packages/drone_msgs
[5.325s] -- Up-to-date: /home/drone/drone_ws/install/drone_msgs/share/drone_msgs/cmake/export_drone_msgs__rosidl_generator_cExport.cmake
[5.327s] -- Up-to-date: /home/drone/drone_ws/install/drone_msgs/share/drone_msgs/cmake/export_drone_msgs__rosidl_generator_cExport-noconfig.cmake
[5.329s] -- Up-to-date: /home/drone/drone_ws/install/drone_msgs/share/drone_msgs/cmake/export_drone_msgs__rosidl_typesupport_fastrtps_cExport.cmake
[5.331s] -- Up-to-date: /home/drone/drone_ws/install/drone_msgs/share/drone_msgs/cmake/export_drone_msgs__rosidl_typesupport_fastrtps_cExport-noconfig.cmake
[5.341s] -- Up-to-date: /home/drone/drone_ws/install/drone_msgs/share/drone_msgs/cmake/drone_msgs__rosidl_typesupport_introspection_cExport.cmake
[5.342s] -- Up-to-date: /home/drone/drone_ws/install/drone_msgs/share/drone_msgs/cmake/drone_msgs__rosidl_typesupport_introspection_cExport-noconfig.cmake
[5.346s] -- Up-to-date: /home/drone/drone_ws/install/drone_msgs/share/drone_msgs/cmake/drone_msgs__rosidl_typesupport_cExport.cmake
[5.348s] -- Up-to-date: /home/drone/drone_ws/install/drone_msgs/share/drone_msgs/cmake/drone_msgs__rosidl_typesupport_cExport-noconfig.cmake
[5.351s] -- Up-to-date: /home/drone/drone_ws/install/drone_msgs/share/drone_msgs/cmake/export_drone_msgs__rosidl_generator_cppExport.cmake
[5.354s] -- Up-to-date: /home/drone/drone_ws/install/drone_msgs/share/drone_msgs/cmake/export_drone_msgs__rosidl_typesupport_fastrtps_cppExport.cmake
[5.358s] -- Up-to-date: /home/drone/drone_ws/install/drone_msgs/share/drone_msgs/cmake/export_drone_msgs__rosidl_typesupport_fastrtps_cppExport-noconfig.cmake
[5.360s] -- Up-to-date: /home/drone/drone_ws/install/drone_msgs/share/drone_msgs/cmake/drone_msgs__rosidl_typesupport_introspection_cppExport.cmake
[5.362s] -- Up-to-date: /home/drone/drone_ws/install/drone_msgs/share/drone_msgs/cmake/drone_msgs__rosidl_typesupport_introspection_cppExport-noconfig.cmake
[5.367s] -- Up-to-date: /home/drone/drone_ws/install/drone_msgs/share/drone_msgs/cmake/drone_msgs__rosidl_typesupport_cppExport.cmake
[5.371s] -- Up-to-date: /home/drone/drone_ws/install/drone_msgs/share/drone_msgs/cmake/drone_msgs__rosidl_typesupport_cppExport-noconfig.cmake
[5.373s] -- Up-to-date: /home/drone/drone_ws/install/drone_msgs/share/drone_msgs/cmake/export_drone_msgs__rosidl_generator_pyExport.cmake
[5.375s] -- Up-to-date: /home/drone/drone_ws/install/drone_msgs/share/drone_msgs/cmake/export_drone_msgs__rosidl_generator_pyExport-noconfig.cmake
[5.379s] -- Up-to-date: /home/drone/drone_ws/install/drone_msgs/share/drone_msgs/cmake/rosidl_cmake-extras.cmake
[5.381s] -- Up-to-date: /home/drone/drone_ws/install/drone_msgs/share/drone_msgs/cmake/ament_cmake_export_dependencies-extras.cmake
[5.385s] -- Up-to-date: /home/drone/drone_ws/install/drone_msgs/share/drone_msgs/cmake/ament_cmake_export_include_directories-extras.cmake
[5.387s] -- Up-to-date: /home/drone/drone_ws/install/drone_msgs/share/drone_msgs/cmake/ament_cmake_export_libraries-extras.cmake
[5.388s] -- Up-to-date: /home/drone/drone_ws/install/drone_msgs/share/drone_msgs/cmake/ament_cmake_export_targets-extras.cmake
[5.390s] -- Up-to-date: /home/drone/drone_ws/install/drone_msgs/share/drone_msgs/cmake/rosidl_cmake_export_typesupport_targets-extras.cmake
[5.392s] -- Up-to-date: /home/drone/drone_ws/install/drone_msgs/share/drone_msgs/cmake/rosidl_cmake_export_typesupport_libraries-extras.cmake
[5.394s] -- Up-to-date: /home/drone/drone_ws/install/drone_msgs/share/drone_msgs/cmake/drone_msgsConfig.cmake
[5.407s] -- Up-to-date: /home/drone/drone_ws/install/drone_msgs/share/drone_msgs/cmake/drone_msgsConfig-version.cmake
[5.408s] -- Up-to-date: /home/drone/drone_ws/install/drone_msgs/share/drone_msgs/package.xml
[5.409s] Invoked command in '/home/drone/drone_ws/build/drone_msgs' returned '0': CMAKE_PREFIX_PATH=/opt/ros/humble /usr/bin/cmake --install /home/drone/drone_ws/build/drone_msgs
