[8.977s] Invoking command in '/home/drone/drone_ws/src/global_position_node': PYTHONPATH=/home/drone/drone_ws/build/global_position_node/prefix_override:/usr/lib/python3/dist-packages/colcon_core/task/python/colcon_distutils_commands:/home/drone/drone_ws/install/global_position_node/lib/python3.10/site-packages:${PYTHONPATH} /usr/bin/python3 -W ignore:setup.py install is deprecated -W ignore:easy_install command is deprecated setup.py egg_info --egg-base ../../build/global_position_node build --build-base /home/drone/drone_ws/build/global_position_node/build install --record /home/drone/drone_ws/build/global_position_node/install.log --single-version-externally-managed install_data
[10.690s] running egg_info
[10.693s] writing ../../build/global_position_node/global_position_node.egg-info/PKG-INFO
[10.702s] writing dependency_links to ../../build/global_position_node/global_position_node.egg-info/dependency_links.txt
[10.705s] writing entry points to ../../build/global_position_node/global_position_node.egg-info/entry_points.txt
[10.711s] writing requirements to ../../build/global_position_node/global_position_node.egg-info/requires.txt
[10.714s] writing top-level names to ../../build/global_position_node/global_position_node.egg-info/top_level.txt
[10.717s] reading manifest file '../../build/global_position_node/global_position_node.egg-info/SOURCES.txt'
[10.727s] writing manifest file '../../build/global_position_node/global_position_node.egg-info/SOURCES.txt'
[10.731s] running build
[10.734s] running build_py
[10.737s] copying global_position_node/global_position.py -> /home/drone/drone_ws/build/global_position_node/build/lib/global_position_node
[10.740s] running install
[10.747s] running install_lib
[10.757s] copying /home/drone/drone_ws/build/global_position_node/build/lib/global_position_node/global_position.py -> /home/drone/drone_ws/install/global_position_node/lib/python3.10/site-packages/global_position_node
[10.771s] byte-compiling /home/drone/drone_ws/install/global_position_node/lib/python3.10/site-packages/global_position_node/global_position.py to global_position.cpython-310.pyc
[10.773s] running install_data
[10.779s] running install_egg_info
[10.781s] removing '/home/drone/drone_ws/install/global_position_node/lib/python3.10/site-packages/global_position_node-0.0.0-py3.10.egg-info' (and everything under it)
[10.782s] Copying ../../build/global_position_node/global_position_node.egg-info to /home/drone/drone_ws/install/global_position_node/lib/python3.10/site-packages/global_position_node-0.0.0-py3.10.egg-info
[10.789s] running install_scripts
[10.924s] Installing global_position script to /home/drone/drone_ws/install/global_position_node/lib/global_position_node
[10.931s] writing list of installed files to '/home/drone/drone_ws/build/global_position_node/install.log'
[11.150s] Invoked command in '/home/drone/drone_ws/src/global_position_node' returned '0': PYTHONPATH=/home/drone/drone_ws/build/global_position_node/prefix_override:/usr/lib/python3/dist-packages/colcon_core/task/python/colcon_distutils_commands:/home/drone/drone_ws/install/global_position_node/lib/python3.10/site-packages:${PYTHONPATH} /usr/bin/python3 -W ignore:setup.py install is deprecated -W ignore:easy_install command is deprecated setup.py egg_info --egg-base ../../build/global_position_node build --build-base /home/drone/drone_ws/build/global_position_node/build install --record /home/drone/drone_ws/build/global_position_node/install.log --single-version-externally-managed install_data
