[7.828s] Invoking command in '/home/drone/drone_ws/src/px4': PYTHONPATH=/home/drone/drone_ws/build/px4/prefix_override:/usr/lib/python3/dist-packages/colcon_core/task/python/colcon_distutils_commands:/home/drone/drone_ws/install/px4/lib/python3.10/site-packages:${PYTHONPATH} /usr/bin/python3 -W ignore:setup.py install is deprecated -W ignore:easy_install command is deprecated setup.py egg_info --egg-base ../../build/px4 build --build-base /home/drone/drone_ws/build/px4/build install --record /home/drone/drone_ws/build/px4/install.log --single-version-externally-managed install_data
[9.754s] running egg_info
[9.757s] writing ../../build/px4/px4.egg-info/PKG-INFO
[9.760s] writing dependency_links to ../../build/px4/px4.egg-info/dependency_links.txt
[9.763s] writing entry points to ../../build/px4/px4.egg-info/entry_points.txt
[9.766s] writing requirements to ../../build/px4/px4.egg-info/requires.txt
[9.769s] writing top-level names to ../../build/px4/px4.egg-info/top_level.txt
[9.773s] reading manifest file '../../build/px4/px4.egg-info/SOURCES.txt'
[9.784s] writing manifest file '../../build/px4/px4.egg-info/SOURCES.txt'
[9.787s] running build
[9.789s] running build_py
[9.792s] running install
[9.794s] running install_lib
[9.797s] running install_data
[9.800s] running install_egg_info
[9.814s] removing '/home/drone/drone_ws/install/px4/lib/python3.10/site-packages/px4-0.0.0-py3.10.egg-info' (and everything under it)
[9.818s] Copying ../../build/px4/px4.egg-info to /home/drone/drone_ws/install/px4/lib/python3.10/site-packages/px4-0.0.0-py3.10.egg-info
[9.819s] running install_scripts
[9.924s] Installing px4 script to /home/drone/drone_ws/install/px4/lib/px4
[9.929s] writing list of installed files to '/home/drone/drone_ws/build/px4/install.log'
[10.131s] Invoked command in '/home/drone/drone_ws/src/px4' returned '0': PYTHONPATH=/home/drone/drone_ws/build/px4/prefix_override:/usr/lib/python3/dist-packages/colcon_core/task/python/colcon_distutils_commands:/home/drone/drone_ws/install/px4/lib/python3.10/site-packages:${PYTHONPATH} /usr/bin/python3 -W ignore:setup.py install is deprecated -W ignore:easy_install command is deprecated setup.py egg_info --egg-base ../../build/px4 build --build-base /home/drone/drone_ws/build/px4/build install --record /home/drone/drone_ws/build/px4/install.log --single-version-externally-managed install_data
