[7.706s] Invoking command in '/home/drone/drone_ws/src/aruco_detector': PYTHONPATH=/home/drone/drone_ws/build/aruco_detector_node/prefix_override:/usr/lib/python3/dist-packages/colcon_core/task/python/colcon_distutils_commands:/home/drone/drone_ws/install/aruco_detector_node/lib/python3.10/site-packages:${PYTHONPATH} /usr/bin/python3 -W ignore:setup.py install is deprecated -W ignore:easy_install command is deprecated setup.py egg_info --egg-base ../../build/aruco_detector_node build --build-base /home/drone/drone_ws/build/aruco_detector_node/build install --record /home/drone/drone_ws/build/aruco_detector_node/install.log --single-version-externally-managed install_data
[9.429s] running egg_info
[9.435s] writing ../../build/aruco_detector_node/aruco_detector.egg-info/PKG-INFO
[9.438s] writing dependency_links to ../../build/aruco_detector_node/aruco_detector.egg-info/dependency_links.txt
[9.442s] writing entry points to ../../build/aruco_detector_node/aruco_detector.egg-info/entry_points.txt
[9.444s] writing requirements to ../../build/aruco_detector_node/aruco_detector.egg-info/requires.txt
[9.448s] writing top-level names to ../../build/aruco_detector_node/aruco_detector.egg-info/top_level.txt
[9.462s] reading manifest file '../../build/aruco_detector_node/aruco_detector.egg-info/SOURCES.txt'
[9.489s] writing manifest file '../../build/aruco_detector_node/aruco_detector.egg-info/SOURCES.txt'
[9.491s] running build
[9.495s] running build_py
[9.502s] running install
[9.509s] running install_lib
[9.527s] running install_data
[9.529s] running install_egg_info
[9.545s] removing '/home/drone/drone_ws/install/aruco_detector_node/lib/python3.10/site-packages/aruco_detector-0.0.0-py3.10.egg-info' (and everything under it)
[9.550s] Copying ../../build/aruco_detector_node/aruco_detector.egg-info to /home/drone/drone_ws/install/aruco_detector_node/lib/python3.10/site-packages/aruco_detector-0.0.0-py3.10.egg-info
[9.565s] running install_scripts
[9.734s] Installing aruco_detector script to /home/drone/drone_ws/install/aruco_detector_node/lib/aruco_detector
[9.742s] writing list of installed files to '/home/drone/drone_ws/build/aruco_detector_node/install.log'
[10.056s] Invoked command in '/home/drone/drone_ws/src/aruco_detector' returned '0': PYTHONPATH=/home/drone/drone_ws/build/aruco_detector_node/prefix_override:/usr/lib/python3/dist-packages/colcon_core/task/python/colcon_distutils_commands:/home/drone/drone_ws/install/aruco_detector_node/lib/python3.10/site-packages:${PYTHONPATH} /usr/bin/python3 -W ignore:setup.py install is deprecated -W ignore:easy_install command is deprecated setup.py egg_info --egg-base ../../build/aruco_detector_node build --build-base /home/drone/drone_ws/build/aruco_detector_node/build install --record /home/drone/drone_ws/build/aruco_detector_node/install.log --single-version-externally-managed install_data
