[7.869s] Invoking command in '/home/drone/drone_ws/src/project_start': PYTHONPATH=/home/drone/drone_ws/build/project_start/prefix_override:/usr/lib/python3/dist-packages/colcon_core/task/python/colcon_distutils_commands:/home/drone/drone_ws/install/project_start/lib/python3.10/site-packages:${PYTHONPATH} /usr/bin/python3 -W ignore:setup.py install is deprecated -W ignore:easy_install command is deprecated setup.py egg_info --egg-base ../../build/project_start build --build-base /home/drone/drone_ws/build/project_start/build install --record /home/drone/drone_ws/build/project_start/install.log --single-version-externally-managed install_data
[9.610s] running egg_info
[9.614s] writing ../../build/project_start/project_start.egg-info/PKG-INFO
[9.618s] writing dependency_links to ../../build/project_start/project_start.egg-info/dependency_links.txt
[9.621s] writing entry points to ../../build/project_start/project_start.egg-info/entry_points.txt
[9.624s] writing requirements to ../../build/project_start/project_start.egg-info/requires.txt
[9.627s] writing top-level names to ../../build/project_start/project_start.egg-info/top_level.txt
[9.630s] reading manifest file '../../build/project_start/project_start.egg-info/SOURCES.txt'
[9.639s] writing manifest file '../../build/project_start/project_start.egg-info/SOURCES.txt'
[9.642s] running build
[9.645s] running build_py
[9.649s] running install
[9.650s] running install_lib
[9.651s] running install_data
[9.651s] running install_egg_info
[9.659s] removing '/home/drone/drone_ws/install/project_start/lib/python3.10/site-packages/project_start-0.0.0-py3.10.egg-info' (and everything under it)
[9.661s] Copying ../../build/project_start/project_start.egg-info to /home/drone/drone_ws/install/project_start/lib/python3.10/site-packages/project_start-0.0.0-py3.10.egg-info
[9.671s] running install_scripts
[9.778s] writing list of installed files to '/home/drone/drone_ws/build/project_start/install.log'
[9.987s] Invoked command in '/home/drone/drone_ws/src/project_start' returned '0': PYTHONPATH=/home/drone/drone_ws/build/project_start/prefix_override:/usr/lib/python3/dist-packages/colcon_core/task/python/colcon_distutils_commands:/home/drone/drone_ws/install/project_start/lib/python3.10/site-packages:${PYTHONPATH} /usr/bin/python3 -W ignore:setup.py install is deprecated -W ignore:easy_install command is deprecated setup.py egg_info --egg-base ../../build/project_start build --build-base /home/drone/drone_ws/build/project_start/build install --record /home/drone/drone_ws/build/project_start/install.log --single-version-externally-managed install_data
