[5.163s] Invoking command in '/home/drone/drone_ws/src/px4': PYTHONPATH=/home/drone/drone_ws/build/px4/prefix_override:/usr/lib/python3/dist-packages/colcon_core/task/python/colcon_distutils_commands:/home/drone/drone_ws/install/px4/lib/python3.10/site-packages:${PYTHONPATH} /usr/bin/python3 -W ignore:setup.py install is deprecated -W ignore:easy_install command is deprecated setup.py egg_info --egg-base ../../build/px4 build --build-base /home/drone/drone_ws/build/px4/build install --record /home/drone/drone_ws/build/px4/install.log --single-version-externally-managed install_data
[6.538s] running egg_info
[6.542s] writing ../../build/px4/px4.egg-info/PKG-INFO
[6.549s] writing dependency_links to ../../build/px4/px4.egg-info/dependency_links.txt
[6.550s] writing entry points to ../../build/px4/px4.egg-info/entry_points.txt
[6.550s] writing requirements to ../../build/px4/px4.egg-info/requires.txt
[6.551s] writing top-level names to ../../build/px4/px4.egg-info/top_level.txt
[6.560s] reading manifest file '../../build/px4/px4.egg-info/SOURCES.txt'
[6.572s] writing manifest file '../../build/px4/px4.egg-info/SOURCES.txt'
[6.578s] running build
[6.578s] running build_py
[6.579s] running install
[6.583s] running install_lib
[6.589s] running install_data
[6.589s] running install_egg_info
[6.596s] removing '/home/drone/drone_ws/install/px4/lib/python3.10/site-packages/px4-0.0.0-py3.10.egg-info' (and everything under it)
[6.600s] Copying ../../build/px4/px4.egg-info to /home/drone/drone_ws/install/px4/lib/python3.10/site-packages/px4-0.0.0-py3.10.egg-info
[6.608s] running install_scripts
[6.701s] Installing px4 script to /home/drone/drone_ws/install/px4/lib/px4
[6.703s] writing list of installed files to '/home/drone/drone_ws/build/px4/install.log'
[6.900s] Invoked command in '/home/drone/drone_ws/src/px4' returned '0': PYTHONPATH=/home/drone/drone_ws/build/px4/prefix_override:/usr/lib/python3/dist-packages/colcon_core/task/python/colcon_distutils_commands:/home/drone/drone_ws/install/px4/lib/python3.10/site-packages:${PYTHONPATH} /usr/bin/python3 -W ignore:setup.py install is deprecated -W ignore:easy_install command is deprecated setup.py egg_info --egg-base ../../build/px4 build --build-base /home/drone/drone_ws/build/px4/build install --record /home/drone/drone_ws/build/px4/install.log --single-version-externally-managed install_data
