[0.194s] Invoking command in '/home/drone/drone_ws/build/drone_msgs': CMAKE_PREFIX_PATH=${CMAKE_PREFIX_PATH}:/home/drone/drone_ws/install/rangefinder:/home/drone/drone_ws/install/px4:/home/drone/drone_ws/install/project_start:/home/drone/drone_ws/install/position_fusion_node:/home/drone/drone_ws/install/marker_pose_estimator_node:/home/drone/drone_ws/install/image_preprocessor_node:/home/drone/drone_ws/install/global_position_node:/home/drone/drone_ws/install/drone_utils:/home/drone/drone_ws/install/drone_untils:/home/drone/drone_ws/install/camera_info_checker:/home/drone/drone_ws/install/camera_calibration:/home/drone/drone_ws/install/aruco_detector_node:/home/drone/drone_ws/install/altitude:/opt/ros/humble /usr/bin/cmake --build /home/drone/drone_ws/build/drone_msgs -- -j4 -l4
[3.856s] [  1%] Built target drone_msgs__rs
[3.858s] [ 12%] Built target drone_msgs__rosidl_generator_c
[3.861s] [ 14%] Built target drone_msgs__cpp
[3.862s] [ 14%] Built target ament_cmake_python_copy_drone_msgs
[3.863s] [ 25%] Built target drone_msgs__rosidl_typesupport_fastrtps_c
[3.865s] [ 35%] Built target drone_msgs__rosidl_typesupport_introspection_c
[3.866s] [ 46%] Built target drone_msgs__rosidl_typesupport_c
[3.870s] [ 57%] Built target drone_msgs__rosidl_typesupport_fastrtps_cpp
[3.871s] [ 67%] Built target drone_msgs__rosidl_typesupport_introspection_cpp
[3.872s] [ 78%] Built target drone_msgs__rosidl_typesupport_cpp
[3.872s] [ 78%] Built target drone_msgs
[3.873s] [ 80%] Built target drone_msgs__py
[3.873s] [ 89%] Built target drone_msgs__rosidl_generator_py
[3.874s] [ 92%] Built target drone_msgs__rosidl_typesupport_fastrtps_c__pyext
[3.875s] [ 96%] Built target drone_msgs__rosidl_typesupport_introspection_c__pyext
[3.876s] [100%] Built target drone_msgs__rosidl_typesupport_c__pyext
[3.876s] running egg_info
[3.877s] writing drone_msgs.egg-info/PKG-INFO
[3.877s] writing dependency_links to drone_msgs.egg-info/dependency_links.txt
[3.878s] writing top-level names to drone_msgs.egg-info/top_level.txt
[3.878s] reading manifest file 'drone_msgs.egg-info/SOURCES.txt'
[3.878s] writing manifest file 'drone_msgs.egg-info/SOURCES.txt'
[3.879s] [100%] Built target ament_cmake_python_build_drone_msgs_egg
[5.278s] Invoked command in '/home/drone/drone_ws/build/drone_msgs' returned '0': CMAKE_PREFIX_PATH=${CMAKE_PREFIX_PATH}:/home/drone/drone_ws/install/rangefinder:/home/drone/drone_ws/install/px4:/home/drone/drone_ws/install/project_start:/home/drone/drone_ws/install/position_fusion_node:/home/drone/drone_ws/install/marker_pose_estimator_node:/home/drone/drone_ws/install/image_preprocessor_node:/home/drone/drone_ws/install/global_position_node:/home/drone/drone_ws/install/drone_utils:/home/drone/drone_ws/install/drone_untils:/home/drone/drone_ws/install/camera_info_checker:/home/drone/drone_ws/install/camera_calibration:/home/drone/drone_ws/install/aruco_detector_node:/home/drone/drone_ws/install/altitude:/opt/ros/humble /usr/bin/cmake --build /home/drone/drone_ws/build/drone_msgs -- -j4 -l4
[5.321s] Invoking command in '/home/drone/drone_ws/build/drone_msgs': CMAKE_PREFIX_PATH=${CMAKE_PREFIX_PATH}:/home/drone/drone_ws/install/rangefinder:/home/drone/drone_ws/install/px4:/home/drone/drone_ws/install/project_start:/home/drone/drone_ws/install/position_fusion_node:/home/drone/drone_ws/install/marker_pose_estimator_node:/home/drone/drone_ws/install/image_preprocessor_node:/home/drone/drone_ws/install/global_position_node:/home/drone/drone_ws/install/drone_utils:/home/drone/drone_ws/install/drone_untils:/home/drone/drone_ws/install/camera_info_checker:/home/drone/drone_ws/install/camera_calibration:/home/drone/drone_ws/install/aruco_detector_node:/home/drone/drone_ws/install/altitude:/opt/ros/humble /usr/bin/cmake --install /home/drone/drone_ws/build/drone_msgs
[5.362s] -- Install configuration: ""
[5.362s] -- Up-to-date: /home/drone/drone_ws/install/drone_msgs/share/ament_index/resource_index/rosidl_interfaces/drone_msgs
[5.363s] -- Up-to-date: /home/drone/drone_ws/install/drone_msgs/include/drone_msgs/drone_msgs
[5.364s] -- Up-to-date: /home/drone/drone_ws/install/drone_msgs/include/drone_msgs/drone_msgs/msg
[5.364s] -- Up-to-date: /home/drone/drone_ws/install/drone_msgs/include/drone_msgs/drone_msgs/msg/aruco_detection_array.h
[5.367s] -- Up-to-date: /home/drone/drone_ws/install/drone_msgs/include/drone_msgs/drone_msgs/msg/aruco_detection.h
[5.368s] -- Up-to-date: /home/drone/drone_ws/install/drone_msgs/include/drone_msgs/drone_msgs/msg/rosidl_generator_c__visibility_control.h
[5.372s] -- Up-to-date: /home/drone/drone_ws/install/drone_msgs/include/drone_msgs/drone_msgs/msg/marker_pose.h
[5.373s] -- Up-to-date: /home/drone/drone_ws/install/drone_msgs/include/drone_msgs/drone_msgs/msg/detail
[5.379s] -- Up-to-date: /home/drone/drone_ws/install/drone_msgs/include/drone_msgs/drone_msgs/msg/detail/aruco_detection__functions.h
[5.385s] -- Up-to-date: /home/drone/drone_ws/install/drone_msgs/include/drone_msgs/drone_msgs/msg/detail/aruco_detection__struct.h
[5.388s] -- Up-to-date: /home/drone/drone_ws/install/drone_msgs/include/drone_msgs/drone_msgs/msg/detail/marker_pose_array__functions.h
[5.389s] -- Up-to-date: /home/drone/drone_ws/install/drone_msgs/include/drone_msgs/drone_msgs/msg/detail/aruco_detection_array__type_support.h
[5.391s] -- Up-to-date: /home/drone/drone_ws/install/drone_msgs/include/drone_msgs/drone_msgs/msg/detail/aruco_detection_array__struct.h
[5.393s] -- Up-to-date: /home/drone/drone_ws/install/drone_msgs/include/drone_msgs/drone_msgs/msg/detail/aruco_detection__functions.c
[5.394s] -- Up-to-date: /home/drone/drone_ws/install/drone_msgs/include/drone_msgs/drone_msgs/msg/detail/marker_pose_array__functions.c
[5.399s] -- Up-to-date: /home/drone/drone_ws/install/drone_msgs/include/drone_msgs/drone_msgs/msg/detail/marker_pose__functions.h
[5.403s] -- Up-to-date: /home/drone/drone_ws/install/drone_msgs/include/drone_msgs/drone_msgs/msg/detail/aruco_detection__type_support.h
[5.408s] -- Up-to-date: /home/drone/drone_ws/install/drone_msgs/include/drone_msgs/drone_msgs/msg/detail/aruco_detection_array__functions.c
[5.413s] -- Up-to-date: /home/drone/drone_ws/install/drone_msgs/include/drone_msgs/drone_msgs/msg/detail/marker_pose__struct.h
[5.416s] -- Up-to-date: /home/drone/drone_ws/install/drone_msgs/include/drone_msgs/drone_msgs/msg/detail/aruco_detection_array__functions.h
[5.421s] -- Up-to-date: /home/drone/drone_ws/install/drone_msgs/include/drone_msgs/drone_msgs/msg/detail/marker_pose__type_support.h
[5.425s] -- Up-to-date: /home/drone/drone_ws/install/drone_msgs/include/drone_msgs/drone_msgs/msg/detail/marker_pose__functions.c
[5.429s] -- Up-to-date: /home/drone/drone_ws/install/drone_msgs/include/drone_msgs/drone_msgs/msg/detail/marker_pose_array__struct.h
[5.438s] -- Up-to-date: /home/drone/drone_ws/install/drone_msgs/include/drone_msgs/drone_msgs/msg/detail/marker_pose_array__type_support.h
[5.442s] -- Up-to-date: /home/drone/drone_ws/install/drone_msgs/include/drone_msgs/drone_msgs/msg/marker_pose_array.h
[5.451s] -- Up-to-date: /home/drone/drone_ws/install/drone_msgs/share/drone_msgs/environment/library_path.sh
[5.455s] -- Up-to-date: /home/drone/drone_ws/install/drone_msgs/share/drone_msgs/environment/library_path.dsv
[5.458s] -- Up-to-date: /home/drone/drone_ws/install/drone_msgs/lib/libdrone_msgs__rosidl_generator_c.so
[5.462s] -- Up-to-date: /home/drone/drone_ws/install/drone_msgs/include/drone_msgs/drone_msgs
[5.466s] -- Up-to-date: /home/drone/drone_ws/install/drone_msgs/include/drone_msgs/drone_msgs/msg
[5.471s] -- Up-to-date: /home/drone/drone_ws/install/drone_msgs/include/drone_msgs/drone_msgs/msg/detail
[5.472s] -- Up-to-date: /home/drone/drone_ws/install/drone_msgs/include/drone_msgs/drone_msgs/msg/detail/aruco_detection_array__rosidl_typesupport_fastrtps_c.h
[5.472s] -- Up-to-date: /home/drone/drone_ws/install/drone_msgs/include/drone_msgs/drone_msgs/msg/detail/marker_pose_array__rosidl_typesupport_fastrtps_c.h
[5.473s] -- Up-to-date: /home/drone/drone_ws/install/drone_msgs/include/drone_msgs/drone_msgs/msg/detail/marker_pose__rosidl_typesupport_fastrtps_c.h
[5.473s] -- Up-to-date: /home/drone/drone_ws/install/drone_msgs/include/drone_msgs/drone_msgs/msg/detail/aruco_detection__rosidl_typesupport_fastrtps_c.h
[5.474s] -- Up-to-date: /home/drone/drone_ws/install/drone_msgs/include/drone_msgs/drone_msgs/msg/rosidl_typesupport_fastrtps_c__visibility_control.h
[5.474s] -- Up-to-date: /home/drone/drone_ws/install/drone_msgs/lib/libdrone_msgs__rosidl_typesupport_fastrtps_c.so
[5.478s] -- Up-to-date: /home/drone/drone_ws/install/drone_msgs/include/drone_msgs/drone_msgs
[5.479s] -- Up-to-date: /home/drone/drone_ws/install/drone_msgs/include/drone_msgs/drone_msgs/msg
[5.487s] -- Up-to-date: /home/drone/drone_ws/install/drone_msgs/include/drone_msgs/drone_msgs/msg/detail
[5.488s] -- Up-to-date: /home/drone/drone_ws/install/drone_msgs/include/drone_msgs/drone_msgs/msg/detail/aruco_detection_array__type_support.c
[5.488s] -- Up-to-date: /home/drone/drone_ws/install/drone_msgs/include/drone_msgs/drone_msgs/msg/detail/marker_pose__rosidl_typesupport_introspection_c.h
[5.489s] -- Up-to-date: /home/drone/drone_ws/install/drone_msgs/include/drone_msgs/drone_msgs/msg/detail/aruco_detection__rosidl_typesupport_introspection_c.h
[5.489s] -- Up-to-date: /home/drone/drone_ws/install/drone_msgs/include/drone_msgs/drone_msgs/msg/detail/marker_pose__type_support.c
[5.489s] -- Up-to-date: /home/drone/drone_ws/install/drone_msgs/include/drone_msgs/drone_msgs/msg/detail/aruco_detection__type_support.c
[5.490s] -- Up-to-date: /home/drone/drone_ws/install/drone_msgs/include/drone_msgs/drone_msgs/msg/detail/aruco_detection_array__rosidl_typesupport_introspection_c.h
[5.490s] -- Up-to-date: /home/drone/drone_ws/install/drone_msgs/include/drone_msgs/drone_msgs/msg/detail/marker_pose_array__type_support.c
[5.490s] -- Up-to-date: /home/drone/drone_ws/install/drone_msgs/include/drone_msgs/drone_msgs/msg/detail/marker_pose_array__rosidl_typesupport_introspection_c.h
[5.490s] -- Up-to-date: /home/drone/drone_ws/install/drone_msgs/include/drone_msgs/drone_msgs/msg/rosidl_typesupport_introspection_c__visibility_control.h
[5.491s] -- Up-to-date: /home/drone/drone_ws/install/drone_msgs/lib/libdrone_msgs__rosidl_typesupport_introspection_c.so
[5.491s] -- Up-to-date: /home/drone/drone_ws/install/drone_msgs/lib/libdrone_msgs__rosidl_typesupport_c.so
[5.495s] -- Up-to-date: /home/drone/drone_ws/install/drone_msgs/include/drone_msgs/drone_msgs
[5.496s] -- Up-to-date: /home/drone/drone_ws/install/drone_msgs/include/drone_msgs/drone_msgs/msg
[5.497s] -- Up-to-date: /home/drone/drone_ws/install/drone_msgs/include/drone_msgs/drone_msgs/msg/rosidl_generator_cpp__visibility_control.hpp
[5.500s] -- Up-to-date: /home/drone/drone_ws/install/drone_msgs/include/drone_msgs/drone_msgs/msg/marker_pose.hpp
[5.501s] -- Up-to-date: /home/drone/drone_ws/install/drone_msgs/include/drone_msgs/drone_msgs/msg/detail
[5.501s] -- Up-to-date: /home/drone/drone_ws/install/drone_msgs/include/drone_msgs/drone_msgs/msg/detail/marker_pose__builder.hpp
[5.515s] -- Up-to-date: /home/drone/drone_ws/install/drone_msgs/include/drone_msgs/drone_msgs/msg/detail/marker_pose_array__builder.hpp
[5.516s] -- Up-to-date: /home/drone/drone_ws/install/drone_msgs/include/drone_msgs/drone_msgs/msg/detail/aruco_detection_array__traits.hpp
[5.517s] -- Up-to-date: /home/drone/drone_ws/install/drone_msgs/include/drone_msgs/drone_msgs/msg/detail/marker_pose__traits.hpp
[5.517s] -- Up-to-date: /home/drone/drone_ws/install/drone_msgs/include/drone_msgs/drone_msgs/msg/detail/marker_pose__type_support.hpp
[5.518s] -- Up-to-date: /home/drone/drone_ws/install/drone_msgs/include/drone_msgs/drone_msgs/msg/detail/aruco_detection_array__struct.hpp
[5.518s] -- Up-to-date: /home/drone/drone_ws/install/drone_msgs/include/drone_msgs/drone_msgs/msg/detail/marker_pose_array__type_support.hpp
[5.519s] -- Up-to-date: /home/drone/drone_ws/install/drone_msgs/include/drone_msgs/drone_msgs/msg/detail/marker_pose_array__struct.hpp
[5.519s] -- Up-to-date: /home/drone/drone_ws/install/drone_msgs/include/drone_msgs/drone_msgs/msg/detail/aruco_detection_array__type_support.hpp
[5.520s] -- Up-to-date: /home/drone/drone_ws/install/drone_msgs/include/drone_msgs/drone_msgs/msg/detail/aruco_detection__struct.hpp
[5.520s] -- Up-to-date: /home/drone/drone_ws/install/drone_msgs/include/drone_msgs/drone_msgs/msg/detail/aruco_detection_array__builder.hpp
[5.521s] -- Up-to-date: /home/drone/drone_ws/install/drone_msgs/include/drone_msgs/drone_msgs/msg/detail/marker_pose_array__traits.hpp
[5.521s] -- Up-to-date: /home/drone/drone_ws/install/drone_msgs/include/drone_msgs/drone_msgs/msg/detail/aruco_detection__traits.hpp
[5.522s] -- Up-to-date: /home/drone/drone_ws/install/drone_msgs/include/drone_msgs/drone_msgs/msg/detail/aruco_detection__builder.hpp
[5.522s] -- Up-to-date: /home/drone/drone_ws/install/drone_msgs/include/drone_msgs/drone_msgs/msg/detail/marker_pose__struct.hpp
[5.523s] -- Up-to-date: /home/drone/drone_ws/install/drone_msgs/include/drone_msgs/drone_msgs/msg/detail/aruco_detection__type_support.hpp
[5.527s] -- Up-to-date: /home/drone/drone_ws/install/drone_msgs/include/drone_msgs/drone_msgs/msg/aruco_detection.hpp
[5.528s] -- Up-to-date: /home/drone/drone_ws/install/drone_msgs/include/drone_msgs/drone_msgs/msg/marker_pose_array.hpp
[5.528s] -- Up-to-date: /home/drone/drone_ws/install/drone_msgs/include/drone_msgs/drone_msgs/msg/aruco_detection_array.hpp
[5.529s] -- Up-to-date: /home/drone/drone_ws/install/drone_msgs/include/drone_msgs/drone_msgs
[5.529s] -- Up-to-date: /home/drone/drone_ws/install/drone_msgs/include/drone_msgs/drone_msgs/msg
[5.530s] -- Up-to-date: /home/drone/drone_ws/install/drone_msgs/include/drone_msgs/drone_msgs/msg/rosidl_typesupport_fastrtps_cpp__visibility_control.h
[5.530s] -- Up-to-date: /home/drone/drone_ws/install/drone_msgs/include/drone_msgs/drone_msgs/msg/detail
[5.531s] -- Up-to-date: /home/drone/drone_ws/install/drone_msgs/include/drone_msgs/drone_msgs/msg/detail/aruco_detection__rosidl_typesupport_fastrtps_cpp.hpp
[5.531s] -- Up-to-date: /home/drone/drone_ws/install/drone_msgs/include/drone_msgs/drone_msgs/msg/detail/dds_fastrtps
[5.532s] -- Up-to-date: /home/drone/drone_ws/install/drone_msgs/include/drone_msgs/drone_msgs/msg/detail/marker_pose__rosidl_typesupport_fastrtps_cpp.hpp
[5.532s] -- Up-to-date: /home/drone/drone_ws/install/drone_msgs/include/drone_msgs/drone_msgs/msg/detail/marker_pose_array__rosidl_typesupport_fastrtps_cpp.hpp
[5.533s] -- Up-to-date: /home/drone/drone_ws/install/drone_msgs/include/drone_msgs/drone_msgs/msg/detail/aruco_detection_array__rosidl_typesupport_fastrtps_cpp.hpp
[5.533s] -- Up-to-date: /home/drone/drone_ws/install/drone_msgs/lib/libdrone_msgs__rosidl_typesupport_fastrtps_cpp.so
[5.538s] -- Up-to-date: /home/drone/drone_ws/install/drone_msgs/include/drone_msgs/drone_msgs
[5.539s] -- Up-to-date: /home/drone/drone_ws/install/drone_msgs/include/drone_msgs/drone_msgs/msg
[5.540s] -- Up-to-date: /home/drone/drone_ws/install/drone_msgs/include/drone_msgs/drone_msgs/msg/detail
[5.551s] -- Up-to-date: /home/drone/drone_ws/install/drone_msgs/include/drone_msgs/drone_msgs/msg/detail/aruco_detection__rosidl_typesupport_introspection_cpp.hpp
[5.552s] -- Up-to-date: /home/drone/drone_ws/install/drone_msgs/include/drone_msgs/drone_msgs/msg/detail/marker_pose__rosidl_typesupport_introspection_cpp.hpp
[5.553s] -- Up-to-date: /home/drone/drone_ws/install/drone_msgs/include/drone_msgs/drone_msgs/msg/detail/aruco_detection_array__type_support.cpp
[5.553s] -- Up-to-date: /home/drone/drone_ws/install/drone_msgs/include/drone_msgs/drone_msgs/msg/detail/marker_pose_array__rosidl_typesupport_introspection_cpp.hpp
[5.554s] -- Up-to-date: /home/drone/drone_ws/install/drone_msgs/include/drone_msgs/drone_msgs/msg/detail/aruco_detection__type_support.cpp
[5.554s] -- Up-to-date: /home/drone/drone_ws/install/drone_msgs/include/drone_msgs/drone_msgs/msg/detail/aruco_detection_array__rosidl_typesupport_introspection_cpp.hpp
[5.555s] -- Up-to-date: /home/drone/drone_ws/install/drone_msgs/include/drone_msgs/drone_msgs/msg/detail/marker_pose__type_support.cpp
[5.555s] -- Up-to-date: /home/drone/drone_ws/install/drone_msgs/include/drone_msgs/drone_msgs/msg/detail/marker_pose_array__type_support.cpp
[5.556s] -- Up-to-date: /home/drone/drone_ws/install/drone_msgs/lib/libdrone_msgs__rosidl_typesupport_introspection_cpp.so
[5.558s] -- Up-to-date: /home/drone/drone_ws/install/drone_msgs/lib/libdrone_msgs__rosidl_typesupport_cpp.so
[5.561s] -- Up-to-date: /home/drone/drone_ws/install/drone_msgs/share/drone_msgs/environment/pythonpath.sh
[5.563s] -- Up-to-date: /home/drone/drone_ws/install/drone_msgs/share/drone_msgs/environment/pythonpath.dsv
[5.564s] -- Up-to-date: /home/drone/drone_ws/install/drone_msgs/local/lib/python3.10/dist-packages/drone_msgs-0.0.0-py3.10.egg-info
[5.566s] -- Installing: /home/drone/drone_ws/install/drone_msgs/local/lib/python3.10/dist-packages/drone_msgs-0.0.0-py3.10.egg-info/PKG-INFO
[5.571s] -- Installing: /home/drone/drone_ws/install/drone_msgs/local/lib/python3.10/dist-packages/drone_msgs-0.0.0-py3.10.egg-info/top_level.txt
[5.576s] -- Installing: /home/drone/drone_ws/install/drone_msgs/local/lib/python3.10/dist-packages/drone_msgs-0.0.0-py3.10.egg-info/dependency_links.txt
[5.582s] -- Installing: /home/drone/drone_ws/install/drone_msgs/local/lib/python3.10/dist-packages/drone_msgs-0.0.0-py3.10.egg-info/SOURCES.txt
[5.586s] -- Up-to-date: /home/drone/drone_ws/install/drone_msgs/local/lib/python3.10/dist-packages/drone_msgs
[5.588s] -- Up-to-date: /home/drone/drone_ws/install/drone_msgs/local/lib/python3.10/dist-packages/drone_msgs/drone_msgs_s__rosidl_typesupport_c.cpython-310-aarch64-linux-gnu.so
[5.589s] -- Up-to-date: /home/drone/drone_ws/install/drone_msgs/local/lib/python3.10/dist-packages/drone_msgs/msg
[5.590s] -- Up-to-date: /home/drone/drone_ws/install/drone_msgs/local/lib/python3.10/dist-packages/drone_msgs/msg/_aruco_detection.py
[5.592s] -- Up-to-date: /home/drone/drone_ws/install/drone_msgs/local/lib/python3.10/dist-packages/drone_msgs/msg/_marker_pose.py
[5.593s] -- Up-to-date: /home/drone/drone_ws/install/drone_msgs/local/lib/python3.10/dist-packages/drone_msgs/msg/_aruco_detection_s.c
[5.594s] -- Up-to-date: /home/drone/drone_ws/install/drone_msgs/local/lib/python3.10/dist-packages/drone_msgs/msg/_aruco_detection_array_s.c
[5.596s] -- Up-to-date: /home/drone/drone_ws/install/drone_msgs/local/lib/python3.10/dist-packages/drone_msgs/msg/__init__.py
[5.597s] -- Up-to-date: /home/drone/drone_ws/install/drone_msgs/local/lib/python3.10/dist-packages/drone_msgs/msg/_marker_pose_s.c
[5.598s] -- Up-to-date: /home/drone/drone_ws/install/drone_msgs/local/lib/python3.10/dist-packages/drone_msgs/msg/_marker_pose_array_s.c
[5.600s] -- Up-to-date: /home/drone/drone_ws/install/drone_msgs/local/lib/python3.10/dist-packages/drone_msgs/msg/_marker_pose_array.py
[5.601s] -- Up-to-date: /home/drone/drone_ws/install/drone_msgs/local/lib/python3.10/dist-packages/drone_msgs/msg/_aruco_detection_array.py
[5.603s] -- Up-to-date: /home/drone/drone_ws/install/drone_msgs/local/lib/python3.10/dist-packages/drone_msgs/drone_msgs_s__rosidl_typesupport_fastrtps_c.cpython-310-aarch64-linux-gnu.so
[5.604s] -- Up-to-date: /home/drone/drone_ws/install/drone_msgs/local/lib/python3.10/dist-packages/drone_msgs/__init__.py
[5.605s] -- Up-to-date: /home/drone/drone_ws/install/drone_msgs/local/lib/python3.10/dist-packages/drone_msgs/_drone_msgs_s.ep.rosidl_typesupport_introspection_c.c
[5.606s] -- Up-to-date: /home/drone/drone_ws/install/drone_msgs/local/lib/python3.10/dist-packages/drone_msgs/drone_msgs_s__rosidl_typesupport_introspection_c.cpython-310-aarch64-linux-gnu.so
[5.608s] -- Up-to-date: /home/drone/drone_ws/install/drone_msgs/local/lib/python3.10/dist-packages/drone_msgs/_drone_msgs_s.ep.rosidl_typesupport_c.c
[5.609s] -- Up-to-date: /home/drone/drone_ws/install/drone_msgs/local/lib/python3.10/dist-packages/drone_msgs/_drone_msgs_s.ep.rosidl_typesupport_fastrtps_c.c
[5.611s] -- Up-to-date: /home/drone/drone_ws/install/drone_msgs/local/lib/python3.10/dist-packages/drone_msgs/libdrone_msgs__rosidl_generator_py.so
[5.946s] Listing '/home/drone/drone_ws/install/drone_msgs/local/lib/python3.10/dist-packages/drone_msgs'...
[5.947s] Listing '/home/drone/drone_ws/install/drone_msgs/local/lib/python3.10/dist-packages/drone_msgs/msg'...
[5.987s] -- Up-to-date: /home/drone/drone_ws/install/drone_msgs/local/lib/python3.10/dist-packages/drone_msgs/drone_msgs_s__rosidl_typesupport_fastrtps_c.cpython-310-aarch64-linux-gnu.so
[5.992s] -- Up-to-date: /home/drone/drone_ws/install/drone_msgs/local/lib/python3.10/dist-packages/drone_msgs/drone_msgs_s__rosidl_typesupport_introspection_c.cpython-310-aarch64-linux-gnu.so
[5.997s] -- Up-to-date: /home/drone/drone_ws/install/drone_msgs/local/lib/python3.10/dist-packages/drone_msgs/drone_msgs_s__rosidl_typesupport_c.cpython-310-aarch64-linux-gnu.so
[6.002s] -- Up-to-date: /home/drone/drone_ws/install/drone_msgs/lib/libdrone_msgs__rosidl_generator_py.so
[6.008s] -- Up-to-date: /home/drone/drone_ws/install/drone_msgs/share/ament_index/resource_index/rust_packages/drone_msgs
[6.009s] -- Up-to-date: /home/drone/drone_ws/install/drone_msgs/share/drone_msgs/rust
[6.011s] -- Up-to-date: /home/drone/drone_ws/install/drone_msgs/share/drone_msgs/rust/Cargo.toml
[6.012s] -- Up-to-date: /home/drone/drone_ws/install/drone_msgs/share/drone_msgs/rust/src
[6.013s] -- Up-to-date: /home/drone/drone_ws/install/drone_msgs/share/drone_msgs/rust/src/msg
[6.015s] -- Up-to-date: /home/drone/drone_ws/install/drone_msgs/share/drone_msgs/rust/src/msg/rmw.rs
[6.016s] -- Up-to-date: /home/drone/drone_ws/install/drone_msgs/share/drone_msgs/rust/src/msg.rs
[6.019s] -- Up-to-date: /home/drone/drone_ws/install/drone_msgs/share/drone_msgs/rust/src/lib.rs
[6.021s] -- Up-to-date: /home/drone/drone_ws/install/drone_msgs/share/drone_msgs/rust/build.rs
[6.023s] -- Up-to-date: /home/drone/drone_ws/install/drone_msgs/share/drone_msgs/msg/ArucoDetection.idl
[6.025s] -- Up-to-date: /home/drone/drone_ws/install/drone_msgs/share/drone_msgs/msg/ArucoDetectionArray.idl
[6.026s] -- Up-to-date: /home/drone/drone_ws/install/drone_msgs/share/drone_msgs/msg/MarkerPose.idl
[6.028s] -- Up-to-date: /home/drone/drone_ws/install/drone_msgs/share/drone_msgs/msg/MarkerPoseArray.idl
[6.029s] -- Up-to-date: /home/drone/drone_ws/install/drone_msgs/share/drone_msgs/msg/ArucoDetection.msg
[6.031s] -- Up-to-date: /home/drone/drone_ws/install/drone_msgs/share/drone_msgs/msg/ArucoDetectionArray.msg
[6.032s] -- Up-to-date: /home/drone/drone_ws/install/drone_msgs/share/drone_msgs/msg/MarkerPose.msg
[6.034s] -- Up-to-date: /home/drone/drone_ws/install/drone_msgs/share/drone_msgs/msg/MarkerPoseArray.msg
[6.036s] -- Up-to-date: /home/drone/drone_ws/install/drone_msgs/share/ament_index/resource_index/package_run_dependencies/drone_msgs
[6.037s] -- Up-to-date: /home/drone/drone_ws/install/drone_msgs/share/ament_index/resource_index/parent_prefix_path/drone_msgs
[6.039s] -- Up-to-date: /home/drone/drone_ws/install/drone_msgs/share/drone_msgs/environment/ament_prefix_path.sh
[6.040s] -- Up-to-date: /home/drone/drone_ws/install/drone_msgs/share/drone_msgs/environment/ament_prefix_path.dsv
[6.042s] -- Up-to-date: /home/drone/drone_ws/install/drone_msgs/share/drone_msgs/environment/path.sh
[6.043s] -- Up-to-date: /home/drone/drone_ws/install/drone_msgs/share/drone_msgs/environment/path.dsv
[6.045s] -- Up-to-date: /home/drone/drone_ws/install/drone_msgs/share/drone_msgs/local_setup.bash
[6.046s] -- Up-to-date: /home/drone/drone_ws/install/drone_msgs/share/drone_msgs/local_setup.sh
[6.048s] -- Up-to-date: /home/drone/drone_ws/install/drone_msgs/share/drone_msgs/local_setup.zsh
[6.050s] -- Up-to-date: /home/drone/drone_ws/install/drone_msgs/share/drone_msgs/local_setup.dsv
[6.051s] -- Installing: /home/drone/drone_ws/install/drone_msgs/share/drone_msgs/package.dsv
[6.055s] -- Up-to-date: /home/drone/drone_ws/install/drone_msgs/share/ament_index/resource_index/packages/drone_msgs
[6.057s] -- Up-to-date: /home/drone/drone_ws/install/drone_msgs/share/drone_msgs/cmake/export_drone_msgs__rosidl_generator_cExport.cmake
[6.059s] -- Up-to-date: /home/drone/drone_ws/install/drone_msgs/share/drone_msgs/cmake/export_drone_msgs__rosidl_generator_cExport-noconfig.cmake
[6.061s] -- Up-to-date: /home/drone/drone_ws/install/drone_msgs/share/drone_msgs/cmake/export_drone_msgs__rosidl_typesupport_fastrtps_cExport.cmake
[6.063s] -- Up-to-date: /home/drone/drone_ws/install/drone_msgs/share/drone_msgs/cmake/export_drone_msgs__rosidl_typesupport_fastrtps_cExport-noconfig.cmake
[6.065s] -- Up-to-date: /home/drone/drone_ws/install/drone_msgs/share/drone_msgs/cmake/drone_msgs__rosidl_typesupport_introspection_cExport.cmake
[6.067s] -- Up-to-date: /home/drone/drone_ws/install/drone_msgs/share/drone_msgs/cmake/drone_msgs__rosidl_typesupport_introspection_cExport-noconfig.cmake
[6.069s] -- Up-to-date: /home/drone/drone_ws/install/drone_msgs/share/drone_msgs/cmake/drone_msgs__rosidl_typesupport_cExport.cmake
[6.072s] -- Up-to-date: /home/drone/drone_ws/install/drone_msgs/share/drone_msgs/cmake/drone_msgs__rosidl_typesupport_cExport-noconfig.cmake
[6.075s] -- Up-to-date: /home/drone/drone_ws/install/drone_msgs/share/drone_msgs/cmake/export_drone_msgs__rosidl_generator_cppExport.cmake
[6.077s] -- Up-to-date: /home/drone/drone_ws/install/drone_msgs/share/drone_msgs/cmake/export_drone_msgs__rosidl_typesupport_fastrtps_cppExport.cmake
[6.079s] -- Up-to-date: /home/drone/drone_ws/install/drone_msgs/share/drone_msgs/cmake/export_drone_msgs__rosidl_typesupport_fastrtps_cppExport-noconfig.cmake
[6.081s] -- Up-to-date: /home/drone/drone_ws/install/drone_msgs/share/drone_msgs/cmake/drone_msgs__rosidl_typesupport_introspection_cppExport.cmake
[6.083s] -- Up-to-date: /home/drone/drone_ws/install/drone_msgs/share/drone_msgs/cmake/drone_msgs__rosidl_typesupport_introspection_cppExport-noconfig.cmake
[6.085s] -- Up-to-date: /home/drone/drone_ws/install/drone_msgs/share/drone_msgs/cmake/drone_msgs__rosidl_typesupport_cppExport.cmake
[6.087s] -- Up-to-date: /home/drone/drone_ws/install/drone_msgs/share/drone_msgs/cmake/drone_msgs__rosidl_typesupport_cppExport-noconfig.cmake
[6.089s] -- Up-to-date: /home/drone/drone_ws/install/drone_msgs/share/drone_msgs/cmake/export_drone_msgs__rosidl_generator_pyExport.cmake
[6.091s] -- Up-to-date: /home/drone/drone_ws/install/drone_msgs/share/drone_msgs/cmake/export_drone_msgs__rosidl_generator_pyExport-noconfig.cmake
[6.092s] -- Up-to-date: /home/drone/drone_ws/install/drone_msgs/share/drone_msgs/cmake/rosidl_cmake-extras.cmake
[6.094s] -- Up-to-date: /home/drone/drone_ws/install/drone_msgs/share/drone_msgs/cmake/ament_cmake_export_dependencies-extras.cmake
[6.095s] -- Up-to-date: /home/drone/drone_ws/install/drone_msgs/share/drone_msgs/cmake/ament_cmake_export_include_directories-extras.cmake
[6.097s] -- Up-to-date: /home/drone/drone_ws/install/drone_msgs/share/drone_msgs/cmake/ament_cmake_export_libraries-extras.cmake
[6.099s] -- Up-to-date: /home/drone/drone_ws/install/drone_msgs/share/drone_msgs/cmake/ament_cmake_export_targets-extras.cmake
[6.100s] -- Up-to-date: /home/drone/drone_ws/install/drone_msgs/share/drone_msgs/cmake/rosidl_cmake_export_typesupport_targets-extras.cmake
[6.102s] -- Up-to-date: /home/drone/drone_ws/install/drone_msgs/share/drone_msgs/cmake/rosidl_cmake_export_typesupport_libraries-extras.cmake
[6.103s] -- Up-to-date: /home/drone/drone_ws/install/drone_msgs/share/drone_msgs/cmake/drone_msgsConfig.cmake
[6.104s] -- Up-to-date: /home/drone/drone_ws/install/drone_msgs/share/drone_msgs/cmake/drone_msgsConfig-version.cmake
[6.106s] -- Up-to-date: /home/drone/drone_ws/install/drone_msgs/share/drone_msgs/package.xml
[6.117s] Invoked command in '/home/drone/drone_ws/build/drone_msgs' returned '0': CMAKE_PREFIX_PATH=${CMAKE_PREFIX_PATH}:/home/drone/drone_ws/install/rangefinder:/home/drone/drone_ws/install/px4:/home/drone/drone_ws/install/project_start:/home/drone/drone_ws/install/position_fusion_node:/home/drone/drone_ws/install/marker_pose_estimator_node:/home/drone/drone_ws/install/image_preprocessor_node:/home/drone/drone_ws/install/global_position_node:/home/drone/drone_ws/install/drone_utils:/home/drone/drone_ws/install/drone_untils:/home/drone/drone_ws/install/camera_info_checker:/home/drone/drone_ws/install/camera_calibration:/home/drone/drone_ws/install/aruco_detector_node:/home/drone/drone_ws/install/altitude:/opt/ros/humble /usr/bin/cmake --install /home/drone/drone_ws/build/drone_msgs
