running egg_info
creating ../../build/marker_pose_estimator_node/marker_pose_estimator.egg-info
writing ../../build/marker_pose_estimator_node/marker_pose_estimator.egg-info/PKG-INFO
writing dependency_links to ../../build/marker_pose_estimator_node/marker_pose_estimator.egg-info/dependency_links.txt
writing entry points to ../../build/marker_pose_estimator_node/marker_pose_estimator.egg-info/entry_points.txt
writing requirements to ../../build/marker_pose_estimator_node/marker_pose_estimator.egg-info/requires.txt
writing top-level names to ../../build/marker_pose_estimator_node/marker_pose_estimator.egg-info/top_level.txt
writing manifest file '../../build/marker_pose_estimator_node/marker_pose_estimator.egg-info/SOURCES.txt'
reading manifest file '../../build/marker_pose_estimator_node/marker_pose_estimator.egg-info/SOURCES.txt'
writing manifest file '../../build/marker_pose_estimator_node/marker_pose_estimator.egg-info/SOURCES.txt'
running build
running build_py
creating /home/drone/drone_ws/build/marker_pose_estimator_node/build
creating /home/drone/drone_ws/build/marker_pose_estimator_node/build/lib
creating /home/drone/drone_ws/build/marker_pose_estimator_node/build/lib/marker_pose_estimator
copying marker_pose_estimator/__init__.py -> /home/drone/drone_ws/build/marker_pose_estimator_node/build/lib/marker_pose_estimator
copying marker_pose_estimator/marker_pose_estimator_node.py -> /home/drone/drone_ws/build/marker_pose_estimator_node/build/lib/marker_pose_estimator
running install
running install_lib
creating /home/drone/drone_ws/install/marker_pose_estimator_node/lib/python3.10/site-packages/marker_pose_estimator
copying /home/drone/drone_ws/build/marker_pose_estimator_node/build/lib/marker_pose_estimator/__init__.py -> /home/drone/drone_ws/install/marker_pose_estimator_node/lib/python3.10/site-packages/marker_pose_estimator
copying /home/drone/drone_ws/build/marker_pose_estimator_node/build/lib/marker_pose_estimator/marker_pose_estimator_node.py -> /home/drone/drone_ws/install/marker_pose_estimator_node/lib/python3.10/site-packages/marker_pose_estimator
byte-compiling /home/drone/drone_ws/install/marker_pose_estimator_node/lib/python3.10/site-packages/marker_pose_estimator/__init__.py to __init__.cpython-310.pyc
byte-compiling /home/drone/drone_ws/install/marker_pose_estimator_node/lib/python3.10/site-packages/marker_pose_estimator/marker_pose_estimator_node.py to marker_pose_estimator_node.cpython-310.pyc
running install_data
copying resource/marker_pose_estimator -> /home/drone/drone_ws/install/marker_pose_estimator_node/share/ament_index/resource_index/packages
creating /home/drone/drone_ws/install/marker_pose_estimator_node/share/marker_pose_estimator
copying package.xml -> /home/drone/drone_ws/install/marker_pose_estimator_node/share/marker_pose_estimator
running install_egg_info
Copying ../../build/marker_pose_estimator_node/marker_pose_estimator.egg-info to /home/drone/drone_ws/install/marker_pose_estimator_node/lib/python3.10/site-packages/marker_pose_estimator-0.0.0-py3.10.egg-info
running install_scripts
Installing marker_pose_estimator script to /home/drone/drone_ws/install/marker_pose_estimator_node/lib/marker_pose_estimator
writing list of installed files to '/home/drone/drone_ws/build/marker_pose_estimator_node/install.log'
