[2.405s] Invoking command in '/home/drone/drone_ws/build/uav_camera': CMAKE_PREFIX_PATH=/opt/ros/humble /usr/bin/cmake /home/drone/drone_ws/src/uav_camera -DCMAKE_INSTALL_PREFIX=/home/drone/drone_ws/install/uav_camera
[3.341s] -- The C compiler identification is GNU 11.4.0
[4.151s] -- The CXX compiler identification is GNU 11.4.0
[4.218s] -- Detecting C compiler ABI info
[4.777s] -- Detecting C compiler ABI info - done
[4.811s] -- Check for working C compiler: /usr/bin/cc - skipped
[4.817s] -- Detecting C compile features
[4.822s] -- Detecting C compile features - done
[4.846s] -- Detecting CXX compiler ABI info
[5.334s] -- Detecting CXX compiler ABI info - done
[5.363s] -- Check for working CXX compiler: /usr/bin/c++ - skipped
[5.365s] -- Detecting CXX compile features
[5.368s] -- Detecting CXX compile features - done
[5.432s] -- Found ament_cmake: 1.3.14 (/opt/ros/humble/share/ament_cmake/cmake)
[6.401s] -- Found Python3: /usr/bin/python3 (found version "3.10.12") found components: Interpreter 
[7.239s] -- Found rclcpp: 16.0.18 (/opt/ros/humble/share/rclcpp/cmake)
[7.702s] -- Found rosidl_generator_c: 3.1.8 (/opt/ros/humble/share/rosidl_generator_c/cmake)
[7.763s] -- Found rosidl_adapter: 3.1.8 (/opt/ros/humble/share/rosidl_adapter/cmake)
[7.846s] -- Found rosidl_generator_cpp: 3.1.8 (/opt/ros/humble/share/rosidl_generator_cpp/cmake)
[7.954s] -- Using all available rosidl_typesupport_c: rosidl_typesupport_fastrtps_c;rosidl_typesupport_introspection_c
[8.098s] -- Using all available rosidl_typesupport_cpp: rosidl_typesupport_fastrtps_cpp;rosidl_typesupport_introspection_cpp
[8.503s] -- Found rmw_implementation_cmake: 6.1.2 (/opt/ros/humble/share/rmw_implementation_cmake/cmake)
[8.536s] -- Found rmw_fastrtps_cpp: 6.2.10 (/opt/ros/humble/share/rmw_fastrtps_cpp/cmake)
[9.240s] -- Found OpenSSL: /usr/lib/aarch64-linux-gnu/libcrypto.so (found version "3.0.2")  
[9.516s] -- Found FastRTPS: /opt/ros/humble/include  
[9.953s] -- Using RMW implementation 'rmw_fastrtps_cpp' as default
[10.052s] -- Looking for pthread.h
[10.437s] -- Looking for pthread.h - found
[10.440s] -- Performing Test CMAKE_HAVE_LIBC_PTHREAD
[10.795s] -- Performing Test CMAKE_HAVE_LIBC_PTHREAD - Success
[10.800s] -- Found Threads: TRUE  
[11.179s] -- Found sensor_msgs: 4.9.1 (/opt/ros/humble/share/sensor_msgs/cmake)
[11.391s] -- Found cv_bridge: 3.2.1 (/opt/ros/humble/share/cv_bridge/cmake)
[11.487s] -- Found OpenCV: /usr (found version "4.5.4") 
[11.514s] -- Found ament_lint_auto: 0.12.15 (/opt/ros/humble/share/ament_lint_auto/cmake)
[12.324s] -- Added test 'copyright' to check source files copyright and LICENSE
[12.334s] -- Added test 'cppcheck' to perform static code analysis on C / C++ code
[12.334s] -- Configured cppcheck include dirs: 
[12.335s] -- Configured cppcheck exclude dirs and/or files: 
[12.345s] -- Added test 'cpplint' to check C / C++ code against the Google style
[12.346s] -- Configured cpplint exclude dirs and/or files: 
[12.351s] -- Added test 'flake8' to check Python code syntax and style conventions
[12.356s] -- Added test 'lint_cmake' to check CMake code style
[12.359s] -- Added test 'pep257' to check Python code against some of the docstring style conventions in PEP 257
[12.369s] -- Added test 'uncrustify' to check C / C++ code style
[12.369s] -- Configured uncrustify additional arguments: 
[12.374s] -- Added test 'xmllint' to check XML markup files
[12.384s] -- Configuring done
[12.463s] -- Generating done
[12.481s] -- Build files have been written to: /home/drone/drone_ws/build/uav_camera
[12.522s] Invoked command in '/home/drone/drone_ws/build/uav_camera' returned '0': CMAKE_PREFIX_PATH=/opt/ros/humble /usr/bin/cmake /home/drone/drone_ws/src/uav_camera -DCMAKE_INSTALL_PREFIX=/home/drone/drone_ws/install/uav_camera
[12.532s] Invoking command in '/home/drone/drone_ws/build/uav_camera': CMAKE_PREFIX_PATH=/opt/ros/humble /usr/bin/cmake --build /home/drone/drone_ws/build/uav_camera -- -j4 -l4
[12.746s] [ 50%] [32mBuilding CXX object CMakeFiles/camera_publisher.dir/src/camera_publisher.cpp.o[0m
[37.748s] [100%] [32m[1mLinking CXX executable camera_publisher[0m
[41.119s] [100%] Built target camera_publisher
[41.159s] Invoked command in '/home/drone/drone_ws/build/uav_camera' returned '0': CMAKE_PREFIX_PATH=/opt/ros/humble /usr/bin/cmake --build /home/drone/drone_ws/build/uav_camera -- -j4 -l4
[41.200s] Invoking command in '/home/drone/drone_ws/build/uav_camera': CMAKE_PREFIX_PATH=/opt/ros/humble /usr/bin/cmake --install /home/drone/drone_ws/build/uav_camera
[41.227s] -- Install configuration: ""
[41.228s] -- Installing: /home/drone/drone_ws/install/uav_camera/lib/uav_camera/camera_publisher
[41.238s] -- Set runtime path of "/home/drone/drone_ws/install/uav_camera/lib/uav_camera/camera_publisher" to ""
[41.239s] -- Installing: /home/drone/drone_ws/install/uav_camera/share/uav_camera/launch
[41.239s] -- Installing: /home/drone/drone_ws/install/uav_camera/share/uav_camera/launch/camera_launch.py
[41.241s] -- Installing: /home/drone/drone_ws/install/uav_camera/share/ament_index/resource_index/package_run_dependencies/uav_camera
[41.242s] -- Installing: /home/drone/drone_ws/install/uav_camera/share/ament_index/resource_index/parent_prefix_path/uav_camera
[41.244s] -- Installing: /home/drone/drone_ws/install/uav_camera/share/uav_camera/environment/ament_prefix_path.sh
[41.245s] -- Installing: /home/drone/drone_ws/install/uav_camera/share/uav_camera/environment/ament_prefix_path.dsv
[41.246s] -- Installing: /home/drone/drone_ws/install/uav_camera/share/uav_camera/environment/path.sh
[41.247s] -- Installing: /home/drone/drone_ws/install/uav_camera/share/uav_camera/environment/path.dsv
[41.249s] -- Installing: /home/drone/drone_ws/install/uav_camera/share/uav_camera/local_setup.bash
[41.250s] -- Installing: /home/drone/drone_ws/install/uav_camera/share/uav_camera/local_setup.sh
[41.251s] -- Installing: /home/drone/drone_ws/install/uav_camera/share/uav_camera/local_setup.zsh
[41.252s] -- Installing: /home/drone/drone_ws/install/uav_camera/share/uav_camera/local_setup.dsv
[41.253s] -- Installing: /home/drone/drone_ws/install/uav_camera/share/uav_camera/package.dsv
[41.254s] -- Installing: /home/drone/drone_ws/install/uav_camera/share/ament_index/resource_index/packages/uav_camera
[41.256s] -- Installing: /home/drone/drone_ws/install/uav_camera/share/uav_camera/cmake/uav_cameraConfig.cmake
[41.257s] -- Installing: /home/drone/drone_ws/install/uav_camera/share/uav_camera/cmake/uav_cameraConfig-version.cmake
[41.258s] -- Installing: /home/drone/drone_ws/install/uav_camera/share/uav_camera/package.xml
[41.265s] Invoked command in '/home/drone/drone_ws/build/uav_camera' returned '0': CMAKE_PREFIX_PATH=/opt/ros/humble /usr/bin/cmake --install /home/drone/drone_ws/build/uav_camera
