running egg_info
creating ../../build/global_position_node/global_position.egg-info
writing ../../build/global_position_node/global_position.egg-info/PKG-INFO
writing dependency_links to ../../build/global_position_node/global_position.egg-info/dependency_links.txt
writing entry points to ../../build/global_position_node/global_position.egg-info/entry_points.txt
writing requirements to ../../build/global_position_node/global_position.egg-info/requires.txt
writing top-level names to ../../build/global_position_node/global_position.egg-info/top_level.txt
writing manifest file '../../build/global_position_node/global_position.egg-info/SOURCES.txt'
reading manifest file '../../build/global_position_node/global_position.egg-info/SOURCES.txt'
writing manifest file '../../build/global_position_node/global_position.egg-info/SOURCES.txt'
running build
running build_py
creating /home/drone/drone_ws/build/global_position_node/build/lib/global_position
copying global_position/__init__.py -> /home/drone/drone_ws/build/global_position_node/build/lib/global_position
copying global_position/global_position_node.py -> /home/drone/drone_ws/build/global_position_node/build/lib/global_position
running install
running install_lib
creating /home/drone/drone_ws/install/global_position_node/lib/python3.10/site-packages/global_position
copying /home/drone/drone_ws/build/global_position_node/build/lib/global_position/__init__.py -> /home/drone/drone_ws/install/global_position_node/lib/python3.10/site-packages/global_position
copying /home/drone/drone_ws/build/global_position_node/build/lib/global_position/global_position_node.py -> /home/drone/drone_ws/install/global_position_node/lib/python3.10/site-packages/global_position
byte-compiling /home/drone/drone_ws/install/global_position_node/lib/python3.10/site-packages/global_position/__init__.py to __init__.cpython-310.pyc
byte-compiling /home/drone/drone_ws/install/global_position_node/lib/python3.10/site-packages/global_position/global_position_node.py to global_position_node.cpython-310.pyc
running install_data
copying resource/global_position -> /home/drone/drone_ws/install/global_position_node/share/ament_index/resource_index/packages
creating /home/drone/drone_ws/install/global_position_node/share/global_position
copying package.xml -> /home/drone/drone_ws/install/global_position_node/share/global_position
running install_egg_info
Copying ../../build/global_position_node/global_position.egg-info to /home/drone/drone_ws/install/global_position_node/lib/python3.10/site-packages/global_position-0.0.0-py3.10.egg-info
running install_scripts
Installing global_position script to /home/drone/drone_ws/install/global_position_node/lib/global_position
writing list of installed files to '/home/drone/drone_ws/build/global_position_node/install.log'
