[6.616s] Invoking command in '/home/drone/drone_ws/src/marker_pose_estimator': AMENT_PREFIX_PATH=/home/drone/drone_ws/install/drone_msgs:${AMENT_PREFIX_PATH} CMAKE_PREFIX_PATH=/home/drone/drone_ws/install/drone_msgs LD_LIBRARY_PATH=/home/drone/drone_ws/install/drone_msgs/lib:${LD_LIBRARY_PATH} PYTHONPATH=/home/drone/drone_ws/build/marker_pose_estimator_node/prefix_override:/usr/lib/python3/dist-packages/colcon_core/task/python/colcon_distutils_commands:/home/drone/drone_ws/install/marker_pose_estimator_node/lib/python3.10/site-packages:/home/drone/drone_ws/install/drone_msgs/local/lib/python3.10/dist-packages:${PYTHONPATH} /usr/bin/python3 -W ignore:setup.py install is deprecated -W ignore:easy_install command is deprecated setup.py egg_info --egg-base ../../build/marker_pose_estimator_node build --build-base /home/drone/drone_ws/build/marker_pose_estimator_node/build install --record /home/drone/drone_ws/build/marker_pose_estimator_node/install.log --single-version-externally-managed install_data
[7.965s] running egg_info
[7.970s] writing ../../build/marker_pose_estimator_node/marker_pose_estimator.egg-info/PKG-INFO
[7.973s] writing dependency_links to ../../build/marker_pose_estimator_node/marker_pose_estimator.egg-info/dependency_links.txt
[7.975s] writing entry points to ../../build/marker_pose_estimator_node/marker_pose_estimator.egg-info/entry_points.txt
[7.978s] writing requirements to ../../build/marker_pose_estimator_node/marker_pose_estimator.egg-info/requires.txt
[7.979s] writing top-level names to ../../build/marker_pose_estimator_node/marker_pose_estimator.egg-info/top_level.txt
[7.992s] reading manifest file '../../build/marker_pose_estimator_node/marker_pose_estimator.egg-info/SOURCES.txt'
[8.012s] writing manifest file '../../build/marker_pose_estimator_node/marker_pose_estimator.egg-info/SOURCES.txt'
[8.015s] running build
[8.016s] running build_py
[8.020s] copying marker_pose_estimator/marker_pose_estimator_node.py -> /home/drone/drone_ws/build/marker_pose_estimator_node/build/lib/marker_pose_estimator
[8.021s] running install
[8.022s] running install_lib
[8.027s] copying /home/drone/drone_ws/build/marker_pose_estimator_node/build/lib/marker_pose_estimator/marker_pose_estimator_node.py -> /home/drone/drone_ws/install/marker_pose_estimator_node/lib/python3.10/site-packages/marker_pose_estimator
[8.035s] byte-compiling /home/drone/drone_ws/install/marker_pose_estimator_node/lib/python3.10/site-packages/marker_pose_estimator/marker_pose_estimator_node.py to marker_pose_estimator_node.cpython-310.pyc
[8.050s] running install_data
[8.052s] running install_egg_info
[8.065s] removing '/home/drone/drone_ws/install/marker_pose_estimator_node/lib/python3.10/site-packages/marker_pose_estimator-0.0.0-py3.10.egg-info' (and everything under it)
[8.069s] Copying ../../build/marker_pose_estimator_node/marker_pose_estimator.egg-info to /home/drone/drone_ws/install/marker_pose_estimator_node/lib/python3.10/site-packages/marker_pose_estimator-0.0.0-py3.10.egg-info
[8.084s] running install_scripts
[8.174s] Installing marker_pose_estimator script to /home/drone/drone_ws/install/marker_pose_estimator_node/lib/marker_pose_estimator
[8.176s] writing list of installed files to '/home/drone/drone_ws/build/marker_pose_estimator_node/install.log'
[8.306s] Invoked command in '/home/drone/drone_ws/src/marker_pose_estimator' returned '0': AMENT_PREFIX_PATH=/home/drone/drone_ws/install/drone_msgs:${AMENT_PREFIX_PATH} CMAKE_PREFIX_PATH=/home/drone/drone_ws/install/drone_msgs LD_LIBRARY_PATH=/home/drone/drone_ws/install/drone_msgs/lib:${LD_LIBRARY_PATH} PYTHONPATH=/home/drone/drone_ws/build/marker_pose_estimator_node/prefix_override:/usr/lib/python3/dist-packages/colcon_core/task/python/colcon_distutils_commands:/home/drone/drone_ws/install/marker_pose_estimator_node/lib/python3.10/site-packages:/home/drone/drone_ws/install/drone_msgs/local/lib/python3.10/dist-packages:${PYTHONPATH} /usr/bin/python3 -W ignore:setup.py install is deprecated -W ignore:easy_install command is deprecated setup.py egg_info --egg-base ../../build/marker_pose_estimator_node build --build-base /home/drone/drone_ws/build/marker_pose_estimator_node/build install --record /home/drone/drone_ws/build/marker_pose_estimator_node/install.log --single-version-externally-managed install_data
