running egg_info
writing ../../build/project_start/project_start.egg-info/PKG-INFO
writing dependency_links to ../../build/project_start/project_start.egg-info/dependency_links.txt
writing entry points to ../../build/project_start/project_start.egg-info/entry_points.txt
writing requirements to ../../build/project_start/project_start.egg-info/requires.txt
writing top-level names to ../../build/project_start/project_start.egg-info/top_level.txt
reading manifest file '../../build/project_start/project_start.egg-info/SOURCES.txt'
writing manifest file '../../build/project_start/project_start.egg-info/SOURCES.txt'
running build
running build_py
running install
running install_lib
running install_data
creating /home/drone/drone_ws/install/project_start/share/project_start/launch
copying launch/start.launch.py -> /home/drone/drone_ws/install/project_start/share/project_start/launch
running install_egg_info
removing '/home/drone/drone_ws/install/project_start/lib/python3.10/site-packages/project_start-0.0.0-py3.10.egg-info' (and everything under it)
Copying ../../build/project_start/project_start.egg-info to /home/drone/drone_ws/install/project_start/lib/python3.10/site-packages/project_start-0.0.0-py3.10.egg-info
running install_scripts
writing list of installed files to '/home/drone/drone_ws/build/project_start/install.log'
