[10.086s] Invoking command in '/home/drone/drone_ws/src/altitude': PYTHONPATH=/home/drone/drone_ws/build/altitude/prefix_override:/usr/lib/python3/dist-packages/colcon_core/task/python/colcon_distutils_commands:/home/drone/drone_ws/install/altitude/lib/python3.10/site-packages:${PYTHONPATH} /usr/bin/python3 -W ignore:setup.py install is deprecated -W ignore:easy_install command is deprecated setup.py egg_info --egg-base ../../build/altitude build --build-base /home/drone/drone_ws/build/altitude/build install --record /home/drone/drone_ws/build/altitude/install.log --single-version-externally-managed install_data
[13.142s] running egg_info
[13.157s] writing ../../build/altitude/altitude.egg-info/PKG-INFO
[13.164s] writing dependency_links to ../../build/altitude/altitude.egg-info/dependency_links.txt
[13.166s] writing entry points to ../../build/altitude/altitude.egg-info/entry_points.txt
[13.172s] writing requirements to ../../build/altitude/altitude.egg-info/requires.txt
[13.197s] writing top-level names to ../../build/altitude/altitude.egg-info/top_level.txt
[13.244s] reading manifest file '../../build/altitude/altitude.egg-info/SOURCES.txt'
[13.257s] writing manifest file '../../build/altitude/altitude.egg-info/SOURCES.txt'
[13.260s] running build
[13.262s] running build_py
[13.265s] running install
[13.269s] running install_lib
[13.272s] running install_data
[13.275s] running install_egg_info
[13.304s] removing '/home/drone/drone_ws/install/altitude/lib/python3.10/site-packages/altitude-0.0.0-py3.10.egg-info' (and everything under it)
[13.310s] Copying ../../build/altitude/altitude.egg-info to /home/drone/drone_ws/install/altitude/lib/python3.10/site-packages/altitude-0.0.0-py3.10.egg-info
[13.311s] running install_scripts
[13.411s] Installing altitude script to /home/drone/drone_ws/install/altitude/lib/altitude
[13.417s] writing list of installed files to '/home/drone/drone_ws/build/altitude/install.log'
[15.003s] Invoked command in '/home/drone/drone_ws/src/altitude' returned '0': PYTHONPATH=/home/drone/drone_ws/build/altitude/prefix_override:/usr/lib/python3/dist-packages/colcon_core/task/python/colcon_distutils_commands:/home/drone/drone_ws/install/altitude/lib/python3.10/site-packages:${PYTHONPATH} /usr/bin/python3 -W ignore:setup.py install is deprecated -W ignore:easy_install command is deprecated setup.py egg_info --egg-base ../../build/altitude build --build-base /home/drone/drone_ws/build/altitude/build install --record /home/drone/drone_ws/build/altitude/install.log --single-version-externally-managed install_data
