running egg_info
writing ../../build/global_position_node/global_position_node.egg-info/PKG-INFO
writing dependency_links to ../../build/global_position_node/global_position_node.egg-info/dependency_links.txt
writing entry points to ../../build/global_position_node/global_position_node.egg-info/entry_points.txt
writing requirements to ../../build/global_position_node/global_position_node.egg-info/requires.txt
writing top-level names to ../../build/global_position_node/global_position_node.egg-info/top_level.txt
reading manifest file '../../build/global_position_node/global_position_node.egg-info/SOURCES.txt'
writing manifest file '../../build/global_position_node/global_position_node.egg-info/SOURCES.txt'
running build
running build_py
copying global_position_node/global_position.py -> /home/drone/drone_ws/build/global_position_node/build/lib/global_position_node
running install
running install_lib
copying /home/drone/drone_ws/build/global_position_node/build/lib/global_position_node/global_position.py -> /home/drone/drone_ws/install/global_position_node/lib/python3.10/site-packages/global_position_node
byte-compiling /home/drone/drone_ws/install/global_position_node/lib/python3.10/site-packages/global_position_node/global_position.py to global_position.cpython-310.pyc
running install_data
running install_egg_info
removing '/home/drone/drone_ws/install/global_position_node/lib/python3.10/site-packages/global_position_node-0.0.0-py3.10.egg-info' (and everything under it)
Copying ../../build/global_position_node/global_position_node.egg-info to /home/drone/drone_ws/install/global_position_node/lib/python3.10/site-packages/global_position_node-0.0.0-py3.10.egg-info
running install_scripts
Installing global_position script to /home/drone/drone_ws/install/global_position_node/lib/global_position_node
writing list of installed files to '/home/drone/drone_ws/build/global_position_node/install.log'
