[8.492s] Invoking command in '/home/drone/drone_ws/src/global_position_node': PYTHONPATH=/home/drone/drone_ws/build/global_position_node/prefix_override:/usr/lib/python3/dist-packages/colcon_core/task/python/colcon_distutils_commands:/home/drone/drone_ws/install/global_position_node/lib/python3.10/site-packages:${PYTHONPATH} /usr/bin/python3 -W ignore:setup.py install is deprecated -W ignore:easy_install command is deprecated setup.py egg_info --egg-base ../../build/global_position_node build --build-base /home/drone/drone_ws/build/global_position_node/build install --record /home/drone/drone_ws/build/global_position_node/install.log --single-version-externally-managed install_data
[10.308s] running egg_info
[10.323s] writing ../../build/global_position_node/global_position_node.egg-info/PKG-INFO
[10.327s] writing dependency_links to ../../build/global_position_node/global_position_node.egg-info/dependency_links.txt
[10.335s] writing entry points to ../../build/global_position_node/global_position_node.egg-info/entry_points.txt
[10.343s] writing requirements to ../../build/global_position_node/global_position_node.egg-info/requires.txt
[10.350s] writing top-level names to ../../build/global_position_node/global_position_node.egg-info/top_level.txt
[10.352s] reading manifest file '../../build/global_position_node/global_position_node.egg-info/SOURCES.txt'
[10.364s] writing manifest file '../../build/global_position_node/global_position_node.egg-info/SOURCES.txt'
[10.365s] running build
[10.366s] running build_py
[10.366s] copying global_position_node/global_position.py -> /home/drone/drone_ws/build/global_position_node/build/lib/global_position_node
[10.367s] running install
[10.367s] running install_lib
[10.368s] copying /home/drone/drone_ws/build/global_position_node/build/lib/global_position_node/global_position.py -> /home/drone/drone_ws/install/global_position_node/lib/python3.10/site-packages/global_position_node
[10.369s] byte-compiling /home/drone/drone_ws/install/global_position_node/lib/python3.10/site-packages/global_position_node/global_position.py to global_position.cpython-310.pyc
[10.380s] running install_data
[10.382s] running install_egg_info
[10.394s] removing '/home/drone/drone_ws/install/global_position_node/lib/python3.10/site-packages/global_position_node-0.0.0-py3.10.egg-info' (and everything under it)
[10.395s] Copying ../../build/global_position_node/global_position_node.egg-info to /home/drone/drone_ws/install/global_position_node/lib/python3.10/site-packages/global_position_node-0.0.0-py3.10.egg-info
[10.409s] running install_scripts
[10.564s] Installing global_position script to /home/drone/drone_ws/install/global_position_node/lib/global_position_node
[10.571s] writing list of installed files to '/home/drone/drone_ws/build/global_position_node/install.log'
[11.023s] Invoked command in '/home/drone/drone_ws/src/global_position_node' returned '0': PYTHONPATH=/home/drone/drone_ws/build/global_position_node/prefix_override:/usr/lib/python3/dist-packages/colcon_core/task/python/colcon_distutils_commands:/home/drone/drone_ws/install/global_position_node/lib/python3.10/site-packages:${PYTHONPATH} /usr/bin/python3 -W ignore:setup.py install is deprecated -W ignore:easy_install command is deprecated setup.py egg_info --egg-base ../../build/global_position_node build --build-base /home/drone/drone_ws/build/global_position_node/build install --record /home/drone/drone_ws/build/global_position_node/install.log --single-version-externally-managed install_data
