running egg_info
writing ../../build/aruco_detector_node/aruco_detector_node.egg-info/PKG-INFO
writing dependency_links to ../../build/aruco_detector_node/aruco_detector_node.egg-info/dependency_links.txt
writing entry points to ../../build/aruco_detector_node/aruco_detector_node.egg-info/entry_points.txt
writing requirements to ../../build/aruco_detector_node/aruco_detector_node.egg-info/requires.txt
writing top-level names to ../../build/aruco_detector_node/aruco_detector_node.egg-info/top_level.txt
reading manifest file '../../build/aruco_detector_node/aruco_detector_node.egg-info/SOURCES.txt'
writing manifest file '../../build/aruco_detector_node/aruco_detector_node.egg-info/SOURCES.txt'
running build
running build_py
copying aruco_detector_node/aruco_detector.py -> /home/drone/drone_ws/build/aruco_detector_node/build/lib/aruco_detector_node
running install
running install_lib
copying /home/drone/drone_ws/build/aruco_detector_node/build/lib/aruco_detector_node/aruco_detector.py -> /home/drone/drone_ws/install/aruco_detector_node/lib/python3.10/site-packages/aruco_detector_node
byte-compiling /home/drone/drone_ws/install/aruco_detector_node/lib/python3.10/site-packages/aruco_detector_node/aruco_detector.py to aruco_detector.cpython-310.pyc
running install_data
running install_egg_info
removing '/home/drone/drone_ws/install/aruco_detector_node/lib/python3.10/site-packages/aruco_detector_node-0.0.0-py3.10.egg-info' (and everything under it)
Copying ../../build/aruco_detector_node/aruco_detector_node.egg-info to /home/drone/drone_ws/install/aruco_detector_node/lib/python3.10/site-packages/aruco_detector_node-0.0.0-py3.10.egg-info
running install_scripts
Installing aruco_detector script to /home/drone/drone_ws/install/aruco_detector_node/lib/aruco_detector_node
writing list of installed files to '/home/drone/drone_ws/build/aruco_detector_node/install.log'
