[7.846s] Invoking command in '/home/drone/drone_ws/src/aruco_detector_node': PYTHONPATH=/home/drone/drone_ws/build/aruco_detector_node/prefix_override:/usr/lib/python3/dist-packages/colcon_core/task/python/colcon_distutils_commands:/home/drone/drone_ws/install/aruco_detector_node/lib/python3.10/site-packages:${PYTHONPATH} /usr/bin/python3 -W ignore:setup.py install is deprecated -W ignore:easy_install command is deprecated setup.py egg_info --egg-base ../../build/aruco_detector_node build --build-base /home/drone/drone_ws/build/aruco_detector_node/build install --record /home/drone/drone_ws/build/aruco_detector_node/install.log --single-version-externally-managed install_data
[9.697s] running egg_info
[9.701s] writing ../../build/aruco_detector_node/aruco_detector_node.egg-info/PKG-INFO
[9.702s] writing dependency_links to ../../build/aruco_detector_node/aruco_detector_node.egg-info/dependency_links.txt
[9.703s] writing entry points to ../../build/aruco_detector_node/aruco_detector_node.egg-info/entry_points.txt
[9.704s] writing requirements to ../../build/aruco_detector_node/aruco_detector_node.egg-info/requires.txt
[9.705s] writing top-level names to ../../build/aruco_detector_node/aruco_detector_node.egg-info/top_level.txt
[9.715s] reading manifest file '../../build/aruco_detector_node/aruco_detector_node.egg-info/SOURCES.txt'
[9.719s] writing manifest file '../../build/aruco_detector_node/aruco_detector_node.egg-info/SOURCES.txt'
[9.720s] running build
[9.721s] running build_py
[9.722s] copying aruco_detector_node/aruco_detector.py -> /home/drone/drone_ws/build/aruco_detector_node/build/lib/aruco_detector_node
[9.723s] running install
[9.725s] running install_lib
[9.729s] copying /home/drone/drone_ws/build/aruco_detector_node/build/lib/aruco_detector_node/aruco_detector.py -> /home/drone/drone_ws/install/aruco_detector_node/lib/python3.10/site-packages/aruco_detector_node
[9.733s] byte-compiling /home/drone/drone_ws/install/aruco_detector_node/lib/python3.10/site-packages/aruco_detector_node/aruco_detector.py to aruco_detector.cpython-310.pyc
[9.749s] running install_data
[9.749s] running install_egg_info
[9.758s] removing '/home/drone/drone_ws/install/aruco_detector_node/lib/python3.10/site-packages/aruco_detector_node-0.0.0-py3.10.egg-info' (and everything under it)
[9.760s] Copying ../../build/aruco_detector_node/aruco_detector_node.egg-info to /home/drone/drone_ws/install/aruco_detector_node/lib/python3.10/site-packages/aruco_detector_node-0.0.0-py3.10.egg-info
[9.769s] running install_scripts
[9.872s] Installing aruco_detector script to /home/drone/drone_ws/install/aruco_detector_node/lib/aruco_detector_node
[9.874s] writing list of installed files to '/home/drone/drone_ws/build/aruco_detector_node/install.log'
[10.051s] Invoked command in '/home/drone/drone_ws/src/aruco_detector_node' returned '0': PYTHONPATH=/home/drone/drone_ws/build/aruco_detector_node/prefix_override:/usr/lib/python3/dist-packages/colcon_core/task/python/colcon_distutils_commands:/home/drone/drone_ws/install/aruco_detector_node/lib/python3.10/site-packages:${PYTHONPATH} /usr/bin/python3 -W ignore:setup.py install is deprecated -W ignore:easy_install command is deprecated setup.py egg_info --egg-base ../../build/aruco_detector_node build --build-base /home/drone/drone_ws/build/aruco_detector_node/build install --record /home/drone/drone_ws/build/aruco_detector_node/install.log --single-version-externally-managed install_data
