[0.169s] Invoking command in '/home/drone/drone_ws/build/drone_msgs': CMAKE_PREFIX_PATH=/opt/ros/humble /usr/bin/cmake --build /home/drone/drone_ws/build/drone_msgs -- -j4 -l4
[3.486s] [  1%] Built target drone_msgs__cpp
[3.487s] [  3%] Built target drone_msgs__rs
[3.488s] [ 14%] Built target drone_msgs__rosidl_generator_c
[3.490s] [ 14%] Built target ament_cmake_python_copy_drone_msgs
[3.492s] [ 25%] Built target drone_msgs__rosidl_typesupport_introspection_cpp
[3.493s] [ 35%] Built target drone_msgs__rosidl_typesupport_fastrtps_cpp
[3.493s] [ 46%] Built target drone_msgs__rosidl_typesupport_cpp
[3.497s] [ 57%] Built target drone_msgs__rosidl_typesupport_fastrtps_c
[3.498s] [ 67%] Built target drone_msgs__rosidl_typesupport_introspection_c
[3.498s] [ 78%] Built target drone_msgs__rosidl_typesupport_c
[3.499s] [ 78%] Built target drone_msgs
[3.499s] [ 80%] Built target drone_msgs__py
[3.500s] [ 89%] Built target drone_msgs__rosidl_generator_py
[3.500s] [ 92%] Built target drone_msgs__rosidl_typesupport_fastrtps_c__pyext
[3.501s] [ 96%] Built target drone_msgs__rosidl_typesupport_c__pyext
[3.502s] [100%] Built target drone_msgs__rosidl_typesupport_introspection_c__pyext
[3.502s] running egg_info
[3.503s] writing drone_msgs.egg-info/PKG-INFO
[3.503s] writing dependency_links to drone_msgs.egg-info/dependency_links.txt
[3.504s] writing top-level names to drone_msgs.egg-info/top_level.txt
[3.504s] reading manifest file 'drone_msgs.egg-info/SOURCES.txt'
[3.505s] writing manifest file 'drone_msgs.egg-info/SOURCES.txt'
[3.505s] [100%] Built target ament_cmake_python_build_drone_msgs_egg
[4.764s] Invoked command in '/home/drone/drone_ws/build/drone_msgs' returned '0': CMAKE_PREFIX_PATH=/opt/ros/humble /usr/bin/cmake --build /home/drone/drone_ws/build/drone_msgs -- -j4 -l4
[4.807s] Invoking command in '/home/drone/drone_ws/build/drone_msgs': CMAKE_PREFIX_PATH=/opt/ros/humble /usr/bin/cmake --install /home/drone/drone_ws/build/drone_msgs
[4.845s] -- Install configuration: ""
[4.854s] -- Up-to-date: /home/drone/drone_ws/install/drone_msgs/share/ament_index/resource_index/rosidl_interfaces/drone_msgs
[4.862s] -- Up-to-date: /home/drone/drone_ws/install/drone_msgs/include/drone_msgs/drone_msgs
[4.872s] -- Up-to-date: /home/drone/drone_ws/install/drone_msgs/include/drone_msgs/drone_msgs/msg
[4.873s] -- Up-to-date: /home/drone/drone_ws/install/drone_msgs/include/drone_msgs/drone_msgs/msg/aruco_detection_array.h
[4.874s] -- Up-to-date: /home/drone/drone_ws/install/drone_msgs/include/drone_msgs/drone_msgs/msg/aruco_detection.h
[4.874s] -- Up-to-date: /home/drone/drone_ws/install/drone_msgs/include/drone_msgs/drone_msgs/msg/rosidl_generator_c__visibility_control.h
[4.875s] -- Up-to-date: /home/drone/drone_ws/install/drone_msgs/include/drone_msgs/drone_msgs/msg/marker_pose.h
[4.876s] -- Up-to-date: /home/drone/drone_ws/install/drone_msgs/include/drone_msgs/drone_msgs/msg/detail
[4.878s] -- Up-to-date: /home/drone/drone_ws/install/drone_msgs/include/drone_msgs/drone_msgs/msg/detail/aruco_detection__functions.h
[4.879s] -- Up-to-date: /home/drone/drone_ws/install/drone_msgs/include/drone_msgs/drone_msgs/msg/detail/aruco_detection__struct.h
[4.879s] -- Up-to-date: /home/drone/drone_ws/install/drone_msgs/include/drone_msgs/drone_msgs/msg/detail/marker_pose_array__functions.h
[4.880s] -- Up-to-date: /home/drone/drone_ws/install/drone_msgs/include/drone_msgs/drone_msgs/msg/detail/aruco_detection_array__type_support.h
[4.881s] -- Up-to-date: /home/drone/drone_ws/install/drone_msgs/include/drone_msgs/drone_msgs/msg/detail/aruco_detection_array__struct.h
[4.881s] -- Up-to-date: /home/drone/drone_ws/install/drone_msgs/include/drone_msgs/drone_msgs/msg/detail/aruco_detection__functions.c
[4.882s] -- Up-to-date: /home/drone/drone_ws/install/drone_msgs/include/drone_msgs/drone_msgs/msg/detail/marker_pose_array__functions.c
[4.883s] -- Up-to-date: /home/drone/drone_ws/install/drone_msgs/include/drone_msgs/drone_msgs/msg/detail/marker_pose__functions.h
[4.892s] -- Up-to-date: /home/drone/drone_ws/install/drone_msgs/include/drone_msgs/drone_msgs/msg/detail/aruco_detection__type_support.h
[4.892s] -- Up-to-date: /home/drone/drone_ws/install/drone_msgs/include/drone_msgs/drone_msgs/msg/detail/aruco_detection_array__functions.c
[4.893s] -- Up-to-date: /home/drone/drone_ws/install/drone_msgs/include/drone_msgs/drone_msgs/msg/detail/marker_pose__struct.h
[4.894s] -- Up-to-date: /home/drone/drone_ws/install/drone_msgs/include/drone_msgs/drone_msgs/msg/detail/aruco_detection_array__functions.h
[4.894s] -- Up-to-date: /home/drone/drone_ws/install/drone_msgs/include/drone_msgs/drone_msgs/msg/detail/marker_pose__type_support.h
[4.894s] -- Up-to-date: /home/drone/drone_ws/install/drone_msgs/include/drone_msgs/drone_msgs/msg/detail/marker_pose__functions.c
[4.895s] -- Up-to-date: /home/drone/drone_ws/install/drone_msgs/include/drone_msgs/drone_msgs/msg/detail/marker_pose_array__struct.h
[4.901s] -- Up-to-date: /home/drone/drone_ws/install/drone_msgs/include/drone_msgs/drone_msgs/msg/detail/marker_pose_array__type_support.h
[4.901s] -- Up-to-date: /home/drone/drone_ws/install/drone_msgs/include/drone_msgs/drone_msgs/msg/marker_pose_array.h
[4.902s] -- Up-to-date: /home/drone/drone_ws/install/drone_msgs/share/drone_msgs/environment/library_path.sh
[4.902s] -- Up-to-date: /home/drone/drone_ws/install/drone_msgs/share/drone_msgs/environment/library_path.dsv
[4.903s] -- Up-to-date: /home/drone/drone_ws/install/drone_msgs/lib/libdrone_msgs__rosidl_generator_c.so
[4.916s] -- Up-to-date: /home/drone/drone_ws/install/drone_msgs/include/drone_msgs/drone_msgs
[4.917s] -- Up-to-date: /home/drone/drone_ws/install/drone_msgs/include/drone_msgs/drone_msgs/msg
[4.917s] -- Up-to-date: /home/drone/drone_ws/install/drone_msgs/include/drone_msgs/drone_msgs/msg/detail
[4.918s] -- Up-to-date: /home/drone/drone_ws/install/drone_msgs/include/drone_msgs/drone_msgs/msg/detail/aruco_detection_array__rosidl_typesupport_fastrtps_c.h
[4.919s] -- Up-to-date: /home/drone/drone_ws/install/drone_msgs/include/drone_msgs/drone_msgs/msg/detail/marker_pose_array__rosidl_typesupport_fastrtps_c.h
[4.921s] -- Up-to-date: /home/drone/drone_ws/install/drone_msgs/include/drone_msgs/drone_msgs/msg/detail/marker_pose__rosidl_typesupport_fastrtps_c.h
[4.921s] -- Up-to-date: /home/drone/drone_ws/install/drone_msgs/include/drone_msgs/drone_msgs/msg/detail/aruco_detection__rosidl_typesupport_fastrtps_c.h
[4.922s] -- Up-to-date: /home/drone/drone_ws/install/drone_msgs/include/drone_msgs/drone_msgs/msg/rosidl_typesupport_fastrtps_c__visibility_control.h
[4.923s] -- Up-to-date: /home/drone/drone_ws/install/drone_msgs/lib/libdrone_msgs__rosidl_typesupport_fastrtps_c.so
[4.924s] -- Up-to-date: /home/drone/drone_ws/install/drone_msgs/include/drone_msgs/drone_msgs
[4.925s] -- Up-to-date: /home/drone/drone_ws/install/drone_msgs/include/drone_msgs/drone_msgs/msg
[4.930s] -- Up-to-date: /home/drone/drone_ws/install/drone_msgs/include/drone_msgs/drone_msgs/msg/detail
[4.933s] -- Up-to-date: /home/drone/drone_ws/install/drone_msgs/include/drone_msgs/drone_msgs/msg/detail/aruco_detection_array__type_support.c
[4.935s] -- Up-to-date: /home/drone/drone_ws/install/drone_msgs/include/drone_msgs/drone_msgs/msg/detail/marker_pose__rosidl_typesupport_introspection_c.h
[4.941s] -- Up-to-date: /home/drone/drone_ws/install/drone_msgs/include/drone_msgs/drone_msgs/msg/detail/aruco_detection__rosidl_typesupport_introspection_c.h
[4.942s] -- Up-to-date: /home/drone/drone_ws/install/drone_msgs/include/drone_msgs/drone_msgs/msg/detail/marker_pose__type_support.c
[4.956s] -- Up-to-date: /home/drone/drone_ws/install/drone_msgs/include/drone_msgs/drone_msgs/msg/detail/aruco_detection__type_support.c
[4.959s] -- Up-to-date: /home/drone/drone_ws/install/drone_msgs/include/drone_msgs/drone_msgs/msg/detail/aruco_detection_array__rosidl_typesupport_introspection_c.h
[4.962s] -- Up-to-date: /home/drone/drone_ws/install/drone_msgs/include/drone_msgs/drone_msgs/msg/detail/marker_pose_array__type_support.c
[4.964s] -- Up-to-date: /home/drone/drone_ws/install/drone_msgs/include/drone_msgs/drone_msgs/msg/detail/marker_pose_array__rosidl_typesupport_introspection_c.h
[4.967s] -- Up-to-date: /home/drone/drone_ws/install/drone_msgs/include/drone_msgs/drone_msgs/msg/rosidl_typesupport_introspection_c__visibility_control.h
[4.972s] -- Up-to-date: /home/drone/drone_ws/install/drone_msgs/lib/libdrone_msgs__rosidl_typesupport_introspection_c.so
[4.977s] -- Up-to-date: /home/drone/drone_ws/install/drone_msgs/lib/libdrone_msgs__rosidl_typesupport_c.so
[4.979s] -- Up-to-date: /home/drone/drone_ws/install/drone_msgs/include/drone_msgs/drone_msgs
[4.980s] -- Up-to-date: /home/drone/drone_ws/install/drone_msgs/include/drone_msgs/drone_msgs/msg
[4.981s] -- Up-to-date: /home/drone/drone_ws/install/drone_msgs/include/drone_msgs/drone_msgs/msg/rosidl_generator_cpp__visibility_control.hpp
[4.982s] -- Up-to-date: /home/drone/drone_ws/install/drone_msgs/include/drone_msgs/drone_msgs/msg/marker_pose.hpp
[4.982s] -- Up-to-date: /home/drone/drone_ws/install/drone_msgs/include/drone_msgs/drone_msgs/msg/detail
[4.983s] -- Up-to-date: /home/drone/drone_ws/install/drone_msgs/include/drone_msgs/drone_msgs/msg/detail/marker_pose__builder.hpp
[4.984s] -- Up-to-date: /home/drone/drone_ws/install/drone_msgs/include/drone_msgs/drone_msgs/msg/detail/marker_pose_array__builder.hpp
[4.984s] -- Up-to-date: /home/drone/drone_ws/install/drone_msgs/include/drone_msgs/drone_msgs/msg/detail/aruco_detection_array__traits.hpp
[4.985s] -- Up-to-date: /home/drone/drone_ws/install/drone_msgs/include/drone_msgs/drone_msgs/msg/detail/marker_pose__traits.hpp
[4.988s] -- Up-to-date: /home/drone/drone_ws/install/drone_msgs/include/drone_msgs/drone_msgs/msg/detail/marker_pose__type_support.hpp
[4.988s] -- Up-to-date: /home/drone/drone_ws/install/drone_msgs/include/drone_msgs/drone_msgs/msg/detail/aruco_detection_array__struct.hpp
[4.993s] -- Up-to-date: /home/drone/drone_ws/install/drone_msgs/include/drone_msgs/drone_msgs/msg/detail/marker_pose_array__type_support.hpp
[4.994s] -- Up-to-date: /home/drone/drone_ws/install/drone_msgs/include/drone_msgs/drone_msgs/msg/detail/marker_pose_array__struct.hpp
[4.994s] -- Up-to-date: /home/drone/drone_ws/install/drone_msgs/include/drone_msgs/drone_msgs/msg/detail/aruco_detection_array__type_support.hpp
[4.996s] -- Up-to-date: /home/drone/drone_ws/install/drone_msgs/include/drone_msgs/drone_msgs/msg/detail/aruco_detection__struct.hpp
[4.996s] -- Up-to-date: /home/drone/drone_ws/install/drone_msgs/include/drone_msgs/drone_msgs/msg/detail/aruco_detection_array__builder.hpp
[4.997s] -- Up-to-date: /home/drone/drone_ws/install/drone_msgs/include/drone_msgs/drone_msgs/msg/detail/marker_pose_array__traits.hpp
[5.000s] -- Up-to-date: /home/drone/drone_ws/install/drone_msgs/include/drone_msgs/drone_msgs/msg/detail/aruco_detection__traits.hpp
[5.000s] -- Up-to-date: /home/drone/drone_ws/install/drone_msgs/include/drone_msgs/drone_msgs/msg/detail/aruco_detection__builder.hpp
[5.001s] -- Up-to-date: /home/drone/drone_ws/install/drone_msgs/include/drone_msgs/drone_msgs/msg/detail/marker_pose__struct.hpp
[5.002s] -- Up-to-date: /home/drone/drone_ws/install/drone_msgs/include/drone_msgs/drone_msgs/msg/detail/aruco_detection__type_support.hpp
[5.003s] -- Up-to-date: /home/drone/drone_ws/install/drone_msgs/include/drone_msgs/drone_msgs/msg/aruco_detection.hpp
[5.003s] -- Up-to-date: /home/drone/drone_ws/install/drone_msgs/include/drone_msgs/drone_msgs/msg/marker_pose_array.hpp
[5.004s] -- Up-to-date: /home/drone/drone_ws/install/drone_msgs/include/drone_msgs/drone_msgs/msg/aruco_detection_array.hpp
[5.004s] -- Up-to-date: /home/drone/drone_ws/install/drone_msgs/include/drone_msgs/drone_msgs
[5.013s] -- Up-to-date: /home/drone/drone_ws/install/drone_msgs/include/drone_msgs/drone_msgs/msg
[5.014s] -- Up-to-date: /home/drone/drone_ws/install/drone_msgs/include/drone_msgs/drone_msgs/msg/rosidl_typesupport_fastrtps_cpp__visibility_control.h
[5.014s] -- Up-to-date: /home/drone/drone_ws/install/drone_msgs/include/drone_msgs/drone_msgs/msg/detail
[5.015s] -- Up-to-date: /home/drone/drone_ws/install/drone_msgs/include/drone_msgs/drone_msgs/msg/detail/aruco_detection__rosidl_typesupport_fastrtps_cpp.hpp
[5.016s] -- Up-to-date: /home/drone/drone_ws/install/drone_msgs/include/drone_msgs/drone_msgs/msg/detail/dds_fastrtps
[5.019s] -- Up-to-date: /home/drone/drone_ws/install/drone_msgs/include/drone_msgs/drone_msgs/msg/detail/marker_pose__rosidl_typesupport_fastrtps_cpp.hpp
[5.020s] -- Up-to-date: /home/drone/drone_ws/install/drone_msgs/include/drone_msgs/drone_msgs/msg/detail/marker_pose_array__rosidl_typesupport_fastrtps_cpp.hpp
[5.021s] -- Up-to-date: /home/drone/drone_ws/install/drone_msgs/include/drone_msgs/drone_msgs/msg/detail/aruco_detection_array__rosidl_typesupport_fastrtps_cpp.hpp
[5.025s] -- Up-to-date: /home/drone/drone_ws/install/drone_msgs/lib/libdrone_msgs__rosidl_typesupport_fastrtps_cpp.so
[5.026s] -- Up-to-date: /home/drone/drone_ws/install/drone_msgs/include/drone_msgs/drone_msgs
[5.027s] -- Up-to-date: /home/drone/drone_ws/install/drone_msgs/include/drone_msgs/drone_msgs/msg
[5.028s] -- Up-to-date: /home/drone/drone_ws/install/drone_msgs/include/drone_msgs/drone_msgs/msg/detail
[5.028s] -- Up-to-date: /home/drone/drone_ws/install/drone_msgs/include/drone_msgs/drone_msgs/msg/detail/aruco_detection__rosidl_typesupport_introspection_cpp.hpp
[5.029s] -- Up-to-date: /home/drone/drone_ws/install/drone_msgs/include/drone_msgs/drone_msgs/msg/detail/marker_pose__rosidl_typesupport_introspection_cpp.hpp
[5.029s] -- Up-to-date: /home/drone/drone_ws/install/drone_msgs/include/drone_msgs/drone_msgs/msg/detail/aruco_detection_array__type_support.cpp
[5.030s] -- Up-to-date: /home/drone/drone_ws/install/drone_msgs/include/drone_msgs/drone_msgs/msg/detail/marker_pose_array__rosidl_typesupport_introspection_cpp.hpp
[5.031s] -- Up-to-date: /home/drone/drone_ws/install/drone_msgs/include/drone_msgs/drone_msgs/msg/detail/aruco_detection__type_support.cpp
[5.034s] -- Up-to-date: /home/drone/drone_ws/install/drone_msgs/include/drone_msgs/drone_msgs/msg/detail/aruco_detection_array__rosidl_typesupport_introspection_cpp.hpp
[5.035s] -- Up-to-date: /home/drone/drone_ws/install/drone_msgs/include/drone_msgs/drone_msgs/msg/detail/marker_pose__type_support.cpp
[5.035s] -- Up-to-date: /home/drone/drone_ws/install/drone_msgs/include/drone_msgs/drone_msgs/msg/detail/marker_pose_array__type_support.cpp
[5.040s] -- Up-to-date: /home/drone/drone_ws/install/drone_msgs/lib/libdrone_msgs__rosidl_typesupport_introspection_cpp.so
[5.050s] -- Up-to-date: /home/drone/drone_ws/install/drone_msgs/lib/libdrone_msgs__rosidl_typesupport_cpp.so
[5.052s] -- Up-to-date: /home/drone/drone_ws/install/drone_msgs/share/drone_msgs/environment/pythonpath.sh
[5.052s] -- Up-to-date: /home/drone/drone_ws/install/drone_msgs/share/drone_msgs/environment/pythonpath.dsv
[5.055s] -- Up-to-date: /home/drone/drone_ws/install/drone_msgs/local/lib/python3.10/dist-packages/drone_msgs-0.0.0-py3.10.egg-info
[5.056s] -- Installing: /home/drone/drone_ws/install/drone_msgs/local/lib/python3.10/dist-packages/drone_msgs-0.0.0-py3.10.egg-info/PKG-INFO
[5.056s] -- Installing: /home/drone/drone_ws/install/drone_msgs/local/lib/python3.10/dist-packages/drone_msgs-0.0.0-py3.10.egg-info/top_level.txt
[5.069s] -- Installing: /home/drone/drone_ws/install/drone_msgs/local/lib/python3.10/dist-packages/drone_msgs-0.0.0-py3.10.egg-info/dependency_links.txt
[5.070s] -- Installing: /home/drone/drone_ws/install/drone_msgs/local/lib/python3.10/dist-packages/drone_msgs-0.0.0-py3.10.egg-info/SOURCES.txt
[5.071s] -- Up-to-date: /home/drone/drone_ws/install/drone_msgs/local/lib/python3.10/dist-packages/drone_msgs
[5.073s] -- Up-to-date: /home/drone/drone_ws/install/drone_msgs/local/lib/python3.10/dist-packages/drone_msgs/drone_msgs_s__rosidl_typesupport_c.cpython-310-aarch64-linux-gnu.so
[5.075s] -- Up-to-date: /home/drone/drone_ws/install/drone_msgs/local/lib/python3.10/dist-packages/drone_msgs/msg
[5.077s] -- Up-to-date: /home/drone/drone_ws/install/drone_msgs/local/lib/python3.10/dist-packages/drone_msgs/msg/_aruco_detection.py
[5.080s] -- Up-to-date: /home/drone/drone_ws/install/drone_msgs/local/lib/python3.10/dist-packages/drone_msgs/msg/_marker_pose.py
[5.083s] -- Up-to-date: /home/drone/drone_ws/install/drone_msgs/local/lib/python3.10/dist-packages/drone_msgs/msg/_aruco_detection_s.c
[5.087s] -- Up-to-date: /home/drone/drone_ws/install/drone_msgs/local/lib/python3.10/dist-packages/drone_msgs/msg/_aruco_detection_array_s.c
[5.089s] -- Up-to-date: /home/drone/drone_ws/install/drone_msgs/local/lib/python3.10/dist-packages/drone_msgs/msg/__init__.py
[5.092s] -- Up-to-date: /home/drone/drone_ws/install/drone_msgs/local/lib/python3.10/dist-packages/drone_msgs/msg/_marker_pose_s.c
[5.094s] -- Up-to-date: /home/drone/drone_ws/install/drone_msgs/local/lib/python3.10/dist-packages/drone_msgs/msg/_marker_pose_array_s.c
[5.096s] -- Up-to-date: /home/drone/drone_ws/install/drone_msgs/local/lib/python3.10/dist-packages/drone_msgs/msg/_marker_pose_array.py
[5.099s] -- Up-to-date: /home/drone/drone_ws/install/drone_msgs/local/lib/python3.10/dist-packages/drone_msgs/msg/_aruco_detection_array.py
[5.100s] -- Up-to-date: /home/drone/drone_ws/install/drone_msgs/local/lib/python3.10/dist-packages/drone_msgs/drone_msgs_s__rosidl_typesupport_fastrtps_c.cpython-310-aarch64-linux-gnu.so
[5.103s] -- Up-to-date: /home/drone/drone_ws/install/drone_msgs/local/lib/python3.10/dist-packages/drone_msgs/__init__.py
[5.105s] -- Up-to-date: /home/drone/drone_ws/install/drone_msgs/local/lib/python3.10/dist-packages/drone_msgs/_drone_msgs_s.ep.rosidl_typesupport_introspection_c.c
[5.105s] -- Up-to-date: /home/drone/drone_ws/install/drone_msgs/local/lib/python3.10/dist-packages/drone_msgs/drone_msgs_s__rosidl_typesupport_introspection_c.cpython-310-aarch64-linux-gnu.so
[5.106s] -- Up-to-date: /home/drone/drone_ws/install/drone_msgs/local/lib/python3.10/dist-packages/drone_msgs/_drone_msgs_s.ep.rosidl_typesupport_c.c
[5.106s] -- Up-to-date: /home/drone/drone_ws/install/drone_msgs/local/lib/python3.10/dist-packages/drone_msgs/_drone_msgs_s.ep.rosidl_typesupport_fastrtps_c.c
[5.107s] -- Up-to-date: /home/drone/drone_ws/install/drone_msgs/local/lib/python3.10/dist-packages/drone_msgs/libdrone_msgs__rosidl_generator_py.so
[5.313s] Listing '/home/drone/drone_ws/install/drone_msgs/local/lib/python3.10/dist-packages/drone_msgs'...
[5.315s] Listing '/home/drone/drone_ws/install/drone_msgs/local/lib/python3.10/dist-packages/drone_msgs/msg'...
[5.402s] -- Up-to-date: /home/drone/drone_ws/install/drone_msgs/local/lib/python3.10/dist-packages/drone_msgs/drone_msgs_s__rosidl_typesupport_fastrtps_c.cpython-310-aarch64-linux-gnu.so
[5.412s] -- Up-to-date: /home/drone/drone_ws/install/drone_msgs/local/lib/python3.10/dist-packages/drone_msgs/drone_msgs_s__rosidl_typesupport_introspection_c.cpython-310-aarch64-linux-gnu.so
[5.422s] -- Up-to-date: /home/drone/drone_ws/install/drone_msgs/local/lib/python3.10/dist-packages/drone_msgs/drone_msgs_s__rosidl_typesupport_c.cpython-310-aarch64-linux-gnu.so
[5.433s] -- Up-to-date: /home/drone/drone_ws/install/drone_msgs/lib/libdrone_msgs__rosidl_generator_py.so
[5.439s] -- Up-to-date: /home/drone/drone_ws/install/drone_msgs/share/ament_index/resource_index/rust_packages/drone_msgs
[5.443s] -- Up-to-date: /home/drone/drone_ws/install/drone_msgs/share/drone_msgs/rust
[5.448s] -- Up-to-date: /home/drone/drone_ws/install/drone_msgs/share/drone_msgs/rust/Cargo.toml
[5.452s] -- Up-to-date: /home/drone/drone_ws/install/drone_msgs/share/drone_msgs/rust/src
[5.456s] -- Up-to-date: /home/drone/drone_ws/install/drone_msgs/share/drone_msgs/rust/src/msg
[5.459s] -- Up-to-date: /home/drone/drone_ws/install/drone_msgs/share/drone_msgs/rust/src/msg/rmw.rs
[5.465s] -- Up-to-date: /home/drone/drone_ws/install/drone_msgs/share/drone_msgs/rust/src/msg.rs
[5.467s] -- Up-to-date: /home/drone/drone_ws/install/drone_msgs/share/drone_msgs/rust/src/lib.rs
[5.471s] -- Up-to-date: /home/drone/drone_ws/install/drone_msgs/share/drone_msgs/rust/build.rs
[5.473s] -- Up-to-date: /home/drone/drone_ws/install/drone_msgs/share/drone_msgs/msg/ArucoDetection.idl
[5.475s] -- Up-to-date: /home/drone/drone_ws/install/drone_msgs/share/drone_msgs/msg/ArucoDetectionArray.idl
[5.477s] -- Up-to-date: /home/drone/drone_ws/install/drone_msgs/share/drone_msgs/msg/MarkerPose.idl
[5.479s] -- Up-to-date: /home/drone/drone_ws/install/drone_msgs/share/drone_msgs/msg/MarkerPoseArray.idl
[5.481s] -- Up-to-date: /home/drone/drone_ws/install/drone_msgs/share/drone_msgs/msg/ArucoDetection.msg
[5.484s] -- Up-to-date: /home/drone/drone_ws/install/drone_msgs/share/drone_msgs/msg/ArucoDetectionArray.msg
[5.486s] -- Up-to-date: /home/drone/drone_ws/install/drone_msgs/share/drone_msgs/msg/MarkerPose.msg
[5.489s] -- Up-to-date: /home/drone/drone_ws/install/drone_msgs/share/drone_msgs/msg/MarkerPoseArray.msg
[5.492s] -- Up-to-date: /home/drone/drone_ws/install/drone_msgs/share/ament_index/resource_index/package_run_dependencies/drone_msgs
[5.495s] -- Up-to-date: /home/drone/drone_ws/install/drone_msgs/share/ament_index/resource_index/parent_prefix_path/drone_msgs
[5.500s] -- Up-to-date: /home/drone/drone_ws/install/drone_msgs/share/drone_msgs/environment/ament_prefix_path.sh
[5.501s] -- Up-to-date: /home/drone/drone_ws/install/drone_msgs/share/drone_msgs/environment/ament_prefix_path.dsv
[5.504s] -- Up-to-date: /home/drone/drone_ws/install/drone_msgs/share/drone_msgs/environment/path.sh
[5.506s] -- Up-to-date: /home/drone/drone_ws/install/drone_msgs/share/drone_msgs/environment/path.dsv
[5.510s] -- Up-to-date: /home/drone/drone_ws/install/drone_msgs/share/drone_msgs/local_setup.bash
[5.511s] -- Up-to-date: /home/drone/drone_ws/install/drone_msgs/share/drone_msgs/local_setup.sh
[5.512s] -- Up-to-date: /home/drone/drone_ws/install/drone_msgs/share/drone_msgs/local_setup.zsh
[5.513s] -- Up-to-date: /home/drone/drone_ws/install/drone_msgs/share/drone_msgs/local_setup.dsv
[5.513s] -- Installing: /home/drone/drone_ws/install/drone_msgs/share/drone_msgs/package.dsv
[5.517s] -- Up-to-date: /home/drone/drone_ws/install/drone_msgs/share/ament_index/resource_index/packages/drone_msgs
[5.521s] -- Up-to-date: /home/drone/drone_ws/install/drone_msgs/share/drone_msgs/cmake/export_drone_msgs__rosidl_generator_cExport.cmake
[5.522s] -- Up-to-date: /home/drone/drone_ws/install/drone_msgs/share/drone_msgs/cmake/export_drone_msgs__rosidl_generator_cExport-noconfig.cmake
[5.528s] -- Up-to-date: /home/drone/drone_ws/install/drone_msgs/share/drone_msgs/cmake/export_drone_msgs__rosidl_typesupport_fastrtps_cExport.cmake
[5.529s] -- Up-to-date: /home/drone/drone_ws/install/drone_msgs/share/drone_msgs/cmake/export_drone_msgs__rosidl_typesupport_fastrtps_cExport-noconfig.cmake
[5.534s] -- Up-to-date: /home/drone/drone_ws/install/drone_msgs/share/drone_msgs/cmake/drone_msgs__rosidl_typesupport_introspection_cExport.cmake
[5.534s] -- Up-to-date: /home/drone/drone_ws/install/drone_msgs/share/drone_msgs/cmake/drone_msgs__rosidl_typesupport_introspection_cExport-noconfig.cmake
[5.538s] -- Up-to-date: /home/drone/drone_ws/install/drone_msgs/share/drone_msgs/cmake/drone_msgs__rosidl_typesupport_cExport.cmake
[5.540s] -- Up-to-date: /home/drone/drone_ws/install/drone_msgs/share/drone_msgs/cmake/drone_msgs__rosidl_typesupport_cExport-noconfig.cmake
[5.544s] -- Up-to-date: /home/drone/drone_ws/install/drone_msgs/share/drone_msgs/cmake/export_drone_msgs__rosidl_generator_cppExport.cmake
[5.547s] -- Up-to-date: /home/drone/drone_ws/install/drone_msgs/share/drone_msgs/cmake/export_drone_msgs__rosidl_typesupport_fastrtps_cppExport.cmake
[5.549s] -- Up-to-date: /home/drone/drone_ws/install/drone_msgs/share/drone_msgs/cmake/export_drone_msgs__rosidl_typesupport_fastrtps_cppExport-noconfig.cmake
[5.553s] -- Up-to-date: /home/drone/drone_ws/install/drone_msgs/share/drone_msgs/cmake/drone_msgs__rosidl_typesupport_introspection_cppExport.cmake
[5.555s] -- Up-to-date: /home/drone/drone_ws/install/drone_msgs/share/drone_msgs/cmake/drone_msgs__rosidl_typesupport_introspection_cppExport-noconfig.cmake
[5.559s] -- Up-to-date: /home/drone/drone_ws/install/drone_msgs/share/drone_msgs/cmake/drone_msgs__rosidl_typesupport_cppExport.cmake
[5.561s] -- Up-to-date: /home/drone/drone_ws/install/drone_msgs/share/drone_msgs/cmake/drone_msgs__rosidl_typesupport_cppExport-noconfig.cmake
[5.567s] -- Up-to-date: /home/drone/drone_ws/install/drone_msgs/share/drone_msgs/cmake/export_drone_msgs__rosidl_generator_pyExport.cmake
[5.571s] -- Up-to-date: /home/drone/drone_ws/install/drone_msgs/share/drone_msgs/cmake/export_drone_msgs__rosidl_generator_pyExport-noconfig.cmake
[5.573s] -- Up-to-date: /home/drone/drone_ws/install/drone_msgs/share/drone_msgs/cmake/rosidl_cmake-extras.cmake
[5.575s] -- Up-to-date: /home/drone/drone_ws/install/drone_msgs/share/drone_msgs/cmake/ament_cmake_export_dependencies-extras.cmake
[5.576s] -- Up-to-date: /home/drone/drone_ws/install/drone_msgs/share/drone_msgs/cmake/ament_cmake_export_include_directories-extras.cmake
[5.578s] -- Up-to-date: /home/drone/drone_ws/install/drone_msgs/share/drone_msgs/cmake/ament_cmake_export_libraries-extras.cmake
[5.580s] -- Up-to-date: /home/drone/drone_ws/install/drone_msgs/share/drone_msgs/cmake/ament_cmake_export_targets-extras.cmake
[5.582s] -- Up-to-date: /home/drone/drone_ws/install/drone_msgs/share/drone_msgs/cmake/rosidl_cmake_export_typesupport_targets-extras.cmake
[5.583s] -- Up-to-date: /home/drone/drone_ws/install/drone_msgs/share/drone_msgs/cmake/rosidl_cmake_export_typesupport_libraries-extras.cmake
[5.585s] -- Up-to-date: /home/drone/drone_ws/install/drone_msgs/share/drone_msgs/cmake/drone_msgsConfig.cmake
[5.587s] -- Up-to-date: /home/drone/drone_ws/install/drone_msgs/share/drone_msgs/cmake/drone_msgsConfig-version.cmake
[5.588s] -- Up-to-date: /home/drone/drone_ws/install/drone_msgs/share/drone_msgs/package.xml
[5.605s] Invoked command in '/home/drone/drone_ws/build/drone_msgs' returned '0': CMAKE_PREFIX_PATH=/opt/ros/humble /usr/bin/cmake --install /home/drone/drone_ws/build/drone_msgs
