[8.265s] Invoking command in '/home/drone/drone_ws/src/global_position_node': PYTHONPATH=/home/drone/drone_ws/build/global_position_node/prefix_override:/usr/lib/python3/dist-packages/colcon_core/task/python/colcon_distutils_commands:/home/drone/drone_ws/install/global_position_node/lib/python3.10/site-packages:${PYTHONPATH} /usr/bin/python3 -W ignore:setup.py install is deprecated -W ignore:easy_install command is deprecated setup.py egg_info --egg-base ../../build/global_position_node build --build-base /home/drone/drone_ws/build/global_position_node/build install --record /home/drone/drone_ws/build/global_position_node/install.log --single-version-externally-managed install_data
[10.358s] running egg_info
[10.378s] writing ../../build/global_position_node/global_position_node.egg-info/PKG-INFO
[10.381s] writing dependency_links to ../../build/global_position_node/global_position_node.egg-info/dependency_links.txt
[10.384s] writing entry points to ../../build/global_position_node/global_position_node.egg-info/entry_points.txt
[10.384s] writing requirements to ../../build/global_position_node/global_position_node.egg-info/requires.txt
[10.385s] writing top-level names to ../../build/global_position_node/global_position_node.egg-info/top_level.txt
[10.393s] reading manifest file '../../build/global_position_node/global_position_node.egg-info/SOURCES.txt'
[10.400s] writing manifest file '../../build/global_position_node/global_position_node.egg-info/SOURCES.txt'
[10.402s] running build
[10.403s] running build_py
[10.404s] running install
[10.406s] running install_lib
[10.414s] running install_data
[10.416s] running install_egg_info
[10.435s] removing '/home/drone/drone_ws/install/global_position_node/lib/python3.10/site-packages/global_position_node-0.0.0-py3.10.egg-info' (and everything under it)
[10.445s] Copying ../../build/global_position_node/global_position_node.egg-info to /home/drone/drone_ws/install/global_position_node/lib/python3.10/site-packages/global_position_node-0.0.0-py3.10.egg-info
[10.453s] running install_scripts
[10.638s] Installing global_position script to /home/drone/drone_ws/install/global_position_node/lib/global_position_node
[10.649s] writing list of installed files to '/home/drone/drone_ws/build/global_position_node/install.log'
[12.179s] Invoked command in '/home/drone/drone_ws/src/global_position_node' returned '0': PYTHONPATH=/home/drone/drone_ws/build/global_position_node/prefix_override:/usr/lib/python3/dist-packages/colcon_core/task/python/colcon_distutils_commands:/home/drone/drone_ws/install/global_position_node/lib/python3.10/site-packages:${PYTHONPATH} /usr/bin/python3 -W ignore:setup.py install is deprecated -W ignore:easy_install command is deprecated setup.py egg_info --egg-base ../../build/global_position_node build --build-base /home/drone/drone_ws/build/global_position_node/build install --record /home/drone/drone_ws/build/global_position_node/install.log --single-version-externally-managed install_data
