[100%] Built target camera_publisher
-- Install configuration: ""
-- Up-to-date: /home/drone/drone_ws/install/uav_camera/lib/uav_camera/camera_publisher
-- Up-to-date: /home/drone/drone_ws/install/uav_camera/share/uav_camera/launch
-- Up-to-date: /home/drone/drone_ws/install/uav_camera/share/uav_camera/launch/camera_launch.py
-- Up-to-date: /home/drone/drone_ws/install/uav_camera/share/ament_index/resource_index/package_run_dependencies/uav_camera
-- Up-to-date: /home/drone/drone_ws/install/uav_camera/share/ament_index/resource_index/parent_prefix_path/uav_camera
-- Up-to-date: /home/drone/drone_ws/install/uav_camera/share/uav_camera/environment/ament_prefix_path.sh
-- Up-to-date: /home/drone/drone_ws/install/uav_camera/share/uav_camera/environment/ament_prefix_path.dsv
-- Up-to-date: /home/drone/drone_ws/install/uav_camera/share/uav_camera/environment/path.sh
-- Up-to-date: /home/drone/drone_ws/install/uav_camera/share/uav_camera/environment/path.dsv
-- Up-to-date: /home/drone/drone_ws/install/uav_camera/share/uav_camera/local_setup.bash
-- Up-to-date: /home/drone/drone_ws/install/uav_camera/share/uav_camera/local_setup.sh
-- Up-to-date: /home/drone/drone_ws/install/uav_camera/share/uav_camera/local_setup.zsh
-- Up-to-date: /home/drone/drone_ws/install/uav_camera/share/uav_camera/local_setup.dsv
-- Installing: /home/drone/drone_ws/install/uav_camera/share/uav_camera/package.dsv
-- Up-to-date: /home/drone/drone_ws/install/uav_camera/share/ament_index/resource_index/packages/uav_camera
-- Up-to-date: /home/drone/drone_ws/install/uav_camera/share/uav_camera/cmake/uav_cameraConfig.cmake
-- Up-to-date: /home/drone/drone_ws/install/uav_camera/share/uav_camera/cmake/uav_cameraConfig-version.cmake
-- Up-to-date: /home/drone/drone_ws/install/uav_camera/share/uav_camera/package.xml
