[6.626s] Invoking command in '/home/drone/drone_ws/src/global_position_node': PYTHONPATH=/home/drone/drone_ws/build/global_position_node/prefix_override:/usr/lib/python3/dist-packages/colcon_core/task/python/colcon_distutils_commands:/home/drone/drone_ws/install/global_position_node/lib/python3.10/site-packages:${PYTHONPATH} /usr/bin/python3 -W ignore:setup.py install is deprecated -W ignore:easy_install command is deprecated setup.py egg_info --egg-base ../../build/global_position_node build --build-base /home/drone/drone_ws/build/global_position_node/build install --record /home/drone/drone_ws/build/global_position_node/install.log --single-version-externally-managed install_data
[8.034s] running egg_info
[8.038s] writing ../../build/global_position_node/global_position_node.egg-info/PKG-INFO
[8.042s] writing dependency_links to ../../build/global_position_node/global_position_node.egg-info/dependency_links.txt
[8.045s] writing entry points to ../../build/global_position_node/global_position_node.egg-info/entry_points.txt
[8.046s] writing requirements to ../../build/global_position_node/global_position_node.egg-info/requires.txt
[8.047s] writing top-level names to ../../build/global_position_node/global_position_node.egg-info/top_level.txt
[8.084s] reading manifest file '../../build/global_position_node/global_position_node.egg-info/SOURCES.txt'
[8.136s] writing manifest file '../../build/global_position_node/global_position_node.egg-info/SOURCES.txt'
[8.137s] running build
[8.140s] running build_py
[8.143s] running install
[8.143s] running install_lib
[8.148s] running install_data
[8.148s] running install_egg_info
[8.185s] removing '/home/drone/drone_ws/install/global_position_node/lib/python3.10/site-packages/global_position_node-0.0.0-py3.10.egg-info' (and everything under it)
[8.189s] Copying ../../build/global_position_node/global_position_node.egg-info to /home/drone/drone_ws/install/global_position_node/lib/python3.10/site-packages/global_position_node-0.0.0-py3.10.egg-info
[8.196s] running install_scripts
[8.282s] Installing global_position script to /home/drone/drone_ws/install/global_position_node/lib/global_position_node
[8.284s] writing list of installed files to '/home/drone/drone_ws/build/global_position_node/install.log'
[8.515s] Invoked command in '/home/drone/drone_ws/src/global_position_node' returned '0': PYTHONPATH=/home/drone/drone_ws/build/global_position_node/prefix_override:/usr/lib/python3/dist-packages/colcon_core/task/python/colcon_distutils_commands:/home/drone/drone_ws/install/global_position_node/lib/python3.10/site-packages:${PYTHONPATH} /usr/bin/python3 -W ignore:setup.py install is deprecated -W ignore:easy_install command is deprecated setup.py egg_info --egg-base ../../build/global_position_node build --build-base /home/drone/drone_ws/build/global_position_node/build install --record /home/drone/drone_ws/build/global_position_node/install.log --single-version-externally-managed install_data
