[7.187s] Invoking command in '/home/drone/drone_ws/src/rangefinder': PYTHONPATH=/home/drone/drone_ws/build/rangefinder/prefix_override:/usr/lib/python3/dist-packages/colcon_core/task/python/colcon_distutils_commands:/home/drone/drone_ws/install/rangefinder/lib/python3.10/site-packages:${PYTHONPATH} /usr/bin/python3 -W ignore:setup.py install is deprecated -W ignore:easy_install command is deprecated setup.py egg_info --egg-base ../../build/rangefinder build --build-base /home/drone/drone_ws/build/rangefinder/build install --record /home/drone/drone_ws/build/rangefinder/install.log --single-version-externally-managed install_data
[10.375s] running egg_info
[10.389s] writing ../../build/rangefinder/rangefinder.egg-info/PKG-INFO
[10.394s] writing dependency_links to ../../build/rangefinder/rangefinder.egg-info/dependency_links.txt
[10.399s] writing entry points to ../../build/rangefinder/rangefinder.egg-info/entry_points.txt
[10.403s] writing requirements to ../../build/rangefinder/rangefinder.egg-info/requires.txt
[10.408s] writing top-level names to ../../build/rangefinder/rangefinder.egg-info/top_level.txt
[10.422s] reading manifest file '../../build/rangefinder/rangefinder.egg-info/SOURCES.txt'
[10.434s] writing manifest file '../../build/rangefinder/rangefinder.egg-info/SOURCES.txt'
[10.453s] running build
[10.455s] running build_py
[10.456s] running install
[10.460s] running install_lib
[10.470s] running install_data
[10.492s] running install_egg_info
[10.523s] removing '/home/drone/drone_ws/install/rangefinder/lib/python3.10/site-packages/rangefinder-0.0.0-py3.10.egg-info' (and everything under it)
[10.527s] Copying ../../build/rangefinder/rangefinder.egg-info to /home/drone/drone_ws/install/rangefinder/lib/python3.10/site-packages/rangefinder-0.0.0-py3.10.egg-info
[10.571s] running install_scripts
[10.758s] Installing rangefinder script to /home/drone/drone_ws/install/rangefinder/lib/rangefinder
[10.767s] writing list of installed files to '/home/drone/drone_ws/build/rangefinder/install.log'
[11.140s] Invoked command in '/home/drone/drone_ws/src/rangefinder' returned '0': PYTHONPATH=/home/drone/drone_ws/build/rangefinder/prefix_override:/usr/lib/python3/dist-packages/colcon_core/task/python/colcon_distutils_commands:/home/drone/drone_ws/install/rangefinder/lib/python3.10/site-packages:${PYTHONPATH} /usr/bin/python3 -W ignore:setup.py install is deprecated -W ignore:easy_install command is deprecated setup.py egg_info --egg-base ../../build/rangefinder build --build-base /home/drone/drone_ws/build/rangefinder/build install --record /home/drone/drone_ws/build/rangefinder/install.log --single-version-externally-managed install_data
