running egg_info
creating ../../build/drone_utils/drone_utils.egg-info
writing ../../build/drone_utils/drone_utils.egg-info/PKG-INFO
writing dependency_links to ../../build/drone_utils/drone_utils.egg-info/dependency_links.txt
writing entry points to ../../build/drone_utils/drone_utils.egg-info/entry_points.txt
writing requirements to ../../build/drone_utils/drone_utils.egg-info/requires.txt
writing top-level names to ../../build/drone_utils/drone_utils.egg-info/top_level.txt
writing manifest file '../../build/drone_utils/drone_utils.egg-info/SOURCES.txt'
reading manifest file '../../build/drone_utils/drone_utils.egg-info/SOURCES.txt'
writing manifest file '../../build/drone_utils/drone_utils.egg-info/SOURCES.txt'
running build
running build_py
creating /home/drone/drone_ws/build/drone_utils/build
creating /home/drone/drone_ws/build/drone_utils/build/lib
creating /home/drone/drone_ws/build/drone_utils/build/lib/drone_utils
copying drone_utils/kalman_filter.py -> /home/drone/drone_ws/build/drone_utils/build/lib/drone_utils
copying drone_utils/__init__.py -> /home/drone/drone_ws/build/drone_utils/build/lib/drone_utils
copying drone_utils/aperiodic_filter.py -> /home/drone/drone_ws/build/drone_utils/build/lib/drone_utils
running install
running install_lib
creating /home/drone/drone_ws/install/drone_utils/lib/python3.10/site-packages/drone_utils
copying /home/drone/drone_ws/build/drone_utils/build/lib/drone_utils/kalman_filter.py -> /home/drone/drone_ws/install/drone_utils/lib/python3.10/site-packages/drone_utils
copying /home/drone/drone_ws/build/drone_utils/build/lib/drone_utils/__init__.py -> /home/drone/drone_ws/install/drone_utils/lib/python3.10/site-packages/drone_utils
copying /home/drone/drone_ws/build/drone_utils/build/lib/drone_utils/aperiodic_filter.py -> /home/drone/drone_ws/install/drone_utils/lib/python3.10/site-packages/drone_utils
byte-compiling /home/drone/drone_ws/install/drone_utils/lib/python3.10/site-packages/drone_utils/kalman_filter.py to kalman_filter.cpython-310.pyc
byte-compiling /home/drone/drone_ws/install/drone_utils/lib/python3.10/site-packages/drone_utils/__init__.py to __init__.cpython-310.pyc
byte-compiling /home/drone/drone_ws/install/drone_utils/lib/python3.10/site-packages/drone_utils/aperiodic_filter.py to aperiodic_filter.cpython-310.pyc
running install_data
creating /home/drone/drone_ws/install/drone_utils/share/ament_index
creating /home/drone/drone_ws/install/drone_utils/share/ament_index/resource_index
creating /home/drone/drone_ws/install/drone_utils/share/ament_index/resource_index/packages
error: can't copy 'resource/drone_utils': doesn't exist or not a regular file
