[3.548s] Invoking command in '/home/drone/drone_ws/src/drone_utils': PYTHONPATH=/home/drone/drone_ws/build/drone_utils/prefix_override:/usr/lib/python3/dist-packages/colcon_core/task/python/colcon_distutils_commands:/home/drone/drone_ws/install/drone_utils/lib/python3.10/site-packages:${PYTHONPATH} /usr/bin/python3 -W ignore:setup.py install is deprecated -W ignore:easy_install command is deprecated setup.py egg_info --egg-base ../../build/drone_utils build --build-base /home/drone/drone_ws/build/drone_utils/build install --record /home/drone/drone_ws/build/drone_utils/install.log --single-version-externally-managed install_data
[4.838s] running egg_info
[4.840s] creating ../../build/drone_utils/drone_utils.egg-info
[4.841s] writing ../../build/drone_utils/drone_utils.egg-info/PKG-INFO
[4.843s] writing dependency_links to ../../build/drone_utils/drone_utils.egg-info/dependency_links.txt
[4.843s] writing entry points to ../../build/drone_utils/drone_utils.egg-info/entry_points.txt
[4.844s] writing requirements to ../../build/drone_utils/drone_utils.egg-info/requires.txt
[4.845s] writing top-level names to ../../build/drone_utils/drone_utils.egg-info/top_level.txt
[4.845s] writing manifest file '../../build/drone_utils/drone_utils.egg-info/SOURCES.txt'
[4.853s] reading manifest file '../../build/drone_utils/drone_utils.egg-info/SOURCES.txt'
[4.861s] writing manifest file '../../build/drone_utils/drone_utils.egg-info/SOURCES.txt'
[4.861s] running build
[4.862s] running build_py
[4.863s] creating /home/drone/drone_ws/build/drone_utils/build
[4.863s] creating /home/drone/drone_ws/build/drone_utils/build/lib
[4.864s] creating /home/drone/drone_ws/build/drone_utils/build/lib/drone_utils
[4.865s] copying drone_utils/kalman_filter.py -> /home/drone/drone_ws/build/drone_utils/build/lib/drone_utils
[4.866s] copying drone_utils/__init__.py -> /home/drone/drone_ws/build/drone_utils/build/lib/drone_utils
[4.867s] copying drone_utils/aperiodic_filter.py -> /home/drone/drone_ws/build/drone_utils/build/lib/drone_utils
[4.867s] running install
[4.868s] running install_lib
[4.871s] creating /home/drone/drone_ws/install/drone_utils/lib/python3.10/site-packages/drone_utils
[4.872s] copying /home/drone/drone_ws/build/drone_utils/build/lib/drone_utils/kalman_filter.py -> /home/drone/drone_ws/install/drone_utils/lib/python3.10/site-packages/drone_utils
[4.872s] copying /home/drone/drone_ws/build/drone_utils/build/lib/drone_utils/__init__.py -> /home/drone/drone_ws/install/drone_utils/lib/python3.10/site-packages/drone_utils
[4.873s] copying /home/drone/drone_ws/build/drone_utils/build/lib/drone_utils/aperiodic_filter.py -> /home/drone/drone_ws/install/drone_utils/lib/python3.10/site-packages/drone_utils
[4.876s] byte-compiling /home/drone/drone_ws/install/drone_utils/lib/python3.10/site-packages/drone_utils/kalman_filter.py to kalman_filter.cpython-310.pyc
[4.879s] byte-compiling /home/drone/drone_ws/install/drone_utils/lib/python3.10/site-packages/drone_utils/__init__.py to __init__.cpython-310.pyc
[4.880s] byte-compiling /home/drone/drone_ws/install/drone_utils/lib/python3.10/site-packages/drone_utils/aperiodic_filter.py to aperiodic_filter.cpython-310.pyc
[4.883s] running install_data
[4.883s] creating /home/drone/drone_ws/install/drone_utils/share/ament_index
[4.884s] creating /home/drone/drone_ws/install/drone_utils/share/ament_index/resource_index
[4.886s] creating /home/drone/drone_ws/install/drone_utils/share/ament_index/resource_index/packages
[4.887s] error: can't copy 'resource/drone_utils': doesn't exist or not a regular file
[4.983s] Invoked command in '/home/drone/drone_ws/src/drone_utils' returned '1': PYTHONPATH=/home/drone/drone_ws/build/drone_utils/prefix_override:/usr/lib/python3/dist-packages/colcon_core/task/python/colcon_distutils_commands:/home/drone/drone_ws/install/drone_utils/lib/python3.10/site-packages:${PYTHONPATH} /usr/bin/python3 -W ignore:setup.py install is deprecated -W ignore:easy_install command is deprecated setup.py egg_info --egg-base ../../build/drone_utils build --build-base /home/drone/drone_ws/build/drone_utils/build install --record /home/drone/drone_ws/build/drone_utils/install.log --single-version-externally-managed install_data
