[5.600s] Invoking command in '/home/drone/drone_ws/src/project_start': PYTHONPATH=/home/drone/drone_ws/build/project_start/prefix_override:/usr/lib/python3/dist-packages/colcon_core/task/python/colcon_distutils_commands:/home/drone/drone_ws/install/project_start/lib/python3.10/site-packages:${PYTHONPATH} /usr/bin/python3 -W ignore:setup.py install is deprecated -W ignore:easy_install command is deprecated setup.py egg_info --egg-base ../../build/project_start build --build-base /home/drone/drone_ws/build/project_start/build install --record /home/drone/drone_ws/build/project_start/install.log --single-version-externally-managed install_data
[7.492s] running egg_info
[7.493s] writing ../../build/project_start/project_start.egg-info/PKG-INFO
[7.494s] writing dependency_links to ../../build/project_start/project_start.egg-info/dependency_links.txt
[7.494s] writing entry points to ../../build/project_start/project_start.egg-info/entry_points.txt
[7.495s] writing requirements to ../../build/project_start/project_start.egg-info/requires.txt
[7.496s] writing top-level names to ../../build/project_start/project_start.egg-info/top_level.txt
[7.508s] reading manifest file '../../build/project_start/project_start.egg-info/SOURCES.txt'
[7.519s] writing manifest file '../../build/project_start/project_start.egg-info/SOURCES.txt'
[7.521s] running build
[7.524s] running build_py
[7.528s] running install
[7.532s] running install_lib
[7.536s] running install_data
[7.538s] running install_egg_info
[7.550s] removing '/home/drone/drone_ws/install/project_start/lib/python3.10/site-packages/project_start-0.0.0-py3.10.egg-info' (and everything under it)
[7.564s] Copying ../../build/project_start/project_start.egg-info to /home/drone/drone_ws/install/project_start/lib/python3.10/site-packages/project_start-0.0.0-py3.10.egg-info
[7.591s] running install_scripts
[7.751s] writing list of installed files to '/home/drone/drone_ws/build/project_start/install.log'
[8.414s] Invoked command in '/home/drone/drone_ws/src/project_start' returned '0': PYTHONPATH=/home/drone/drone_ws/build/project_start/prefix_override:/usr/lib/python3/dist-packages/colcon_core/task/python/colcon_distutils_commands:/home/drone/drone_ws/install/project_start/lib/python3.10/site-packages:${PYTHONPATH} /usr/bin/python3 -W ignore:setup.py install is deprecated -W ignore:easy_install command is deprecated setup.py egg_info --egg-base ../../build/project_start build --build-base /home/drone/drone_ws/build/project_start/build install --record /home/drone/drone_ws/build/project_start/install.log --single-version-externally-managed install_data
