[3.108s] Invoking command in '/home/drone/drone_ws/src/aruco_detector_node': PYTHONPATH=/home/drone/drone_ws/build/aruco_detector_node/prefix_override:/usr/lib/python3/dist-packages/colcon_core/task/python/colcon_distutils_commands:/home/drone/drone_ws/install/aruco_detector_node/lib/python3.10/site-packages:${PYTHONPATH} /usr/bin/python3 -W ignore:setup.py install is deprecated -W ignore:easy_install command is deprecated setup.py egg_info --egg-base ../../build/aruco_detector_node build --build-base /home/drone/drone_ws/build/aruco_detector_node/build install --record /home/drone/drone_ws/build/aruco_detector_node/install.log --single-version-externally-managed install_data
[4.320s] running egg_info
[4.324s] writing ../../build/aruco_detector_node/aruco_detector_node.egg-info/PKG-INFO
[4.325s] writing dependency_links to ../../build/aruco_detector_node/aruco_detector_node.egg-info/dependency_links.txt
[4.326s] writing entry points to ../../build/aruco_detector_node/aruco_detector_node.egg-info/entry_points.txt
[4.327s] writing requirements to ../../build/aruco_detector_node/aruco_detector_node.egg-info/requires.txt
[4.327s] writing top-level names to ../../build/aruco_detector_node/aruco_detector_node.egg-info/top_level.txt
[4.336s] reading manifest file '../../build/aruco_detector_node/aruco_detector_node.egg-info/SOURCES.txt'
[4.340s] writing manifest file '../../build/aruco_detector_node/aruco_detector_node.egg-info/SOURCES.txt'
[4.341s] running build
[4.342s] running build_py
[4.344s] copying aruco_detector_node/aruco_detector.py -> /home/drone/drone_ws/build/aruco_detector_node/build/lib/aruco_detector_node
[4.345s] running install
[4.346s] running install_lib
[4.348s] copying /home/drone/drone_ws/build/aruco_detector_node/build/lib/aruco_detector_node/aruco_detector.py -> /home/drone/drone_ws/install/aruco_detector_node/lib/python3.10/site-packages/aruco_detector_node
[4.352s] byte-compiling /home/drone/drone_ws/install/aruco_detector_node/lib/python3.10/site-packages/aruco_detector_node/aruco_detector.py to aruco_detector.cpython-310.pyc
[4.373s] running install_data
[4.374s] running install_egg_info
[4.381s] removing '/home/drone/drone_ws/install/aruco_detector_node/lib/python3.10/site-packages/aruco_detector_node-0.0.0-py3.10.egg-info' (and everything under it)
[4.383s] Copying ../../build/aruco_detector_node/aruco_detector_node.egg-info to /home/drone/drone_ws/install/aruco_detector_node/lib/python3.10/site-packages/aruco_detector_node-0.0.0-py3.10.egg-info
[4.390s] running install_scripts
[4.469s] Installing aruco_detector script to /home/drone/drone_ws/install/aruco_detector_node/lib/aruco_detector_node
[4.471s] writing list of installed files to '/home/drone/drone_ws/build/aruco_detector_node/install.log'
[4.591s] Invoked command in '/home/drone/drone_ws/src/aruco_detector_node' returned '0': PYTHONPATH=/home/drone/drone_ws/build/aruco_detector_node/prefix_override:/usr/lib/python3/dist-packages/colcon_core/task/python/colcon_distutils_commands:/home/drone/drone_ws/install/aruco_detector_node/lib/python3.10/site-packages:${PYTHONPATH} /usr/bin/python3 -W ignore:setup.py install is deprecated -W ignore:easy_install command is deprecated setup.py egg_info --egg-base ../../build/aruco_detector_node build --build-base /home/drone/drone_ws/build/aruco_detector_node/build install --record /home/drone/drone_ws/build/aruco_detector_node/install.log --single-version-externally-managed install_data
