[10.606s] Invoking command in '/home/drone/drone_ws/src/global_position_node': PYTHONPATH=/home/drone/drone_ws/build/global_position_node/prefix_override:/usr/lib/python3/dist-packages/colcon_core/task/python/colcon_distutils_commands:/home/drone/drone_ws/install/global_position_node/lib/python3.10/site-packages:${PYTHONPATH} /usr/bin/python3 -W ignore:setup.py install is deprecated -W ignore:easy_install command is deprecated setup.py egg_info --egg-base ../../build/global_position_node build --build-base /home/drone/drone_ws/build/global_position_node/build install --record /home/drone/drone_ws/build/global_position_node/install.log --single-version-externally-managed install_data
[12.759s] running egg_info
[12.766s] writing ../../build/global_position_node/global_position_node.egg-info/PKG-INFO
[12.767s] writing dependency_links to ../../build/global_position_node/global_position_node.egg-info/dependency_links.txt
[12.769s] writing entry points to ../../build/global_position_node/global_position_node.egg-info/entry_points.txt
[12.771s] writing requirements to ../../build/global_position_node/global_position_node.egg-info/requires.txt
[12.772s] writing top-level names to ../../build/global_position_node/global_position_node.egg-info/top_level.txt
[12.790s] reading manifest file '../../build/global_position_node/global_position_node.egg-info/SOURCES.txt'
[12.806s] writing manifest file '../../build/global_position_node/global_position_node.egg-info/SOURCES.txt'
[12.808s] running build
[12.809s] running build_py
[12.813s] running install
[12.816s] running install_lib
[12.827s] running install_data
[12.829s] running install_egg_info
[12.860s] removing '/home/drone/drone_ws/install/global_position_node/lib/python3.10/site-packages/global_position_node-0.0.0-py3.10.egg-info' (and everything under it)
[12.868s] Copying ../../build/global_position_node/global_position_node.egg-info to /home/drone/drone_ws/install/global_position_node/lib/python3.10/site-packages/global_position_node-0.0.0-py3.10.egg-info
[12.884s] running install_scripts
[13.075s] Installing global_position script to /home/drone/drone_ws/install/global_position_node/lib/global_position_node
[13.083s] writing list of installed files to '/home/drone/drone_ws/build/global_position_node/install.log'
[13.469s] Invoked command in '/home/drone/drone_ws/src/global_position_node' returned '0': PYTHONPATH=/home/drone/drone_ws/build/global_position_node/prefix_override:/usr/lib/python3/dist-packages/colcon_core/task/python/colcon_distutils_commands:/home/drone/drone_ws/install/global_position_node/lib/python3.10/site-packages:${PYTHONPATH} /usr/bin/python3 -W ignore:setup.py install is deprecated -W ignore:easy_install command is deprecated setup.py egg_info --egg-base ../../build/global_position_node build --build-base /home/drone/drone_ws/build/global_position_node/build install --record /home/drone/drone_ws/build/global_position_node/install.log --single-version-externally-managed install_data
