[3.170s] Invoking command in '/home/drone/drone_ws/src/visual': PYTHONPATH=/home/drone/drone_ws/build/visual/prefix_override:/usr/lib/python3/dist-packages/colcon_core/task/python/colcon_distutils_commands:/home/drone/drone_ws/install/visual/lib/python3.10/site-packages:${PYTHONPATH} /usr/bin/python3 -W ignore:setup.py install is deprecated -W ignore:easy_install command is deprecated setup.py egg_info --egg-base ../../build/visual build --build-base /home/drone/drone_ws/build/visual/build install --record /home/drone/drone_ws/build/visual/install.log --single-version-externally-managed install_data
[4.347s] running egg_info
[4.349s] writing ../../build/visual/visual.egg-info/PKG-INFO
[4.350s] writing dependency_links to ../../build/visual/visual.egg-info/dependency_links.txt
[4.351s] writing entry points to ../../build/visual/visual.egg-info/entry_points.txt
[4.352s] writing requirements to ../../build/visual/visual.egg-info/requires.txt
[4.353s] writing top-level names to ../../build/visual/visual.egg-info/top_level.txt
[4.361s] reading manifest file '../../build/visual/visual.egg-info/SOURCES.txt'
[4.369s] writing manifest file '../../build/visual/visual.egg-info/SOURCES.txt'
[4.369s] running build
[4.370s] running build_py
[4.371s] running install
[4.373s] running install_lib
[4.379s] running install_data
[4.379s] running install_egg_info
[4.387s] removing '/home/drone/drone_ws/install/visual/lib/python3.10/site-packages/visual-0.0.0-py3.10.egg-info' (and everything under it)
[4.388s] Copying ../../build/visual/visual.egg-info to /home/drone/drone_ws/install/visual/lib/python3.10/site-packages/visual-0.0.0-py3.10.egg-info
[4.395s] running install_scripts
[4.477s] Installing visual_node script to /home/drone/drone_ws/install/visual/lib/visual
[4.479s] writing list of installed files to '/home/drone/drone_ws/build/visual/install.log'
[4.614s] Invoked command in '/home/drone/drone_ws/src/visual' returned '0': PYTHONPATH=/home/drone/drone_ws/build/visual/prefix_override:/usr/lib/python3/dist-packages/colcon_core/task/python/colcon_distutils_commands:/home/drone/drone_ws/install/visual/lib/python3.10/site-packages:${PYTHONPATH} /usr/bin/python3 -W ignore:setup.py install is deprecated -W ignore:easy_install command is deprecated setup.py egg_info --egg-base ../../build/visual build --build-base /home/drone/drone_ws/build/visual/build install --record /home/drone/drone_ws/build/visual/install.log --single-version-externally-managed install_data
