[9.288s] Invoking command in '/home/drone/drone_ws/src/px4': PYTHONPATH=/home/drone/drone_ws/build/px4/prefix_override:/usr/lib/python3/dist-packages/colcon_core/task/python/colcon_distutils_commands:/home/drone/drone_ws/install/px4/lib/python3.10/site-packages:${PYTHONPATH} /usr/bin/python3 -W ignore:setup.py install is deprecated -W ignore:easy_install command is deprecated setup.py egg_info --egg-base ../../build/px4 build --build-base /home/drone/drone_ws/build/px4/build install --record /home/drone/drone_ws/build/px4/install.log --single-version-externally-managed install_data
[12.005s] running egg_info
[12.007s] writing ../../build/px4/px4.egg-info/PKG-INFO
[12.009s] writing dependency_links to ../../build/px4/px4.egg-info/dependency_links.txt
[12.010s] writing entry points to ../../build/px4/px4.egg-info/entry_points.txt
[12.012s] writing requirements to ../../build/px4/px4.egg-info/requires.txt
[12.013s] writing top-level names to ../../build/px4/px4.egg-info/top_level.txt
[12.026s] reading manifest file '../../build/px4/px4.egg-info/SOURCES.txt'
[12.038s] writing manifest file '../../build/px4/px4.egg-info/SOURCES.txt'
[12.039s] running build
[12.040s] running build_py
[12.041s] running install
[12.044s] running install_lib
[12.052s] running install_data
[12.054s] running install_egg_info
[12.065s] removing '/home/drone/drone_ws/install/px4/lib/python3.10/site-packages/px4-0.0.0-py3.10.egg-info' (and everything under it)
[12.068s] Copying ../../build/px4/px4.egg-info to /home/drone/drone_ws/install/px4/lib/python3.10/site-packages/px4-0.0.0-py3.10.egg-info
[12.079s] running install_scripts
[12.197s] Installing px4 script to /home/drone/drone_ws/install/px4/lib/px4
[12.200s] writing list of installed files to '/home/drone/drone_ws/build/px4/install.log'
[12.403s] Invoked command in '/home/drone/drone_ws/src/px4' returned '0': PYTHONPATH=/home/drone/drone_ws/build/px4/prefix_override:/usr/lib/python3/dist-packages/colcon_core/task/python/colcon_distutils_commands:/home/drone/drone_ws/install/px4/lib/python3.10/site-packages:${PYTHONPATH} /usr/bin/python3 -W ignore:setup.py install is deprecated -W ignore:easy_install command is deprecated setup.py egg_info --egg-base ../../build/px4 build --build-base /home/drone/drone_ws/build/px4/build install --record /home/drone/drone_ws/build/px4/install.log --single-version-externally-managed install_data
