[4.629s] Invoking command in '/home/drone/drone_ws/src/rangefinder': PYTHONPATH=/home/drone/drone_ws/build/rangefinder/prefix_override:/usr/lib/python3/dist-packages/colcon_core/task/python/colcon_distutils_commands:/home/drone/drone_ws/install/rangefinder/lib/python3.10/site-packages:${PYTHONPATH} /usr/bin/python3 -W ignore:setup.py install is deprecated -W ignore:easy_install command is deprecated setup.py egg_info --egg-base ../../build/rangefinder build --build-base /home/drone/drone_ws/build/rangefinder/build install --record /home/drone/drone_ws/build/rangefinder/install.log --single-version-externally-managed install_data
[6.275s] running egg_info
[6.280s] writing ../../build/rangefinder/rangefinder.egg-info/PKG-INFO
[6.283s] writing dependency_links to ../../build/rangefinder/rangefinder.egg-info/dependency_links.txt
[6.287s] writing entry points to ../../build/rangefinder/rangefinder.egg-info/entry_points.txt
[6.289s] writing requirements to ../../build/rangefinder/rangefinder.egg-info/requires.txt
[6.291s] writing top-level names to ../../build/rangefinder/rangefinder.egg-info/top_level.txt
[6.303s] reading manifest file '../../build/rangefinder/rangefinder.egg-info/SOURCES.txt'
[6.317s] writing manifest file '../../build/rangefinder/rangefinder.egg-info/SOURCES.txt'
[6.320s] running build
[6.321s] running build_py
[6.324s] running install
[6.327s] running install_lib
[6.336s] running install_data
[6.338s] running install_egg_info
[6.350s] removing '/home/drone/drone_ws/install/rangefinder/lib/python3.10/site-packages/rangefinder-0.0.0-py3.10.egg-info' (and everything under it)
[6.355s] Copying ../../build/rangefinder/rangefinder.egg-info to /home/drone/drone_ws/install/rangefinder/lib/python3.10/site-packages/rangefinder-0.0.0-py3.10.egg-info
[6.372s] running install_scripts
[6.484s] Installing rangefinder script to /home/drone/drone_ws/install/rangefinder/lib/rangefinder
[6.487s] writing list of installed files to '/home/drone/drone_ws/build/rangefinder/install.log'
[8.485s] Invoked command in '/home/drone/drone_ws/src/rangefinder' returned '0': PYTHONPATH=/home/drone/drone_ws/build/rangefinder/prefix_override:/usr/lib/python3/dist-packages/colcon_core/task/python/colcon_distutils_commands:/home/drone/drone_ws/install/rangefinder/lib/python3.10/site-packages:${PYTHONPATH} /usr/bin/python3 -W ignore:setup.py install is deprecated -W ignore:easy_install command is deprecated setup.py egg_info --egg-base ../../build/rangefinder build --build-base /home/drone/drone_ws/build/rangefinder/build install --record /home/drone/drone_ws/build/rangefinder/install.log --single-version-externally-managed install_data
