[7.662s] Invoking command in '/home/drone/drone_ws/src/global_position': PYTHONPATH=/home/drone/drone_ws/build/global_position_node/prefix_override:/usr/lib/python3/dist-packages/colcon_core/task/python/colcon_distutils_commands:/home/drone/drone_ws/install/global_position_node/lib/python3.10/site-packages:${PYTHONPATH} /usr/bin/python3 -W ignore:setup.py install is deprecated -W ignore:easy_install command is deprecated setup.py egg_info --egg-base ../../build/global_position_node build --build-base /home/drone/drone_ws/build/global_position_node/build install --record /home/drone/drone_ws/build/global_position_node/install.log --single-version-externally-managed install_data
[9.404s] running egg_info
[9.410s] writing ../../build/global_position_node/global_position.egg-info/PKG-INFO
[9.415s] writing dependency_links to ../../build/global_position_node/global_position.egg-info/dependency_links.txt
[9.421s] writing entry points to ../../build/global_position_node/global_position.egg-info/entry_points.txt
[9.425s] writing requirements to ../../build/global_position_node/global_position.egg-info/requires.txt
[9.428s] writing top-level names to ../../build/global_position_node/global_position.egg-info/top_level.txt
[9.443s] reading manifest file '../../build/global_position_node/global_position.egg-info/SOURCES.txt'
[9.467s] writing manifest file '../../build/global_position_node/global_position.egg-info/SOURCES.txt'
[9.470s] running build
[9.471s] running build_py
[9.476s] running install
[9.480s] running install_lib
[9.498s] running install_data
[9.500s] running install_egg_info
[9.537s] removing '/home/drone/drone_ws/install/global_position_node/lib/python3.10/site-packages/global_position-0.0.0-py3.10.egg-info' (and everything under it)
[9.554s] Copying ../../build/global_position_node/global_position.egg-info to /home/drone/drone_ws/install/global_position_node/lib/python3.10/site-packages/global_position-0.0.0-py3.10.egg-info
[9.575s] running install_scripts
[9.774s] Installing global_position script to /home/drone/drone_ws/install/global_position_node/lib/global_position
[9.781s] writing list of installed files to '/home/drone/drone_ws/build/global_position_node/install.log'
[10.104s] Invoked command in '/home/drone/drone_ws/src/global_position' returned '0': PYTHONPATH=/home/drone/drone_ws/build/global_position_node/prefix_override:/usr/lib/python3/dist-packages/colcon_core/task/python/colcon_distutils_commands:/home/drone/drone_ws/install/global_position_node/lib/python3.10/site-packages:${PYTHONPATH} /usr/bin/python3 -W ignore:setup.py install is deprecated -W ignore:easy_install command is deprecated setup.py egg_info --egg-base ../../build/global_position_node build --build-base /home/drone/drone_ws/build/global_position_node/build install --record /home/drone/drone_ws/build/global_position_node/install.log --single-version-externally-managed install_data
