[9.471s] Invoking command in '/home/drone/drone_ws/src/altitude': PYTHONPATH=/home/drone/drone_ws/build/altitude/prefix_override:/usr/lib/python3/dist-packages/colcon_core/task/python/colcon_distutils_commands:/home/drone/drone_ws/install/altitude/lib/python3.10/site-packages:${PYTHONPATH} /usr/bin/python3 -W ignore:setup.py install is deprecated -W ignore:easy_install command is deprecated setup.py egg_info --egg-base ../../build/altitude build --build-base /home/drone/drone_ws/build/altitude/build install --record /home/drone/drone_ws/build/altitude/install.log --single-version-externally-managed install_data
[11.317s] running egg_info
[11.320s] writing ../../build/altitude/altitude.egg-info/PKG-INFO
[11.321s] writing dependency_links to ../../build/altitude/altitude.egg-info/dependency_links.txt
[11.322s] writing entry points to ../../build/altitude/altitude.egg-info/entry_points.txt
[11.324s] writing requirements to ../../build/altitude/altitude.egg-info/requires.txt
[11.326s] writing top-level names to ../../build/altitude/altitude.egg-info/top_level.txt
[11.335s] reading manifest file '../../build/altitude/altitude.egg-info/SOURCES.txt'
[11.346s] writing manifest file '../../build/altitude/altitude.egg-info/SOURCES.txt'
[11.347s] running build
[11.347s] running build_py
[11.348s] running install
[11.350s] running install_lib
[11.358s] running install_data
[11.359s] running install_egg_info
[11.369s] removing '/home/drone/drone_ws/install/altitude/lib/python3.10/site-packages/altitude-0.0.0-py3.10.egg-info' (and everything under it)
[11.371s] Copying ../../build/altitude/altitude.egg-info to /home/drone/drone_ws/install/altitude/lib/python3.10/site-packages/altitude-0.0.0-py3.10.egg-info
[11.396s] running install_scripts
[11.560s] Installing altitude script to /home/drone/drone_ws/install/altitude/lib/altitude
[11.568s] writing list of installed files to '/home/drone/drone_ws/build/altitude/install.log'
[11.773s] Invoked command in '/home/drone/drone_ws/src/altitude' returned '0': PYTHONPATH=/home/drone/drone_ws/build/altitude/prefix_override:/usr/lib/python3/dist-packages/colcon_core/task/python/colcon_distutils_commands:/home/drone/drone_ws/install/altitude/lib/python3.10/site-packages:${PYTHONPATH} /usr/bin/python3 -W ignore:setup.py install is deprecated -W ignore:easy_install command is deprecated setup.py egg_info --egg-base ../../build/altitude build --build-base /home/drone/drone_ws/build/altitude/build install --record /home/drone/drone_ws/build/altitude/install.log --single-version-externally-managed install_data
