[10.368s] Invoking command in '/home/drone/drone_ws/src/px4': PYTHONPATH=/home/drone/drone_ws/build/px4/prefix_override:/usr/lib/python3/dist-packages/colcon_core/task/python/colcon_distutils_commands:/home/drone/drone_ws/install/px4/lib/python3.10/site-packages:${PYTHONPATH} /usr/bin/python3 -W ignore:setup.py install is deprecated -W ignore:easy_install command is deprecated setup.py egg_info --egg-base ../../build/px4 build --build-base /home/drone/drone_ws/build/px4/build install --record /home/drone/drone_ws/build/px4/install.log --single-version-externally-managed install_data
[12.710s] running egg_info
[12.725s] writing ../../build/px4/px4.egg-info/PKG-INFO
[12.726s] writing dependency_links to ../../build/px4/px4.egg-info/dependency_links.txt
[12.728s] writing entry points to ../../build/px4/px4.egg-info/entry_points.txt
[12.729s] writing requirements to ../../build/px4/px4.egg-info/requires.txt
[12.742s] writing top-level names to ../../build/px4/px4.egg-info/top_level.txt
[12.743s] reading manifest file '../../build/px4/px4.egg-info/SOURCES.txt'
[12.754s] writing manifest file '../../build/px4/px4.egg-info/SOURCES.txt'
[12.755s] running build
[12.756s] running build_py
[12.758s] running install
[12.760s] running install_lib
[12.770s] running install_data
[12.772s] running install_egg_info
[12.790s] removing '/home/drone/drone_ws/install/px4/lib/python3.10/site-packages/px4-0.0.0-py3.10.egg-info' (and everything under it)
[12.791s] Copying ../../build/px4/px4.egg-info to /home/drone/drone_ws/install/px4/lib/python3.10/site-packages/px4-0.0.0-py3.10.egg-info
[12.815s] running install_scripts
[13.059s] Installing px4 script to /home/drone/drone_ws/install/px4/lib/px4
[13.065s] writing list of installed files to '/home/drone/drone_ws/build/px4/install.log'
[13.264s] Invoked command in '/home/drone/drone_ws/src/px4' returned '0': PYTHONPATH=/home/drone/drone_ws/build/px4/prefix_override:/usr/lib/python3/dist-packages/colcon_core/task/python/colcon_distutils_commands:/home/drone/drone_ws/install/px4/lib/python3.10/site-packages:${PYTHONPATH} /usr/bin/python3 -W ignore:setup.py install is deprecated -W ignore:easy_install command is deprecated setup.py egg_info --egg-base ../../build/px4 build --build-base /home/drone/drone_ws/build/px4/build install --record /home/drone/drone_ws/build/px4/install.log --single-version-externally-managed install_data
