[8.330s] Invoking command in '/home/drone/drone_ws/src/px4': PYTHONPATH=/home/drone/drone_ws/build/px4/prefix_override:/usr/lib/python3/dist-packages/colcon_core/task/python/colcon_distutils_commands:/home/drone/drone_ws/install/px4/lib/python3.10/site-packages:${PYTHONPATH} /usr/bin/python3 -W ignore:setup.py install is deprecated -W ignore:easy_install command is deprecated setup.py egg_info --egg-base ../../build/px4 build --build-base /home/drone/drone_ws/build/px4/build install --record /home/drone/drone_ws/build/px4/install.log --single-version-externally-managed install_data
[11.049s] running egg_info
[11.060s] writing ../../build/px4/px4.egg-info/PKG-INFO
[11.060s] writing dependency_links to ../../build/px4/px4.egg-info/dependency_links.txt
[11.061s] writing entry points to ../../build/px4/px4.egg-info/entry_points.txt
[11.061s] writing requirements to ../../build/px4/px4.egg-info/requires.txt
[11.061s] writing top-level names to ../../build/px4/px4.egg-info/top_level.txt
[11.069s] reading manifest file '../../build/px4/px4.egg-info/SOURCES.txt'
[11.080s] writing manifest file '../../build/px4/px4.egg-info/SOURCES.txt'
[11.083s] running build
[11.084s] running build_py
[11.087s] running install
[11.094s] running install_lib
[11.110s] running install_data
[11.112s] running install_egg_info
[11.123s] removing '/home/drone/drone_ws/install/px4/lib/python3.10/site-packages/px4-0.0.0-py3.10.egg-info' (and everything under it)
[11.138s] Copying ../../build/px4/px4.egg-info to /home/drone/drone_ws/install/px4/lib/python3.10/site-packages/px4-0.0.0-py3.10.egg-info
[11.160s] running install_scripts
[11.313s] Installing px4 script to /home/drone/drone_ws/install/px4/lib/px4
[11.330s] writing list of installed files to '/home/drone/drone_ws/build/px4/install.log'
[11.654s] Invoked command in '/home/drone/drone_ws/src/px4' returned '0': PYTHONPATH=/home/drone/drone_ws/build/px4/prefix_override:/usr/lib/python3/dist-packages/colcon_core/task/python/colcon_distutils_commands:/home/drone/drone_ws/install/px4/lib/python3.10/site-packages:${PYTHONPATH} /usr/bin/python3 -W ignore:setup.py install is deprecated -W ignore:easy_install command is deprecated setup.py egg_info --egg-base ../../build/px4 build --build-base /home/drone/drone_ws/build/px4/build install --record /home/drone/drone_ws/build/px4/install.log --single-version-externally-managed install_data
