[3.822s] Invoking command in '/home/drone/drone_ws/src/px4': PYTHONPATH=/home/drone/drone_ws/build/px4/prefix_override:/usr/lib/python3/dist-packages/colcon_core/task/python/colcon_distutils_commands:/home/drone/drone_ws/install/px4/lib/python3.10/site-packages:${PYTHONPATH} /usr/bin/python3 -W ignore:setup.py install is deprecated -W ignore:easy_install command is deprecated setup.py egg_info --egg-base ../../build/px4 build --build-base /home/drone/drone_ws/build/px4/build install --record /home/drone/drone_ws/build/px4/install.log --single-version-externally-managed install_data
[5.076s] running egg_info
[5.079s] writing ../../build/px4/px4.egg-info/PKG-INFO
[5.080s] writing dependency_links to ../../build/px4/px4.egg-info/dependency_links.txt
[5.081s] writing entry points to ../../build/px4/px4.egg-info/entry_points.txt
[5.082s] writing requirements to ../../build/px4/px4.egg-info/requires.txt
[5.083s] writing top-level names to ../../build/px4/px4.egg-info/top_level.txt
[5.091s] reading manifest file '../../build/px4/px4.egg-info/SOURCES.txt'
[5.101s] writing manifest file '../../build/px4/px4.egg-info/SOURCES.txt'
[5.102s] running build
[5.102s] running build_py
[5.103s] copying px4/px4.py -> /home/drone/drone_ws/build/px4/build/lib/px4
[5.105s] running install
[5.106s] running install_lib
[5.110s] copying /home/drone/drone_ws/build/px4/build/lib/px4/px4.py -> /home/drone/drone_ws/install/px4/lib/python3.10/site-packages/px4
[5.113s] byte-compiling /home/drone/drone_ws/install/px4/lib/python3.10/site-packages/px4/px4.py to px4.cpython-310.pyc
[5.117s] running install_data
[5.118s] running install_egg_info
[5.126s] removing '/home/drone/drone_ws/install/px4/lib/python3.10/site-packages/px4-0.0.0-py3.10.egg-info' (and everything under it)
[5.127s] Copying ../../build/px4/px4.egg-info to /home/drone/drone_ws/install/px4/lib/python3.10/site-packages/px4-0.0.0-py3.10.egg-info
[5.137s] running install_scripts
[5.220s] Installing px4 script to /home/drone/drone_ws/install/px4/lib/px4
[5.222s] writing list of installed files to '/home/drone/drone_ws/build/px4/install.log'
[5.348s] Invoked command in '/home/drone/drone_ws/src/px4' returned '0': PYTHONPATH=/home/drone/drone_ws/build/px4/prefix_override:/usr/lib/python3/dist-packages/colcon_core/task/python/colcon_distutils_commands:/home/drone/drone_ws/install/px4/lib/python3.10/site-packages:${PYTHONPATH} /usr/bin/python3 -W ignore:setup.py install is deprecated -W ignore:easy_install command is deprecated setup.py egg_info --egg-base ../../build/px4 build --build-base /home/drone/drone_ws/build/px4/build install --record /home/drone/drone_ws/build/px4/install.log --single-version-externally-managed install_data
